running egg_info
creating ../../build/communications/communications.egg-info
writing ../../build/communications/communications.egg-info/PKG-INFO
writing dependency_links to ../../build/communications/communications.egg-info/dependency_links.txt
writing entry points to ../../build/communications/communications.egg-info/entry_points.txt
writing requirements to ../../build/communications/communications.egg-info/requires.txt
writing top-level names to ../../build/communications/communications.egg-info/top_level.txt
writing manifest file '../../build/communications/communications.egg-info/SOURCES.txt'
reading manifest file '../../build/communications/communications.egg-info/SOURCES.txt'
writing manifest file '../../build/communications/communications.egg-info/SOURCES.txt'
running build
running build_py
creating /home/garrett/Desktop/UAV/build/communications/build
creating /home/garrett/Desktop/UAV/build/communications/build/lib
creating /home/garrett/Desktop/UAV/build/communications/build/lib/communications
copying communications/__init__.py -> /home/garrett/Desktop/UAV/build/communications/build/lib/communications
running install
running install_lib
creating /home/garrett/Desktop/UAV/install/communications/lib/python3.6/site-packages/communications
copying /home/garrett/Desktop/UAV/build/communications/build/lib/communications/__init__.py -> /home/garrett/Desktop/UAV/install/communications/lib/python3.6/site-packages/communications
byte-compiling /home/garrett/Desktop/UAV/install/communications/lib/python3.6/site-packages/communications/__init__.py to __init__.cpython-36.pyc
running install_data
creating /home/garrett/Desktop/UAV/install/communications/share/ament_index
creating /home/garrett/Desktop/UAV/install/communications/share/ament_index/resource_index
creating /home/garrett/Desktop/UAV/install/communications/share/ament_index/resource_index/packages
copying resource/communications -> /home/garrett/Desktop/UAV/install/communications/share/ament_index/resource_index/packages
copying package.xml -> /home/garrett/Desktop/UAV/install/communications/share/communications
running install_egg_info
Copying ../../build/communications/communications.egg-info to /home/garrett/Desktop/UAV/install/communications/lib/python3.6/site-packages/communications-0.0.0-py3.6.egg-info
running install_scripts
writing list of installed files to '/home/garrett/Desktop/UAV/build/communications/install.log'
