[1.740s] Invoking command in '/home/garrett/Desktop/UAV/src/communications': PYTHONPATH=/home/garrett/Desktop/UAV/build/communications/prefix_override:/home/garrett/Desktop/UAV/install/communications/lib/python3.6/site-packages:${PYTHONPATH} /usr/bin/python3 setup.py egg_info --egg-base ../../build/communications build --build-base /home/garrett/Desktop/UAV/build/communications/build install --record /home/garrett/Desktop/UAV/build/communications/install.log --install-scripts $base/lib/communications --single-version-externally-managed
[2.225s] running egg_info
[2.227s] creating ../../build/communications/communications.egg-info
[2.228s] writing ../../build/communications/communications.egg-info/PKG-INFO
[2.231s] writing dependency_links to ../../build/communications/communications.egg-info/dependency_links.txt
[2.233s] writing entry points to ../../build/communications/communications.egg-info/entry_points.txt
[2.237s] writing requirements to ../../build/communications/communications.egg-info/requires.txt
[2.239s] writing top-level names to ../../build/communications/communications.egg-info/top_level.txt
[2.241s] writing manifest file '../../build/communications/communications.egg-info/SOURCES.txt'
[2.328s] reading manifest file '../../build/communications/communications.egg-info/SOURCES.txt'
[2.331s] writing manifest file '../../build/communications/communications.egg-info/SOURCES.txt'
[2.334s] running build
[2.337s] running build_py
[2.339s] creating /home/garrett/Desktop/UAV/build/communications/build
[2.341s] creating /home/garrett/Desktop/UAV/build/communications/build/lib
[2.342s] creating /home/garrett/Desktop/UAV/build/communications/build/lib/communications
[2.343s] copying communications/__init__.py -> /home/garrett/Desktop/UAV/build/communications/build/lib/communications
[2.345s] running install
[2.346s] running install_lib
[2.349s] creating /home/garrett/Desktop/UAV/install/communications/lib/python3.6/site-packages/communications
[2.354s] copying /home/garrett/Desktop/UAV/build/communications/build/lib/communications/__init__.py -> /home/garrett/Desktop/UAV/install/communications/lib/python3.6/site-packages/communications
[2.357s] byte-compiling /home/garrett/Desktop/UAV/install/communications/lib/python3.6/site-packages/communications/__init__.py to __init__.cpython-36.pyc
[2.359s] running install_data
[2.361s] creating /home/garrett/Desktop/UAV/install/communications/share/ament_index
[2.363s] creating /home/garrett/Desktop/UAV/install/communications/share/ament_index/resource_index
[2.365s] creating /home/garrett/Desktop/UAV/install/communications/share/ament_index/resource_index/packages
[2.366s] copying resource/communications -> /home/garrett/Desktop/UAV/install/communications/share/ament_index/resource_index/packages
[2.369s] copying package.xml -> /home/garrett/Desktop/UAV/install/communications/share/communications
[2.370s] running install_egg_info
[2.379s] Copying ../../build/communications/communications.egg-info to /home/garrett/Desktop/UAV/install/communications/lib/python3.6/site-packages/communications-0.0.0-py3.6.egg-info
[2.383s] running install_scripts
[2.429s] writing list of installed files to '/home/garrett/Desktop/UAV/build/communications/install.log'
[2.474s] Invoked command in '/home/garrett/Desktop/UAV/src/communications' returned '0': PYTHONPATH=/home/garrett/Desktop/UAV/build/communications/prefix_override:/home/garrett/Desktop/UAV/install/communications/lib/python3.6/site-packages:${PYTHONPATH} /usr/bin/python3 setup.py egg_info --egg-base ../../build/communications build --build-base /home/garrett/Desktop/UAV/build/communications/build install --record /home/garrett/Desktop/UAV/build/communications/install.log --install-scripts $base/lib/communications --single-version-externally-managed
