[2.324s] Invoking command in '/home/garrett/Desktop/UAV/src/autonomous': PYTHONPATH=/home/garrett/Desktop/UAV/build/autonomous/prefix_override:/home/garrett/Desktop/UAV/install/autonomous/lib/python3.6/site-packages:${PYTHONPATH} /usr/bin/python3 setup.py egg_info --egg-base ../../build/autonomous build --build-base /home/garrett/Desktop/UAV/build/autonomous/build install --record /home/garrett/Desktop/UAV/build/autonomous/install.log --install-scripts $base/lib/autonomous --single-version-externally-managed
[2.943s] running egg_info
[2.947s] writing ../../build/autonomous/autonomous.egg-info/PKG-INFO
[2.949s] writing dependency_links to ../../build/autonomous/autonomous.egg-info/dependency_links.txt
[2.954s] writing entry points to ../../build/autonomous/autonomous.egg-info/entry_points.txt
[2.956s] writing requirements to ../../build/autonomous/autonomous.egg-info/requires.txt
[2.957s] writing top-level names to ../../build/autonomous/autonomous.egg-info/top_level.txt
[3.022s] reading manifest file '../../build/autonomous/autonomous.egg-info/SOURCES.txt'
[3.028s] writing manifest file '../../build/autonomous/autonomous.egg-info/SOURCES.txt'
[3.030s] running build
[3.031s] running build_py
[3.033s] running install
[3.035s] running install_lib
[3.037s] running install_data
[3.039s] running install_egg_info
[3.043s] removing '/home/garrett/Desktop/UAV/install/autonomous/lib/python3.6/site-packages/autonomous-0.0.0-py3.6.egg-info' (and everything under it)
[3.053s] Copying ../../build/autonomous/autonomous.egg-info to /home/garrett/Desktop/UAV/install/autonomous/lib/python3.6/site-packages/autonomous-0.0.0-py3.6.egg-info
[3.055s] running install_scripts
[3.108s] Installing plane script to /home/garrett/Desktop/UAV/install/autonomous/lib/autonomous
[3.110s] writing list of installed files to '/home/garrett/Desktop/UAV/build/autonomous/install.log'
[3.157s] Invoked command in '/home/garrett/Desktop/UAV/src/autonomous' returned '0': PYTHONPATH=/home/garrett/Desktop/UAV/build/autonomous/prefix_override:/home/garrett/Desktop/UAV/install/autonomous/lib/python3.6/site-packages:${PYTHONPATH} /usr/bin/python3 setup.py egg_info --egg-base ../../build/autonomous build --build-base /home/garrett/Desktop/UAV/build/autonomous/build install --record /home/garrett/Desktop/UAV/build/autonomous/install.log --install-scripts $base/lib/autonomous --single-version-externally-managed
