[0.594s] Invoking command in '/home/ben/GIT/UAV/src/communications': PYTHONPATH=/home/ben/GIT/UAV/build/communications/prefix_override:/home/ben/GIT/UAV/install/communications/lib/python3.6/site-packages:${PYTHONPATH} /usr/bin/python3 setup.py egg_info --egg-base ../../build/communications build --build-base /home/ben/GIT/UAV/build/communications/build install --record /home/ben/GIT/UAV/build/communications/install.log --install-scripts $base/lib/communications --single-version-externally-managed
[0.793s] running egg_info
[0.794s] writing ../../build/communications/communications.egg-info/PKG-INFO
[0.795s] writing dependency_links to ../../build/communications/communications.egg-info/dependency_links.txt
[0.796s] writing entry points to ../../build/communications/communications.egg-info/entry_points.txt
[0.797s] writing requirements to ../../build/communications/communications.egg-info/requires.txt
[0.797s] writing top-level names to ../../build/communications/communications.egg-info/top_level.txt
[0.826s] reading manifest file '../../build/communications/communications.egg-info/SOURCES.txt'
[0.827s] writing manifest file '../../build/communications/communications.egg-info/SOURCES.txt'
[0.828s] running build
[0.828s] running build_py
[0.829s] running install
[0.830s] running install_lib
[0.831s] running install_data
[0.832s] running install_egg_info
[0.834s] removing '/home/ben/GIT/UAV/install/communications/lib/python3.6/site-packages/communications-0.0.0-py3.6.egg-info' (and everything under it)
[0.842s] Copying ../../build/communications/communications.egg-info to /home/ben/GIT/UAV/install/communications/lib/python3.6/site-packages/communications-0.0.0-py3.6.egg-info
[0.845s] running install_scripts
[0.869s] Installing comms script to /home/ben/GIT/UAV/install/communications/lib/communications
[0.870s] writing list of installed files to '/home/ben/GIT/UAV/build/communications/install.log'
[0.894s] Invoked command in '/home/ben/GIT/UAV/src/communications' returned '0': PYTHONPATH=/home/ben/GIT/UAV/build/communications/prefix_override:/home/ben/GIT/UAV/install/communications/lib/python3.6/site-packages:${PYTHONPATH} /usr/bin/python3 setup.py egg_info --egg-base ../../build/communications build --build-base /home/ben/GIT/UAV/build/communications/build install --record /home/ben/GIT/UAV/build/communications/install.log --install-scripts $base/lib/communications --single-version-externally-managed
