[1.335s] Invoking command in '/home/garrett/Desktop/UAV/src/communications': PYTHONPATH=/home/garrett/Desktop/UAV/build/communications/prefix_override:/home/garrett/Desktop/UAV/install/communications/lib/python3.6/site-packages:${PYTHONPATH} /usr/bin/python3 setup.py egg_info --egg-base ../../build/communications build --build-base /home/garrett/Desktop/UAV/build/communications/build install --record /home/garrett/Desktop/UAV/build/communications/install.log --install-scripts $base/lib/communications --single-version-externally-managed
[1.834s] running egg_info
[1.836s] writing ../../build/communications/communications.egg-info/PKG-INFO
[1.838s] writing dependency_links to ../../build/communications/communications.egg-info/dependency_links.txt
[1.840s] writing entry points to ../../build/communications/communications.egg-info/entry_points.txt
[1.841s] writing requirements to ../../build/communications/communications.egg-info/requires.txt
[1.842s] writing top-level names to ../../build/communications/communications.egg-info/top_level.txt
[1.939s] reading manifest file '../../build/communications/communications.egg-info/SOURCES.txt'
[1.943s] writing manifest file '../../build/communications/communications.egg-info/SOURCES.txt'
[1.945s] running build
[1.946s] running build_py
[1.947s] running install
[1.949s] running install_lib
[1.952s] running install_data
[1.954s] running install_egg_info
[1.959s] removing '/home/garrett/Desktop/UAV/install/communications/lib/python3.6/site-packages/communications-0.0.0-py3.6.egg-info' (and everything under it)
[1.967s] Copying ../../build/communications/communications.egg-info to /home/garrett/Desktop/UAV/install/communications/lib/python3.6/site-packages/communications-0.0.0-py3.6.egg-info
[1.969s] running install_scripts
[2.025s] Installing comms script to /home/garrett/Desktop/UAV/install/communications/lib/communications
[2.027s] writing list of installed files to '/home/garrett/Desktop/UAV/build/communications/install.log'
[2.068s] Invoked command in '/home/garrett/Desktop/UAV/src/communications' returned '0': PYTHONPATH=/home/garrett/Desktop/UAV/build/communications/prefix_override:/home/garrett/Desktop/UAV/install/communications/lib/python3.6/site-packages:${PYTHONPATH} /usr/bin/python3 setup.py egg_info --egg-base ../../build/communications build --build-base /home/garrett/Desktop/UAV/build/communications/build install --record /home/garrett/Desktop/UAV/build/communications/install.log --install-scripts $base/lib/communications --single-version-externally-managed
