running egg_info
creating ../../build/HikerDetection/HikerDetection.egg-info
writing ../../build/HikerDetection/HikerDetection.egg-info/PKG-INFO
writing dependency_links to ../../build/HikerDetection/HikerDetection.egg-info/dependency_links.txt
writing entry points to ../../build/HikerDetection/HikerDetection.egg-info/entry_points.txt
writing requirements to ../../build/HikerDetection/HikerDetection.egg-info/requires.txt
writing top-level names to ../../build/HikerDetection/HikerDetection.egg-info/top_level.txt
writing manifest file '../../build/HikerDetection/HikerDetection.egg-info/SOURCES.txt'
reading manifest file '../../build/HikerDetection/HikerDetection.egg-info/SOURCES.txt'
writing manifest file '../../build/HikerDetection/HikerDetection.egg-info/SOURCES.txt'
running build
running build_py
creating /home/ben/GIT/UAV/build/HikerDetection/build
creating /home/ben/GIT/UAV/build/HikerDetection/build/lib
creating /home/ben/GIT/UAV/build/HikerDetection/build/lib/HikerDetection
copying HikerDetection/__init__.py -> /home/ben/GIT/UAV/build/HikerDetection/build/lib/HikerDetection
copying HikerDetection/Parser.py -> /home/ben/GIT/UAV/build/HikerDetection/build/lib/HikerDetection
running install
running install_lib
creating /home/ben/GIT/UAV/install/HikerDetection/lib/python3.6/site-packages/HikerDetection
copying /home/ben/GIT/UAV/build/HikerDetection/build/lib/HikerDetection/__init__.py -> /home/ben/GIT/UAV/install/HikerDetection/lib/python3.6/site-packages/HikerDetection
copying /home/ben/GIT/UAV/build/HikerDetection/build/lib/HikerDetection/Parser.py -> /home/ben/GIT/UAV/install/HikerDetection/lib/python3.6/site-packages/HikerDetection
byte-compiling /home/ben/GIT/UAV/install/HikerDetection/lib/python3.6/site-packages/HikerDetection/__init__.py to __init__.cpython-36.pyc
byte-compiling /home/ben/GIT/UAV/install/HikerDetection/lib/python3.6/site-packages/HikerDetection/Parser.py to Parser.cpython-36.pyc
running install_data
creating /home/ben/GIT/UAV/install/HikerDetection/share/ament_index
creating /home/ben/GIT/UAV/install/HikerDetection/share/ament_index/resource_index
creating /home/ben/GIT/UAV/install/HikerDetection/share/ament_index/resource_index/packages
copying resource/HikerDetection -> /home/ben/GIT/UAV/install/HikerDetection/share/ament_index/resource_index/packages
copying package.xml -> /home/ben/GIT/UAV/install/HikerDetection/share/HikerDetection
running install_egg_info
Copying ../../build/HikerDetection/HikerDetection.egg-info to /home/ben/GIT/UAV/install/HikerDetection/lib/python3.6/site-packages/HikerDetection-0.0.0-py3.6.egg-info
running install_scripts
writing list of installed files to '/home/ben/GIT/UAV/build/HikerDetection/install.log'
