[1.959s] Invoking command in '/home/garrett/Desktop/UAV/src/autonomous': PYTHONPATH=/home/garrett/Desktop/UAV/build/autonomous/prefix_override:/home/garrett/Desktop/UAV/install/autonomous/lib/python3.6/site-packages:${PYTHONPATH} /usr/bin/python3 setup.py egg_info --egg-base ../../build/autonomous build --build-base /home/garrett/Desktop/UAV/build/autonomous/build install --record /home/garrett/Desktop/UAV/build/autonomous/install.log --install-scripts $base/lib/autonomous --single-version-externally-managed
[2.496s] running egg_info
[2.498s] writing ../../build/autonomous/autonomous.egg-info/PKG-INFO
[2.500s] writing dependency_links to ../../build/autonomous/autonomous.egg-info/dependency_links.txt
[2.502s] writing entry points to ../../build/autonomous/autonomous.egg-info/entry_points.txt
[2.504s] writing requirements to ../../build/autonomous/autonomous.egg-info/requires.txt
[2.505s] writing top-level names to ../../build/autonomous/autonomous.egg-info/top_level.txt
[2.574s] reading manifest file '../../build/autonomous/autonomous.egg-info/SOURCES.txt'
[2.577s] writing manifest file '../../build/autonomous/autonomous.egg-info/SOURCES.txt'
[2.579s] running build
[2.580s] running build_py
[2.582s] running install
[2.583s] running install_lib
[2.586s] running install_data
[2.588s] running install_egg_info
[2.592s] removing '/home/garrett/Desktop/UAV/install/autonomous/lib/python3.6/site-packages/autonomous-0.0.0-py3.6.egg-info' (and everything under it)
[2.604s] Copying ../../build/autonomous/autonomous.egg-info to /home/garrett/Desktop/UAV/install/autonomous/lib/python3.6/site-packages/autonomous-0.0.0-py3.6.egg-info
[2.604s] running install_scripts
[2.659s] Installing plane script to /home/garrett/Desktop/UAV/install/autonomous/lib/autonomous
[2.662s] writing list of installed files to '/home/garrett/Desktop/UAV/build/autonomous/install.log'
[2.711s] Invoked command in '/home/garrett/Desktop/UAV/src/autonomous' returned '0': PYTHONPATH=/home/garrett/Desktop/UAV/build/autonomous/prefix_override:/home/garrett/Desktop/UAV/install/autonomous/lib/python3.6/site-packages:${PYTHONPATH} /usr/bin/python3 setup.py egg_info --egg-base ../../build/autonomous build --build-base /home/garrett/Desktop/UAV/build/autonomous/build install --record /home/garrett/Desktop/UAV/build/autonomous/install.log --install-scripts $base/lib/autonomous --single-version-externally-managed
