[0.637s] Invoking command in '/home/ben/GIT/UAV/src/communications': PYTHONPATH=/home/ben/GIT/UAV/build/communications/prefix_override:/home/ben/GIT/UAV/install/communications/lib/python3.6/site-packages:${PYTHONPATH} /usr/bin/python3 setup.py egg_info --egg-base ../../build/communications build --build-base /home/ben/GIT/UAV/build/communications/build install --record /home/ben/GIT/UAV/build/communications/install.log --install-scripts $base/lib/communications --single-version-externally-managed
[0.842s] running egg_info
[0.843s] writing ../../build/communications/communications.egg-info/PKG-INFO
[0.845s] writing dependency_links to ../../build/communications/communications.egg-info/dependency_links.txt
[0.846s] writing entry points to ../../build/communications/communications.egg-info/entry_points.txt
[0.847s] writing requirements to ../../build/communications/communications.egg-info/requires.txt
[0.848s] writing top-level names to ../../build/communications/communications.egg-info/top_level.txt
[0.878s] reading manifest file '../../build/communications/communications.egg-info/SOURCES.txt'
[0.880s] writing manifest file '../../build/communications/communications.egg-info/SOURCES.txt'
[0.881s] running build
[0.881s] running build_py
[0.882s] running install
[0.883s] running install_lib
[0.884s] running install_data
[0.885s] running install_egg_info
[0.887s] removing '/home/ben/GIT/UAV/install/communications/lib/python3.6/site-packages/communications-0.0.0-py3.6.egg-info' (and everything under it)
[0.901s] Copying ../../build/communications/communications.egg-info to /home/ben/GIT/UAV/install/communications/lib/python3.6/site-packages/communications-0.0.0-py3.6.egg-info
[0.905s] running install_scripts
[0.923s] Installing comms script to /home/ben/GIT/UAV/install/communications/lib/communications
[0.924s] writing list of installed files to '/home/ben/GIT/UAV/build/communications/install.log'
[0.953s] Invoked command in '/home/ben/GIT/UAV/src/communications' returned '0': PYTHONPATH=/home/ben/GIT/UAV/build/communications/prefix_override:/home/ben/GIT/UAV/install/communications/lib/python3.6/site-packages:${PYTHONPATH} /usr/bin/python3 setup.py egg_info --egg-base ../../build/communications build --build-base /home/ben/GIT/UAV/build/communications/build install --record /home/ben/GIT/UAV/build/communications/install.log --install-scripts $base/lib/communications --single-version-externally-managed
