[1.625s] Invoking command in '/home/garrett/Desktop/UAV/src/autonomous': PYTHONPATH=/home/garrett/Desktop/UAV/build/autonomous/prefix_override:/home/garrett/Desktop/UAV/install/autonomous/lib/python3.6/site-packages:${PYTHONPATH} /usr/bin/python3 setup.py egg_info --egg-base ../../build/autonomous build --build-base /home/garrett/Desktop/UAV/build/autonomous/build install --record /home/garrett/Desktop/UAV/build/autonomous/install.log --install-scripts $base/lib/autonomous --single-version-externally-managed
[2.200s] running egg_info
[2.202s] writing ../../build/autonomous/autonomous.egg-info/PKG-INFO
[2.204s] writing dependency_links to ../../build/autonomous/autonomous.egg-info/dependency_links.txt
[2.206s] writing entry points to ../../build/autonomous/autonomous.egg-info/entry_points.txt
[2.207s] writing requirements to ../../build/autonomous/autonomous.egg-info/requires.txt
[2.209s] writing top-level names to ../../build/autonomous/autonomous.egg-info/top_level.txt
[2.291s] reading manifest file '../../build/autonomous/autonomous.egg-info/SOURCES.txt'
[2.296s] writing manifest file '../../build/autonomous/autonomous.egg-info/SOURCES.txt'
[2.297s] running build
[2.300s] running build_py
[2.301s] copying autonomous/Plane.py -> /home/garrett/Desktop/UAV/build/autonomous/build/lib/autonomous
[2.303s] running install
[2.305s] running install_lib
[2.309s] copying /home/garrett/Desktop/UAV/build/autonomous/build/lib/autonomous/Plane.py -> /home/garrett/Desktop/UAV/install/autonomous/lib/python3.6/site-packages/autonomous
[2.314s] byte-compiling /home/garrett/Desktop/UAV/install/autonomous/lib/python3.6/site-packages/autonomous/Plane.py to Plane.cpython-36.pyc
[2.322s] running install_data
[2.323s] running install_egg_info
[2.328s] removing '/home/garrett/Desktop/UAV/install/autonomous/lib/python3.6/site-packages/autonomous-0.0.0-py3.6.egg-info' (and everything under it)
[2.336s] Copying ../../build/autonomous/autonomous.egg-info to /home/garrett/Desktop/UAV/install/autonomous/lib/python3.6/site-packages/autonomous-0.0.0-py3.6.egg-info
[2.339s] running install_scripts
[2.377s] Installing plane script to /home/garrett/Desktop/UAV/install/autonomous/lib/autonomous
[2.379s] writing list of installed files to '/home/garrett/Desktop/UAV/build/autonomous/install.log'
[2.408s] Invoked command in '/home/garrett/Desktop/UAV/src/autonomous' returned '0': PYTHONPATH=/home/garrett/Desktop/UAV/build/autonomous/prefix_override:/home/garrett/Desktop/UAV/install/autonomous/lib/python3.6/site-packages:${PYTHONPATH} /usr/bin/python3 setup.py egg_info --egg-base ../../build/autonomous build --build-base /home/garrett/Desktop/UAV/build/autonomous/build install --record /home/garrett/Desktop/UAV/build/autonomous/install.log --install-scripts $base/lib/autonomous --single-version-externally-managed
