[1.394s] Invoking command in '/home/garrett/Desktop/UAV/src/communications': PYTHONPATH=/home/garrett/Desktop/UAV/build/communications/prefix_override:/home/garrett/Desktop/UAV/install/communications/lib/python3.6/site-packages:${PYTHONPATH} /usr/bin/python3 setup.py egg_info --egg-base ../../build/communications build --build-base /home/garrett/Desktop/UAV/build/communications/build install --record /home/garrett/Desktop/UAV/build/communications/install.log --install-scripts $base/lib/communications --single-version-externally-managed
[1.862s] running egg_info
[1.864s] writing ../../build/communications/communications.egg-info/PKG-INFO
[1.866s] writing dependency_links to ../../build/communications/communications.egg-info/dependency_links.txt
[1.868s] writing entry points to ../../build/communications/communications.egg-info/entry_points.txt
[1.869s] writing requirements to ../../build/communications/communications.egg-info/requires.txt
[1.871s] writing top-level names to ../../build/communications/communications.egg-info/top_level.txt
[1.989s] reading manifest file '../../build/communications/communications.egg-info/SOURCES.txt'
[1.993s] writing manifest file '../../build/communications/communications.egg-info/SOURCES.txt'
[1.994s] running build
[1.995s] running build_py
[1.997s] running install
[1.999s] running install_lib
[2.003s] running install_data
[2.005s] running install_egg_info
[2.010s] removing '/home/garrett/Desktop/UAV/install/communications/lib/python3.6/site-packages/communications-0.0.0-py3.6.egg-info' (and everything under it)
[2.020s] Copying ../../build/communications/communications.egg-info to /home/garrett/Desktop/UAV/install/communications/lib/python3.6/site-packages/communications-0.0.0-py3.6.egg-info
[2.022s] running install_scripts
[2.062s] writing list of installed files to '/home/garrett/Desktop/UAV/build/communications/install.log'
[2.106s] Invoked command in '/home/garrett/Desktop/UAV/src/communications' returned '0': PYTHONPATH=/home/garrett/Desktop/UAV/build/communications/prefix_override:/home/garrett/Desktop/UAV/install/communications/lib/python3.6/site-packages:${PYTHONPATH} /usr/bin/python3 setup.py egg_info --egg-base ../../build/communications build --build-base /home/garrett/Desktop/UAV/build/communications/build install --record /home/garrett/Desktop/UAV/build/communications/install.log --install-scripts $base/lib/communications --single-version-externally-managed
