[0.988s] DEBUG:colcon:Command line arguments: ['/usr/bin/colcon', 'build']
[0.988s] DEBUG:colcon:Parsed command line arguments: Namespace(allow_overriding=[], ament_cmake_args=None, base_paths=['.'], build_base='build', catkin_cmake_args=None, catkin_skip_building_tests=False, cmake_args=None, cmake_clean_cache=False, cmake_clean_first=False, cmake_force_configure=False, cmake_target=None, cmake_target_skip_unavailable=False, continue_on_error=False, event_handlers=None, executor='parallel', ignore_user_meta=False, install_base='install', log_base=None, log_level=None, main=<bound method BuildVerb.main of <colcon_core.verb.build.BuildVerb object at 0x7fe2b5d199b0>>, merge_install=False, metas=['./colcon.meta'], packages_above=None, packages_above_and_dependencies=None, packages_above_depth=None, packages_end=None, packages_ignore=None, packages_ignore_regex=None, packages_select=None, packages_select_build_failed=False, packages_select_by_dep=None, packages_select_regex=None, packages_select_test_failures=False, packages_skip=None, packages_skip_build_finished=False, packages_skip_by_dep=None, packages_skip_regex=None, packages_skip_test_passed=False, packages_skip_up_to=None, packages_start=None, packages_up_to=None, packages_up_to_regex=None, parallel_workers=1, paths=None, symlink_install=False, test_result_base=None, verb_extension=<colcon_core.verb.build.BuildVerb object at 0x7fe2b5d199b0>, verb_name='build', verb_parser=<colcon_defaults.argument_parser.defaults.DefaultArgumentsDecorator object at 0x7fe2b5d19cf8>)
[1.069s] Level 1:colcon.colcon_core.package_discovery:discover_packages(colcon_meta) check parameters
[1.070s] Level 1:colcon.colcon_core.package_discovery:discover_packages(recursive) check parameters
[1.070s] Level 1:colcon.colcon_core.package_discovery:discover_packages(ignore) check parameters
[1.070s] Level 1:colcon.colcon_core.package_discovery:discover_packages(path) check parameters
[1.071s] Level 1:colcon.colcon_core.package_discovery:discover_packages(colcon_meta) discover
[1.072s] Level 1:colcon.colcon_core.package_discovery:discover_packages(recursive) discover
[1.072s] INFO:colcon.colcon_core.package_discovery:Crawling recursively for packages in '/home/garrett/Desktop/UAV'
[1.072s] Level 1:colcon.colcon_core.package_identification:_identify(.) by extensions ['ignore', 'ignore_ament_install']
[1.073s] Level 1:colcon.colcon_core.package_identification:_identify(.) by extension 'ignore'
[1.074s] Level 1:colcon.colcon_core.package_identification:_identify(.) by extension 'ignore_ament_install'
[1.074s] Level 1:colcon.colcon_core.package_identification:_identify(.) by extensions ['colcon_pkg']
[1.074s] Level 1:colcon.colcon_core.package_identification:_identify(.) by extension 'colcon_pkg'
[1.075s] Level 1:colcon.colcon_core.package_identification:_identify(.) by extensions ['colcon_meta']
[1.075s] Level 1:colcon.colcon_core.package_identification:_identify(.) by extension 'colcon_meta'
[1.075s] Level 1:colcon.colcon_core.package_identification:_identify(.) by extensions ['ros']
[1.076s] Level 1:colcon.colcon_core.package_identification:_identify(.) by extension 'ros'
[1.117s] Level 1:colcon.colcon_core.package_identification:_identify(.) by extensions ['cmake', 'python']
[1.119s] Level 1:colcon.colcon_core.package_identification:_identify(.) by extension 'cmake'
[1.120s] Level 1:colcon.colcon_core.package_identification:_identify(.) by extension 'python'
[1.120s] Level 1:colcon.colcon_core.package_identification:_identify(.) by extensions ['python_setup_py']
[1.121s] Level 1:colcon.colcon_core.package_identification:_identify(.) by extension 'python_setup_py'
[1.121s] Level 1:colcon.colcon_core.package_identification:_identify(Autonomous) by extensions ['ignore', 'ignore_ament_install']
[1.121s] Level 1:colcon.colcon_core.package_identification:_identify(Autonomous) by extension 'ignore'
[1.122s] Level 1:colcon.colcon_core.package_identification:_identify(Autonomous) by extension 'ignore_ament_install'
[1.122s] Level 1:colcon.colcon_core.package_identification:_identify(Autonomous) by extensions ['colcon_pkg']
[1.123s] Level 1:colcon.colcon_core.package_identification:_identify(Autonomous) by extension 'colcon_pkg'
[1.124s] Level 1:colcon.colcon_core.package_identification:_identify(Autonomous) by extensions ['colcon_meta']
[1.124s] Level 1:colcon.colcon_core.package_identification:_identify(Autonomous) by extension 'colcon_meta'
[1.125s] Level 1:colcon.colcon_core.package_identification:_identify(Autonomous) by extensions ['ros']
[1.125s] Level 1:colcon.colcon_core.package_identification:_identify(Autonomous) by extension 'ros'
[1.126s] Level 1:colcon.colcon_core.package_identification:_identify(Autonomous) by extensions ['cmake', 'python']
[1.126s] Level 1:colcon.colcon_core.package_identification:_identify(Autonomous) by extension 'cmake'
[1.126s] Level 1:colcon.colcon_core.package_identification:_identify(Autonomous) by extension 'python'
[1.127s] Level 1:colcon.colcon_core.package_identification:_identify(Autonomous) by extensions ['python_setup_py']
[1.127s] Level 1:colcon.colcon_core.package_identification:_identify(Autonomous) by extension 'python_setup_py'
[1.127s] Level 1:colcon.colcon_core.package_identification:_identify(Autonomous/__pycache__) by extensions ['ignore', 'ignore_ament_install']
[1.128s] Level 1:colcon.colcon_core.package_identification:_identify(Autonomous/__pycache__) by extension 'ignore'
[1.128s] Level 1:colcon.colcon_core.package_identification:_identify(Autonomous/__pycache__) by extension 'ignore_ament_install'
[1.129s] Level 1:colcon.colcon_core.package_identification:_identify(Autonomous/__pycache__) by extensions ['colcon_pkg']
[1.129s] Level 1:colcon.colcon_core.package_identification:_identify(Autonomous/__pycache__) by extension 'colcon_pkg'
[1.129s] Level 1:colcon.colcon_core.package_identification:_identify(Autonomous/__pycache__) by extensions ['colcon_meta']
[1.129s] Level 1:colcon.colcon_core.package_identification:_identify(Autonomous/__pycache__) by extension 'colcon_meta'
[1.130s] Level 1:colcon.colcon_core.package_identification:_identify(Autonomous/__pycache__) by extensions ['ros']
[1.130s] Level 1:colcon.colcon_core.package_identification:_identify(Autonomous/__pycache__) by extension 'ros'
[1.130s] Level 1:colcon.colcon_core.package_identification:_identify(Autonomous/__pycache__) by extensions ['cmake', 'python']
[1.130s] Level 1:colcon.colcon_core.package_identification:_identify(Autonomous/__pycache__) by extension 'cmake'
[1.130s] Level 1:colcon.colcon_core.package_identification:_identify(Autonomous/__pycache__) by extension 'python'
[1.131s] Level 1:colcon.colcon_core.package_identification:_identify(Autonomous/__pycache__) by extensions ['python_setup_py']
[1.131s] Level 1:colcon.colcon_core.package_identification:_identify(Autonomous/__pycache__) by extension 'python_setup_py'
[1.131s] Level 1:colcon.colcon_core.package_identification:_identify(Communications) by extensions ['ignore', 'ignore_ament_install']
[1.132s] Level 1:colcon.colcon_core.package_identification:_identify(Communications) by extension 'ignore'
[1.132s] Level 1:colcon.colcon_core.package_identification:_identify(Communications) by extension 'ignore_ament_install'
[1.132s] Level 1:colcon.colcon_core.package_identification:_identify(Communications) by extensions ['colcon_pkg']
[1.133s] Level 1:colcon.colcon_core.package_identification:_identify(Communications) by extension 'colcon_pkg'
[1.133s] Level 1:colcon.colcon_core.package_identification:_identify(Communications) by extensions ['colcon_meta']
[1.133s] Level 1:colcon.colcon_core.package_identification:_identify(Communications) by extension 'colcon_meta'
[1.133s] Level 1:colcon.colcon_core.package_identification:_identify(Communications) by extensions ['ros']
[1.133s] Level 1:colcon.colcon_core.package_identification:_identify(Communications) by extension 'ros'
[1.134s] Level 1:colcon.colcon_core.package_identification:_identify(Communications) by extensions ['cmake', 'python']
[1.134s] Level 1:colcon.colcon_core.package_identification:_identify(Communications) by extension 'cmake'
[1.134s] Level 1:colcon.colcon_core.package_identification:_identify(Communications) by extension 'python'
[1.134s] Level 1:colcon.colcon_core.package_identification:_identify(Communications) by extensions ['python_setup_py']
[1.135s] Level 1:colcon.colcon_core.package_identification:_identify(Communications) by extension 'python_setup_py'
[1.135s] Level 1:colcon.colcon_core.package_identification:_identify(Communications/__pycache__) by extensions ['ignore', 'ignore_ament_install']
[1.135s] Level 1:colcon.colcon_core.package_identification:_identify(Communications/__pycache__) by extension 'ignore'
[1.136s] Level 1:colcon.colcon_core.package_identification:_identify(Communications/__pycache__) by extension 'ignore_ament_install'
[1.136s] Level 1:colcon.colcon_core.package_identification:_identify(Communications/__pycache__) by extensions ['colcon_pkg']
[1.136s] Level 1:colcon.colcon_core.package_identification:_identify(Communications/__pycache__) by extension 'colcon_pkg'
[1.136s] Level 1:colcon.colcon_core.package_identification:_identify(Communications/__pycache__) by extensions ['colcon_meta']
[1.136s] Level 1:colcon.colcon_core.package_identification:_identify(Communications/__pycache__) by extension 'colcon_meta'
[1.137s] Level 1:colcon.colcon_core.package_identification:_identify(Communications/__pycache__) by extensions ['ros']
[1.137s] Level 1:colcon.colcon_core.package_identification:_identify(Communications/__pycache__) by extension 'ros'
[1.143s] Level 1:colcon.colcon_core.package_identification:_identify(Communications/__pycache__) by extensions ['cmake', 'python']
[1.143s] Level 1:colcon.colcon_core.package_identification:_identify(Communications/__pycache__) by extension 'cmake'
[1.144s] Level 1:colcon.colcon_core.package_identification:_identify(Communications/__pycache__) by extension 'python'
[1.144s] Level 1:colcon.colcon_core.package_identification:_identify(Communications/__pycache__) by extensions ['python_setup_py']
[1.144s] Level 1:colcon.colcon_core.package_identification:_identify(Communications/__pycache__) by extension 'python_setup_py'
[1.144s] Level 1:colcon.colcon_core.package_identification:_identify(HikerDetection) by extensions ['ignore', 'ignore_ament_install']
[1.144s] Level 1:colcon.colcon_core.package_identification:_identify(HikerDetection) by extension 'ignore'
[1.145s] Level 1:colcon.colcon_core.package_identification:_identify(HikerDetection) by extension 'ignore_ament_install'
[1.145s] Level 1:colcon.colcon_core.package_identification:_identify(HikerDetection) by extensions ['colcon_pkg']
[1.145s] Level 1:colcon.colcon_core.package_identification:_identify(HikerDetection) by extension 'colcon_pkg'
[1.146s] Level 1:colcon.colcon_core.package_identification:_identify(HikerDetection) by extensions ['colcon_meta']
[1.146s] Level 1:colcon.colcon_core.package_identification:_identify(HikerDetection) by extension 'colcon_meta'
[1.147s] Level 1:colcon.colcon_core.package_identification:_identify(HikerDetection) by extensions ['ros']
[1.147s] Level 1:colcon.colcon_core.package_identification:_identify(HikerDetection) by extension 'ros'
[1.147s] Level 1:colcon.colcon_core.package_identification:_identify(HikerDetection) by extensions ['cmake', 'python']
[1.147s] Level 1:colcon.colcon_core.package_identification:_identify(HikerDetection) by extension 'cmake'
[1.147s] Level 1:colcon.colcon_core.package_identification:_identify(HikerDetection) by extension 'python'
[1.147s] Level 1:colcon.colcon_core.package_identification:_identify(HikerDetection) by extensions ['python_setup_py']
[1.147s] Level 1:colcon.colcon_core.package_identification:_identify(HikerDetection) by extension 'python_setup_py'
[1.147s] Level 1:colcon.colcon_core.package_identification:_identify(build) by extensions ['ignore', 'ignore_ament_install']
[1.149s] Level 1:colcon.colcon_core.package_identification:_identify(build) by extension 'ignore'
[1.150s] Level 1:colcon.colcon_core.package_identification:_identify(build) ignored
[1.151s] Level 1:colcon.colcon_core.package_identification:_identify(install) by extensions ['ignore', 'ignore_ament_install']
[1.152s] Level 1:colcon.colcon_core.package_identification:_identify(install) by extension 'ignore'
[1.154s] Level 1:colcon.colcon_core.package_identification:_identify(install) ignored
[1.154s] Level 1:colcon.colcon_core.package_identification:_identify(log) by extensions ['ignore', 'ignore_ament_install']
[1.155s] Level 1:colcon.colcon_core.package_identification:_identify(log) by extension 'ignore'
[1.155s] Level 1:colcon.colcon_core.package_identification:_identify(log) ignored
[1.156s] Level 1:colcon.colcon_core.package_identification:_identify(src) by extensions ['ignore', 'ignore_ament_install']
[1.156s] Level 1:colcon.colcon_core.package_identification:_identify(src) by extension 'ignore'
[1.157s] Level 1:colcon.colcon_core.package_identification:_identify(src) by extension 'ignore_ament_install'
[1.157s] Level 1:colcon.colcon_core.package_identification:_identify(src) by extensions ['colcon_pkg']
[1.157s] Level 1:colcon.colcon_core.package_identification:_identify(src) by extension 'colcon_pkg'
[1.158s] Level 1:colcon.colcon_core.package_identification:_identify(src) by extensions ['colcon_meta']
[1.158s] Level 1:colcon.colcon_core.package_identification:_identify(src) by extension 'colcon_meta'
[1.159s] Level 1:colcon.colcon_core.package_identification:_identify(src) by extensions ['ros']
[1.159s] Level 1:colcon.colcon_core.package_identification:_identify(src) by extension 'ros'
[1.160s] Level 1:colcon.colcon_core.package_identification:_identify(src) by extensions ['cmake', 'python']
[1.161s] Level 1:colcon.colcon_core.package_identification:_identify(src) by extension 'cmake'
[1.161s] Level 1:colcon.colcon_core.package_identification:_identify(src) by extension 'python'
[1.162s] Level 1:colcon.colcon_core.package_identification:_identify(src) by extensions ['python_setup_py']
[1.162s] Level 1:colcon.colcon_core.package_identification:_identify(src) by extension 'python_setup_py'
[1.162s] Level 1:colcon.colcon_core.package_identification:_identify(src/autonomous) by extensions ['ignore', 'ignore_ament_install']
[1.164s] Level 1:colcon.colcon_core.package_identification:_identify(src/autonomous) by extension 'ignore'
[1.165s] Level 1:colcon.colcon_core.package_identification:_identify(src/autonomous) by extension 'ignore_ament_install'
[1.165s] Level 1:colcon.colcon_core.package_identification:_identify(src/autonomous) by extensions ['colcon_pkg']
[1.165s] Level 1:colcon.colcon_core.package_identification:_identify(src/autonomous) by extension 'colcon_pkg'
[1.165s] Level 1:colcon.colcon_core.package_identification:_identify(src/autonomous) by extensions ['colcon_meta']
[1.166s] Level 1:colcon.colcon_core.package_identification:_identify(src/autonomous) by extension 'colcon_meta'
[1.166s] Level 1:colcon.colcon_core.package_identification:_identify(src/autonomous) by extensions ['ros']
[1.166s] Level 1:colcon.colcon_core.package_identification:_identify(src/autonomous) by extension 'ros'
[1.172s] DEBUG:colcon.colcon_core.package_identification:Package 'src/autonomous' with type 'ros.ament_python' and name 'autonomous'
[1.172s] Level 1:colcon.colcon_core.package_identification:_identify(src/communications) by extensions ['ignore', 'ignore_ament_install']
[1.173s] Level 1:colcon.colcon_core.package_identification:_identify(src/communications) by extension 'ignore'
[1.173s] Level 1:colcon.colcon_core.package_identification:_identify(src/communications) by extension 'ignore_ament_install'
[1.173s] Level 1:colcon.colcon_core.package_identification:_identify(src/communications) by extensions ['colcon_pkg']
[1.174s] Level 1:colcon.colcon_core.package_identification:_identify(src/communications) by extension 'colcon_pkg'
[1.174s] Level 1:colcon.colcon_core.package_identification:_identify(src/communications) by extensions ['colcon_meta']
[1.175s] Level 1:colcon.colcon_core.package_identification:_identify(src/communications) by extension 'colcon_meta'
[1.175s] Level 1:colcon.colcon_core.package_identification:_identify(src/communications) by extensions ['ros']
[1.175s] Level 1:colcon.colcon_core.package_identification:_identify(src/communications) by extension 'ros'
[1.177s] DEBUG:colcon.colcon_core.package_identification:Package 'src/communications' with type 'ros.ament_python' and name 'communications'
[1.177s] Level 1:colcon.colcon_core.package_discovery:discover_packages(recursive) using defaults
[1.178s] Level 1:colcon.colcon_core.package_discovery:discover_packages(ignore) discover
[1.178s] Level 1:colcon.colcon_core.package_discovery:discover_packages(ignore) using defaults
[1.178s] Level 1:colcon.colcon_core.package_discovery:discover_packages(path) discover
[1.179s] Level 1:colcon.colcon_core.package_discovery:discover_packages(path) using defaults
[1.232s] Level 1:colcon.colcon_core.package_discovery:discover_packages(prefix_path) check parameters
[1.232s] Level 1:colcon.colcon_core.package_discovery:discover_packages(prefix_path) discover
[1.239s] DEBUG:colcon.colcon_installed_package_information.package_discovery:Found 2 installed packages in /home/garrett/Desktop/UAV/install
[1.244s] DEBUG:colcon.colcon_installed_package_information.package_discovery:Found 227 installed packages in /opt/ros/eloquent
[1.248s] Level 1:colcon.colcon_core.package_discovery:discover_packages(prefix_path) using defaults
[1.407s] Level 5:colcon.colcon_core.verb:set package 'autonomous' build argument 'cmake_args' from command line to 'None'
[1.408s] Level 5:colcon.colcon_core.verb:set package 'autonomous' build argument 'cmake_target' from command line to 'None'
[1.408s] Level 5:colcon.colcon_core.verb:set package 'autonomous' build argument 'cmake_target_skip_unavailable' from command line to 'False'
[1.408s] Level 5:colcon.colcon_core.verb:set package 'autonomous' build argument 'cmake_clean_cache' from command line to 'False'
[1.409s] Level 5:colcon.colcon_core.verb:set package 'autonomous' build argument 'cmake_clean_first' from command line to 'False'
[1.409s] Level 5:colcon.colcon_core.verb:set package 'autonomous' build argument 'cmake_force_configure' from command line to 'False'
[1.409s] Level 5:colcon.colcon_core.verb:set package 'autonomous' build argument 'ament_cmake_args' from command line to 'None'
[1.413s] Level 5:colcon.colcon_core.verb:set package 'autonomous' build argument 'catkin_cmake_args' from command line to 'None'
[1.414s] Level 5:colcon.colcon_core.verb:set package 'autonomous' build argument 'catkin_skip_building_tests' from command line to 'False'
[1.414s] DEBUG:colcon.colcon_core.verb:Building package 'autonomous' with the following arguments: {'ament_cmake_args': None, 'build_base': '/home/garrett/Desktop/UAV/build/autonomous', 'catkin_cmake_args': None, 'catkin_skip_building_tests': False, 'cmake_args': None, 'cmake_clean_cache': False, 'cmake_clean_first': False, 'cmake_force_configure': False, 'cmake_target': None, 'cmake_target_skip_unavailable': False, 'install_base': '/home/garrett/Desktop/UAV/install/autonomous', 'merge_install': False, 'path': '/home/garrett/Desktop/UAV/src/autonomous', 'symlink_install': False, 'test_result_base': None}
[1.419s] Level 5:colcon.colcon_core.verb:set package 'communications' build argument 'cmake_args' from command line to 'None'
[1.420s] Level 5:colcon.colcon_core.verb:set package 'communications' build argument 'cmake_target' from command line to 'None'
[1.420s] Level 5:colcon.colcon_core.verb:set package 'communications' build argument 'cmake_target_skip_unavailable' from command line to 'False'
[1.421s] Level 5:colcon.colcon_core.verb:set package 'communications' build argument 'cmake_clean_cache' from command line to 'False'
[1.421s] Level 5:colcon.colcon_core.verb:set package 'communications' build argument 'cmake_clean_first' from command line to 'False'
[1.422s] Level 5:colcon.colcon_core.verb:set package 'communications' build argument 'cmake_force_configure' from command line to 'False'
[1.422s] Level 5:colcon.colcon_core.verb:set package 'communications' build argument 'ament_cmake_args' from command line to 'None'
[1.422s] Level 5:colcon.colcon_core.verb:set package 'communications' build argument 'catkin_cmake_args' from command line to 'None'
[1.422s] Level 5:colcon.colcon_core.verb:set package 'communications' build argument 'catkin_skip_building_tests' from command line to 'False'
[1.423s] DEBUG:colcon.colcon_core.verb:Building package 'communications' with the following arguments: {'ament_cmake_args': None, 'build_base': '/home/garrett/Desktop/UAV/build/communications', 'catkin_cmake_args': None, 'catkin_skip_building_tests': False, 'cmake_args': None, 'cmake_clean_cache': False, 'cmake_clean_first': False, 'cmake_force_configure': False, 'cmake_target': None, 'cmake_target_skip_unavailable': False, 'install_base': '/home/garrett/Desktop/UAV/install/communications', 'merge_install': False, 'path': '/home/garrett/Desktop/UAV/src/communications', 'symlink_install': False, 'test_result_base': None}
[1.425s] INFO:colcon.colcon_core.executor:Executing jobs using 'parallel' executor
[1.433s] DEBUG:colcon.colcon_parallel_executor.executor.parallel:run_until_complete
[1.433s] INFO:colcon.colcon_ros.task.ament_python.build:Building ROS package in '/home/garrett/Desktop/UAV/src/autonomous' with build type 'ament_python'
[1.434s] Level 1:colcon.colcon_core.shell:create_environment_hook('autonomous', 'ament_prefix_path')
[1.445s] INFO:colcon.colcon_core.plugin_system:Skipping extension 'colcon_core.shell.bat': Not used on non-Windows systems
[1.445s] INFO:colcon.colcon_core.shell:Creating environment hook '/home/garrett/Desktop/UAV/install/autonomous/share/autonomous/hook/ament_prefix_path.ps1'
[1.447s] INFO:colcon.colcon_core.shell:Creating environment descriptor '/home/garrett/Desktop/UAV/install/autonomous/share/autonomous/hook/ament_prefix_path.dsv'
[1.448s] INFO:colcon.colcon_core.shell:Creating environment hook '/home/garrett/Desktop/UAV/install/autonomous/share/autonomous/hook/ament_prefix_path.sh'
[1.464s] INFO:colcon.colcon_core.shell:Skip shell extension 'powershell' for command environment: Not usable outside of PowerShell
[1.465s] DEBUG:colcon.colcon_core.shell:Skip shell extension 'dsv' for command environment
[2.569s] INFO:colcon.colcon_core.task.python.build:Building Python package in '/home/garrett/Desktop/UAV/src/autonomous'
[2.573s] INFO:colcon.colcon_core.shell:Skip shell extension 'powershell' for command environment: Not usable outside of PowerShell
[2.574s] DEBUG:colcon.colcon_core.shell:Skip shell extension 'dsv' for command environment
[3.821s] DEBUG:colcon.colcon_core.event_handler.log_command:Invoking command in '/home/garrett/Desktop/UAV/src/autonomous': PYTHONPATH=/home/garrett/Desktop/UAV/build/autonomous/prefix_override:/home/garrett/Desktop/UAV/install/autonomous/lib/python3.6/site-packages:${PYTHONPATH} /usr/bin/python3 setup.py egg_info --egg-base ../../build/autonomous build --build-base /home/garrett/Desktop/UAV/build/autonomous/build install --record /home/garrett/Desktop/UAV/build/autonomous/install.log --install-scripts $base/lib/autonomous --single-version-externally-managed
[4.836s] DEBUG:colcon.colcon_core.event_handler.log_command:Invoked command in '/home/garrett/Desktop/UAV/src/autonomous' returned '0': PYTHONPATH=/home/garrett/Desktop/UAV/build/autonomous/prefix_override:/home/garrett/Desktop/UAV/install/autonomous/lib/python3.6/site-packages:${PYTHONPATH} /usr/bin/python3 setup.py egg_info --egg-base ../../build/autonomous build --build-base /home/garrett/Desktop/UAV/build/autonomous/build install --record /home/garrett/Desktop/UAV/build/autonomous/install.log --install-scripts $base/lib/autonomous --single-version-externally-managed
[4.854s] Level 1:colcon.colcon_core.environment:checking '/home/garrett/Desktop/UAV/install/autonomous' for CMake module files
[4.855s] Level 1:colcon.colcon_core.environment:checking '/home/garrett/Desktop/UAV/install/autonomous' for CMake config files
[4.858s] Level 1:colcon.colcon_core.environment:checking '/home/garrett/Desktop/UAV/install/autonomous/lib'
[4.859s] Level 1:colcon.colcon_core.environment:checking '/home/garrett/Desktop/UAV/install/autonomous/bin'
[4.859s] Level 1:colcon.colcon_core.environment:checking '/home/garrett/Desktop/UAV/install/autonomous/lib/pkgconfig/autonomous.pc'
[4.860s] Level 1:colcon.colcon_core.environment:checking '/home/garrett/Desktop/UAV/install/autonomous/lib/python3.6/site-packages'
[4.861s] Level 1:colcon.colcon_core.shell:create_environment_hook('autonomous', 'pythonpath')
[4.865s] INFO:colcon.colcon_core.shell:Creating environment hook '/home/garrett/Desktop/UAV/install/autonomous/share/autonomous/hook/pythonpath.ps1'
[4.866s] INFO:colcon.colcon_core.shell:Creating environment descriptor '/home/garrett/Desktop/UAV/install/autonomous/share/autonomous/hook/pythonpath.dsv'
[4.867s] INFO:colcon.colcon_core.shell:Creating environment hook '/home/garrett/Desktop/UAV/install/autonomous/share/autonomous/hook/pythonpath.sh'
[4.869s] Level 1:colcon.colcon_core.environment:checking '/home/garrett/Desktop/UAV/install/autonomous/bin'
[4.869s] Level 1:colcon.colcon_core.environment:create_environment_scripts_only(autonomous)
[4.873s] INFO:colcon.colcon_core.shell:Creating package script '/home/garrett/Desktop/UAV/install/autonomous/share/autonomous/package.ps1'
[4.876s] INFO:colcon.colcon_core.shell:Creating package descriptor '/home/garrett/Desktop/UAV/install/autonomous/share/autonomous/package.dsv'
[4.878s] INFO:colcon.colcon_core.shell:Creating package script '/home/garrett/Desktop/UAV/install/autonomous/share/autonomous/package.sh'
[4.880s] INFO:colcon.colcon_core.shell:Creating package script '/home/garrett/Desktop/UAV/install/autonomous/share/autonomous/package.bash'
[4.888s] INFO:colcon.colcon_core.shell:Creating package script '/home/garrett/Desktop/UAV/install/autonomous/share/autonomous/package.zsh'
[4.894s] Level 1:colcon.colcon_core.environment:create_file_with_runtime_dependencies(/home/garrett/Desktop/UAV/install/autonomous/share/colcon-core/packages/autonomous)
[4.899s] INFO:colcon.colcon_ros.task.ament_python.build:Building ROS package in '/home/garrett/Desktop/UAV/src/communications' with build type 'ament_python'
[4.901s] Level 1:colcon.colcon_core.shell:create_environment_hook('communications', 'ament_prefix_path')
[4.930s] INFO:colcon.colcon_core.shell:Creating environment hook '/home/garrett/Desktop/UAV/install/communications/share/communications/hook/ament_prefix_path.ps1'
[4.935s] INFO:colcon.colcon_core.shell:Creating environment descriptor '/home/garrett/Desktop/UAV/install/communications/share/communications/hook/ament_prefix_path.dsv'
[4.939s] INFO:colcon.colcon_core.shell:Creating environment hook '/home/garrett/Desktop/UAV/install/communications/share/communications/hook/ament_prefix_path.sh'
[4.955s] INFO:colcon.colcon_core.shell:Skip shell extension 'powershell' for command environment: Not usable outside of PowerShell
[4.955s] DEBUG:colcon.colcon_core.shell:Skip shell extension 'dsv' for command environment
[5.779s] INFO:colcon.colcon_core.task.python.build:Building Python package in '/home/garrett/Desktop/UAV/src/communications'
[5.790s] INFO:colcon.colcon_core.shell:Skip shell extension 'powershell' for command environment: Not usable outside of PowerShell
[5.790s] DEBUG:colcon.colcon_core.shell:Skip shell extension 'dsv' for command environment
[7.083s] DEBUG:colcon.colcon_core.event_handler.log_command:Invoking command in '/home/garrett/Desktop/UAV/src/communications': PYTHONPATH=/home/garrett/Desktop/UAV/build/communications/prefix_override:/home/garrett/Desktop/UAV/install/communications/lib/python3.6/site-packages:${PYTHONPATH} /usr/bin/python3 setup.py egg_info --egg-base ../../build/communications build --build-base /home/garrett/Desktop/UAV/build/communications/build install --record /home/garrett/Desktop/UAV/build/communications/install.log --install-scripts $base/lib/communications --single-version-externally-managed
[8.144s] DEBUG:colcon.colcon_core.event_handler.log_command:Invoked command in '/home/garrett/Desktop/UAV/src/communications' returned '0': PYTHONPATH=/home/garrett/Desktop/UAV/build/communications/prefix_override:/home/garrett/Desktop/UAV/install/communications/lib/python3.6/site-packages:${PYTHONPATH} /usr/bin/python3 setup.py egg_info --egg-base ../../build/communications build --build-base /home/garrett/Desktop/UAV/build/communications/build install --record /home/garrett/Desktop/UAV/build/communications/install.log --install-scripts $base/lib/communications --single-version-externally-managed
[8.154s] Level 1:colcon.colcon_core.environment:checking '/home/garrett/Desktop/UAV/install/communications' for CMake module files
[8.158s] Level 1:colcon.colcon_core.environment:checking '/home/garrett/Desktop/UAV/install/communications' for CMake config files
[8.160s] Level 1:colcon.colcon_core.environment:checking '/home/garrett/Desktop/UAV/install/communications/lib'
[8.163s] Level 1:colcon.colcon_core.environment:checking '/home/garrett/Desktop/UAV/install/communications/bin'
[8.163s] Level 1:colcon.colcon_core.environment:checking '/home/garrett/Desktop/UAV/install/communications/lib/pkgconfig/communications.pc'
[8.164s] Level 1:colcon.colcon_core.environment:checking '/home/garrett/Desktop/UAV/install/communications/lib/python3.6/site-packages'
[8.165s] Level 1:colcon.colcon_core.shell:create_environment_hook('communications', 'pythonpath')
[8.173s] INFO:colcon.colcon_core.shell:Creating environment hook '/home/garrett/Desktop/UAV/install/communications/share/communications/hook/pythonpath.ps1'
[8.176s] INFO:colcon.colcon_core.shell:Creating environment descriptor '/home/garrett/Desktop/UAV/install/communications/share/communications/hook/pythonpath.dsv'
[8.179s] INFO:colcon.colcon_core.shell:Creating environment hook '/home/garrett/Desktop/UAV/install/communications/share/communications/hook/pythonpath.sh'
[8.181s] Level 1:colcon.colcon_core.environment:checking '/home/garrett/Desktop/UAV/install/communications/bin'
[8.184s] Level 1:colcon.colcon_core.environment:create_environment_scripts_only(communications)
[8.191s] INFO:colcon.colcon_core.shell:Creating package script '/home/garrett/Desktop/UAV/install/communications/share/communications/package.ps1'
[8.196s] INFO:colcon.colcon_core.shell:Creating package descriptor '/home/garrett/Desktop/UAV/install/communications/share/communications/package.dsv'
[8.198s] INFO:colcon.colcon_core.shell:Creating package script '/home/garrett/Desktop/UAV/install/communications/share/communications/package.sh'
[8.200s] INFO:colcon.colcon_core.shell:Creating package script '/home/garrett/Desktop/UAV/install/communications/share/communications/package.bash'
[8.201s] INFO:colcon.colcon_core.shell:Creating package script '/home/garrett/Desktop/UAV/install/communications/share/communications/package.zsh'
[8.205s] Level 1:colcon.colcon_core.environment:create_file_with_runtime_dependencies(/home/garrett/Desktop/UAV/install/communications/share/colcon-core/packages/communications)
[8.207s] DEBUG:colcon.colcon_parallel_executor.executor.parallel:closing loop
[8.209s] DEBUG:colcon.colcon_parallel_executor.executor.parallel:loop closed
[8.209s] DEBUG:colcon.colcon_parallel_executor.executor.parallel:run_until_complete finished with '0'
[8.210s] DEBUG:colcon.colcon_core.event_reactor:joining thread
[8.256s] INFO:colcon.colcon_core.plugin_system:Skipping extension 'colcon_notification.desktop_notification.terminal_notifier': Not used on non-Darwin systems
[8.258s] INFO:colcon.colcon_core.plugin_system:Skipping extension 'colcon_notification.desktop_notification.win32': Not used on non-Windows systems
[8.260s] INFO:colcon.colcon_notification.desktop_notification:Sending desktop notification using 'notify2'
[8.272s] DEBUG:colcon.colcon_core.event_reactor:joined thread
[8.278s] INFO:colcon.colcon_core.shell:Creating prefix script '/home/garrett/Desktop/UAV/install/local_setup.ps1'
[8.292s] INFO:colcon.colcon_core.shell:Creating prefix util module '/home/garrett/Desktop/UAV/install/_local_setup_util_ps1.py'
[8.306s] INFO:colcon.colcon_core.shell:Creating prefix chain script '/home/garrett/Desktop/UAV/install/setup.ps1'
[8.316s] INFO:colcon.colcon_core.shell:Creating prefix script '/home/garrett/Desktop/UAV/install/local_setup.sh'
[8.321s] INFO:colcon.colcon_core.shell:Creating prefix util module '/home/garrett/Desktop/UAV/install/_local_setup_util_sh.py'
[8.324s] INFO:colcon.colcon_core.shell:Creating prefix chain script '/home/garrett/Desktop/UAV/install/setup.sh'
[8.333s] INFO:colcon.colcon_core.shell:Creating prefix script '/home/garrett/Desktop/UAV/install/local_setup.bash'
[8.337s] INFO:colcon.colcon_core.shell:Creating prefix chain script '/home/garrett/Desktop/UAV/install/setup.bash'
[8.351s] INFO:colcon.colcon_core.shell:Creating prefix script '/home/garrett/Desktop/UAV/install/local_setup.zsh'
[8.357s] INFO:colcon.colcon_core.shell:Creating prefix chain script '/home/garrett/Desktop/UAV/install/setup.zsh'
