[1.530s] Invoking command in '/home/garrett/Desktop/UAV/src/communications': PYTHONPATH=/home/garrett/Desktop/UAV/build/communications/prefix_override:/home/garrett/Desktop/UAV/install/communications/lib/python3.6/site-packages:${PYTHONPATH} /usr/bin/python3 setup.py egg_info --egg-base ../../build/communications build --build-base /home/garrett/Desktop/UAV/build/communications/build install --record /home/garrett/Desktop/UAV/build/communications/install.log --install-scripts $base/lib/communications --single-version-externally-managed
[2.059s] running egg_info
[2.061s] writing ../../build/communications/communications.egg-info/PKG-INFO
[2.063s] writing dependency_links to ../../build/communications/communications.egg-info/dependency_links.txt
[2.065s] writing entry points to ../../build/communications/communications.egg-info/entry_points.txt
[2.067s] writing requirements to ../../build/communications/communications.egg-info/requires.txt
[2.068s] writing top-level names to ../../build/communications/communications.egg-info/top_level.txt
[2.153s] reading manifest file '../../build/communications/communications.egg-info/SOURCES.txt'
[2.158s] writing manifest file '../../build/communications/communications.egg-info/SOURCES.txt'
[2.161s] running build
[2.163s] running build_py
[2.165s] running install
[2.168s] running install_lib
[2.173s] running install_data
[2.175s] running install_egg_info
[2.184s] removing '/home/garrett/Desktop/UAV/install/communications/lib/python3.6/site-packages/communications-0.0.0-py3.6.egg-info' (and everything under it)
[2.194s] Copying ../../build/communications/communications.egg-info to /home/garrett/Desktop/UAV/install/communications/lib/python3.6/site-packages/communications-0.0.0-py3.6.egg-info
[2.199s] running install_scripts
[2.249s] Installing comms script to /home/garrett/Desktop/UAV/install/communications/lib/communications
[2.251s] writing list of installed files to '/home/garrett/Desktop/UAV/build/communications/install.log'
[2.285s] Invoked command in '/home/garrett/Desktop/UAV/src/communications' returned '0': PYTHONPATH=/home/garrett/Desktop/UAV/build/communications/prefix_override:/home/garrett/Desktop/UAV/install/communications/lib/python3.6/site-packages:${PYTHONPATH} /usr/bin/python3 setup.py egg_info --egg-base ../../build/communications build --build-base /home/garrett/Desktop/UAV/build/communications/build install --record /home/garrett/Desktop/UAV/build/communications/install.log --install-scripts $base/lib/communications --single-version-externally-managed
