[1.342s] Invoking command in '/home/garrett/Desktop/UAV/src/communications': PYTHONPATH=/home/garrett/Desktop/UAV/build/communications/prefix_override:/home/garrett/Desktop/UAV/install/communications/lib/python3.6/site-packages:${PYTHONPATH} /usr/bin/python3 setup.py egg_info --egg-base ../../build/communications build --build-base /home/garrett/Desktop/UAV/build/communications/build install --record /home/garrett/Desktop/UAV/build/communications/install.log --install-scripts $base/lib/communications --single-version-externally-managed
[1.829s] running egg_info
[1.832s] writing ../../build/communications/communications.egg-info/PKG-INFO
[1.834s] writing dependency_links to ../../build/communications/communications.egg-info/dependency_links.txt
[1.838s] writing entry points to ../../build/communications/communications.egg-info/entry_points.txt
[1.840s] writing requirements to ../../build/communications/communications.egg-info/requires.txt
[1.841s] writing top-level names to ../../build/communications/communications.egg-info/top_level.txt
[1.909s] reading manifest file '../../build/communications/communications.egg-info/SOURCES.txt'
[1.913s] writing manifest file '../../build/communications/communications.egg-info/SOURCES.txt'
[1.915s] running build
[1.916s] running build_py
[1.919s] running install
[1.921s] running install_lib
[1.924s] running install_data
[1.927s] running install_egg_info
[1.931s] removing '/home/garrett/Desktop/UAV/install/communications/lib/python3.6/site-packages/communications-0.0.0-py3.6.egg-info' (and everything under it)
[1.939s] Copying ../../build/communications/communications.egg-info to /home/garrett/Desktop/UAV/install/communications/lib/python3.6/site-packages/communications-0.0.0-py3.6.egg-info
[1.942s] running install_scripts
[1.972s] Installing comms script to /home/garrett/Desktop/UAV/install/communications/lib/communications
[1.975s] writing list of installed files to '/home/garrett/Desktop/UAV/build/communications/install.log'
[2.009s] Invoked command in '/home/garrett/Desktop/UAV/src/communications' returned '0': PYTHONPATH=/home/garrett/Desktop/UAV/build/communications/prefix_override:/home/garrett/Desktop/UAV/install/communications/lib/python3.6/site-packages:${PYTHONPATH} /usr/bin/python3 setup.py egg_info --egg-base ../../build/communications build --build-base /home/garrett/Desktop/UAV/build/communications/build install --record /home/garrett/Desktop/UAV/build/communications/install.log --install-scripts $base/lib/communications --single-version-externally-managed
