[1.357s] Invoking command in '/home/garrett/Desktop/UAV/src/communications': PYTHONPATH=/home/garrett/Desktop/UAV/build/communications/prefix_override:/home/garrett/Desktop/UAV/install/communications/lib/python3.6/site-packages:${PYTHONPATH} /usr/bin/python3 setup.py egg_info --egg-base ../../build/communications build --build-base /home/garrett/Desktop/UAV/build/communications/build install --record /home/garrett/Desktop/UAV/build/communications/install.log --install-scripts $base/lib/communications --single-version-externally-managed
[1.805s] running egg_info
[1.810s] writing ../../build/communications/communications.egg-info/PKG-INFO
[1.812s] writing dependency_links to ../../build/communications/communications.egg-info/dependency_links.txt
[1.815s] writing entry points to ../../build/communications/communications.egg-info/entry_points.txt
[1.817s] writing requirements to ../../build/communications/communications.egg-info/requires.txt
[1.818s] writing top-level names to ../../build/communications/communications.egg-info/top_level.txt
[1.908s] reading manifest file '../../build/communications/communications.egg-info/SOURCES.txt'
[1.911s] writing manifest file '../../build/communications/communications.egg-info/SOURCES.txt'
[1.914s] running build
[1.915s] running build_py
[1.916s] copying communications/Comms.py -> /home/garrett/Desktop/UAV/build/communications/build/lib/communications
[1.917s] running install
[1.919s] running install_lib
[1.922s] copying /home/garrett/Desktop/UAV/build/communications/build/lib/communications/Comms.py -> /home/garrett/Desktop/UAV/install/communications/lib/python3.6/site-packages/communications
[1.925s] byte-compiling /home/garrett/Desktop/UAV/install/communications/lib/python3.6/site-packages/communications/Comms.py to Comms.cpython-36.pyc
[1.928s] running install_data
[1.929s] running install_egg_info
[1.935s] removing '/home/garrett/Desktop/UAV/install/communications/lib/python3.6/site-packages/communications-0.0.0-py3.6.egg-info' (and everything under it)
[1.943s] Copying ../../build/communications/communications.egg-info to /home/garrett/Desktop/UAV/install/communications/lib/python3.6/site-packages/communications-0.0.0-py3.6.egg-info
[1.945s] running install_scripts
[1.976s] Installing comms script to /home/garrett/Desktop/UAV/install/communications/lib/communications
[1.988s] writing list of installed files to '/home/garrett/Desktop/UAV/build/communications/install.log'
[2.049s] Invoked command in '/home/garrett/Desktop/UAV/src/communications' returned '0': PYTHONPATH=/home/garrett/Desktop/UAV/build/communications/prefix_override:/home/garrett/Desktop/UAV/install/communications/lib/python3.6/site-packages:${PYTHONPATH} /usr/bin/python3 setup.py egg_info --egg-base ../../build/communications build --build-base /home/garrett/Desktop/UAV/build/communications/build install --record /home/garrett/Desktop/UAV/build/communications/install.log --install-scripts $base/lib/communications --single-version-externally-managed
