[1.471s] Invoking command in '/home/garrett/Desktop/UAV/src/autonomous': PYTHONPATH=/home/garrett/Desktop/UAV/build/autonomous/prefix_override:/home/garrett/Desktop/UAV/install/autonomous/lib/python3.6/site-packages:${PYTHONPATH} /usr/bin/python3 setup.py egg_info --egg-base ../../build/autonomous build --build-base /home/garrett/Desktop/UAV/build/autonomous/build install --record /home/garrett/Desktop/UAV/build/autonomous/install.log --install-scripts $base/lib/autonomous --single-version-externally-managed
[2.059s] running egg_info
[2.064s] writing ../../build/autonomous/autonomous.egg-info/PKG-INFO
[2.066s] writing dependency_links to ../../build/autonomous/autonomous.egg-info/dependency_links.txt
[2.068s] writing entry points to ../../build/autonomous/autonomous.egg-info/entry_points.txt
[2.077s] writing requirements to ../../build/autonomous/autonomous.egg-info/requires.txt
[2.079s] writing top-level names to ../../build/autonomous/autonomous.egg-info/top_level.txt
[2.213s] reading manifest file '../../build/autonomous/autonomous.egg-info/SOURCES.txt'
[2.216s] writing manifest file '../../build/autonomous/autonomous.egg-info/SOURCES.txt'
[2.218s] running build
[2.219s] running build_py
[2.221s] copying autonomous/Plane.py -> /home/garrett/Desktop/UAV/build/autonomous/build/lib/autonomous
[2.223s] running install
[2.225s] running install_lib
[2.229s] copying /home/garrett/Desktop/UAV/build/autonomous/build/lib/autonomous/Plane.py -> /home/garrett/Desktop/UAV/install/autonomous/lib/python3.6/site-packages/autonomous
[2.231s] byte-compiling /home/garrett/Desktop/UAV/install/autonomous/lib/python3.6/site-packages/autonomous/Plane.py to Plane.cpython-36.pyc
[2.238s] running install_data
[2.240s] running install_egg_info
[2.245s] removing '/home/garrett/Desktop/UAV/install/autonomous/lib/python3.6/site-packages/autonomous-0.0.0-py3.6.egg-info' (and everything under it)
[2.258s] Copying ../../build/autonomous/autonomous.egg-info to /home/garrett/Desktop/UAV/install/autonomous/lib/python3.6/site-packages/autonomous-0.0.0-py3.6.egg-info
[2.260s] running install_scripts
[2.299s] Installing plane script to /home/garrett/Desktop/UAV/install/autonomous/lib/autonomous
[2.301s] writing list of installed files to '/home/garrett/Desktop/UAV/build/autonomous/install.log'
[2.353s] Invoked command in '/home/garrett/Desktop/UAV/src/autonomous' returned '0': PYTHONPATH=/home/garrett/Desktop/UAV/build/autonomous/prefix_override:/home/garrett/Desktop/UAV/install/autonomous/lib/python3.6/site-packages:${PYTHONPATH} /usr/bin/python3 setup.py egg_info --egg-base ../../build/autonomous build --build-base /home/garrett/Desktop/UAV/build/autonomous/build install --record /home/garrett/Desktop/UAV/build/autonomous/install.log --install-scripts $base/lib/autonomous --single-version-externally-managed
