[2.718s] Invoking command in '/home/garrett/Desktop/UAV/src/autonomous': PYTHONPATH=/home/garrett/Desktop/UAV/build/autonomous/prefix_override:/home/garrett/Desktop/UAV/install/autonomous/lib/python3.6/site-packages:${PYTHONPATH} /usr/bin/python3 setup.py egg_info --egg-base ../../build/autonomous build --build-base /home/garrett/Desktop/UAV/build/autonomous/build install --record /home/garrett/Desktop/UAV/build/autonomous/install.log --install-scripts $base/lib/autonomous --single-version-externally-managed
[3.695s] running egg_info
[3.700s] writing ../../build/autonomous/autonomous.egg-info/PKG-INFO
[3.705s] writing dependency_links to ../../build/autonomous/autonomous.egg-info/dependency_links.txt
[3.711s] writing entry points to ../../build/autonomous/autonomous.egg-info/entry_points.txt
[3.715s] writing requirements to ../../build/autonomous/autonomous.egg-info/requires.txt
[3.717s] writing top-level names to ../../build/autonomous/autonomous.egg-info/top_level.txt
[3.837s] reading manifest file '../../build/autonomous/autonomous.egg-info/SOURCES.txt'
[3.845s] writing manifest file '../../build/autonomous/autonomous.egg-info/SOURCES.txt'
[3.849s] running build
[3.852s] running build_py
[3.853s] copying autonomous/Plane.py -> /home/garrett/Desktop/UAV/build/autonomous/build/lib/autonomous
[3.857s] running install
[3.861s] running install_lib
[3.866s] copying /home/garrett/Desktop/UAV/build/autonomous/build/lib/autonomous/Plane.py -> /home/garrett/Desktop/UAV/install/autonomous/lib/python3.6/site-packages/autonomous
[3.868s] byte-compiling /home/garrett/Desktop/UAV/install/autonomous/lib/python3.6/site-packages/autonomous/Plane.py to Plane.cpython-36.pyc
[3.882s] running install_data
[3.886s] running install_egg_info
[3.899s] removing '/home/garrett/Desktop/UAV/install/autonomous/lib/python3.6/site-packages/autonomous-0.0.0-py3.6.egg-info' (and everything under it)
[3.917s] Copying ../../build/autonomous/autonomous.egg-info to /home/garrett/Desktop/UAV/install/autonomous/lib/python3.6/site-packages/autonomous-0.0.0-py3.6.egg-info
[3.917s] running install_scripts
[4.000s] Installing plane script to /home/garrett/Desktop/UAV/install/autonomous/lib/autonomous
[4.004s] writing list of installed files to '/home/garrett/Desktop/UAV/build/autonomous/install.log'
[4.095s] Invoked command in '/home/garrett/Desktop/UAV/src/autonomous' returned '0': PYTHONPATH=/home/garrett/Desktop/UAV/build/autonomous/prefix_override:/home/garrett/Desktop/UAV/install/autonomous/lib/python3.6/site-packages:${PYTHONPATH} /usr/bin/python3 setup.py egg_info --egg-base ../../build/autonomous build --build-base /home/garrett/Desktop/UAV/build/autonomous/build install --record /home/garrett/Desktop/UAV/build/autonomous/install.log --install-scripts $base/lib/autonomous --single-version-externally-managed
