[0.733s] Invoking command in '/home/ben/GIT/UAV/src/autonomous': PYTHONPATH=/home/ben/GIT/UAV/build/autonomous/prefix_override:/home/ben/GIT/UAV/install/autonomous/lib/python3.6/site-packages:${PYTHONPATH} /usr/bin/python3 setup.py egg_info --egg-base ../../build/autonomous build --build-base /home/ben/GIT/UAV/build/autonomous/build install --record /home/ben/GIT/UAV/build/autonomous/install.log --install-scripts $base/lib/autonomous --single-version-externally-managed
[0.953s] running egg_info
[0.954s] writing ../../build/autonomous/autonomous.egg-info/PKG-INFO
[0.956s] writing dependency_links to ../../build/autonomous/autonomous.egg-info/dependency_links.txt
[0.957s] writing entry points to ../../build/autonomous/autonomous.egg-info/entry_points.txt
[0.958s] writing requirements to ../../build/autonomous/autonomous.egg-info/requires.txt
[0.959s] writing top-level names to ../../build/autonomous/autonomous.egg-info/top_level.txt
[0.992s] reading manifest file '../../build/autonomous/autonomous.egg-info/SOURCES.txt'
[0.994s] writing manifest file '../../build/autonomous/autonomous.egg-info/SOURCES.txt'
[0.995s] running build
[0.995s] running build_py
[0.996s] running install
[0.997s] running install_lib
[0.999s] running install_data
[1.000s] running install_egg_info
[1.003s] removing '/home/ben/GIT/UAV/install/autonomous/lib/python3.6/site-packages/autonomous-0.0.0-py3.6.egg-info' (and everything under it)
[1.017s] Copying ../../build/autonomous/autonomous.egg-info to /home/ben/GIT/UAV/install/autonomous/lib/python3.6/site-packages/autonomous-0.0.0-py3.6.egg-info
[1.028s] running install_scripts
[1.057s] Installing plane script to /home/ben/GIT/UAV/install/autonomous/lib/autonomous
[1.059s] writing list of installed files to '/home/ben/GIT/UAV/build/autonomous/install.log'
[1.083s] Invoked command in '/home/ben/GIT/UAV/src/autonomous' returned '0': PYTHONPATH=/home/ben/GIT/UAV/build/autonomous/prefix_override:/home/ben/GIT/UAV/install/autonomous/lib/python3.6/site-packages:${PYTHONPATH} /usr/bin/python3 setup.py egg_info --egg-base ../../build/autonomous build --build-base /home/ben/GIT/UAV/build/autonomous/build install --record /home/ben/GIT/UAV/build/autonomous/install.log --install-scripts $base/lib/autonomous --single-version-externally-managed
