[1.340s] Invoking command in '/home/garrett/Desktop/UAV/src/communications': PYTHONPATH=/home/garrett/Desktop/UAV/build/communications/prefix_override:/home/garrett/Desktop/UAV/install/communications/lib/python3.6/site-packages:${PYTHONPATH} /usr/bin/python3 setup.py egg_info --egg-base ../../build/communications build --build-base /home/garrett/Desktop/UAV/build/communications/build install --record /home/garrett/Desktop/UAV/build/communications/install.log --install-scripts $base/lib/communications --single-version-externally-managed
[1.877s] running egg_info
[1.879s] writing ../../build/communications/communications.egg-info/PKG-INFO
[1.881s] writing dependency_links to ../../build/communications/communications.egg-info/dependency_links.txt
[1.886s] writing entry points to ../../build/communications/communications.egg-info/entry_points.txt
[1.887s] writing requirements to ../../build/communications/communications.egg-info/requires.txt
[1.889s] writing top-level names to ../../build/communications/communications.egg-info/top_level.txt
[2.009s] reading manifest file '../../build/communications/communications.egg-info/SOURCES.txt'
[2.013s] writing manifest file '../../build/communications/communications.egg-info/SOURCES.txt'
[2.015s] running build
[2.016s] running build_py
[2.018s] running install
[2.021s] running install_lib
[2.024s] running install_data
[2.027s] running install_egg_info
[2.034s] removing '/home/garrett/Desktop/UAV/install/communications/lib/python3.6/site-packages/communications-0.0.0-py3.6.egg-info' (and everything under it)
[2.043s] Copying ../../build/communications/communications.egg-info to /home/garrett/Desktop/UAV/install/communications/lib/python3.6/site-packages/communications-0.0.0-py3.6.egg-info
[2.046s] running install_scripts
[2.078s] Installing comms script to /home/garrett/Desktop/UAV/install/communications/lib/communications
[2.081s] writing list of installed files to '/home/garrett/Desktop/UAV/build/communications/install.log'
[2.124s] Invoked command in '/home/garrett/Desktop/UAV/src/communications' returned '0': PYTHONPATH=/home/garrett/Desktop/UAV/build/communications/prefix_override:/home/garrett/Desktop/UAV/install/communications/lib/python3.6/site-packages:${PYTHONPATH} /usr/bin/python3 setup.py egg_info --egg-base ../../build/communications build --build-base /home/garrett/Desktop/UAV/build/communications/build install --record /home/garrett/Desktop/UAV/build/communications/install.log --install-scripts $base/lib/communications --single-version-externally-managed
