[0.708s] Invoking command in '/home/ben/GIT/UAV/src/autonomous': PYTHONPATH=/home/ben/GIT/UAV/build/autonomous/prefix_override:/home/ben/GIT/UAV/install/autonomous/lib/python3.6/site-packages:${PYTHONPATH} /usr/bin/python3 setup.py egg_info --egg-base ../../build/autonomous build --build-base /home/ben/GIT/UAV/build/autonomous/build install --record /home/ben/GIT/UAV/build/autonomous/install.log --install-scripts $base/lib/autonomous --single-version-externally-managed
[0.943s] running egg_info
[0.944s] writing ../../build/autonomous/autonomous.egg-info/PKG-INFO
[0.945s] writing dependency_links to ../../build/autonomous/autonomous.egg-info/dependency_links.txt
[0.946s] writing entry points to ../../build/autonomous/autonomous.egg-info/entry_points.txt
[0.947s] writing requirements to ../../build/autonomous/autonomous.egg-info/requires.txt
[0.948s] writing top-level names to ../../build/autonomous/autonomous.egg-info/top_level.txt
[0.979s] reading manifest file '../../build/autonomous/autonomous.egg-info/SOURCES.txt'
[0.980s] writing manifest file '../../build/autonomous/autonomous.egg-info/SOURCES.txt'
[0.981s] running build
[0.981s] running build_py
[0.982s] running install
[0.983s] running install_lib
[0.984s] running install_data
[0.985s] running install_egg_info
[0.987s] removing '/home/ben/GIT/UAV/install/autonomous/lib/python3.6/site-packages/autonomous-0.0.0-py3.6.egg-info' (and everything under it)
[1.003s] Copying ../../build/autonomous/autonomous.egg-info to /home/ben/GIT/UAV/install/autonomous/lib/python3.6/site-packages/autonomous-0.0.0-py3.6.egg-info
[1.006s] running install_scripts
[1.022s] Installing plane script to /home/ben/GIT/UAV/install/autonomous/lib/autonomous
[1.023s] writing list of installed files to '/home/ben/GIT/UAV/build/autonomous/install.log'
[1.043s] Invoked command in '/home/ben/GIT/UAV/src/autonomous' returned '0': PYTHONPATH=/home/ben/GIT/UAV/build/autonomous/prefix_override:/home/ben/GIT/UAV/install/autonomous/lib/python3.6/site-packages:${PYTHONPATH} /usr/bin/python3 setup.py egg_info --egg-base ../../build/autonomous build --build-base /home/ben/GIT/UAV/build/autonomous/build install --record /home/ben/GIT/UAV/build/autonomous/install.log --install-scripts $base/lib/autonomous --single-version-externally-managed
