[1.371s] Invoking command in '/home/garrett/Desktop/UAV/src/autonomous': PYTHONPATH=/home/garrett/Desktop/UAV/build/autonomous/prefix_override:/home/garrett/Desktop/UAV/install/autonomous/lib/python3.6/site-packages:${PYTHONPATH} /usr/bin/python3 setup.py egg_info --egg-base ../../build/autonomous build --build-base /home/garrett/Desktop/UAV/build/autonomous/build install --record /home/garrett/Desktop/UAV/build/autonomous/install.log --install-scripts $base/lib/autonomous --single-version-externally-managed
[1.984s] running egg_info
[1.986s] writing ../../build/autonomous/autonomous.egg-info/PKG-INFO
[1.989s] writing dependency_links to ../../build/autonomous/autonomous.egg-info/dependency_links.txt
[1.991s] writing entry points to ../../build/autonomous/autonomous.egg-info/entry_points.txt
[1.992s] writing requirements to ../../build/autonomous/autonomous.egg-info/requires.txt
[1.993s] writing top-level names to ../../build/autonomous/autonomous.egg-info/top_level.txt
[2.066s] reading manifest file '../../build/autonomous/autonomous.egg-info/SOURCES.txt'
[2.069s] writing manifest file '../../build/autonomous/autonomous.egg-info/SOURCES.txt'
[2.072s] running build
[2.073s] running build_py
[2.075s] running install
[2.076s] running install_lib
[2.079s] running install_data
[2.084s] running install_egg_info
[2.089s] removing '/home/garrett/Desktop/UAV/install/autonomous/lib/python3.6/site-packages/autonomous-0.0.0-py3.6.egg-info' (and everything under it)
[2.097s] Copying ../../build/autonomous/autonomous.egg-info to /home/garrett/Desktop/UAV/install/autonomous/lib/python3.6/site-packages/autonomous-0.0.0-py3.6.egg-info
[2.100s] running install_scripts
[2.138s] Installing plane script to /home/garrett/Desktop/UAV/install/autonomous/lib/autonomous
[2.141s] writing list of installed files to '/home/garrett/Desktop/UAV/build/autonomous/install.log'
[2.197s] Invoked command in '/home/garrett/Desktop/UAV/src/autonomous' returned '0': PYTHONPATH=/home/garrett/Desktop/UAV/build/autonomous/prefix_override:/home/garrett/Desktop/UAV/install/autonomous/lib/python3.6/site-packages:${PYTHONPATH} /usr/bin/python3 setup.py egg_info --egg-base ../../build/autonomous build --build-base /home/garrett/Desktop/UAV/build/autonomous/build install --record /home/garrett/Desktop/UAV/build/autonomous/install.log --install-scripts $base/lib/autonomous --single-version-externally-managed
