[0.515s] Invoking command in '/home/ben/GIT/UAV/src/HikerDetection': PYTHONPATH=/home/ben/GIT/UAV/build/HikerDetection/prefix_override:/home/ben/GIT/UAV/install/HikerDetection/lib/python3.6/site-packages:${PYTHONPATH} /usr/bin/python3 setup.py egg_info --egg-base ../../build/HikerDetection build --build-base /home/ben/GIT/UAV/build/HikerDetection/build install --record /home/ben/GIT/UAV/build/HikerDetection/install.log --install-scripts $base/lib/HikerDetection --single-version-externally-managed
[0.701s] running egg_info
[0.702s] writing ../../build/HikerDetection/HikerDetection.egg-info/PKG-INFO
[0.703s] writing dependency_links to ../../build/HikerDetection/HikerDetection.egg-info/dependency_links.txt
[0.703s] writing entry points to ../../build/HikerDetection/HikerDetection.egg-info/entry_points.txt
[0.703s] writing requirements to ../../build/HikerDetection/HikerDetection.egg-info/requires.txt
[0.704s] writing top-level names to ../../build/HikerDetection/HikerDetection.egg-info/top_level.txt
[0.737s] reading manifest file '../../build/HikerDetection/HikerDetection.egg-info/SOURCES.txt'
[0.738s] writing manifest file '../../build/HikerDetection/HikerDetection.egg-info/SOURCES.txt'
[0.738s] running build
[0.738s] running build_py
[0.739s] running install
[0.739s] running install_lib
[0.740s] running install_data
[0.741s] running install_egg_info
[0.743s] removing '/home/ben/GIT/UAV/install/HikerDetection/lib/python3.6/site-packages/HikerDetection-0.0.0-py3.6.egg-info' (and everything under it)
[0.743s] Copying ../../build/HikerDetection/HikerDetection.egg-info to /home/ben/GIT/UAV/install/HikerDetection/lib/python3.6/site-packages/HikerDetection-0.0.0-py3.6.egg-info
[0.744s] running install_scripts
[0.759s] writing list of installed files to '/home/ben/GIT/UAV/build/HikerDetection/install.log'
[0.783s] Invoked command in '/home/ben/GIT/UAV/src/HikerDetection' returned '0': PYTHONPATH=/home/ben/GIT/UAV/build/HikerDetection/prefix_override:/home/ben/GIT/UAV/install/HikerDetection/lib/python3.6/site-packages:${PYTHONPATH} /usr/bin/python3 setup.py egg_info --egg-base ../../build/HikerDetection build --build-base /home/ben/GIT/UAV/build/HikerDetection/build install --record /home/ben/GIT/UAV/build/HikerDetection/install.log --install-scripts $base/lib/HikerDetection --single-version-externally-managed
