[1.164s] Invoking command in '/home/garrett/Desktop/UAV/src/autonomous': PYTHONPATH=/home/garrett/Desktop/UAV/build/autonomous/prefix_override:/home/garrett/Desktop/UAV/install/autonomous/lib/python3.6/site-packages:${PYTHONPATH} /usr/bin/python3 setup.py egg_info --egg-base ../../build/autonomous build --build-base /home/garrett/Desktop/UAV/build/autonomous/build install --record /home/garrett/Desktop/UAV/build/autonomous/install.log --install-scripts $base/lib/autonomous --single-version-externally-managed
[1.544s] running egg_info
[1.546s] writing ../../build/autonomous/autonomous.egg-info/PKG-INFO
[1.548s] writing dependency_links to ../../build/autonomous/autonomous.egg-info/dependency_links.txt
[1.550s] writing entry points to ../../build/autonomous/autonomous.egg-info/entry_points.txt
[1.552s] writing requirements to ../../build/autonomous/autonomous.egg-info/requires.txt
[1.552s] writing top-level names to ../../build/autonomous/autonomous.egg-info/top_level.txt
[1.616s] reading manifest file '../../build/autonomous/autonomous.egg-info/SOURCES.txt'
[1.619s] writing manifest file '../../build/autonomous/autonomous.egg-info/SOURCES.txt'
[1.621s] running build
[1.622s] running build_py
[1.623s] copying autonomous/Plane.py -> /home/garrett/Desktop/UAV/build/autonomous/build/lib/autonomous
[1.625s] running install
[1.627s] running install_lib
[1.630s] copying /home/garrett/Desktop/UAV/build/autonomous/build/lib/autonomous/Plane.py -> /home/garrett/Desktop/UAV/install/autonomous/lib/python3.6/site-packages/autonomous
[1.633s] byte-compiling /home/garrett/Desktop/UAV/install/autonomous/lib/python3.6/site-packages/autonomous/Plane.py to Plane.cpython-36.pyc
[1.640s] running install_data
[1.642s] running install_egg_info
[1.646s] removing '/home/garrett/Desktop/UAV/install/autonomous/lib/python3.6/site-packages/autonomous-0.0.0-py3.6.egg-info' (and everything under it)
[1.655s] Copying ../../build/autonomous/autonomous.egg-info to /home/garrett/Desktop/UAV/install/autonomous/lib/python3.6/site-packages/autonomous-0.0.0-py3.6.egg-info
[1.658s] running install_scripts
[1.687s] Installing talker script to /home/garrett/Desktop/UAV/install/autonomous/lib/autonomous
[1.689s] writing list of installed files to '/home/garrett/Desktop/UAV/build/autonomous/install.log'
[1.719s] Invoked command in '/home/garrett/Desktop/UAV/src/autonomous' returned '0': PYTHONPATH=/home/garrett/Desktop/UAV/build/autonomous/prefix_override:/home/garrett/Desktop/UAV/install/autonomous/lib/python3.6/site-packages:${PYTHONPATH} /usr/bin/python3 setup.py egg_info --egg-base ../../build/autonomous build --build-base /home/garrett/Desktop/UAV/build/autonomous/build install --record /home/garrett/Desktop/UAV/build/autonomous/install.log --install-scripts $base/lib/autonomous --single-version-externally-managed
