[1.320s] Invoking command in '/home/garrett/Desktop/UAV/src/autonomous': PYTHONPATH=/home/garrett/Desktop/UAV/build/autonomous/prefix_override:/home/garrett/Desktop/UAV/install/autonomous/lib/python3.6/site-packages:${PYTHONPATH} /usr/bin/python3 setup.py egg_info --egg-base ../../build/autonomous build --build-base /home/garrett/Desktop/UAV/build/autonomous/build install --record /home/garrett/Desktop/UAV/build/autonomous/install.log --install-scripts $base/lib/autonomous --single-version-externally-managed
[1.789s] running egg_info
[1.791s] writing ../../build/autonomous/autonomous.egg-info/PKG-INFO
[1.793s] writing dependency_links to ../../build/autonomous/autonomous.egg-info/dependency_links.txt
[1.794s] writing entry points to ../../build/autonomous/autonomous.egg-info/entry_points.txt
[1.796s] writing requirements to ../../build/autonomous/autonomous.egg-info/requires.txt
[1.797s] writing top-level names to ../../build/autonomous/autonomous.egg-info/top_level.txt
[1.898s] reading manifest file '../../build/autonomous/autonomous.egg-info/SOURCES.txt'
[1.907s] writing manifest file '../../build/autonomous/autonomous.egg-info/SOURCES.txt'
[1.909s] running build
[1.910s] running build_py
[1.913s] running install
[1.915s] running install_lib
[1.920s] running install_data
[1.924s] running install_egg_info
[1.931s] removing '/home/garrett/Desktop/UAV/install/autonomous/lib/python3.6/site-packages/autonomous-0.0.0-py3.6.egg-info' (and everything under it)
[1.940s] Copying ../../build/autonomous/autonomous.egg-info to /home/garrett/Desktop/UAV/install/autonomous/lib/python3.6/site-packages/autonomous-0.0.0-py3.6.egg-info
[1.947s] running install_scripts
[1.987s] Installing plane script to /home/garrett/Desktop/UAV/install/autonomous/lib/autonomous
[1.989s] writing list of installed files to '/home/garrett/Desktop/UAV/build/autonomous/install.log'
[2.018s] Invoked command in '/home/garrett/Desktop/UAV/src/autonomous' returned '0': PYTHONPATH=/home/garrett/Desktop/UAV/build/autonomous/prefix_override:/home/garrett/Desktop/UAV/install/autonomous/lib/python3.6/site-packages:${PYTHONPATH} /usr/bin/python3 setup.py egg_info --egg-base ../../build/autonomous build --build-base /home/garrett/Desktop/UAV/build/autonomous/build install --record /home/garrett/Desktop/UAV/build/autonomous/install.log --install-scripts $base/lib/autonomous --single-version-externally-managed
