[0.318s] DEBUG:colcon:Command line arguments: ['/usr/bin/colcon', 'build']
[0.318s] DEBUG:colcon:Parsed command line arguments: Namespace(allow_overriding=[], ament_cmake_args=None, base_paths=['.'], build_base='build', catkin_cmake_args=None, catkin_skip_building_tests=False, cmake_args=None, cmake_clean_cache=False, cmake_clean_first=False, cmake_force_configure=False, cmake_target=None, cmake_target_skip_unavailable=False, continue_on_error=False, event_handlers=None, executor='parallel', ignore_user_meta=False, install_base='install', log_base=None, log_level=None, main=<bound method BuildVerb.main of <colcon_core.verb.build.BuildVerb object at 0x7fc2225de240>>, merge_install=False, metas=['./colcon.meta'], packages_above=None, packages_above_and_dependencies=None, packages_above_depth=None, packages_end=None, packages_ignore=None, packages_ignore_regex=None, packages_select=None, packages_select_build_failed=False, packages_select_by_dep=None, packages_select_regex=None, packages_select_test_failures=False, packages_skip=None, packages_skip_build_finished=False, packages_skip_by_dep=None, packages_skip_regex=None, packages_skip_test_passed=False, packages_skip_up_to=None, packages_start=None, packages_up_to=None, packages_up_to_regex=None, parallel_workers=1, paths=None, symlink_install=False, test_result_base=None, verb_extension=<colcon_core.verb.build.BuildVerb object at 0x7fc2225de240>, verb_name='build', verb_parser=<colcon_defaults.argument_parser.defaults.DefaultArgumentsDecorator object at 0x7fc2225de588>)
[0.350s] Level 1:colcon.colcon_core.package_discovery:discover_packages(colcon_meta) check parameters
[0.350s] Level 1:colcon.colcon_core.package_discovery:discover_packages(recursive) check parameters
[0.350s] Level 1:colcon.colcon_core.package_discovery:discover_packages(ignore) check parameters
[0.350s] Level 1:colcon.colcon_core.package_discovery:discover_packages(path) check parameters
[0.350s] Level 1:colcon.colcon_core.package_discovery:discover_packages(colcon_meta) discover
[0.350s] Level 1:colcon.colcon_core.package_discovery:discover_packages(recursive) discover
[0.351s] INFO:colcon.colcon_core.package_discovery:Crawling recursively for packages in '/home/ben/GIT/UAV'
[0.351s] Level 1:colcon.colcon_core.package_identification:_identify(.) by extensions ['ignore', 'ignore_ament_install']
[0.351s] Level 1:colcon.colcon_core.package_identification:_identify(.) by extension 'ignore'
[0.351s] Level 1:colcon.colcon_core.package_identification:_identify(.) by extension 'ignore_ament_install'
[0.351s] Level 1:colcon.colcon_core.package_identification:_identify(.) by extensions ['colcon_pkg']
[0.351s] Level 1:colcon.colcon_core.package_identification:_identify(.) by extension 'colcon_pkg'
[0.351s] Level 1:colcon.colcon_core.package_identification:_identify(.) by extensions ['colcon_meta']
[0.351s] Level 1:colcon.colcon_core.package_identification:_identify(.) by extension 'colcon_meta'
[0.351s] Level 1:colcon.colcon_core.package_identification:_identify(.) by extensions ['ros']
[0.351s] Level 1:colcon.colcon_core.package_identification:_identify(.) by extension 'ros'
[0.361s] Level 1:colcon.colcon_core.package_identification:_identify(.) by extensions ['cmake', 'python']
[0.361s] Level 1:colcon.colcon_core.package_identification:_identify(.) by extension 'cmake'
[0.361s] Level 1:colcon.colcon_core.package_identification:_identify(.) by extension 'python'
[0.361s] Level 1:colcon.colcon_core.package_identification:_identify(.) by extensions ['python_setup_py']
[0.361s] Level 1:colcon.colcon_core.package_identification:_identify(.) by extension 'python_setup_py'
[0.361s] Level 1:colcon.colcon_core.package_identification:_identify(Autonomous) by extensions ['ignore', 'ignore_ament_install']
[0.361s] Level 1:colcon.colcon_core.package_identification:_identify(Autonomous) by extension 'ignore'
[0.361s] Level 1:colcon.colcon_core.package_identification:_identify(Autonomous) by extension 'ignore_ament_install'
[0.361s] Level 1:colcon.colcon_core.package_identification:_identify(Autonomous) by extensions ['colcon_pkg']
[0.362s] Level 1:colcon.colcon_core.package_identification:_identify(Autonomous) by extension 'colcon_pkg'
[0.362s] Level 1:colcon.colcon_core.package_identification:_identify(Autonomous) by extensions ['colcon_meta']
[0.362s] Level 1:colcon.colcon_core.package_identification:_identify(Autonomous) by extension 'colcon_meta'
[0.362s] Level 1:colcon.colcon_core.package_identification:_identify(Autonomous) by extensions ['ros']
[0.362s] Level 1:colcon.colcon_core.package_identification:_identify(Autonomous) by extension 'ros'
[0.362s] Level 1:colcon.colcon_core.package_identification:_identify(Autonomous) by extensions ['cmake', 'python']
[0.362s] Level 1:colcon.colcon_core.package_identification:_identify(Autonomous) by extension 'cmake'
[0.362s] Level 1:colcon.colcon_core.package_identification:_identify(Autonomous) by extension 'python'
[0.362s] Level 1:colcon.colcon_core.package_identification:_identify(Autonomous) by extensions ['python_setup_py']
[0.362s] Level 1:colcon.colcon_core.package_identification:_identify(Autonomous) by extension 'python_setup_py'
[0.362s] Level 1:colcon.colcon_core.package_identification:_identify(Autonomous/__pycache__) by extensions ['ignore', 'ignore_ament_install']
[0.362s] Level 1:colcon.colcon_core.package_identification:_identify(Autonomous/__pycache__) by extension 'ignore'
[0.362s] Level 1:colcon.colcon_core.package_identification:_identify(Autonomous/__pycache__) by extension 'ignore_ament_install'
[0.362s] Level 1:colcon.colcon_core.package_identification:_identify(Autonomous/__pycache__) by extensions ['colcon_pkg']
[0.362s] Level 1:colcon.colcon_core.package_identification:_identify(Autonomous/__pycache__) by extension 'colcon_pkg'
[0.362s] Level 1:colcon.colcon_core.package_identification:_identify(Autonomous/__pycache__) by extensions ['colcon_meta']
[0.362s] Level 1:colcon.colcon_core.package_identification:_identify(Autonomous/__pycache__) by extension 'colcon_meta'
[0.362s] Level 1:colcon.colcon_core.package_identification:_identify(Autonomous/__pycache__) by extensions ['ros']
[0.362s] Level 1:colcon.colcon_core.package_identification:_identify(Autonomous/__pycache__) by extension 'ros'
[0.362s] Level 1:colcon.colcon_core.package_identification:_identify(Autonomous/__pycache__) by extensions ['cmake', 'python']
[0.362s] Level 1:colcon.colcon_core.package_identification:_identify(Autonomous/__pycache__) by extension 'cmake'
[0.362s] Level 1:colcon.colcon_core.package_identification:_identify(Autonomous/__pycache__) by extension 'python'
[0.362s] Level 1:colcon.colcon_core.package_identification:_identify(Autonomous/__pycache__) by extensions ['python_setup_py']
[0.362s] Level 1:colcon.colcon_core.package_identification:_identify(Autonomous/__pycache__) by extension 'python_setup_py'
[0.363s] Level 1:colcon.colcon_core.package_identification:_identify(Communications) by extensions ['ignore', 'ignore_ament_install']
[0.363s] Level 1:colcon.colcon_core.package_identification:_identify(Communications) by extension 'ignore'
[0.363s] Level 1:colcon.colcon_core.package_identification:_identify(Communications) by extension 'ignore_ament_install'
[0.363s] Level 1:colcon.colcon_core.package_identification:_identify(Communications) by extensions ['colcon_pkg']
[0.363s] Level 1:colcon.colcon_core.package_identification:_identify(Communications) by extension 'colcon_pkg'
[0.363s] Level 1:colcon.colcon_core.package_identification:_identify(Communications) by extensions ['colcon_meta']
[0.363s] Level 1:colcon.colcon_core.package_identification:_identify(Communications) by extension 'colcon_meta'
[0.363s] Level 1:colcon.colcon_core.package_identification:_identify(Communications) by extensions ['ros']
[0.363s] Level 1:colcon.colcon_core.package_identification:_identify(Communications) by extension 'ros'
[0.363s] Level 1:colcon.colcon_core.package_identification:_identify(Communications) by extensions ['cmake', 'python']
[0.363s] Level 1:colcon.colcon_core.package_identification:_identify(Communications) by extension 'cmake'
[0.363s] Level 1:colcon.colcon_core.package_identification:_identify(Communications) by extension 'python'
[0.363s] Level 1:colcon.colcon_core.package_identification:_identify(Communications) by extensions ['python_setup_py']
[0.363s] Level 1:colcon.colcon_core.package_identification:_identify(Communications) by extension 'python_setup_py'
[0.363s] Level 1:colcon.colcon_core.package_identification:_identify(Communications/__pycache__) by extensions ['ignore', 'ignore_ament_install']
[0.363s] Level 1:colcon.colcon_core.package_identification:_identify(Communications/__pycache__) by extension 'ignore'
[0.363s] Level 1:colcon.colcon_core.package_identification:_identify(Communications/__pycache__) by extension 'ignore_ament_install'
[0.363s] Level 1:colcon.colcon_core.package_identification:_identify(Communications/__pycache__) by extensions ['colcon_pkg']
[0.363s] Level 1:colcon.colcon_core.package_identification:_identify(Communications/__pycache__) by extension 'colcon_pkg'
[0.363s] Level 1:colcon.colcon_core.package_identification:_identify(Communications/__pycache__) by extensions ['colcon_meta']
[0.364s] Level 1:colcon.colcon_core.package_identification:_identify(Communications/__pycache__) by extension 'colcon_meta'
[0.364s] Level 1:colcon.colcon_core.package_identification:_identify(Communications/__pycache__) by extensions ['ros']
[0.364s] Level 1:colcon.colcon_core.package_identification:_identify(Communications/__pycache__) by extension 'ros'
[0.364s] Level 1:colcon.colcon_core.package_identification:_identify(Communications/__pycache__) by extensions ['cmake', 'python']
[0.364s] Level 1:colcon.colcon_core.package_identification:_identify(Communications/__pycache__) by extension 'cmake'
[0.364s] Level 1:colcon.colcon_core.package_identification:_identify(Communications/__pycache__) by extension 'python'
[0.364s] Level 1:colcon.colcon_core.package_identification:_identify(Communications/__pycache__) by extensions ['python_setup_py']
[0.364s] Level 1:colcon.colcon_core.package_identification:_identify(Communications/__pycache__) by extension 'python_setup_py'
[0.364s] Level 1:colcon.colcon_core.package_identification:_identify(Ext) by extensions ['ignore', 'ignore_ament_install']
[0.364s] Level 1:colcon.colcon_core.package_identification:_identify(Ext) by extension 'ignore'
[0.364s] Level 1:colcon.colcon_core.package_identification:_identify(Ext) by extension 'ignore_ament_install'
[0.364s] Level 1:colcon.colcon_core.package_identification:_identify(Ext) by extensions ['colcon_pkg']
[0.364s] Level 1:colcon.colcon_core.package_identification:_identify(Ext) by extension 'colcon_pkg'
[0.364s] Level 1:colcon.colcon_core.package_identification:_identify(Ext) by extensions ['colcon_meta']
[0.364s] Level 1:colcon.colcon_core.package_identification:_identify(Ext) by extension 'colcon_meta'
[0.364s] Level 1:colcon.colcon_core.package_identification:_identify(Ext) by extensions ['ros']
[0.364s] Level 1:colcon.colcon_core.package_identification:_identify(Ext) by extension 'ros'
[0.364s] Level 1:colcon.colcon_core.package_identification:_identify(Ext) by extensions ['cmake', 'python']
[0.364s] Level 1:colcon.colcon_core.package_identification:_identify(Ext) by extension 'cmake'
[0.364s] Level 1:colcon.colcon_core.package_identification:_identify(Ext) by extension 'python'
[0.364s] Level 1:colcon.colcon_core.package_identification:_identify(Ext) by extensions ['python_setup_py']
[0.364s] Level 1:colcon.colcon_core.package_identification:_identify(Ext) by extension 'python_setup_py'
[0.364s] Level 1:colcon.colcon_core.package_identification:_identify(HikerDetection) by extensions ['ignore', 'ignore_ament_install']
[0.364s] Level 1:colcon.colcon_core.package_identification:_identify(HikerDetection) by extension 'ignore'
[0.365s] Level 1:colcon.colcon_core.package_identification:_identify(HikerDetection) by extension 'ignore_ament_install'
[0.365s] Level 1:colcon.colcon_core.package_identification:_identify(HikerDetection) by extensions ['colcon_pkg']
[0.365s] Level 1:colcon.colcon_core.package_identification:_identify(HikerDetection) by extension 'colcon_pkg'
[0.365s] Level 1:colcon.colcon_core.package_identification:_identify(HikerDetection) by extensions ['colcon_meta']
[0.365s] Level 1:colcon.colcon_core.package_identification:_identify(HikerDetection) by extension 'colcon_meta'
[0.365s] Level 1:colcon.colcon_core.package_identification:_identify(HikerDetection) by extensions ['ros']
[0.365s] Level 1:colcon.colcon_core.package_identification:_identify(HikerDetection) by extension 'ros'
[0.365s] Level 1:colcon.colcon_core.package_identification:_identify(HikerDetection) by extensions ['cmake', 'python']
[0.365s] Level 1:colcon.colcon_core.package_identification:_identify(HikerDetection) by extension 'cmake'
[0.365s] Level 1:colcon.colcon_core.package_identification:_identify(HikerDetection) by extension 'python'
[0.365s] Level 1:colcon.colcon_core.package_identification:_identify(HikerDetection) by extensions ['python_setup_py']
[0.365s] Level 1:colcon.colcon_core.package_identification:_identify(HikerDetection) by extension 'python_setup_py'
[0.365s] Level 1:colcon.colcon_core.package_identification:_identify(build) by extensions ['ignore', 'ignore_ament_install']
[0.365s] Level 1:colcon.colcon_core.package_identification:_identify(build) by extension 'ignore'
[0.365s] Level 1:colcon.colcon_core.package_identification:_identify(build) ignored
[0.366s] Level 1:colcon.colcon_core.package_identification:_identify(install) by extensions ['ignore', 'ignore_ament_install']
[0.366s] Level 1:colcon.colcon_core.package_identification:_identify(install) by extension 'ignore'
[0.366s] Level 1:colcon.colcon_core.package_identification:_identify(install) ignored
[0.366s] Level 1:colcon.colcon_core.package_identification:_identify(log) by extensions ['ignore', 'ignore_ament_install']
[0.366s] Level 1:colcon.colcon_core.package_identification:_identify(log) by extension 'ignore'
[0.366s] Level 1:colcon.colcon_core.package_identification:_identify(log) ignored
[0.366s] Level 1:colcon.colcon_core.package_identification:_identify(src) by extensions ['ignore', 'ignore_ament_install']
[0.366s] Level 1:colcon.colcon_core.package_identification:_identify(src) by extension 'ignore'
[0.366s] Level 1:colcon.colcon_core.package_identification:_identify(src) by extension 'ignore_ament_install'
[0.366s] Level 1:colcon.colcon_core.package_identification:_identify(src) by extensions ['colcon_pkg']
[0.366s] Level 1:colcon.colcon_core.package_identification:_identify(src) by extension 'colcon_pkg'
[0.366s] Level 1:colcon.colcon_core.package_identification:_identify(src) by extensions ['colcon_meta']
[0.366s] Level 1:colcon.colcon_core.package_identification:_identify(src) by extension 'colcon_meta'
[0.366s] Level 1:colcon.colcon_core.package_identification:_identify(src) by extensions ['ros']
[0.366s] Level 1:colcon.colcon_core.package_identification:_identify(src) by extension 'ros'
[0.366s] Level 1:colcon.colcon_core.package_identification:_identify(src) by extensions ['cmake', 'python']
[0.366s] Level 1:colcon.colcon_core.package_identification:_identify(src) by extension 'cmake'
[0.367s] Level 1:colcon.colcon_core.package_identification:_identify(src) by extension 'python'
[0.367s] Level 1:colcon.colcon_core.package_identification:_identify(src) by extensions ['python_setup_py']
[0.367s] Level 1:colcon.colcon_core.package_identification:_identify(src) by extension 'python_setup_py'
[0.367s] Level 1:colcon.colcon_core.package_identification:_identify(src/HikerDetection) by extensions ['ignore', 'ignore_ament_install']
[0.367s] Level 1:colcon.colcon_core.package_identification:_identify(src/HikerDetection) by extension 'ignore'
[0.367s] Level 1:colcon.colcon_core.package_identification:_identify(src/HikerDetection) by extension 'ignore_ament_install'
[0.367s] Level 1:colcon.colcon_core.package_identification:_identify(src/HikerDetection) by extensions ['colcon_pkg']
[0.367s] Level 1:colcon.colcon_core.package_identification:_identify(src/HikerDetection) by extension 'colcon_pkg'
[0.367s] Level 1:colcon.colcon_core.package_identification:_identify(src/HikerDetection) by extensions ['colcon_meta']
[0.367s] Level 1:colcon.colcon_core.package_identification:_identify(src/HikerDetection) by extension 'colcon_meta'
[0.367s] Level 1:colcon.colcon_core.package_identification:_identify(src/HikerDetection) by extensions ['ros']
[0.367s] Level 1:colcon.colcon_core.package_identification:_identify(src/HikerDetection) by extension 'ros'
[0.369s] DEBUG:colcon.colcon_core.package_identification:Package 'src/HikerDetection' with type 'ros.ament_python' and name 'HikerDetection'
[0.370s] Level 1:colcon.colcon_core.package_identification:_identify(src/autonomous) by extensions ['ignore', 'ignore_ament_install']
[0.370s] Level 1:colcon.colcon_core.package_identification:_identify(src/autonomous) by extension 'ignore'
[0.370s] Level 1:colcon.colcon_core.package_identification:_identify(src/autonomous) by extension 'ignore_ament_install'
[0.370s] Level 1:colcon.colcon_core.package_identification:_identify(src/autonomous) by extensions ['colcon_pkg']
[0.370s] Level 1:colcon.colcon_core.package_identification:_identify(src/autonomous) by extension 'colcon_pkg'
[0.370s] Level 1:colcon.colcon_core.package_identification:_identify(src/autonomous) by extensions ['colcon_meta']
[0.370s] Level 1:colcon.colcon_core.package_identification:_identify(src/autonomous) by extension 'colcon_meta'
[0.370s] Level 1:colcon.colcon_core.package_identification:_identify(src/autonomous) by extensions ['ros']
[0.370s] Level 1:colcon.colcon_core.package_identification:_identify(src/autonomous) by extension 'ros'
[0.370s] DEBUG:colcon.colcon_core.package_identification:Package 'src/autonomous' with type 'ros.ament_python' and name 'autonomous'
[0.371s] Level 1:colcon.colcon_core.package_identification:_identify(src/build) by extensions ['ignore', 'ignore_ament_install']
[0.371s] Level 1:colcon.colcon_core.package_identification:_identify(src/build) by extension 'ignore'
[0.371s] Level 1:colcon.colcon_core.package_identification:_identify(src/build) ignored
[0.371s] Level 1:colcon.colcon_core.package_identification:_identify(src/communications) by extensions ['ignore', 'ignore_ament_install']
[0.371s] Level 1:colcon.colcon_core.package_identification:_identify(src/communications) by extension 'ignore'
[0.371s] Level 1:colcon.colcon_core.package_identification:_identify(src/communications) by extension 'ignore_ament_install'
[0.371s] Level 1:colcon.colcon_core.package_identification:_identify(src/communications) by extensions ['colcon_pkg']
[0.371s] Level 1:colcon.colcon_core.package_identification:_identify(src/communications) by extension 'colcon_pkg'
[0.371s] Level 1:colcon.colcon_core.package_identification:_identify(src/communications) by extensions ['colcon_meta']
[0.371s] Level 1:colcon.colcon_core.package_identification:_identify(src/communications) by extension 'colcon_meta'
[0.371s] Level 1:colcon.colcon_core.package_identification:_identify(src/communications) by extensions ['ros']
[0.371s] Level 1:colcon.colcon_core.package_identification:_identify(src/communications) by extension 'ros'
[0.372s] DEBUG:colcon.colcon_core.package_identification:Package 'src/communications' with type 'ros.ament_python' and name 'communications'
[0.372s] Level 1:colcon.colcon_core.package_identification:_identify(src/install) by extensions ['ignore', 'ignore_ament_install']
[0.372s] Level 1:colcon.colcon_core.package_identification:_identify(src/install) by extension 'ignore'
[0.372s] Level 1:colcon.colcon_core.package_identification:_identify(src/install) ignored
[0.372s] Level 1:colcon.colcon_core.package_identification:_identify(src/log) by extensions ['ignore', 'ignore_ament_install']
[0.372s] Level 1:colcon.colcon_core.package_identification:_identify(src/log) by extension 'ignore'
[0.372s] Level 1:colcon.colcon_core.package_identification:_identify(src/log) ignored
[0.372s] Level 1:colcon.colcon_core.package_discovery:discover_packages(recursive) using defaults
[0.372s] Level 1:colcon.colcon_core.package_discovery:discover_packages(ignore) discover
[0.372s] Level 1:colcon.colcon_core.package_discovery:discover_packages(ignore) using defaults
[0.372s] Level 1:colcon.colcon_core.package_discovery:discover_packages(path) discover
[0.372s] Level 1:colcon.colcon_core.package_discovery:discover_packages(path) using defaults
[0.396s] Level 1:colcon.colcon_core.package_discovery:discover_packages(prefix_path) check parameters
[0.396s] Level 1:colcon.colcon_core.package_discovery:discover_packages(prefix_path) discover
[0.399s] DEBUG:colcon.colcon_installed_package_information.package_discovery:Found 232 installed packages in /opt/ros/eloquent
[0.402s] Level 1:colcon.colcon_core.package_discovery:discover_packages(prefix_path) using defaults
[0.467s] Level 5:colcon.colcon_core.verb:set package 'HikerDetection' build argument 'cmake_args' from command line to 'None'
[0.467s] Level 5:colcon.colcon_core.verb:set package 'HikerDetection' build argument 'cmake_target' from command line to 'None'
[0.467s] Level 5:colcon.colcon_core.verb:set package 'HikerDetection' build argument 'cmake_target_skip_unavailable' from command line to 'False'
[0.467s] Level 5:colcon.colcon_core.verb:set package 'HikerDetection' build argument 'cmake_clean_cache' from command line to 'False'
[0.467s] Level 5:colcon.colcon_core.verb:set package 'HikerDetection' build argument 'cmake_clean_first' from command line to 'False'
[0.467s] Level 5:colcon.colcon_core.verb:set package 'HikerDetection' build argument 'cmake_force_configure' from command line to 'False'
[0.467s] Level 5:colcon.colcon_core.verb:set package 'HikerDetection' build argument 'ament_cmake_args' from command line to 'None'
[0.467s] Level 5:colcon.colcon_core.verb:set package 'HikerDetection' build argument 'catkin_cmake_args' from command line to 'None'
[0.467s] Level 5:colcon.colcon_core.verb:set package 'HikerDetection' build argument 'catkin_skip_building_tests' from command line to 'False'
[0.467s] DEBUG:colcon.colcon_core.verb:Building package 'HikerDetection' with the following arguments: {'ament_cmake_args': None, 'build_base': '/home/ben/GIT/UAV/build/HikerDetection', 'catkin_cmake_args': None, 'catkin_skip_building_tests': False, 'cmake_args': None, 'cmake_clean_cache': False, 'cmake_clean_first': False, 'cmake_force_configure': False, 'cmake_target': None, 'cmake_target_skip_unavailable': False, 'install_base': '/home/ben/GIT/UAV/install/HikerDetection', 'merge_install': False, 'path': '/home/ben/GIT/UAV/src/HikerDetection', 'symlink_install': False, 'test_result_base': None}
[0.468s] Level 5:colcon.colcon_core.verb:set package 'autonomous' build argument 'cmake_args' from command line to 'None'
[0.468s] Level 5:colcon.colcon_core.verb:set package 'autonomous' build argument 'cmake_target' from command line to 'None'
[0.468s] Level 5:colcon.colcon_core.verb:set package 'autonomous' build argument 'cmake_target_skip_unavailable' from command line to 'False'
[0.468s] Level 5:colcon.colcon_core.verb:set package 'autonomous' build argument 'cmake_clean_cache' from command line to 'False'
[0.468s] Level 5:colcon.colcon_core.verb:set package 'autonomous' build argument 'cmake_clean_first' from command line to 'False'
[0.468s] Level 5:colcon.colcon_core.verb:set package 'autonomous' build argument 'cmake_force_configure' from command line to 'False'
[0.468s] Level 5:colcon.colcon_core.verb:set package 'autonomous' build argument 'ament_cmake_args' from command line to 'None'
[0.468s] Level 5:colcon.colcon_core.verb:set package 'autonomous' build argument 'catkin_cmake_args' from command line to 'None'
[0.468s] Level 5:colcon.colcon_core.verb:set package 'autonomous' build argument 'catkin_skip_building_tests' from command line to 'False'
[0.468s] DEBUG:colcon.colcon_core.verb:Building package 'autonomous' with the following arguments: {'ament_cmake_args': None, 'build_base': '/home/ben/GIT/UAV/build/autonomous', 'catkin_cmake_args': None, 'catkin_skip_building_tests': False, 'cmake_args': None, 'cmake_clean_cache': False, 'cmake_clean_first': False, 'cmake_force_configure': False, 'cmake_target': None, 'cmake_target_skip_unavailable': False, 'install_base': '/home/ben/GIT/UAV/install/autonomous', 'merge_install': False, 'path': '/home/ben/GIT/UAV/src/autonomous', 'symlink_install': False, 'test_result_base': None}
[0.469s] Level 5:colcon.colcon_core.verb:set package 'communications' build argument 'cmake_args' from command line to 'None'
[0.470s] Level 5:colcon.colcon_core.verb:set package 'communications' build argument 'cmake_target' from command line to 'None'
[0.470s] Level 5:colcon.colcon_core.verb:set package 'communications' build argument 'cmake_target_skip_unavailable' from command line to 'False'
[0.470s] Level 5:colcon.colcon_core.verb:set package 'communications' build argument 'cmake_clean_cache' from command line to 'False'
[0.470s] Level 5:colcon.colcon_core.verb:set package 'communications' build argument 'cmake_clean_first' from command line to 'False'
[0.470s] Level 5:colcon.colcon_core.verb:set package 'communications' build argument 'cmake_force_configure' from command line to 'False'
[0.470s] Level 5:colcon.colcon_core.verb:set package 'communications' build argument 'ament_cmake_args' from command line to 'None'
[0.470s] Level 5:colcon.colcon_core.verb:set package 'communications' build argument 'catkin_cmake_args' from command line to 'None'
[0.470s] Level 5:colcon.colcon_core.verb:set package 'communications' build argument 'catkin_skip_building_tests' from command line to 'False'
[0.470s] DEBUG:colcon.colcon_core.verb:Building package 'communications' with the following arguments: {'ament_cmake_args': None, 'build_base': '/home/ben/GIT/UAV/build/communications', 'catkin_cmake_args': None, 'catkin_skip_building_tests': False, 'cmake_args': None, 'cmake_clean_cache': False, 'cmake_clean_first': False, 'cmake_force_configure': False, 'cmake_target': None, 'cmake_target_skip_unavailable': False, 'install_base': '/home/ben/GIT/UAV/install/communications', 'merge_install': False, 'path': '/home/ben/GIT/UAV/src/communications', 'symlink_install': False, 'test_result_base': None}
[0.470s] INFO:colcon.colcon_core.executor:Executing jobs using 'parallel' executor
[0.473s] DEBUG:colcon.colcon_parallel_executor.executor.parallel:run_until_complete
[0.474s] INFO:colcon.colcon_ros.task.ament_python.build:Building ROS package in '/home/ben/GIT/UAV/src/HikerDetection' with build type 'ament_python'
[0.474s] Level 1:colcon.colcon_core.shell:create_environment_hook('HikerDetection', 'ament_prefix_path')
[0.477s] INFO:colcon.colcon_core.plugin_system:Skipping extension 'colcon_core.shell.bat': Not used on non-Windows systems
[0.478s] INFO:colcon.colcon_core.shell:Creating environment hook '/home/ben/GIT/UAV/install/HikerDetection/share/HikerDetection/hook/ament_prefix_path.ps1'
[0.479s] INFO:colcon.colcon_core.shell:Creating environment descriptor '/home/ben/GIT/UAV/install/HikerDetection/share/HikerDetection/hook/ament_prefix_path.dsv'
[0.479s] INFO:colcon.colcon_core.shell:Creating environment hook '/home/ben/GIT/UAV/install/HikerDetection/share/HikerDetection/hook/ament_prefix_path.sh'
[0.481s] INFO:colcon.colcon_core.shell:Skip shell extension 'powershell' for command environment: Not usable outside of PowerShell
[0.481s] DEBUG:colcon.colcon_core.shell:Skip shell extension 'dsv' for command environment
[0.707s] INFO:colcon.colcon_core.task.python.build:Building Python package in '/home/ben/GIT/UAV/src/HikerDetection'
[0.709s] INFO:colcon.colcon_core.shell:Skip shell extension 'powershell' for command environment: Not usable outside of PowerShell
[0.709s] DEBUG:colcon.colcon_core.shell:Skip shell extension 'dsv' for command environment
[1.051s] DEBUG:colcon.colcon_core.event_handler.log_command:Invoking command in '/home/ben/GIT/UAV/src/HikerDetection': PYTHONPATH=/home/ben/GIT/UAV/build/HikerDetection/prefix_override:/home/ben/GIT/UAV/install/HikerDetection/lib/python3.6/site-packages:${PYTHONPATH} /usr/bin/python3 setup.py egg_info --egg-base ../../build/HikerDetection build --build-base /home/ben/GIT/UAV/build/HikerDetection/build install --record /home/ben/GIT/UAV/build/HikerDetection/install.log --install-scripts $base/lib/HikerDetection --single-version-externally-managed
[1.386s] DEBUG:colcon.colcon_core.event_handler.log_command:Invoked command in '/home/ben/GIT/UAV/src/HikerDetection' returned '0': PYTHONPATH=/home/ben/GIT/UAV/build/HikerDetection/prefix_override:/home/ben/GIT/UAV/install/HikerDetection/lib/python3.6/site-packages:${PYTHONPATH} /usr/bin/python3 setup.py egg_info --egg-base ../../build/HikerDetection build --build-base /home/ben/GIT/UAV/build/HikerDetection/build install --record /home/ben/GIT/UAV/build/HikerDetection/install.log --install-scripts $base/lib/HikerDetection --single-version-externally-managed
[1.386s] Level 1:colcon.colcon_core.environment:checking '/home/ben/GIT/UAV/install/HikerDetection' for CMake module files
[1.387s] Level 1:colcon.colcon_core.environment:checking '/home/ben/GIT/UAV/install/HikerDetection' for CMake config files
[1.388s] Level 1:colcon.colcon_core.environment:checking '/home/ben/GIT/UAV/install/HikerDetection/lib'
[1.388s] Level 1:colcon.colcon_core.environment:checking '/home/ben/GIT/UAV/install/HikerDetection/bin'
[1.389s] Level 1:colcon.colcon_core.environment:checking '/home/ben/GIT/UAV/install/HikerDetection/lib/pkgconfig/HikerDetection.pc'
[1.389s] Level 1:colcon.colcon_core.environment:checking '/home/ben/GIT/UAV/install/HikerDetection/lib/python3.6/site-packages'
[1.389s] Level 1:colcon.colcon_core.shell:create_environment_hook('HikerDetection', 'pythonpath')
[1.390s] INFO:colcon.colcon_core.shell:Creating environment hook '/home/ben/GIT/UAV/install/HikerDetection/share/HikerDetection/hook/pythonpath.ps1'
[1.391s] INFO:colcon.colcon_core.shell:Creating environment descriptor '/home/ben/GIT/UAV/install/HikerDetection/share/HikerDetection/hook/pythonpath.dsv'
[1.392s] INFO:colcon.colcon_core.shell:Creating environment hook '/home/ben/GIT/UAV/install/HikerDetection/share/HikerDetection/hook/pythonpath.sh'
[1.392s] Level 1:colcon.colcon_core.environment:checking '/home/ben/GIT/UAV/install/HikerDetection/bin'
[1.392s] Level 1:colcon.colcon_core.environment:create_environment_scripts_only(HikerDetection)
[1.395s] INFO:colcon.colcon_core.shell:Creating package script '/home/ben/GIT/UAV/install/HikerDetection/share/HikerDetection/package.ps1'
[1.397s] INFO:colcon.colcon_core.shell:Creating package descriptor '/home/ben/GIT/UAV/install/HikerDetection/share/HikerDetection/package.dsv'
[1.398s] INFO:colcon.colcon_core.shell:Creating package script '/home/ben/GIT/UAV/install/HikerDetection/share/HikerDetection/package.sh'
[1.399s] INFO:colcon.colcon_core.shell:Creating package script '/home/ben/GIT/UAV/install/HikerDetection/share/HikerDetection/package.bash'
[1.401s] INFO:colcon.colcon_core.shell:Creating package script '/home/ben/GIT/UAV/install/HikerDetection/share/HikerDetection/package.zsh'
[1.402s] Level 1:colcon.colcon_core.environment:create_file_with_runtime_dependencies(/home/ben/GIT/UAV/install/HikerDetection/share/colcon-core/packages/HikerDetection)
[1.404s] INFO:colcon.colcon_ros.task.ament_python.build:Building ROS package in '/home/ben/GIT/UAV/src/autonomous' with build type 'ament_python'
[1.404s] Level 1:colcon.colcon_core.shell:create_environment_hook('autonomous', 'ament_prefix_path')
[1.407s] INFO:colcon.colcon_core.shell:Creating environment hook '/home/ben/GIT/UAV/install/autonomous/share/autonomous/hook/ament_prefix_path.ps1'
[1.408s] INFO:colcon.colcon_core.shell:Creating environment descriptor '/home/ben/GIT/UAV/install/autonomous/share/autonomous/hook/ament_prefix_path.dsv'
[1.408s] INFO:colcon.colcon_core.shell:Creating environment hook '/home/ben/GIT/UAV/install/autonomous/share/autonomous/hook/ament_prefix_path.sh'
[1.411s] INFO:colcon.colcon_core.shell:Skip shell extension 'powershell' for command environment: Not usable outside of PowerShell
[1.411s] DEBUG:colcon.colcon_core.shell:Skip shell extension 'dsv' for command environment
[1.703s] INFO:colcon.colcon_core.task.python.build:Building Python package in '/home/ben/GIT/UAV/src/autonomous'
[1.705s] INFO:colcon.colcon_core.shell:Skip shell extension 'powershell' for command environment: Not usable outside of PowerShell
[1.705s] DEBUG:colcon.colcon_core.shell:Skip shell extension 'dsv' for command environment
[2.061s] DEBUG:colcon.colcon_core.event_handler.log_command:Invoking command in '/home/ben/GIT/UAV/src/autonomous': PYTHONPATH=/home/ben/GIT/UAV/build/autonomous/prefix_override:/home/ben/GIT/UAV/install/autonomous/lib/python3.6/site-packages:${PYTHONPATH} /usr/bin/python3 setup.py egg_info --egg-base ../../build/autonomous build --build-base /home/ben/GIT/UAV/build/autonomous/build install --record /home/ben/GIT/UAV/build/autonomous/install.log --install-scripts $base/lib/autonomous --single-version-externally-managed
[2.439s] Level 1:colcon.colcon_core.environment:checking '/home/ben/GIT/UAV/install/autonomous' for CMake module files
[2.443s] DEBUG:colcon.colcon_core.event_handler.log_command:Invoked command in '/home/ben/GIT/UAV/src/autonomous' returned '0': PYTHONPATH=/home/ben/GIT/UAV/build/autonomous/prefix_override:/home/ben/GIT/UAV/install/autonomous/lib/python3.6/site-packages:${PYTHONPATH} /usr/bin/python3 setup.py egg_info --egg-base ../../build/autonomous build --build-base /home/ben/GIT/UAV/build/autonomous/build install --record /home/ben/GIT/UAV/build/autonomous/install.log --install-scripts $base/lib/autonomous --single-version-externally-managed
[2.444s] Level 1:colcon.colcon_core.environment:checking '/home/ben/GIT/UAV/install/autonomous' for CMake config files
[2.445s] Level 1:colcon.colcon_core.environment:checking '/home/ben/GIT/UAV/install/autonomous/lib'
[2.445s] Level 1:colcon.colcon_core.environment:checking '/home/ben/GIT/UAV/install/autonomous/bin'
[2.445s] Level 1:colcon.colcon_core.environment:checking '/home/ben/GIT/UAV/install/autonomous/lib/pkgconfig/autonomous.pc'
[2.445s] Level 1:colcon.colcon_core.environment:checking '/home/ben/GIT/UAV/install/autonomous/lib/python3.6/site-packages'
[2.445s] Level 1:colcon.colcon_core.shell:create_environment_hook('autonomous', 'pythonpath')
[2.447s] INFO:colcon.colcon_core.shell:Creating environment hook '/home/ben/GIT/UAV/install/autonomous/share/autonomous/hook/pythonpath.ps1'
[2.454s] INFO:colcon.colcon_core.shell:Creating environment descriptor '/home/ben/GIT/UAV/install/autonomous/share/autonomous/hook/pythonpath.dsv'
[2.455s] INFO:colcon.colcon_core.shell:Creating environment hook '/home/ben/GIT/UAV/install/autonomous/share/autonomous/hook/pythonpath.sh'
[2.458s] Level 1:colcon.colcon_core.environment:checking '/home/ben/GIT/UAV/install/autonomous/bin'
[2.458s] Level 1:colcon.colcon_core.environment:create_environment_scripts_only(autonomous)
[2.461s] INFO:colcon.colcon_core.shell:Creating package script '/home/ben/GIT/UAV/install/autonomous/share/autonomous/package.ps1'
[2.461s] INFO:colcon.colcon_core.shell:Creating package descriptor '/home/ben/GIT/UAV/install/autonomous/share/autonomous/package.dsv'
[2.462s] INFO:colcon.colcon_core.shell:Creating package script '/home/ben/GIT/UAV/install/autonomous/share/autonomous/package.sh'
[2.463s] INFO:colcon.colcon_core.shell:Creating package script '/home/ben/GIT/UAV/install/autonomous/share/autonomous/package.bash'
[2.464s] INFO:colcon.colcon_core.shell:Creating package script '/home/ben/GIT/UAV/install/autonomous/share/autonomous/package.zsh'
[2.464s] Level 1:colcon.colcon_core.environment:create_file_with_runtime_dependencies(/home/ben/GIT/UAV/install/autonomous/share/colcon-core/packages/autonomous)
[2.466s] INFO:colcon.colcon_ros.task.ament_python.build:Building ROS package in '/home/ben/GIT/UAV/src/communications' with build type 'ament_python'
[2.467s] Level 1:colcon.colcon_core.shell:create_environment_hook('communications', 'ament_prefix_path')
[2.469s] INFO:colcon.colcon_core.shell:Creating environment hook '/home/ben/GIT/UAV/install/communications/share/communications/hook/ament_prefix_path.ps1'
[2.470s] INFO:colcon.colcon_core.shell:Creating environment descriptor '/home/ben/GIT/UAV/install/communications/share/communications/hook/ament_prefix_path.dsv'
[2.472s] INFO:colcon.colcon_core.shell:Creating environment hook '/home/ben/GIT/UAV/install/communications/share/communications/hook/ament_prefix_path.sh'
[2.475s] INFO:colcon.colcon_core.shell:Skip shell extension 'powershell' for command environment: Not usable outside of PowerShell
[2.476s] DEBUG:colcon.colcon_core.shell:Skip shell extension 'dsv' for command environment
[2.775s] INFO:colcon.colcon_core.task.python.build:Building Python package in '/home/ben/GIT/UAV/src/communications'
[2.778s] INFO:colcon.colcon_core.shell:Skip shell extension 'powershell' for command environment: Not usable outside of PowerShell
[2.778s] DEBUG:colcon.colcon_core.shell:Skip shell extension 'dsv' for command environment
[3.211s] DEBUG:colcon.colcon_core.event_handler.log_command:Invoking command in '/home/ben/GIT/UAV/src/communications': PYTHONPATH=/home/ben/GIT/UAV/build/communications/prefix_override:/home/ben/GIT/UAV/install/communications/lib/python3.6/site-packages:${PYTHONPATH} /usr/bin/python3 setup.py egg_info --egg-base ../../build/communications build --build-base /home/ben/GIT/UAV/build/communications/build install --record /home/ben/GIT/UAV/build/communications/install.log --install-scripts $base/lib/communications --single-version-externally-managed
[3.493s] Level 1:colcon.colcon_core.environment:checking '/home/ben/GIT/UAV/install/communications' for CMake module files
[3.493s] DEBUG:colcon.colcon_core.event_handler.log_command:Invoked command in '/home/ben/GIT/UAV/src/communications' returned '0': PYTHONPATH=/home/ben/GIT/UAV/build/communications/prefix_override:/home/ben/GIT/UAV/install/communications/lib/python3.6/site-packages:${PYTHONPATH} /usr/bin/python3 setup.py egg_info --egg-base ../../build/communications build --build-base /home/ben/GIT/UAV/build/communications/build install --record /home/ben/GIT/UAV/build/communications/install.log --install-scripts $base/lib/communications --single-version-externally-managed
[3.493s] Level 1:colcon.colcon_core.environment:checking '/home/ben/GIT/UAV/install/communications' for CMake config files
[3.494s] Level 1:colcon.colcon_core.environment:checking '/home/ben/GIT/UAV/install/communications/lib'
[3.494s] Level 1:colcon.colcon_core.environment:checking '/home/ben/GIT/UAV/install/communications/bin'
[3.494s] Level 1:colcon.colcon_core.environment:checking '/home/ben/GIT/UAV/install/communications/lib/pkgconfig/communications.pc'
[3.495s] Level 1:colcon.colcon_core.environment:checking '/home/ben/GIT/UAV/install/communications/lib/python3.6/site-packages'
[3.495s] Level 1:colcon.colcon_core.shell:create_environment_hook('communications', 'pythonpath')
[3.496s] INFO:colcon.colcon_core.shell:Creating environment hook '/home/ben/GIT/UAV/install/communications/share/communications/hook/pythonpath.ps1'
[3.497s] INFO:colcon.colcon_core.shell:Creating environment descriptor '/home/ben/GIT/UAV/install/communications/share/communications/hook/pythonpath.dsv'
[3.498s] INFO:colcon.colcon_core.shell:Creating environment hook '/home/ben/GIT/UAV/install/communications/share/communications/hook/pythonpath.sh'
[3.499s] Level 1:colcon.colcon_core.environment:checking '/home/ben/GIT/UAV/install/communications/bin'
[3.499s] Level 1:colcon.colcon_core.environment:create_environment_scripts_only(communications)
[3.500s] INFO:colcon.colcon_core.shell:Creating package script '/home/ben/GIT/UAV/install/communications/share/communications/package.ps1'
[3.501s] INFO:colcon.colcon_core.shell:Creating package descriptor '/home/ben/GIT/UAV/install/communications/share/communications/package.dsv'
[3.501s] INFO:colcon.colcon_core.shell:Creating package script '/home/ben/GIT/UAV/install/communications/share/communications/package.sh'
[3.502s] INFO:colcon.colcon_core.shell:Creating package script '/home/ben/GIT/UAV/install/communications/share/communications/package.bash'
[3.502s] INFO:colcon.colcon_core.shell:Creating package script '/home/ben/GIT/UAV/install/communications/share/communications/package.zsh'
[3.502s] Level 1:colcon.colcon_core.environment:create_file_with_runtime_dependencies(/home/ben/GIT/UAV/install/communications/share/colcon-core/packages/communications)
[3.503s] DEBUG:colcon.colcon_parallel_executor.executor.parallel:closing loop
[3.504s] DEBUG:colcon.colcon_parallel_executor.executor.parallel:loop closed
[3.504s] DEBUG:colcon.colcon_parallel_executor.executor.parallel:run_until_complete finished with '0'
[3.504s] DEBUG:colcon.colcon_core.event_reactor:joining thread
[3.508s] INFO:colcon.colcon_core.plugin_system:Skipping extension 'colcon_notification.desktop_notification.terminal_notifier': Not used on non-Darwin systems
[3.508s] INFO:colcon.colcon_core.plugin_system:Skipping extension 'colcon_notification.desktop_notification.win32': Not used on non-Windows systems
[3.508s] INFO:colcon.colcon_notification.desktop_notification:Sending desktop notification using 'notify2'
[3.514s] DEBUG:colcon.colcon_core.event_reactor:joined thread
[3.516s] INFO:colcon.colcon_core.shell:Creating prefix script '/home/ben/GIT/UAV/install/local_setup.ps1'
[3.517s] INFO:colcon.colcon_core.shell:Creating prefix util module '/home/ben/GIT/UAV/install/_local_setup_util_ps1.py'
[3.525s] INFO:colcon.colcon_core.shell:Creating prefix chain script '/home/ben/GIT/UAV/install/setup.ps1'
[3.526s] INFO:colcon.colcon_core.shell:Creating prefix script '/home/ben/GIT/UAV/install/local_setup.sh'
[3.527s] INFO:colcon.colcon_core.shell:Creating prefix util module '/home/ben/GIT/UAV/install/_local_setup_util_sh.py'
[3.527s] INFO:colcon.colcon_core.shell:Creating prefix chain script '/home/ben/GIT/UAV/install/setup.sh'
[3.535s] INFO:colcon.colcon_core.shell:Creating prefix script '/home/ben/GIT/UAV/install/local_setup.bash'
[3.537s] INFO:colcon.colcon_core.shell:Creating prefix chain script '/home/ben/GIT/UAV/install/setup.bash'
[3.544s] INFO:colcon.colcon_core.shell:Creating prefix script '/home/ben/GIT/UAV/install/local_setup.zsh'
[3.545s] INFO:colcon.colcon_core.shell:Creating prefix chain script '/home/ben/GIT/UAV/install/setup.zsh'
