[1.359s] Invoking command in '/home/garrett/Desktop/UAV/src/communications': PYTHONPATH=/home/garrett/Desktop/UAV/build/communications/prefix_override:/home/garrett/Desktop/UAV/install/communications/lib/python3.6/site-packages:${PYTHONPATH} /usr/bin/python3 setup.py egg_info --egg-base ../../build/communications build --build-base /home/garrett/Desktop/UAV/build/communications/build install --record /home/garrett/Desktop/UAV/build/communications/install.log --install-scripts $base/lib/communications --single-version-externally-managed
[1.884s] running egg_info
[1.887s] writing ../../build/communications/communications.egg-info/PKG-INFO
[1.890s] writing dependency_links to ../../build/communications/communications.egg-info/dependency_links.txt
[1.892s] writing entry points to ../../build/communications/communications.egg-info/entry_points.txt
[1.894s] writing requirements to ../../build/communications/communications.egg-info/requires.txt
[1.895s] writing top-level names to ../../build/communications/communications.egg-info/top_level.txt
[2.011s] reading manifest file '../../build/communications/communications.egg-info/SOURCES.txt'
[2.017s] writing manifest file '../../build/communications/communications.egg-info/SOURCES.txt'
[2.019s] running build
[2.022s] running build_py
[2.023s] copying communications/Comms.py -> /home/garrett/Desktop/UAV/build/communications/build/lib/communications
[2.026s] running install
[2.031s] running install_lib
[2.039s] copying /home/garrett/Desktop/UAV/build/communications/build/lib/communications/Comms.py -> /home/garrett/Desktop/UAV/install/communications/lib/python3.6/site-packages/communications
[2.040s] byte-compiling /home/garrett/Desktop/UAV/install/communications/lib/python3.6/site-packages/communications/Comms.py to Comms.cpython-36.pyc
[2.041s] running install_data
[2.042s] running install_egg_info
[2.054s] removing '/home/garrett/Desktop/UAV/install/communications/lib/python3.6/site-packages/communications-0.0.0-py3.6.egg-info' (and everything under it)
[2.065s] Copying ../../build/communications/communications.egg-info to /home/garrett/Desktop/UAV/install/communications/lib/python3.6/site-packages/communications-0.0.0-py3.6.egg-info
[2.065s] running install_scripts
[2.127s] Installing comms script to /home/garrett/Desktop/UAV/install/communications/lib/communications
[2.130s] writing list of installed files to '/home/garrett/Desktop/UAV/build/communications/install.log'
[2.238s] Invoked command in '/home/garrett/Desktop/UAV/src/communications' returned '0': PYTHONPATH=/home/garrett/Desktop/UAV/build/communications/prefix_override:/home/garrett/Desktop/UAV/install/communications/lib/python3.6/site-packages:${PYTHONPATH} /usr/bin/python3 setup.py egg_info --egg-base ../../build/communications build --build-base /home/garrett/Desktop/UAV/build/communications/build install --record /home/garrett/Desktop/UAV/build/communications/install.log --install-scripts $base/lib/communications --single-version-externally-managed
