[0.621s] Invoking command in '/home/ben/GIT/UAV/src/autonomous': PYTHONPATH=/home/ben/GIT/UAV/build/autonomous/prefix_override:/home/ben/GIT/UAV/install/autonomous/lib/python3.6/site-packages:${PYTHONPATH} /usr/bin/python3 setup.py egg_info --egg-base ../../build/autonomous build --build-base /home/ben/GIT/UAV/build/autonomous/build install --record /home/ben/GIT/UAV/build/autonomous/install.log --install-scripts $base/lib/autonomous --single-version-externally-managed
[0.843s] running egg_info
[0.844s] writing ../../build/autonomous/autonomous.egg-info/PKG-INFO
[0.850s] writing dependency_links to ../../build/autonomous/autonomous.egg-info/dependency_links.txt
[0.851s] writing entry points to ../../build/autonomous/autonomous.egg-info/entry_points.txt
[0.852s] writing requirements to ../../build/autonomous/autonomous.egg-info/requires.txt
[0.853s] writing top-level names to ../../build/autonomous/autonomous.egg-info/top_level.txt
[0.883s] reading manifest file '../../build/autonomous/autonomous.egg-info/SOURCES.txt'
[0.884s] writing manifest file '../../build/autonomous/autonomous.egg-info/SOURCES.txt'
[0.890s] running build
[0.891s] running build_py
[0.892s] running install
[0.893s] running install_lib
[0.894s] running install_data
[0.896s] running install_egg_info
[0.898s] removing '/home/ben/GIT/UAV/install/autonomous/lib/python3.6/site-packages/autonomous-0.0.0-py3.6.egg-info' (and everything under it)
[0.909s] Copying ../../build/autonomous/autonomous.egg-info to /home/ben/GIT/UAV/install/autonomous/lib/python3.6/site-packages/autonomous-0.0.0-py3.6.egg-info
[0.913s] running install_scripts
[0.931s] Installing plane script to /home/ben/GIT/UAV/install/autonomous/lib/autonomous
[0.932s] writing list of installed files to '/home/ben/GIT/UAV/build/autonomous/install.log'
[0.959s] Invoked command in '/home/ben/GIT/UAV/src/autonomous' returned '0': PYTHONPATH=/home/ben/GIT/UAV/build/autonomous/prefix_override:/home/ben/GIT/UAV/install/autonomous/lib/python3.6/site-packages:${PYTHONPATH} /usr/bin/python3 setup.py egg_info --egg-base ../../build/autonomous build --build-base /home/ben/GIT/UAV/build/autonomous/build install --record /home/ben/GIT/UAV/build/autonomous/install.log --install-scripts $base/lib/autonomous --single-version-externally-managed
