[0.549s] Invoking command in '/home/ben/GIT/UAV/src/autonomous': PYTHONPATH=/home/ben/GIT/UAV/build/autonomous/prefix_override:/home/ben/GIT/UAV/install/autonomous/lib/python3.6/site-packages:${PYTHONPATH} /usr/bin/python3 setup.py egg_info --egg-base ../../build/autonomous build --build-base /home/ben/GIT/UAV/build/autonomous/build install --record /home/ben/GIT/UAV/build/autonomous/install.log --install-scripts $base/lib/autonomous --single-version-externally-managed
[0.733s] running egg_info
[0.734s] writing ../../build/autonomous/autonomous.egg-info/PKG-INFO
[0.735s] writing dependency_links to ../../build/autonomous/autonomous.egg-info/dependency_links.txt
[0.735s] writing entry points to ../../build/autonomous/autonomous.egg-info/entry_points.txt
[0.736s] writing requirements to ../../build/autonomous/autonomous.egg-info/requires.txt
[0.737s] writing top-level names to ../../build/autonomous/autonomous.egg-info/top_level.txt
[0.767s] reading manifest file '../../build/autonomous/autonomous.egg-info/SOURCES.txt'
[0.768s] writing manifest file '../../build/autonomous/autonomous.egg-info/SOURCES.txt'
[0.769s] running build
[0.769s] running build_py
[0.770s] running install
[0.770s] running install_lib
[0.772s] running install_data
[0.773s] running install_egg_info
[0.775s] removing '/home/ben/GIT/UAV/install/autonomous/lib/python3.6/site-packages/autonomous-0.0.0-py3.6.egg-info' (and everything under it)
[0.782s] Copying ../../build/autonomous/autonomous.egg-info to /home/ben/GIT/UAV/install/autonomous/lib/python3.6/site-packages/autonomous-0.0.0-py3.6.egg-info
[0.786s] running install_scripts
[0.802s] Installing plane script to /home/ben/GIT/UAV/install/autonomous/lib/autonomous
[0.804s] writing list of installed files to '/home/ben/GIT/UAV/build/autonomous/install.log'
[0.824s] Invoked command in '/home/ben/GIT/UAV/src/autonomous' returned '0': PYTHONPATH=/home/ben/GIT/UAV/build/autonomous/prefix_override:/home/ben/GIT/UAV/install/autonomous/lib/python3.6/site-packages:${PYTHONPATH} /usr/bin/python3 setup.py egg_info --egg-base ../../build/autonomous build --build-base /home/ben/GIT/UAV/build/autonomous/build install --record /home/ben/GIT/UAV/build/autonomous/install.log --install-scripts $base/lib/autonomous --single-version-externally-managed
