[1.598s] Invoking command in '/home/garrett/Desktop/UAV/src/autonomous': PYTHONPATH=/home/garrett/Desktop/UAV/build/autonomous/prefix_override:/home/garrett/Desktop/UAV/install/autonomous/lib/python3.6/site-packages:${PYTHONPATH} /usr/bin/python3 setup.py egg_info --egg-base ../../build/autonomous build --build-base /home/garrett/Desktop/UAV/build/autonomous/build install --record /home/garrett/Desktop/UAV/build/autonomous/install.log --install-scripts $base/lib/autonomous --single-version-externally-managed
[2.081s] running egg_info
[2.083s] writing ../../build/autonomous/autonomous.egg-info/PKG-INFO
[2.086s] writing dependency_links to ../../build/autonomous/autonomous.egg-info/dependency_links.txt
[2.088s] writing entry points to ../../build/autonomous/autonomous.egg-info/entry_points.txt
[2.089s] writing requirements to ../../build/autonomous/autonomous.egg-info/requires.txt
[2.091s] writing top-level names to ../../build/autonomous/autonomous.egg-info/top_level.txt
[2.176s] reading manifest file '../../build/autonomous/autonomous.egg-info/SOURCES.txt'
[2.185s] writing manifest file '../../build/autonomous/autonomous.egg-info/SOURCES.txt'
[2.188s] running build
[2.190s] running build_py
[2.192s] copying autonomous/Plane.py -> /home/garrett/Desktop/UAV/build/autonomous/build/lib/autonomous
[2.195s] running install
[2.199s] running install_lib
[2.203s] copying /home/garrett/Desktop/UAV/build/autonomous/build/lib/autonomous/Plane.py -> /home/garrett/Desktop/UAV/install/autonomous/lib/python3.6/site-packages/autonomous
[2.208s] running install_data
[2.213s] running install_egg_info
[2.225s] removing '/home/garrett/Desktop/UAV/install/autonomous/lib/python3.6/site-packages/autonomous-0.0.0-py3.6.egg-info' (and everything under it)
[2.236s] Copying ../../build/autonomous/autonomous.egg-info to /home/garrett/Desktop/UAV/install/autonomous/lib/python3.6/site-packages/autonomous-0.0.0-py3.6.egg-info
[2.246s] running install_scripts
[2.303s] Installing plane script to /home/garrett/Desktop/UAV/install/autonomous/lib/autonomous
[2.305s] writing list of installed files to '/home/garrett/Desktop/UAV/build/autonomous/install.log'
[2.342s] Invoked command in '/home/garrett/Desktop/UAV/src/autonomous' returned '0': PYTHONPATH=/home/garrett/Desktop/UAV/build/autonomous/prefix_override:/home/garrett/Desktop/UAV/install/autonomous/lib/python3.6/site-packages:${PYTHONPATH} /usr/bin/python3 setup.py egg_info --egg-base ../../build/autonomous build --build-base /home/garrett/Desktop/UAV/build/autonomous/build install --record /home/garrett/Desktop/UAV/build/autonomous/install.log --install-scripts $base/lib/autonomous --single-version-externally-managed
