[0.534s] Invoking command in '/home/ben/GIT/UAV/src/communications': PYTHONPATH=/home/ben/GIT/UAV/build/communications/prefix_override:/home/ben/GIT/UAV/install/communications/lib/python3.6/site-packages:${PYTHONPATH} /usr/bin/python3 setup.py egg_info --egg-base ../../build/communications build --build-base /home/ben/GIT/UAV/build/communications/build install --record /home/ben/GIT/UAV/build/communications/install.log --install-scripts $base/lib/communications --single-version-externally-managed
[0.704s] running egg_info
[0.705s] writing ../../build/communications/communications.egg-info/PKG-INFO
[0.705s] writing dependency_links to ../../build/communications/communications.egg-info/dependency_links.txt
[0.706s] writing entry points to ../../build/communications/communications.egg-info/entry_points.txt
[0.706s] writing requirements to ../../build/communications/communications.egg-info/requires.txt
[0.707s] writing top-level names to ../../build/communications/communications.egg-info/top_level.txt
[0.738s] reading manifest file '../../build/communications/communications.egg-info/SOURCES.txt'
[0.739s] writing manifest file '../../build/communications/communications.egg-info/SOURCES.txt'
[0.740s] running build
[0.740s] running build_py
[0.740s] running install
[0.741s] running install_lib
[0.742s] running install_data
[0.742s] running install_egg_info
[0.744s] removing '/home/ben/GIT/UAV/install/communications/lib/python3.6/site-packages/communications-0.0.0-py3.6.egg-info' (and everything under it)
[0.744s] Copying ../../build/communications/communications.egg-info to /home/ben/GIT/UAV/install/communications/lib/python3.6/site-packages/communications-0.0.0-py3.6.egg-info
[0.745s] running install_scripts
[0.761s] Installing comms script to /home/ben/GIT/UAV/install/communications/lib/communications
[0.762s] writing list of installed files to '/home/ben/GIT/UAV/build/communications/install.log'
[0.782s] Invoked command in '/home/ben/GIT/UAV/src/communications' returned '0': PYTHONPATH=/home/ben/GIT/UAV/build/communications/prefix_override:/home/ben/GIT/UAV/install/communications/lib/python3.6/site-packages:${PYTHONPATH} /usr/bin/python3 setup.py egg_info --egg-base ../../build/communications build --build-base /home/ben/GIT/UAV/build/communications/build install --record /home/ben/GIT/UAV/build/communications/install.log --install-scripts $base/lib/communications --single-version-externally-managed
