running egg_info
creating ../../build/autonomous/autonomous.egg-info
writing ../../build/autonomous/autonomous.egg-info/PKG-INFO
writing dependency_links to ../../build/autonomous/autonomous.egg-info/dependency_links.txt
writing entry points to ../../build/autonomous/autonomous.egg-info/entry_points.txt
writing requirements to ../../build/autonomous/autonomous.egg-info/requires.txt
writing top-level names to ../../build/autonomous/autonomous.egg-info/top_level.txt
writing manifest file '../../build/autonomous/autonomous.egg-info/SOURCES.txt'
reading manifest file '../../build/autonomous/autonomous.egg-info/SOURCES.txt'
writing manifest file '../../build/autonomous/autonomous.egg-info/SOURCES.txt'
running build
running build_py
creating /home/garrett/Desktop/UAV/build/autonomous/build
creating /home/garrett/Desktop/UAV/build/autonomous/build/lib
creating /home/garrett/Desktop/UAV/build/autonomous/build/lib/autonomous
copying autonomous/__init__.py -> /home/garrett/Desktop/UAV/build/autonomous/build/lib/autonomous
copying autonomous/Plane.py -> /home/garrett/Desktop/UAV/build/autonomous/build/lib/autonomous
running install
running install_lib
creating /home/garrett/Desktop/UAV/install/autonomous/lib/python3.6/site-packages/autonomous
copying /home/garrett/Desktop/UAV/build/autonomous/build/lib/autonomous/__init__.py -> /home/garrett/Desktop/UAV/install/autonomous/lib/python3.6/site-packages/autonomous
copying /home/garrett/Desktop/UAV/build/autonomous/build/lib/autonomous/Plane.py -> /home/garrett/Desktop/UAV/install/autonomous/lib/python3.6/site-packages/autonomous
byte-compiling /home/garrett/Desktop/UAV/install/autonomous/lib/python3.6/site-packages/autonomous/__init__.py to __init__.cpython-36.pyc
byte-compiling /home/garrett/Desktop/UAV/install/autonomous/lib/python3.6/site-packages/autonomous/Plane.py to Plane.cpython-36.pyc
running install_data
creating /home/garrett/Desktop/UAV/install/autonomous/share/ament_index
creating /home/garrett/Desktop/UAV/install/autonomous/share/ament_index/resource_index
creating /home/garrett/Desktop/UAV/install/autonomous/share/ament_index/resource_index/packages
copying resource/autonomous -> /home/garrett/Desktop/UAV/install/autonomous/share/ament_index/resource_index/packages
copying package.xml -> /home/garrett/Desktop/UAV/install/autonomous/share/autonomous
running install_egg_info
Copying ../../build/autonomous/autonomous.egg-info to /home/garrett/Desktop/UAV/install/autonomous/lib/python3.6/site-packages/autonomous-0.0.0-py3.6.egg-info
running install_scripts
Installing talker script to /home/garrett/Desktop/UAV/install/autonomous/lib/autonomous
writing list of installed files to '/home/garrett/Desktop/UAV/build/autonomous/install.log'
