[1.315s] Invoking command in '/home/garrett/Desktop/UAV/src/autonomous': PYTHONPATH=/home/garrett/Desktop/UAV/build/autonomous/prefix_override:/home/garrett/Desktop/UAV/install/autonomous/lib/python3.6/site-packages:${PYTHONPATH} /usr/bin/python3 setup.py egg_info --egg-base ../../build/autonomous build --build-base /home/garrett/Desktop/UAV/build/autonomous/build install --record /home/garrett/Desktop/UAV/build/autonomous/install.log --install-scripts $base/lib/autonomous --single-version-externally-managed
[1.757s] running egg_info
[1.760s] creating ../../build/autonomous/autonomous.egg-info
[1.761s] writing ../../build/autonomous/autonomous.egg-info/PKG-INFO
[1.763s] writing dependency_links to ../../build/autonomous/autonomous.egg-info/dependency_links.txt
[1.764s] writing entry points to ../../build/autonomous/autonomous.egg-info/entry_points.txt
[1.765s] writing requirements to ../../build/autonomous/autonomous.egg-info/requires.txt
[1.767s] writing top-level names to ../../build/autonomous/autonomous.egg-info/top_level.txt
[1.768s] writing manifest file '../../build/autonomous/autonomous.egg-info/SOURCES.txt'
[1.835s] reading manifest file '../../build/autonomous/autonomous.egg-info/SOURCES.txt'
[1.838s] writing manifest file '../../build/autonomous/autonomous.egg-info/SOURCES.txt'
[1.841s] running build
[1.842s] running build_py
[1.844s] creating /home/garrett/Desktop/UAV/build/autonomous/build
[1.846s] creating /home/garrett/Desktop/UAV/build/autonomous/build/lib
[1.846s] creating /home/garrett/Desktop/UAV/build/autonomous/build/lib/autonomous
[1.848s] copying autonomous/__init__.py -> /home/garrett/Desktop/UAV/build/autonomous/build/lib/autonomous
[1.850s] copying autonomous/Plane.py -> /home/garrett/Desktop/UAV/build/autonomous/build/lib/autonomous
[1.851s] running install
[1.853s] running install_lib
[1.855s] creating /home/garrett/Desktop/UAV/install/autonomous/lib/python3.6/site-packages/autonomous
[1.856s] copying /home/garrett/Desktop/UAV/build/autonomous/build/lib/autonomous/__init__.py -> /home/garrett/Desktop/UAV/install/autonomous/lib/python3.6/site-packages/autonomous
[1.857s] copying /home/garrett/Desktop/UAV/build/autonomous/build/lib/autonomous/Plane.py -> /home/garrett/Desktop/UAV/install/autonomous/lib/python3.6/site-packages/autonomous
[1.860s] byte-compiling /home/garrett/Desktop/UAV/install/autonomous/lib/python3.6/site-packages/autonomous/__init__.py to __init__.cpython-36.pyc
[1.860s] byte-compiling /home/garrett/Desktop/UAV/install/autonomous/lib/python3.6/site-packages/autonomous/Plane.py to Plane.cpython-36.pyc
[1.867s] running install_data
[1.868s] creating /home/garrett/Desktop/UAV/install/autonomous/share/ament_index
[1.868s] creating /home/garrett/Desktop/UAV/install/autonomous/share/ament_index/resource_index
[1.869s] creating /home/garrett/Desktop/UAV/install/autonomous/share/ament_index/resource_index/packages
[1.869s] copying resource/autonomous -> /home/garrett/Desktop/UAV/install/autonomous/share/ament_index/resource_index/packages
[1.871s] copying package.xml -> /home/garrett/Desktop/UAV/install/autonomous/share/autonomous
[1.871s] running install_egg_info
[1.879s] Copying ../../build/autonomous/autonomous.egg-info to /home/garrett/Desktop/UAV/install/autonomous/lib/python3.6/site-packages/autonomous-0.0.0-py3.6.egg-info
[1.880s] running install_scripts
[1.912s] Installing talker script to /home/garrett/Desktop/UAV/install/autonomous/lib/autonomous
[1.914s] writing list of installed files to '/home/garrett/Desktop/UAV/build/autonomous/install.log'
[1.949s] Invoked command in '/home/garrett/Desktop/UAV/src/autonomous' returned '0': PYTHONPATH=/home/garrett/Desktop/UAV/build/autonomous/prefix_override:/home/garrett/Desktop/UAV/install/autonomous/lib/python3.6/site-packages:${PYTHONPATH} /usr/bin/python3 setup.py egg_info --egg-base ../../build/autonomous build --build-base /home/garrett/Desktop/UAV/build/autonomous/build install --record /home/garrett/Desktop/UAV/build/autonomous/install.log --install-scripts $base/lib/autonomous --single-version-externally-managed
