[1.363s] Invoking command in '/home/garrett/Desktop/UAV/src/autonomous': PYTHONPATH=/home/garrett/Desktop/UAV/build/autonomous/prefix_override:/home/garrett/Desktop/UAV/install/autonomous/lib/python3.6/site-packages:${PYTHONPATH} /usr/bin/python3 setup.py egg_info --egg-base ../../build/autonomous build --build-base /home/garrett/Desktop/UAV/build/autonomous/build install --record /home/garrett/Desktop/UAV/build/autonomous/install.log --install-scripts $base/lib/autonomous --single-version-externally-managed
[1.853s] running egg_info
[1.855s] writing ../../build/autonomous/autonomous.egg-info/PKG-INFO
[1.857s] writing dependency_links to ../../build/autonomous/autonomous.egg-info/dependency_links.txt
[1.858s] writing entry points to ../../build/autonomous/autonomous.egg-info/entry_points.txt
[1.860s] writing requirements to ../../build/autonomous/autonomous.egg-info/requires.txt
[1.861s] writing top-level names to ../../build/autonomous/autonomous.egg-info/top_level.txt
[1.944s] reading manifest file '../../build/autonomous/autonomous.egg-info/SOURCES.txt'
[1.953s] writing manifest file '../../build/autonomous/autonomous.egg-info/SOURCES.txt'
[1.956s] running build
[1.957s] running build_py
[1.959s] running install
[1.963s] running install_lib
[1.966s] running install_data
[1.970s] running install_egg_info
[1.978s] removing '/home/garrett/Desktop/UAV/install/autonomous/lib/python3.6/site-packages/autonomous-0.0.0-py3.6.egg-info' (and everything under it)
[1.994s] Copying ../../build/autonomous/autonomous.egg-info to /home/garrett/Desktop/UAV/install/autonomous/lib/python3.6/site-packages/autonomous-0.0.0-py3.6.egg-info
[1.994s] running install_scripts
[2.047s] Installing plane script to /home/garrett/Desktop/UAV/install/autonomous/lib/autonomous
[2.050s] writing list of installed files to '/home/garrett/Desktop/UAV/build/autonomous/install.log'
[2.088s] Invoked command in '/home/garrett/Desktop/UAV/src/autonomous' returned '0': PYTHONPATH=/home/garrett/Desktop/UAV/build/autonomous/prefix_override:/home/garrett/Desktop/UAV/install/autonomous/lib/python3.6/site-packages:${PYTHONPATH} /usr/bin/python3 setup.py egg_info --egg-base ../../build/autonomous build --build-base /home/garrett/Desktop/UAV/build/autonomous/build install --record /home/garrett/Desktop/UAV/build/autonomous/install.log --install-scripts $base/lib/autonomous --single-version-externally-managed
