[1.399s] Invoking command in '/home/garrett/Desktop/UAV/src/autonomous': PYTHONPATH=/home/garrett/Desktop/UAV/build/autonomous/prefix_override:/home/garrett/Desktop/UAV/install/autonomous/lib/python3.6/site-packages:${PYTHONPATH} /usr/bin/python3 setup.py egg_info --egg-base ../../build/autonomous build --build-base /home/garrett/Desktop/UAV/build/autonomous/build install --record /home/garrett/Desktop/UAV/build/autonomous/install.log --install-scripts $base/lib/autonomous --single-version-externally-managed
[1.854s] running egg_info
[1.857s] writing ../../build/autonomous/autonomous.egg-info/PKG-INFO
[1.859s] writing dependency_links to ../../build/autonomous/autonomous.egg-info/dependency_links.txt
[1.861s] writing entry points to ../../build/autonomous/autonomous.egg-info/entry_points.txt
[1.863s] writing requirements to ../../build/autonomous/autonomous.egg-info/requires.txt
[1.863s] writing top-level names to ../../build/autonomous/autonomous.egg-info/top_level.txt
[1.962s] reading manifest file '../../build/autonomous/autonomous.egg-info/SOURCES.txt'
[1.966s] writing manifest file '../../build/autonomous/autonomous.egg-info/SOURCES.txt'
[1.968s] running build
[1.969s] running build_py
[1.971s] copying autonomous/Plane.py -> /home/garrett/Desktop/UAV/build/autonomous/build/lib/autonomous
[1.973s] running install
[1.975s] running install_lib
[1.977s] copying /home/garrett/Desktop/UAV/build/autonomous/build/lib/autonomous/Plane.py -> /home/garrett/Desktop/UAV/install/autonomous/lib/python3.6/site-packages/autonomous
[1.980s] byte-compiling /home/garrett/Desktop/UAV/install/autonomous/lib/python3.6/site-packages/autonomous/Plane.py to Plane.cpython-36.pyc
[1.985s] running install_data
[1.988s] running install_egg_info
[1.995s] removing '/home/garrett/Desktop/UAV/install/autonomous/lib/python3.6/site-packages/autonomous-0.0.0-py3.6.egg-info' (and everything under it)
[2.004s] Copying ../../build/autonomous/autonomous.egg-info to /home/garrett/Desktop/UAV/install/autonomous/lib/python3.6/site-packages/autonomous-0.0.0-py3.6.egg-info
[2.005s] running install_scripts
[2.047s] Installing plane script to /home/garrett/Desktop/UAV/install/autonomous/lib/autonomous
[2.055s] writing list of installed files to '/home/garrett/Desktop/UAV/build/autonomous/install.log'
[2.099s] Invoked command in '/home/garrett/Desktop/UAV/src/autonomous' returned '0': PYTHONPATH=/home/garrett/Desktop/UAV/build/autonomous/prefix_override:/home/garrett/Desktop/UAV/install/autonomous/lib/python3.6/site-packages:${PYTHONPATH} /usr/bin/python3 setup.py egg_info --egg-base ../../build/autonomous build --build-base /home/garrett/Desktop/UAV/build/autonomous/build install --record /home/garrett/Desktop/UAV/build/autonomous/install.log --install-scripts $base/lib/autonomous --single-version-externally-managed
