[1.591s] Invoking command in '/home/garrett/Desktop/UAV/src/autonomous': PYTHONPATH=/home/garrett/Desktop/UAV/build/autonomous/prefix_override:/home/garrett/Desktop/UAV/install/autonomous/lib/python3.6/site-packages:${PYTHONPATH} /usr/bin/python3 setup.py egg_info --egg-base ../../build/autonomous build --build-base /home/garrett/Desktop/UAV/build/autonomous/build install --record /home/garrett/Desktop/UAV/build/autonomous/install.log --install-scripts $base/lib/autonomous --single-version-externally-managed
[2.093s] running egg_info
[2.096s] writing ../../build/autonomous/autonomous.egg-info/PKG-INFO
[2.099s] writing dependency_links to ../../build/autonomous/autonomous.egg-info/dependency_links.txt
[2.102s] writing entry points to ../../build/autonomous/autonomous.egg-info/entry_points.txt
[2.105s] writing requirements to ../../build/autonomous/autonomous.egg-info/requires.txt
[2.107s] writing top-level names to ../../build/autonomous/autonomous.egg-info/top_level.txt
[2.205s] reading manifest file '../../build/autonomous/autonomous.egg-info/SOURCES.txt'
[2.209s] writing manifest file '../../build/autonomous/autonomous.egg-info/SOURCES.txt'
[2.211s] running build
[2.212s] running build_py
[2.213s] copying autonomous/Plane.py -> /home/garrett/Desktop/UAV/build/autonomous/build/lib/autonomous
[2.215s] running install
[2.216s] running install_lib
[2.219s] copying /home/garrett/Desktop/UAV/build/autonomous/build/lib/autonomous/Plane.py -> /home/garrett/Desktop/UAV/install/autonomous/lib/python3.6/site-packages/autonomous
[2.221s] byte-compiling /home/garrett/Desktop/UAV/install/autonomous/lib/python3.6/site-packages/autonomous/Plane.py to Plane.cpython-36.pyc
[2.228s] running install_data
[2.230s] running install_egg_info
[2.234s] removing '/home/garrett/Desktop/UAV/install/autonomous/lib/python3.6/site-packages/autonomous-0.0.0-py3.6.egg-info' (and everything under it)
[2.246s] Copying ../../build/autonomous/autonomous.egg-info to /home/garrett/Desktop/UAV/install/autonomous/lib/python3.6/site-packages/autonomous-0.0.0-py3.6.egg-info
[2.246s] running install_scripts
[2.313s] Installing talker script to /home/garrett/Desktop/UAV/install/autonomous/lib/autonomous
[2.315s] writing list of installed files to '/home/garrett/Desktop/UAV/build/autonomous/install.log'
[2.347s] Invoked command in '/home/garrett/Desktop/UAV/src/autonomous' returned '0': PYTHONPATH=/home/garrett/Desktop/UAV/build/autonomous/prefix_override:/home/garrett/Desktop/UAV/install/autonomous/lib/python3.6/site-packages:${PYTHONPATH} /usr/bin/python3 setup.py egg_info --egg-base ../../build/autonomous build --build-base /home/garrett/Desktop/UAV/build/autonomous/build install --record /home/garrett/Desktop/UAV/build/autonomous/install.log --install-scripts $base/lib/autonomous --single-version-externally-managed
