[0.794s] Invoking command in '/home/ben/GIT/UAV/src/autonomous': PYTHONPATH=/home/ben/GIT/UAV/build/autonomous/prefix_override:/home/ben/GIT/UAV/install/autonomous/lib/python3.6/site-packages:${PYTHONPATH} /usr/bin/python3 setup.py egg_info --egg-base ../../build/autonomous build --build-base /home/ben/GIT/UAV/build/autonomous/build install --record /home/ben/GIT/UAV/build/autonomous/install.log --install-scripts $base/lib/autonomous --single-version-externally-managed
[0.996s] running egg_info
[0.997s] writing ../../build/autonomous/autonomous.egg-info/PKG-INFO
[0.998s] writing dependency_links to ../../build/autonomous/autonomous.egg-info/dependency_links.txt
[1.001s] writing entry points to ../../build/autonomous/autonomous.egg-info/entry_points.txt
[1.003s] writing requirements to ../../build/autonomous/autonomous.egg-info/requires.txt
[1.004s] writing top-level names to ../../build/autonomous/autonomous.egg-info/top_level.txt
[1.034s] reading manifest file '../../build/autonomous/autonomous.egg-info/SOURCES.txt'
[1.036s] writing manifest file '../../build/autonomous/autonomous.egg-info/SOURCES.txt'
[1.037s] running build
[1.037s] running build_py
[1.038s] running install
[1.038s] running install_lib
[1.040s] running install_data
[1.041s] running install_egg_info
[1.055s] removing '/home/ben/GIT/UAV/install/autonomous/lib/python3.6/site-packages/autonomous-0.0.0-py3.6.egg-info' (and everything under it)
[1.061s] Copying ../../build/autonomous/autonomous.egg-info to /home/ben/GIT/UAV/install/autonomous/lib/python3.6/site-packages/autonomous-0.0.0-py3.6.egg-info
[1.065s] running install_scripts
[1.085s] Installing plane script to /home/ben/GIT/UAV/install/autonomous/lib/autonomous
[1.089s] writing list of installed files to '/home/ben/GIT/UAV/build/autonomous/install.log'
[1.120s] Invoked command in '/home/ben/GIT/UAV/src/autonomous' returned '0': PYTHONPATH=/home/ben/GIT/UAV/build/autonomous/prefix_override:/home/ben/GIT/UAV/install/autonomous/lib/python3.6/site-packages:${PYTHONPATH} /usr/bin/python3 setup.py egg_info --egg-base ../../build/autonomous build --build-base /home/ben/GIT/UAV/build/autonomous/build install --record /home/ben/GIT/UAV/build/autonomous/install.log --install-scripts $base/lib/autonomous --single-version-externally-managed
