[1.922s] Invoking command in '/home/garrett/Desktop/UAV/src/communications': PYTHONPATH=/home/garrett/Desktop/UAV/build/communications/prefix_override:/home/garrett/Desktop/UAV/install/communications/lib/python3.6/site-packages:${PYTHONPATH} /usr/bin/python3 setup.py egg_info --egg-base ../../build/communications build --build-base /home/garrett/Desktop/UAV/build/communications/build install --record /home/garrett/Desktop/UAV/build/communications/install.log --install-scripts $base/lib/communications --single-version-externally-managed
[2.662s] running egg_info
[2.666s] writing ../../build/communications/communications.egg-info/PKG-INFO
[2.672s] writing dependency_links to ../../build/communications/communications.egg-info/dependency_links.txt
[2.674s] writing entry points to ../../build/communications/communications.egg-info/entry_points.txt
[2.678s] writing requirements to ../../build/communications/communications.egg-info/requires.txt
[2.679s] writing top-level names to ../../build/communications/communications.egg-info/top_level.txt
[2.831s] reading manifest file '../../build/communications/communications.egg-info/SOURCES.txt'
[2.836s] writing manifest file '../../build/communications/communications.egg-info/SOURCES.txt'
[2.838s] running build
[2.839s] running build_py
[2.841s] copying communications/main.py -> /home/garrett/Desktop/UAV/build/communications/build/lib/communications
[2.843s] running install
[2.845s] running install_lib
[2.849s] copying /home/garrett/Desktop/UAV/build/communications/build/lib/communications/main.py -> /home/garrett/Desktop/UAV/install/communications/lib/python3.6/site-packages/communications
[2.851s] byte-compiling /home/garrett/Desktop/UAV/install/communications/lib/python3.6/site-packages/communications/main.py to main.cpython-36.pyc
[2.855s] running install_data
[2.857s] running install_egg_info
[2.863s] removing '/home/garrett/Desktop/UAV/install/communications/lib/python3.6/site-packages/communications-0.0.0-py3.6.egg-info' (and everything under it)
[2.865s] Copying ../../build/communications/communications.egg-info to /home/garrett/Desktop/UAV/install/communications/lib/python3.6/site-packages/communications-0.0.0-py3.6.egg-info
[2.873s] running install_scripts
[2.970s] Installing listener script to /home/garrett/Desktop/UAV/install/communications/lib/communications
[2.973s] writing list of installed files to '/home/garrett/Desktop/UAV/build/communications/install.log'
[3.035s] Invoked command in '/home/garrett/Desktop/UAV/src/communications' returned '0': PYTHONPATH=/home/garrett/Desktop/UAV/build/communications/prefix_override:/home/garrett/Desktop/UAV/install/communications/lib/python3.6/site-packages:${PYTHONPATH} /usr/bin/python3 setup.py egg_info --egg-base ../../build/communications build --build-base /home/garrett/Desktop/UAV/build/communications/build install --record /home/garrett/Desktop/UAV/build/communications/install.log --install-scripts $base/lib/communications --single-version-externally-managed
