[2.251s] Invoking command in '/home/garrett/Desktop/UAV/src/autonomous': PYTHONPATH=/home/garrett/Desktop/UAV/build/autonomous/prefix_override:/home/garrett/Desktop/UAV/install/autonomous/lib/python3.6/site-packages:${PYTHONPATH} /usr/bin/python3 setup.py egg_info --egg-base ../../build/autonomous build --build-base /home/garrett/Desktop/UAV/build/autonomous/build install --record /home/garrett/Desktop/UAV/build/autonomous/install.log --install-scripts $base/lib/autonomous --single-version-externally-managed
[2.991s] running egg_info
[2.994s] writing ../../build/autonomous/autonomous.egg-info/PKG-INFO
[2.996s] writing dependency_links to ../../build/autonomous/autonomous.egg-info/dependency_links.txt
[2.998s] writing entry points to ../../build/autonomous/autonomous.egg-info/entry_points.txt
[3.000s] writing requirements to ../../build/autonomous/autonomous.egg-info/requires.txt
[3.001s] writing top-level names to ../../build/autonomous/autonomous.egg-info/top_level.txt
[3.117s] reading manifest file '../../build/autonomous/autonomous.egg-info/SOURCES.txt'
[3.127s] writing manifest file '../../build/autonomous/autonomous.egg-info/SOURCES.txt'
[3.131s] running build
[3.132s] running build_py
[3.134s] copying autonomous/Plane.py -> /home/garrett/Desktop/UAV/build/autonomous/build/lib/autonomous
[3.136s] running install
[3.140s] running install_lib
[3.146s] copying /home/garrett/Desktop/UAV/build/autonomous/build/lib/autonomous/Plane.py -> /home/garrett/Desktop/UAV/install/autonomous/lib/python3.6/site-packages/autonomous
[3.149s] byte-compiling /home/garrett/Desktop/UAV/install/autonomous/lib/python3.6/site-packages/autonomous/Plane.py to Plane.cpython-36.pyc
[3.160s] running install_data
[3.165s] running install_egg_info
[3.176s] removing '/home/garrett/Desktop/UAV/install/autonomous/lib/python3.6/site-packages/autonomous-0.0.0-py3.6.egg-info' (and everything under it)
[3.180s] Copying ../../build/autonomous/autonomous.egg-info to /home/garrett/Desktop/UAV/install/autonomous/lib/python3.6/site-packages/autonomous-0.0.0-py3.6.egg-info
[3.187s] running install_scripts
[3.245s] Installing talker script to /home/garrett/Desktop/UAV/install/autonomous/lib/autonomous
[3.248s] writing list of installed files to '/home/garrett/Desktop/UAV/build/autonomous/install.log'
[3.295s] Invoked command in '/home/garrett/Desktop/UAV/src/autonomous' returned '0': PYTHONPATH=/home/garrett/Desktop/UAV/build/autonomous/prefix_override:/home/garrett/Desktop/UAV/install/autonomous/lib/python3.6/site-packages:${PYTHONPATH} /usr/bin/python3 setup.py egg_info --egg-base ../../build/autonomous build --build-base /home/garrett/Desktop/UAV/build/autonomous/build install --record /home/garrett/Desktop/UAV/build/autonomous/install.log --install-scripts $base/lib/autonomous --single-version-externally-managed
