[1.727s] Invoking command in '/home/garrett/Desktop/UAV/src/autonomous': PYTHONPATH=/home/garrett/Desktop/UAV/build/autonomous/prefix_override:/home/garrett/Desktop/UAV/install/autonomous/lib/python3.6/site-packages:${PYTHONPATH} /usr/bin/python3 setup.py egg_info --egg-base ../../build/autonomous build --build-base /home/garrett/Desktop/UAV/build/autonomous/build install --record /home/garrett/Desktop/UAV/build/autonomous/install.log --install-scripts $base/lib/autonomous --single-version-externally-managed
[2.277s] running egg_info
[2.280s] writing ../../build/autonomous/autonomous.egg-info/PKG-INFO
[2.281s] writing dependency_links to ../../build/autonomous/autonomous.egg-info/dependency_links.txt
[2.283s] writing entry points to ../../build/autonomous/autonomous.egg-info/entry_points.txt
[2.284s] writing requirements to ../../build/autonomous/autonomous.egg-info/requires.txt
[2.285s] writing top-level names to ../../build/autonomous/autonomous.egg-info/top_level.txt
[2.378s] reading manifest file '../../build/autonomous/autonomous.egg-info/SOURCES.txt'
[2.383s] writing manifest file '../../build/autonomous/autonomous.egg-info/SOURCES.txt'
[2.386s] running build
[2.387s] running build_py
[2.388s] copying autonomous/Plane.py -> /home/garrett/Desktop/UAV/build/autonomous/build/lib/autonomous
[2.391s] running install
[2.393s] running install_lib
[2.396s] copying /home/garrett/Desktop/UAV/build/autonomous/build/lib/autonomous/Plane.py -> /home/garrett/Desktop/UAV/install/autonomous/lib/python3.6/site-packages/autonomous
[2.398s] byte-compiling /home/garrett/Desktop/UAV/install/autonomous/lib/python3.6/site-packages/autonomous/Plane.py to Plane.cpython-36.pyc
[2.402s] running install_data
[2.404s] running install_egg_info
[2.415s] removing '/home/garrett/Desktop/UAV/install/autonomous/lib/python3.6/site-packages/autonomous-0.0.0-py3.6.egg-info' (and everything under it)
[2.417s] Copying ../../build/autonomous/autonomous.egg-info to /home/garrett/Desktop/UAV/install/autonomous/lib/python3.6/site-packages/autonomous-0.0.0-py3.6.egg-info
[2.423s] running install_scripts
[2.469s] Installing plane script to /home/garrett/Desktop/UAV/install/autonomous/lib/autonomous
[2.472s] writing list of installed files to '/home/garrett/Desktop/UAV/build/autonomous/install.log'
[2.505s] Invoked command in '/home/garrett/Desktop/UAV/src/autonomous' returned '0': PYTHONPATH=/home/garrett/Desktop/UAV/build/autonomous/prefix_override:/home/garrett/Desktop/UAV/install/autonomous/lib/python3.6/site-packages:${PYTHONPATH} /usr/bin/python3 setup.py egg_info --egg-base ../../build/autonomous build --build-base /home/garrett/Desktop/UAV/build/autonomous/build install --record /home/garrett/Desktop/UAV/build/autonomous/install.log --install-scripts $base/lib/autonomous --single-version-externally-managed
