[0.771s] Invoking command in '/home/ben/GIT/UAV/src/HikerDetection': PYTHONPATH=/home/ben/GIT/UAV/build/HikerDetection/prefix_override:/home/ben/GIT/UAV/install/HikerDetection/lib/python3.6/site-packages:${PYTHONPATH} /usr/bin/python3 setup.py egg_info --egg-base ../../build/HikerDetection build --build-base /home/ben/GIT/UAV/build/HikerDetection/build install --record /home/ben/GIT/UAV/build/HikerDetection/install.log --install-scripts $base/lib/HikerDetection --single-version-externally-managed
[1.017s] running egg_info
[1.018s] writing ../../build/HikerDetection/HikerDetection.egg-info/PKG-INFO
[1.019s] writing dependency_links to ../../build/HikerDetection/HikerDetection.egg-info/dependency_links.txt
[1.020s] writing entry points to ../../build/HikerDetection/HikerDetection.egg-info/entry_points.txt
[1.021s] writing requirements to ../../build/HikerDetection/HikerDetection.egg-info/requires.txt
[1.022s] writing top-level names to ../../build/HikerDetection/HikerDetection.egg-info/top_level.txt
[1.057s] reading manifest file '../../build/HikerDetection/HikerDetection.egg-info/SOURCES.txt'
[1.061s] writing manifest file '../../build/HikerDetection/HikerDetection.egg-info/SOURCES.txt'
[1.061s] running build
[1.062s] running build_py
[1.062s] copying HikerDetection/Parser.py -> /home/ben/GIT/UAV/build/HikerDetection/build/lib/HikerDetection
[1.063s] running install
[1.064s] running install_lib
[1.065s] copying /home/ben/GIT/UAV/build/HikerDetection/build/lib/HikerDetection/Parser.py -> /home/ben/GIT/UAV/install/HikerDetection/lib/python3.6/site-packages/HikerDetection
[1.066s] byte-compiling /home/ben/GIT/UAV/install/HikerDetection/lib/python3.6/site-packages/HikerDetection/Parser.py to Parser.cpython-36.pyc
[1.068s] running install_data
[1.069s] running install_egg_info
[1.072s] removing '/home/ben/GIT/UAV/install/HikerDetection/lib/python3.6/site-packages/HikerDetection-0.0.0-py3.6.egg-info' (and everything under it)
[1.082s] Copying ../../build/HikerDetection/HikerDetection.egg-info to /home/ben/GIT/UAV/install/HikerDetection/lib/python3.6/site-packages/HikerDetection-0.0.0-py3.6.egg-info
[1.084s] running install_scripts
[1.100s] Installing hiker script to /home/ben/GIT/UAV/install/HikerDetection/lib/HikerDetection
[1.101s] writing list of installed files to '/home/ben/GIT/UAV/build/HikerDetection/install.log'
[1.124s] Invoked command in '/home/ben/GIT/UAV/src/HikerDetection' returned '0': PYTHONPATH=/home/ben/GIT/UAV/build/HikerDetection/prefix_override:/home/ben/GIT/UAV/install/HikerDetection/lib/python3.6/site-packages:${PYTHONPATH} /usr/bin/python3 setup.py egg_info --egg-base ../../build/HikerDetection build --build-base /home/ben/GIT/UAV/build/HikerDetection/build install --record /home/ben/GIT/UAV/build/HikerDetection/install.log --install-scripts $base/lib/HikerDetection --single-version-externally-managed
