[2.141s] Invoking command in '/home/garrett/Desktop/UAV/src/communications': PYTHONPATH=/home/garrett/Desktop/UAV/build/communications/prefix_override:/home/garrett/Desktop/UAV/install/communications/lib/python3.6/site-packages:${PYTHONPATH} /usr/bin/python3 setup.py egg_info --egg-base ../../build/communications build --build-base /home/garrett/Desktop/UAV/build/communications/build install --record /home/garrett/Desktop/UAV/build/communications/install.log --install-scripts $base/lib/communications --single-version-externally-managed
[2.810s] running egg_info
[2.813s] writing ../../build/communications/communications.egg-info/PKG-INFO
[2.815s] writing dependency_links to ../../build/communications/communications.egg-info/dependency_links.txt
[2.817s] writing entry points to ../../build/communications/communications.egg-info/entry_points.txt
[2.819s] writing requirements to ../../build/communications/communications.egg-info/requires.txt
[2.821s] writing top-level names to ../../build/communications/communications.egg-info/top_level.txt
[2.982s] reading manifest file '../../build/communications/communications.egg-info/SOURCES.txt'
[2.987s] writing manifest file '../../build/communications/communications.egg-info/SOURCES.txt'
[2.989s] running build
[2.990s] running build_py
[2.992s] copying communications/main.py -> /home/garrett/Desktop/UAV/build/communications/build/lib/communications
[2.993s] running install
[2.996s] running install_lib
[2.999s] copying /home/garrett/Desktop/UAV/build/communications/build/lib/communications/main.py -> /home/garrett/Desktop/UAV/install/communications/lib/python3.6/site-packages/communications
[3.002s] byte-compiling /home/garrett/Desktop/UAV/install/communications/lib/python3.6/site-packages/communications/main.py to main.cpython-36.pyc
[3.005s] running install_data
[3.008s] running install_egg_info
[3.014s] removing '/home/garrett/Desktop/UAV/install/communications/lib/python3.6/site-packages/communications-0.0.0-py3.6.egg-info' (and everything under it)
[3.016s] Copying ../../build/communications/communications.egg-info to /home/garrett/Desktop/UAV/install/communications/lib/python3.6/site-packages/communications-0.0.0-py3.6.egg-info
[3.020s] running install_scripts
[3.097s] Installing listener script to /home/garrett/Desktop/UAV/install/communications/lib/communications
[3.101s] writing list of installed files to '/home/garrett/Desktop/UAV/build/communications/install.log'
[3.178s] Invoked command in '/home/garrett/Desktop/UAV/src/communications' returned '0': PYTHONPATH=/home/garrett/Desktop/UAV/build/communications/prefix_override:/home/garrett/Desktop/UAV/install/communications/lib/python3.6/site-packages:${PYTHONPATH} /usr/bin/python3 setup.py egg_info --egg-base ../../build/communications build --build-base /home/garrett/Desktop/UAV/build/communications/build install --record /home/garrett/Desktop/UAV/build/communications/install.log --install-scripts $base/lib/communications --single-version-externally-managed
