-- The C compiler identification is GNU 7.5.0
-- The CXX compiler identification is GNU 7.5.0
-- Check for working C compiler: /usr/bin/cc
-- Check for working C compiler: /usr/bin/cc -- works
-- Detecting C compiler ABI info
-- Detecting C compiler ABI info - done
-- Detecting C compile features
-- Detecting C compile features - done
-- Check for working CXX compiler: /usr/bin/c++
-- Check for working CXX compiler: /usr/bin/c++ -- works
-- Detecting CXX compiler ABI info
-- Detecting CXX compiler ABI info - done
-- Detecting CXX compile features
-- Detecting CXX compile features - done
-- Found ament_cmake: 0.8.3 (/opt/ros/eloquent/share/ament_cmake/cmake)
-- Found PythonInterp: /usr/bin/python3 (found suitable version "3.6.9", minimum required is "3") 
-- Using PYTHON_EXECUTABLE: /usr/bin/python3
-- Found rclcpp: 0.8.5 (/opt/ros/eloquent/share/rclcpp/cmake)
-- Found rosidl_adapter: 0.8.3 (/opt/ros/eloquent/share/rosidl_adapter/cmake)
-- Found rmw_implementation_cmake: 0.8.1 (/opt/ros/eloquent/share/rmw_implementation_cmake/cmake)
-- Using RMW implementation 'rmw_fastrtps_cpp' as default
-- Looking for pthread.h
-- Looking for pthread.h - found
-- Looking for pthread_create
-- Looking for pthread_create - not found
-- Looking for pthread_create in pthreads
-- Looking for pthread_create in pthreads - not found
-- Looking for pthread_create in pthread
-- Looking for pthread_create in pthread - found
-- Found Threads: TRUE  
-- Found std_msgs: 0.8.1 (/opt/ros/eloquent/share/std_msgs/cmake)
-- Found OpenCV: /usr (found version "3.2.0") 
-- Configuring done
-- Generating done
-- Build files have been written to: /home/garrett/Desktop/UAV/build/red_detect
[35m[1mScanning dependencies of target ArrayPublisherExample[0m
[ 10%] [32mBuilding CXX object CMakeFiles/ArrayPublisherExample.dir/src/arrayPublisher_example.cpp.o[0m
[ 20%] [32m[1mLinking CXX executable ArrayPublisherExample[0m
[ 20%] Built target ArrayPublisherExample
[35m[1mScanning dependencies of target NodeTools[0m
[ 30%] [32mBuilding CXX object CMakeFiles/NodeTools.dir/include/red_detect/NodeTools.cpp.o[0m
[ 40%] [32m[1mLinking CXX static library libNodeTools.a[0m
[ 40%] Built target NodeTools
[35m[1mScanning dependencies of target Diagnostics[0m
[ 50%] [32mBuilding CXX object CMakeFiles/Diagnostics.dir/include/red_detect/Diagnostics.cpp.o[0m
[ 60%] [32m[1mLinking CXX static library libDiagnostics.a[0m
[ 60%] Built target Diagnostics
[35m[1mScanning dependencies of target ArraySubscriberExample[0m
[ 70%] [32mBuilding CXX object CMakeFiles/ArraySubscriberExample.dir/src/arraySubscriber_example.cpp.o[0m
[ 80%] [32m[1mLinking CXX executable ArraySubscriberExample[0m
[ 80%] Built target ArraySubscriberExample
[35m[1mScanning dependencies of target cudaCV[0m
[ 90%] [32mBuilding CXX object CMakeFiles/cudaCV.dir/src/cuda_cv.cpp.o[0m
[100%] [32m[1mLinking CXX executable cudaCV[0m
[100%] Built target cudaCV
[ 20%] Built target ArrayPublisherExample
[ 40%] Built target NodeTools
[ 60%] Built target Diagnostics
[ 80%] Built target ArraySubscriberExample
[100%] Built target cudaCV
[36mInstall the project...[0m
-- Install configuration: ""
-- Installing: /home/garrett/Desktop/UAV/install/red_detect/lib/red_detect/ArrayPublisherExample
-- Set runtime path of "/home/garrett/Desktop/UAV/install/red_detect/lib/red_detect/ArrayPublisherExample" to ""
-- Installing: /home/garrett/Desktop/UAV/install/red_detect/lib/red_detect/ArraySubscriberExample
-- Set runtime path of "/home/garrett/Desktop/UAV/install/red_detect/lib/red_detect/ArraySubscriberExample" to ""
-- Installing: /home/garrett/Desktop/UAV/install/red_detect/lib/red_detect/libNodeTools.a
-- Installing: /home/garrett/Desktop/UAV/install/red_detect/lib/red_detect/libDiagnostics.a
-- Installing: /home/garrett/Desktop/UAV/install/red_detect/lib/red_detect/cudaCV
-- Set runtime path of "/home/garrett/Desktop/UAV/install/red_detect/lib/red_detect/cudaCV" to ""
-- Installing: /home/garrett/Desktop/UAV/install/red_detect/share/ament_index/resource_index/package_run_dependencies/red_detect
-- Installing: /home/garrett/Desktop/UAV/install/red_detect/share/ament_index/resource_index/parent_prefix_path/red_detect
-- Installing: /home/garrett/Desktop/UAV/install/red_detect/share/red_detect/environment/ament_prefix_path.sh
-- Installing: /home/garrett/Desktop/UAV/install/red_detect/share/red_detect/environment/ament_prefix_path.dsv
-- Installing: /home/garrett/Desktop/UAV/install/red_detect/share/red_detect/environment/path.sh
-- Installing: /home/garrett/Desktop/UAV/install/red_detect/share/red_detect/environment/path.dsv
-- Installing: /home/garrett/Desktop/UAV/install/red_detect/share/red_detect/local_setup.bash
-- Installing: /home/garrett/Desktop/UAV/install/red_detect/share/red_detect/local_setup.sh
-- Installing: /home/garrett/Desktop/UAV/install/red_detect/share/red_detect/local_setup.zsh
-- Installing: /home/garrett/Desktop/UAV/install/red_detect/share/red_detect/local_setup.dsv
-- Installing: /home/garrett/Desktop/UAV/install/red_detect/share/red_detect/package.dsv
-- Installing: /home/garrett/Desktop/UAV/install/red_detect/share/ament_index/resource_index/packages/red_detect
-- Installing: /home/garrett/Desktop/UAV/install/red_detect/share/red_detect/cmake/red_detectConfig.cmake
-- Installing: /home/garrett/Desktop/UAV/install/red_detect/share/red_detect/cmake/red_detectConfig-version.cmake
-- Installing: /home/garrett/Desktop/UAV/install/red_detect/share/red_detect/package.xml
