[0.044s] Invoking command in '/home/garrett/Desktop/UAV/build/red_detect': CMAKE_PREFIX_PATH=/home/garrett/Desktop/UAV/install/communications:/home/garrett/Desktop/UAV/install/autonomous:/opt/ros/eloquent /usr/bin/cmake /home/garrett/Desktop/UAV/src/red_detect -DCMAKE_INSTALL_PREFIX=/home/garrett/Desktop/UAV/install/red_detect
[0.550s] -- The C compiler identification is GNU 7.5.0
[1.091s] -- The CXX compiler identification is GNU 7.5.0
[1.133s] -- Check for working C compiler: /usr/bin/cc
[1.390s] -- Check for working C compiler: /usr/bin/cc -- works
[1.395s] -- Detecting C compiler ABI info
[1.555s] -- Detecting C compiler ABI info - done
[1.576s] -- Detecting C compile features
[2.119s] -- Detecting C compile features - done
[2.131s] -- Check for working CXX compiler: /usr/bin/c++
[2.307s] -- Check for working CXX compiler: /usr/bin/c++ -- works
[2.308s] -- Detecting CXX compiler ABI info
[2.552s] -- Detecting CXX compiler ABI info - done
[2.570s] -- Detecting CXX compile features
[3.428s] -- Detecting CXX compile features - done
[3.441s] -- Found ament_cmake: 0.8.3 (/opt/ros/eloquent/share/ament_cmake/cmake)
[3.513s] -- Found PythonInterp: /usr/bin/python3 (found suitable version "3.6.9", minimum required is "3") 
[3.515s] -- Using PYTHON_EXECUTABLE: /usr/bin/python3
[4.055s] -- Found rclcpp: 0.8.5 (/opt/ros/eloquent/share/rclcpp/cmake)
[4.166s] -- Found rosidl_adapter: 0.8.3 (/opt/ros/eloquent/share/rosidl_adapter/cmake)
[4.451s] -- Found rmw_implementation_cmake: 0.8.1 (/opt/ros/eloquent/share/rmw_implementation_cmake/cmake)
[4.475s] -- Using RMW implementation 'rmw_fastrtps_cpp' as default
[4.500s] -- Looking for pthread.h
[4.794s] -- Looking for pthread.h - found
[4.799s] -- Looking for pthread_create
[4.945s] -- Looking for pthread_create - not found
[4.947s] -- Looking for pthread_create in pthreads
[5.083s] -- Looking for pthread_create in pthreads - not found
[5.084s] -- Looking for pthread_create in pthread
[5.236s] -- Looking for pthread_create in pthread - found
[5.243s] -- Found Threads: TRUE  
[5.457s] -- Found std_msgs: 0.8.1 (/opt/ros/eloquent/share/std_msgs/cmake)
[5.567s] -- Found OpenCV: /usr (found version "3.2.0") 
[6.042s] -- Configuring done
[6.286s] -- Generating done
[6.299s] -- Build files have been written to: /home/garrett/Desktop/UAV/build/red_detect
[6.315s] Invoked command in '/home/garrett/Desktop/UAV/build/red_detect' returned '0': CMAKE_PREFIX_PATH=/home/garrett/Desktop/UAV/install/communications:/home/garrett/Desktop/UAV/install/autonomous:/opt/ros/eloquent /usr/bin/cmake /home/garrett/Desktop/UAV/src/red_detect -DCMAKE_INSTALL_PREFIX=/home/garrett/Desktop/UAV/install/red_detect
[6.318s] Invoking command in '/home/garrett/Desktop/UAV/build/red_detect': CMAKE_PREFIX_PATH=/home/garrett/Desktop/UAV/install/communications:/home/garrett/Desktop/UAV/install/autonomous:/opt/ros/eloquent /usr/bin/cmake --build /home/garrett/Desktop/UAV/build/red_detect -- -j1 -l1
[6.391s] [35m[1mScanning dependencies of target ArrayPublisherExample[0m
[6.727s] [ 10%] [32mBuilding CXX object CMakeFiles/ArrayPublisherExample.dir/src/arrayPublisher_example.cpp.o[0m
[17.994s] [ 20%] [32m[1mLinking CXX executable ArrayPublisherExample[0m
[18.758s] [ 20%] Built target ArrayPublisherExample
[18.778s] [35m[1mScanning dependencies of target NodeTools[0m
[18.889s] [ 30%] [32mBuilding CXX object CMakeFiles/NodeTools.dir/include/red_detect/NodeTools.cpp.o[0m
[29.532s] [ 40%] [32m[1mLinking CXX static library libNodeTools.a[0m
[29.745s] [ 40%] Built target NodeTools
[29.793s] [35m[1mScanning dependencies of target Diagnostics[0m
[29.834s] [ 50%] [32mBuilding CXX object CMakeFiles/Diagnostics.dir/include/red_detect/Diagnostics.cpp.o[0m
[29.902s] [ 60%] [32m[1mLinking CXX static library libDiagnostics.a[0m
[29.977s] [ 60%] Built target Diagnostics
[29.999s] [35m[1mScanning dependencies of target ArraySubscriberExample[0m
[30.120s] [ 70%] [32mBuilding CXX object CMakeFiles/ArraySubscriberExample.dir/src/arraySubscriber_example.cpp.o[0m
[40.278s] [ 80%] [32m[1mLinking CXX executable ArraySubscriberExample[0m
[41.023s] [ 80%] Built target ArraySubscriberExample
[41.067s] [35m[1mScanning dependencies of target cudaCV[0m
[41.112s] [ 90%] [32mBuilding CXX object CMakeFiles/cudaCV.dir/src/cuda_cv.cpp.o[0m
[43.216s] [01m[K/home/garrett/Desktop/UAV/src/red_detect/src/cuda_cv.cpp:[m[K In function ‘[01m[Kint main()[m[K’:
[43.218s] [01m[K/home/garrett/Desktop/UAV/src/red_detect/src/cuda_cv.cpp:182:29:[m[K [01;35m[Kwarning: [m[Kcomparison between signed and unsigned integer expressions [[01;35m[K-Wsign-compare[m[K]
[43.219s]            for (int i = 0; [01;35m[Ki < squares.size()[m[K; i++){
[43.220s]                            [01;35m[K~~^~~~~~~~~~~~~~~~[m[K
[44.246s] [100%] [32m[1mLinking CXX executable cudaCV[0m
[46.073s] [100%] Built target cudaCV
[46.104s] Invoked command in '/home/garrett/Desktop/UAV/build/red_detect' returned '0': CMAKE_PREFIX_PATH=/home/garrett/Desktop/UAV/install/communications:/home/garrett/Desktop/UAV/install/autonomous:/opt/ros/eloquent /usr/bin/cmake --build /home/garrett/Desktop/UAV/build/red_detect -- -j1 -l1
[46.188s] Invoking command in '/home/garrett/Desktop/UAV/build/red_detect': CMAKE_PREFIX_PATH=/home/garrett/Desktop/UAV/install/communications:/home/garrett/Desktop/UAV/install/autonomous:/opt/ros/eloquent /usr/bin/cmake --build /home/garrett/Desktop/UAV/build/red_detect --target install -- -j1 -l1
[46.320s] [ 20%] Built target ArrayPublisherExample
[46.370s] [ 40%] Built target NodeTools
[46.406s] [ 60%] Built target Diagnostics
[46.463s] [ 80%] Built target ArraySubscriberExample
[46.511s] [100%] Built target cudaCV
[46.558s] [36mInstall the project...[0m
[46.574s] -- Install configuration: ""
[46.576s] -- Installing: /home/garrett/Desktop/UAV/install/red_detect/lib/red_detect/ArrayPublisherExample
[46.583s] -- Set runtime path of "/home/garrett/Desktop/UAV/install/red_detect/lib/red_detect/ArrayPublisherExample" to ""
[46.585s] -- Installing: /home/garrett/Desktop/UAV/install/red_detect/lib/red_detect/ArraySubscriberExample
[46.592s] -- Set runtime path of "/home/garrett/Desktop/UAV/install/red_detect/lib/red_detect/ArraySubscriberExample" to ""
[46.594s] -- Installing: /home/garrett/Desktop/UAV/install/red_detect/lib/red_detect/libNodeTools.a
[46.607s] -- Installing: /home/garrett/Desktop/UAV/install/red_detect/lib/red_detect/libDiagnostics.a
[46.610s] -- Installing: /home/garrett/Desktop/UAV/install/red_detect/lib/red_detect/cudaCV
[46.613s] -- Set runtime path of "/home/garrett/Desktop/UAV/install/red_detect/lib/red_detect/cudaCV" to ""
[46.615s] -- Installing: /home/garrett/Desktop/UAV/install/red_detect/share/ament_index/resource_index/package_run_dependencies/red_detect
[46.617s] -- Installing: /home/garrett/Desktop/UAV/install/red_detect/share/ament_index/resource_index/parent_prefix_path/red_detect
[46.619s] -- Installing: /home/garrett/Desktop/UAV/install/red_detect/share/red_detect/environment/ament_prefix_path.sh
[46.619s] -- Installing: /home/garrett/Desktop/UAV/install/red_detect/share/red_detect/environment/ament_prefix_path.dsv
[46.622s] -- Installing: /home/garrett/Desktop/UAV/install/red_detect/share/red_detect/environment/path.sh
[46.622s] -- Installing: /home/garrett/Desktop/UAV/install/red_detect/share/red_detect/environment/path.dsv
[46.623s] -- Installing: /home/garrett/Desktop/UAV/install/red_detect/share/red_detect/local_setup.bash
[46.623s] -- Installing: /home/garrett/Desktop/UAV/install/red_detect/share/red_detect/local_setup.sh
[46.625s] -- Installing: /home/garrett/Desktop/UAV/install/red_detect/share/red_detect/local_setup.zsh
[46.625s] -- Installing: /home/garrett/Desktop/UAV/install/red_detect/share/red_detect/local_setup.dsv
[46.626s] -- Installing: /home/garrett/Desktop/UAV/install/red_detect/share/red_detect/package.dsv
[46.630s] -- Installing: /home/garrett/Desktop/UAV/install/red_detect/share/ament_index/resource_index/packages/red_detect
[46.631s] -- Installing: /home/garrett/Desktop/UAV/install/red_detect/share/red_detect/cmake/red_detectConfig.cmake
[46.635s] -- Installing: /home/garrett/Desktop/UAV/install/red_detect/share/red_detect/cmake/red_detectConfig-version.cmake
[46.636s] -- Installing: /home/garrett/Desktop/UAV/install/red_detect/share/red_detect/package.xml
[46.655s] Invoked command in '/home/garrett/Desktop/UAV/build/red_detect' returned '0': CMAKE_PREFIX_PATH=/home/garrett/Desktop/UAV/install/communications:/home/garrett/Desktop/UAV/install/autonomous:/opt/ros/eloquent /usr/bin/cmake --build /home/garrett/Desktop/UAV/build/red_detect --target install -- -j1 -l1
