[0.574s] Invoking command in '/home/ben/GIT/UAV/src/communications': PYTHONPATH=/home/ben/GIT/UAV/build/communications/prefix_override:/home/ben/GIT/UAV/install/communications/lib/python3.6/site-packages:${PYTHONPATH} /usr/bin/python3 setup.py egg_info --egg-base ../../build/communications build --build-base /home/ben/GIT/UAV/build/communications/build install --record /home/ben/GIT/UAV/build/communications/install.log --install-scripts $base/lib/communications --single-version-externally-managed
[0.766s] running egg_info
[0.767s] writing ../../build/communications/communications.egg-info/PKG-INFO
[0.768s] writing dependency_links to ../../build/communications/communications.egg-info/dependency_links.txt
[0.769s] writing entry points to ../../build/communications/communications.egg-info/entry_points.txt
[0.769s] writing requirements to ../../build/communications/communications.egg-info/requires.txt
[0.770s] writing top-level names to ../../build/communications/communications.egg-info/top_level.txt
[0.800s] reading manifest file '../../build/communications/communications.egg-info/SOURCES.txt'
[0.801s] writing manifest file '../../build/communications/communications.egg-info/SOURCES.txt'
[0.803s] running build
[0.803s] running build_py
[0.804s] running install
[0.805s] running install_lib
[0.806s] running install_data
[0.807s] running install_egg_info
[0.809s] removing '/home/ben/GIT/UAV/install/communications/lib/python3.6/site-packages/communications-0.0.0-py3.6.egg-info' (and everything under it)
[0.814s] Copying ../../build/communications/communications.egg-info to /home/ben/GIT/UAV/install/communications/lib/python3.6/site-packages/communications-0.0.0-py3.6.egg-info
[0.818s] running install_scripts
[0.836s] Installing comms script to /home/ben/GIT/UAV/install/communications/lib/communications
[0.837s] writing list of installed files to '/home/ben/GIT/UAV/build/communications/install.log'
[0.859s] Invoked command in '/home/ben/GIT/UAV/src/communications' returned '0': PYTHONPATH=/home/ben/GIT/UAV/build/communications/prefix_override:/home/ben/GIT/UAV/install/communications/lib/python3.6/site-packages:${PYTHONPATH} /usr/bin/python3 setup.py egg_info --egg-base ../../build/communications build --build-base /home/ben/GIT/UAV/build/communications/build install --record /home/ben/GIT/UAV/build/communications/install.log --install-scripts $base/lib/communications --single-version-externally-managed
