[1.376s] Invoking command in '/home/garrett/Desktop/UAV/src/communications': PYTHONPATH=/home/garrett/Desktop/UAV/build/communications/prefix_override:/home/garrett/Desktop/UAV/install/communications/lib/python3.6/site-packages:${PYTHONPATH} /usr/bin/python3 setup.py egg_info --egg-base ../../build/communications build --build-base /home/garrett/Desktop/UAV/build/communications/build install --record /home/garrett/Desktop/UAV/build/communications/install.log --install-scripts $base/lib/communications --single-version-externally-managed
[1.851s] running egg_info
[1.853s] writing ../../build/communications/communications.egg-info/PKG-INFO
[1.855s] writing dependency_links to ../../build/communications/communications.egg-info/dependency_links.txt
[1.857s] writing entry points to ../../build/communications/communications.egg-info/entry_points.txt
[1.858s] writing requirements to ../../build/communications/communications.egg-info/requires.txt
[1.862s] writing top-level names to ../../build/communications/communications.egg-info/top_level.txt
[1.935s] reading manifest file '../../build/communications/communications.egg-info/SOURCES.txt'
[1.943s] writing manifest file '../../build/communications/communications.egg-info/SOURCES.txt'
[1.946s] running build
[1.947s] running build_py
[1.948s] copying communications/Comms.py -> /home/garrett/Desktop/UAV/build/communications/build/lib/communications
[1.950s] running install
[1.953s] running install_lib
[1.956s] copying /home/garrett/Desktop/UAV/build/communications/build/lib/communications/Comms.py -> /home/garrett/Desktop/UAV/install/communications/lib/python3.6/site-packages/communications
[1.962s] byte-compiling /home/garrett/Desktop/UAV/install/communications/lib/python3.6/site-packages/communications/Comms.py to Comms.cpython-36.pyc
[1.968s] running install_data
[1.971s] running install_egg_info
[1.980s] removing '/home/garrett/Desktop/UAV/install/communications/lib/python3.6/site-packages/communications-0.0.0-py3.6.egg-info' (and everything under it)
[1.989s] Copying ../../build/communications/communications.egg-info to /home/garrett/Desktop/UAV/install/communications/lib/python3.6/site-packages/communications-0.0.0-py3.6.egg-info
[1.993s] running install_scripts
[2.055s] Installing comms script to /home/garrett/Desktop/UAV/install/communications/lib/communications
[2.057s] writing list of installed files to '/home/garrett/Desktop/UAV/build/communications/install.log'
[2.095s] Invoked command in '/home/garrett/Desktop/UAV/src/communications' returned '0': PYTHONPATH=/home/garrett/Desktop/UAV/build/communications/prefix_override:/home/garrett/Desktop/UAV/install/communications/lib/python3.6/site-packages:${PYTHONPATH} /usr/bin/python3 setup.py egg_info --egg-base ../../build/communications build --build-base /home/garrett/Desktop/UAV/build/communications/build install --record /home/garrett/Desktop/UAV/build/communications/install.log --install-scripts $base/lib/communications --single-version-externally-managed
