[0.613s] Invoking command in '/home/ben/GIT/UAV/src/HikerDetection': PYTHONPATH=/home/ben/GIT/UAV/build/HikerDetection/prefix_override:/home/ben/GIT/UAV/install/HikerDetection/lib/python3.6/site-packages:${PYTHONPATH} /usr/bin/python3 setup.py egg_info --egg-base ../../build/HikerDetection build --build-base /home/ben/GIT/UAV/build/HikerDetection/build install --record /home/ben/GIT/UAV/build/HikerDetection/install.log --install-scripts $base/lib/HikerDetection --single-version-externally-managed
[0.814s] running egg_info
[0.815s] writing ../../build/HikerDetection/HikerDetection.egg-info/PKG-INFO
[0.816s] writing dependency_links to ../../build/HikerDetection/HikerDetection.egg-info/dependency_links.txt
[0.817s] writing entry points to ../../build/HikerDetection/HikerDetection.egg-info/entry_points.txt
[0.817s] writing requirements to ../../build/HikerDetection/HikerDetection.egg-info/requires.txt
[0.818s] writing top-level names to ../../build/HikerDetection/HikerDetection.egg-info/top_level.txt
[0.851s] reading manifest file '../../build/HikerDetection/HikerDetection.egg-info/SOURCES.txt'
[0.853s] writing manifest file '../../build/HikerDetection/HikerDetection.egg-info/SOURCES.txt'
[0.854s] running build
[0.854s] running build_py
[0.855s] copying HikerDetection/Parser.py -> /home/ben/GIT/UAV/build/HikerDetection/build/lib/HikerDetection
[0.856s] running install
[0.856s] running install_lib
[0.858s] copying /home/ben/GIT/UAV/build/HikerDetection/build/lib/HikerDetection/Parser.py -> /home/ben/GIT/UAV/install/HikerDetection/lib/python3.6/site-packages/HikerDetection
[0.859s] byte-compiling /home/ben/GIT/UAV/install/HikerDetection/lib/python3.6/site-packages/HikerDetection/Parser.py to Parser.cpython-36.pyc
[0.861s] running install_data
[0.862s] running install_egg_info
[0.864s] removing '/home/ben/GIT/UAV/install/HikerDetection/lib/python3.6/site-packages/HikerDetection-0.0.0-py3.6.egg-info' (and everything under it)
[0.875s] Copying ../../build/HikerDetection/HikerDetection.egg-info to /home/ben/GIT/UAV/install/HikerDetection/lib/python3.6/site-packages/HikerDetection-0.0.0-py3.6.egg-info
[0.876s] running install_scripts
[0.890s] Installing hiker script to /home/ben/GIT/UAV/install/HikerDetection/lib/HikerDetection
[0.892s] writing list of installed files to '/home/ben/GIT/UAV/build/HikerDetection/install.log'
[0.918s] Invoked command in '/home/ben/GIT/UAV/src/HikerDetection' returned '0': PYTHONPATH=/home/ben/GIT/UAV/build/HikerDetection/prefix_override:/home/ben/GIT/UAV/install/HikerDetection/lib/python3.6/site-packages:${PYTHONPATH} /usr/bin/python3 setup.py egg_info --egg-base ../../build/HikerDetection build --build-base /home/ben/GIT/UAV/build/HikerDetection/build install --record /home/ben/GIT/UAV/build/HikerDetection/install.log --install-scripts $base/lib/HikerDetection --single-version-externally-managed
