[1.571s] Invoking command in '/home/garrett/Desktop/UAV/src/autonomous': PYTHONPATH=/home/garrett/Desktop/UAV/build/autonomous/prefix_override:/home/garrett/Desktop/UAV/install/autonomous/lib/python3.6/site-packages:${PYTHONPATH} /usr/bin/python3 setup.py egg_info --egg-base ../../build/autonomous build --build-base /home/garrett/Desktop/UAV/build/autonomous/build install --record /home/garrett/Desktop/UAV/build/autonomous/install.log --install-scripts $base/lib/autonomous --single-version-externally-managed
[2.055s] running egg_info
[2.057s] writing ../../build/autonomous/autonomous.egg-info/PKG-INFO
[2.058s] writing dependency_links to ../../build/autonomous/autonomous.egg-info/dependency_links.txt
[2.059s] writing entry points to ../../build/autonomous/autonomous.egg-info/entry_points.txt
[2.061s] writing requirements to ../../build/autonomous/autonomous.egg-info/requires.txt
[2.062s] writing top-level names to ../../build/autonomous/autonomous.egg-info/top_level.txt
[2.164s] reading manifest file '../../build/autonomous/autonomous.egg-info/SOURCES.txt'
[2.174s] writing manifest file '../../build/autonomous/autonomous.egg-info/SOURCES.txt'
[2.177s] running build
[2.178s] running build_py
[2.180s] running install
[2.182s] running install_lib
[2.187s] running install_data
[2.192s] running install_egg_info
[2.197s] removing '/home/garrett/Desktop/UAV/install/autonomous/lib/python3.6/site-packages/autonomous-0.0.0-py3.6.egg-info' (and everything under it)
[2.198s] Copying ../../build/autonomous/autonomous.egg-info to /home/garrett/Desktop/UAV/install/autonomous/lib/python3.6/site-packages/autonomous-0.0.0-py3.6.egg-info
[2.200s] running install_scripts
[2.230s] Installing plane script to /home/garrett/Desktop/UAV/install/autonomous/lib/autonomous
[2.231s] writing list of installed files to '/home/garrett/Desktop/UAV/build/autonomous/install.log'
[2.260s] Invoked command in '/home/garrett/Desktop/UAV/src/autonomous' returned '0': PYTHONPATH=/home/garrett/Desktop/UAV/build/autonomous/prefix_override:/home/garrett/Desktop/UAV/install/autonomous/lib/python3.6/site-packages:${PYTHONPATH} /usr/bin/python3 setup.py egg_info --egg-base ../../build/autonomous build --build-base /home/garrett/Desktop/UAV/build/autonomous/build install --record /home/garrett/Desktop/UAV/build/autonomous/install.log --install-scripts $base/lib/autonomous --single-version-externally-managed
