[0.600s] Invoking command in '/home/ben/GIT/UAV/src/autonomous': PYTHONPATH=/home/ben/GIT/UAV/build/autonomous/prefix_override:/home/ben/GIT/UAV/install/autonomous/lib/python3.6/site-packages:${PYTHONPATH} /usr/bin/python3 setup.py egg_info --egg-base ../../build/autonomous build --build-base /home/ben/GIT/UAV/build/autonomous/build install --record /home/ben/GIT/UAV/build/autonomous/install.log --install-scripts $base/lib/autonomous --single-version-externally-managed
[0.796s] running egg_info
[0.797s] writing ../../build/autonomous/autonomous.egg-info/PKG-INFO
[0.798s] writing dependency_links to ../../build/autonomous/autonomous.egg-info/dependency_links.txt
[0.799s] writing entry points to ../../build/autonomous/autonomous.egg-info/entry_points.txt
[0.800s] writing requirements to ../../build/autonomous/autonomous.egg-info/requires.txt
[0.800s] writing top-level names to ../../build/autonomous/autonomous.egg-info/top_level.txt
[0.829s] reading manifest file '../../build/autonomous/autonomous.egg-info/SOURCES.txt'
[0.835s] writing manifest file '../../build/autonomous/autonomous.egg-info/SOURCES.txt'
[0.836s] running build
[0.836s] running build_py
[0.837s] running install
[0.838s] running install_lib
[0.839s] running install_data
[0.840s] running install_egg_info
[0.842s] removing '/home/ben/GIT/UAV/install/autonomous/lib/python3.6/site-packages/autonomous-0.0.0-py3.6.egg-info' (and everything under it)
[0.852s] Copying ../../build/autonomous/autonomous.egg-info to /home/ben/GIT/UAV/install/autonomous/lib/python3.6/site-packages/autonomous-0.0.0-py3.6.egg-info
[0.855s] running install_scripts
[0.872s] Installing plane script to /home/ben/GIT/UAV/install/autonomous/lib/autonomous
[0.874s] writing list of installed files to '/home/ben/GIT/UAV/build/autonomous/install.log'
[0.895s] Invoked command in '/home/ben/GIT/UAV/src/autonomous' returned '0': PYTHONPATH=/home/ben/GIT/UAV/build/autonomous/prefix_override:/home/ben/GIT/UAV/install/autonomous/lib/python3.6/site-packages:${PYTHONPATH} /usr/bin/python3 setup.py egg_info --egg-base ../../build/autonomous build --build-base /home/ben/GIT/UAV/build/autonomous/build install --record /home/ben/GIT/UAV/build/autonomous/install.log --install-scripts $base/lib/autonomous --single-version-externally-managed
