[0.766s] DEBUG:colcon:Command line arguments: ['/usr/bin/colcon', 'build']
[0.767s] DEBUG:colcon:Parsed command line arguments: Namespace(allow_overriding=[], ament_cmake_args=None, base_paths=['.'], build_base='build', catkin_cmake_args=None, catkin_skip_building_tests=False, cmake_args=None, cmake_clean_cache=False, cmake_clean_first=False, cmake_force_configure=False, cmake_target=None, cmake_target_skip_unavailable=False, continue_on_error=False, event_handlers=None, executor='parallel', ignore_user_meta=False, install_base='install', log_base=None, log_level=None, main=<bound method BuildVerb.main of <colcon_core.verb.build.BuildVerb object at 0x7f410d62b940>>, merge_install=False, metas=['./colcon.meta'], packages_above=None, packages_above_and_dependencies=None, packages_above_depth=None, packages_end=None, packages_ignore=None, packages_ignore_regex=None, packages_select=None, packages_select_build_failed=False, packages_select_by_dep=None, packages_select_regex=None, packages_select_test_failures=False, packages_skip=None, packages_skip_build_finished=False, packages_skip_by_dep=None, packages_skip_regex=None, packages_skip_test_passed=False, packages_skip_up_to=None, packages_start=None, packages_up_to=None, packages_up_to_regex=None, parallel_workers=1, paths=None, symlink_install=False, test_result_base=None, verb_extension=<colcon_core.verb.build.BuildVerb object at 0x7f410d62b940>, verb_name='build', verb_parser=<colcon_defaults.argument_parser.defaults.DefaultArgumentsDecorator object at 0x7f410d62bc88>)
[0.853s] Level 1:colcon.colcon_core.package_discovery:discover_packages(colcon_meta) check parameters
[0.853s] Level 1:colcon.colcon_core.package_discovery:discover_packages(recursive) check parameters
[0.853s] Level 1:colcon.colcon_core.package_discovery:discover_packages(ignore) check parameters
[0.853s] Level 1:colcon.colcon_core.package_discovery:discover_packages(path) check parameters
[0.854s] Level 1:colcon.colcon_core.package_discovery:discover_packages(colcon_meta) discover
[0.855s] Level 1:colcon.colcon_core.package_discovery:discover_packages(recursive) discover
[0.855s] INFO:colcon.colcon_core.package_discovery:Crawling recursively for packages in '/home/garrett/Desktop/UAV'
[0.856s] Level 1:colcon.colcon_core.package_identification:_identify(.) by extensions ['ignore', 'ignore_ament_install']
[0.857s] Level 1:colcon.colcon_core.package_identification:_identify(.) by extension 'ignore'
[0.857s] Level 1:colcon.colcon_core.package_identification:_identify(.) by extension 'ignore_ament_install'
[0.858s] Level 1:colcon.colcon_core.package_identification:_identify(.) by extensions ['colcon_pkg']
[0.858s] Level 1:colcon.colcon_core.package_identification:_identify(.) by extension 'colcon_pkg'
[0.858s] Level 1:colcon.colcon_core.package_identification:_identify(.) by extensions ['colcon_meta']
[0.858s] Level 1:colcon.colcon_core.package_identification:_identify(.) by extension 'colcon_meta'
[0.859s] Level 1:colcon.colcon_core.package_identification:_identify(.) by extensions ['ros']
[0.859s] Level 1:colcon.colcon_core.package_identification:_identify(.) by extension 'ros'
[0.883s] Level 1:colcon.colcon_core.package_identification:_identify(.) by extensions ['cmake', 'python']
[0.884s] Level 1:colcon.colcon_core.package_identification:_identify(.) by extension 'cmake'
[0.884s] Level 1:colcon.colcon_core.package_identification:_identify(.) by extension 'python'
[0.885s] Level 1:colcon.colcon_core.package_identification:_identify(.) by extensions ['python_setup_py']
[0.886s] Level 1:colcon.colcon_core.package_identification:_identify(.) by extension 'python_setup_py'
[0.887s] Level 1:colcon.colcon_core.package_identification:_identify(Autonomous) by extensions ['ignore', 'ignore_ament_install']
[0.887s] Level 1:colcon.colcon_core.package_identification:_identify(Autonomous) by extension 'ignore'
[0.887s] Level 1:colcon.colcon_core.package_identification:_identify(Autonomous) by extension 'ignore_ament_install'
[0.888s] Level 1:colcon.colcon_core.package_identification:_identify(Autonomous) by extensions ['colcon_pkg']
[0.888s] Level 1:colcon.colcon_core.package_identification:_identify(Autonomous) by extension 'colcon_pkg'
[0.888s] Level 1:colcon.colcon_core.package_identification:_identify(Autonomous) by extensions ['colcon_meta']
[0.888s] Level 1:colcon.colcon_core.package_identification:_identify(Autonomous) by extension 'colcon_meta'
[0.889s] Level 1:colcon.colcon_core.package_identification:_identify(Autonomous) by extensions ['ros']
[0.889s] Level 1:colcon.colcon_core.package_identification:_identify(Autonomous) by extension 'ros'
[0.889s] Level 1:colcon.colcon_core.package_identification:_identify(Autonomous) by extensions ['cmake', 'python']
[0.889s] Level 1:colcon.colcon_core.package_identification:_identify(Autonomous) by extension 'cmake'
[0.890s] Level 1:colcon.colcon_core.package_identification:_identify(Autonomous) by extension 'python'
[0.890s] Level 1:colcon.colcon_core.package_identification:_identify(Autonomous) by extensions ['python_setup_py']
[0.890s] Level 1:colcon.colcon_core.package_identification:_identify(Autonomous) by extension 'python_setup_py'
[0.891s] Level 1:colcon.colcon_core.package_identification:_identify(Autonomous/__pycache__) by extensions ['ignore', 'ignore_ament_install']
[0.891s] Level 1:colcon.colcon_core.package_identification:_identify(Autonomous/__pycache__) by extension 'ignore'
[0.891s] Level 1:colcon.colcon_core.package_identification:_identify(Autonomous/__pycache__) by extension 'ignore_ament_install'
[0.892s] Level 1:colcon.colcon_core.package_identification:_identify(Autonomous/__pycache__) by extensions ['colcon_pkg']
[0.892s] Level 1:colcon.colcon_core.package_identification:_identify(Autonomous/__pycache__) by extension 'colcon_pkg'
[0.893s] Level 1:colcon.colcon_core.package_identification:_identify(Autonomous/__pycache__) by extensions ['colcon_meta']
[0.893s] Level 1:colcon.colcon_core.package_identification:_identify(Autonomous/__pycache__) by extension 'colcon_meta'
[0.894s] Level 1:colcon.colcon_core.package_identification:_identify(Autonomous/__pycache__) by extensions ['ros']
[0.894s] Level 1:colcon.colcon_core.package_identification:_identify(Autonomous/__pycache__) by extension 'ros'
[0.895s] Level 1:colcon.colcon_core.package_identification:_identify(Autonomous/__pycache__) by extensions ['cmake', 'python']
[0.895s] Level 1:colcon.colcon_core.package_identification:_identify(Autonomous/__pycache__) by extension 'cmake'
[0.895s] Level 1:colcon.colcon_core.package_identification:_identify(Autonomous/__pycache__) by extension 'python'
[0.895s] Level 1:colcon.colcon_core.package_identification:_identify(Autonomous/__pycache__) by extensions ['python_setup_py']
[0.895s] Level 1:colcon.colcon_core.package_identification:_identify(Autonomous/__pycache__) by extension 'python_setup_py'
[0.895s] Level 1:colcon.colcon_core.package_identification:_identify(Communications) by extensions ['ignore', 'ignore_ament_install']
[0.895s] Level 1:colcon.colcon_core.package_identification:_identify(Communications) by extension 'ignore'
[0.895s] Level 1:colcon.colcon_core.package_identification:_identify(Communications) by extension 'ignore_ament_install'
[0.895s] Level 1:colcon.colcon_core.package_identification:_identify(Communications) by extensions ['colcon_pkg']
[0.895s] Level 1:colcon.colcon_core.package_identification:_identify(Communications) by extension 'colcon_pkg'
[0.896s] Level 1:colcon.colcon_core.package_identification:_identify(Communications) by extensions ['colcon_meta']
[0.896s] Level 1:colcon.colcon_core.package_identification:_identify(Communications) by extension 'colcon_meta'
[0.896s] Level 1:colcon.colcon_core.package_identification:_identify(Communications) by extensions ['ros']
[0.897s] Level 1:colcon.colcon_core.package_identification:_identify(Communications) by extension 'ros'
[0.897s] Level 1:colcon.colcon_core.package_identification:_identify(Communications) by extensions ['cmake', 'python']
[0.897s] Level 1:colcon.colcon_core.package_identification:_identify(Communications) by extension 'cmake'
[0.897s] Level 1:colcon.colcon_core.package_identification:_identify(Communications) by extension 'python'
[0.898s] Level 1:colcon.colcon_core.package_identification:_identify(Communications) by extensions ['python_setup_py']
[0.898s] Level 1:colcon.colcon_core.package_identification:_identify(Communications) by extension 'python_setup_py'
[0.898s] Level 1:colcon.colcon_core.package_identification:_identify(Communications/__pycache__) by extensions ['ignore', 'ignore_ament_install']
[0.898s] Level 1:colcon.colcon_core.package_identification:_identify(Communications/__pycache__) by extension 'ignore'
[0.898s] Level 1:colcon.colcon_core.package_identification:_identify(Communications/__pycache__) by extension 'ignore_ament_install'
[0.898s] Level 1:colcon.colcon_core.package_identification:_identify(Communications/__pycache__) by extensions ['colcon_pkg']
[0.898s] Level 1:colcon.colcon_core.package_identification:_identify(Communications/__pycache__) by extension 'colcon_pkg'
[0.898s] Level 1:colcon.colcon_core.package_identification:_identify(Communications/__pycache__) by extensions ['colcon_meta']
[0.900s] Level 1:colcon.colcon_core.package_identification:_identify(Communications/__pycache__) by extension 'colcon_meta'
[0.901s] Level 1:colcon.colcon_core.package_identification:_identify(Communications/__pycache__) by extensions ['ros']
[0.901s] Level 1:colcon.colcon_core.package_identification:_identify(Communications/__pycache__) by extension 'ros'
[0.902s] Level 1:colcon.colcon_core.package_identification:_identify(Communications/__pycache__) by extensions ['cmake', 'python']
[0.902s] Level 1:colcon.colcon_core.package_identification:_identify(Communications/__pycache__) by extension 'cmake'
[0.902s] Level 1:colcon.colcon_core.package_identification:_identify(Communications/__pycache__) by extension 'python'
[0.902s] Level 1:colcon.colcon_core.package_identification:_identify(Communications/__pycache__) by extensions ['python_setup_py']
[0.902s] Level 1:colcon.colcon_core.package_identification:_identify(Communications/__pycache__) by extension 'python_setup_py'
[0.902s] Level 1:colcon.colcon_core.package_identification:_identify(HikerDetection) by extensions ['ignore', 'ignore_ament_install']
[0.902s] Level 1:colcon.colcon_core.package_identification:_identify(HikerDetection) by extension 'ignore'
[0.903s] Level 1:colcon.colcon_core.package_identification:_identify(HikerDetection) by extension 'ignore_ament_install'
[0.903s] Level 1:colcon.colcon_core.package_identification:_identify(HikerDetection) by extensions ['colcon_pkg']
[0.903s] Level 1:colcon.colcon_core.package_identification:_identify(HikerDetection) by extension 'colcon_pkg'
[0.904s] Level 1:colcon.colcon_core.package_identification:_identify(HikerDetection) by extensions ['colcon_meta']
[0.904s] Level 1:colcon.colcon_core.package_identification:_identify(HikerDetection) by extension 'colcon_meta'
[0.904s] Level 1:colcon.colcon_core.package_identification:_identify(HikerDetection) by extensions ['ros']
[0.904s] Level 1:colcon.colcon_core.package_identification:_identify(HikerDetection) by extension 'ros'
[0.905s] Level 1:colcon.colcon_core.package_identification:_identify(HikerDetection) by extensions ['cmake', 'python']
[0.905s] Level 1:colcon.colcon_core.package_identification:_identify(HikerDetection) by extension 'cmake'
[0.905s] Level 1:colcon.colcon_core.package_identification:_identify(HikerDetection) by extension 'python'
[0.905s] Level 1:colcon.colcon_core.package_identification:_identify(HikerDetection) by extensions ['python_setup_py']
[0.905s] Level 1:colcon.colcon_core.package_identification:_identify(HikerDetection) by extension 'python_setup_py'
[0.906s] Level 1:colcon.colcon_core.package_identification:_identify(build) by extensions ['ignore', 'ignore_ament_install']
[0.906s] Level 1:colcon.colcon_core.package_identification:_identify(build) by extension 'ignore'
[0.907s] Level 1:colcon.colcon_core.package_identification:_identify(build) ignored
[0.909s] Level 1:colcon.colcon_core.package_identification:_identify(install) by extensions ['ignore', 'ignore_ament_install']
[0.909s] Level 1:colcon.colcon_core.package_identification:_identify(install) by extension 'ignore'
[0.910s] Level 1:colcon.colcon_core.package_identification:_identify(install) ignored
[0.910s] Level 1:colcon.colcon_core.package_identification:_identify(log) by extensions ['ignore', 'ignore_ament_install']
[0.910s] Level 1:colcon.colcon_core.package_identification:_identify(log) by extension 'ignore'
[0.911s] Level 1:colcon.colcon_core.package_identification:_identify(log) ignored
[0.911s] Level 1:colcon.colcon_core.package_identification:_identify(src) by extensions ['ignore', 'ignore_ament_install']
[0.911s] Level 1:colcon.colcon_core.package_identification:_identify(src) by extension 'ignore'
[0.912s] Level 1:colcon.colcon_core.package_identification:_identify(src) by extension 'ignore_ament_install'
[0.912s] Level 1:colcon.colcon_core.package_identification:_identify(src) by extensions ['colcon_pkg']
[0.912s] Level 1:colcon.colcon_core.package_identification:_identify(src) by extension 'colcon_pkg'
[0.913s] Level 1:colcon.colcon_core.package_identification:_identify(src) by extensions ['colcon_meta']
[0.913s] Level 1:colcon.colcon_core.package_identification:_identify(src) by extension 'colcon_meta'
[0.913s] Level 1:colcon.colcon_core.package_identification:_identify(src) by extensions ['ros']
[0.913s] Level 1:colcon.colcon_core.package_identification:_identify(src) by extension 'ros'
[0.914s] Level 1:colcon.colcon_core.package_identification:_identify(src) by extensions ['cmake', 'python']
[0.914s] Level 1:colcon.colcon_core.package_identification:_identify(src) by extension 'cmake'
[0.919s] Level 1:colcon.colcon_core.package_identification:_identify(src) by extension 'python'
[0.920s] Level 1:colcon.colcon_core.package_identification:_identify(src) by extensions ['python_setup_py']
[0.920s] Level 1:colcon.colcon_core.package_identification:_identify(src) by extension 'python_setup_py'
[0.920s] Level 1:colcon.colcon_core.package_identification:_identify(src/autonomous) by extensions ['ignore', 'ignore_ament_install']
[0.920s] Level 1:colcon.colcon_core.package_identification:_identify(src/autonomous) by extension 'ignore'
[0.921s] Level 1:colcon.colcon_core.package_identification:_identify(src/autonomous) by extension 'ignore_ament_install'
[0.921s] Level 1:colcon.colcon_core.package_identification:_identify(src/autonomous) by extensions ['colcon_pkg']
[0.922s] Level 1:colcon.colcon_core.package_identification:_identify(src/autonomous) by extension 'colcon_pkg'
[0.922s] Level 1:colcon.colcon_core.package_identification:_identify(src/autonomous) by extensions ['colcon_meta']
[0.922s] Level 1:colcon.colcon_core.package_identification:_identify(src/autonomous) by extension 'colcon_meta'
[0.924s] Level 1:colcon.colcon_core.package_identification:_identify(src/autonomous) by extensions ['ros']
[0.924s] Level 1:colcon.colcon_core.package_identification:_identify(src/autonomous) by extension 'ros'
[0.933s] DEBUG:colcon.colcon_core.package_identification:Package 'src/autonomous' with type 'ros.ament_python' and name 'autonomous'
[0.935s] Level 1:colcon.colcon_core.package_identification:_identify(src/communications) by extensions ['ignore', 'ignore_ament_install']
[0.936s] Level 1:colcon.colcon_core.package_identification:_identify(src/communications) by extension 'ignore'
[0.936s] Level 1:colcon.colcon_core.package_identification:_identify(src/communications) by extension 'ignore_ament_install'
[0.936s] Level 1:colcon.colcon_core.package_identification:_identify(src/communications) by extensions ['colcon_pkg']
[0.937s] Level 1:colcon.colcon_core.package_identification:_identify(src/communications) by extension 'colcon_pkg'
[0.938s] Level 1:colcon.colcon_core.package_identification:_identify(src/communications) by extensions ['colcon_meta']
[0.939s] Level 1:colcon.colcon_core.package_identification:_identify(src/communications) by extension 'colcon_meta'
[0.939s] Level 1:colcon.colcon_core.package_identification:_identify(src/communications) by extensions ['ros']
[0.940s] Level 1:colcon.colcon_core.package_identification:_identify(src/communications) by extension 'ros'
[0.942s] DEBUG:colcon.colcon_core.package_identification:Package 'src/communications' with type 'ros.ament_python' and name 'communications'
[0.943s] Level 1:colcon.colcon_core.package_discovery:discover_packages(recursive) using defaults
[0.944s] Level 1:colcon.colcon_core.package_discovery:discover_packages(ignore) discover
[0.944s] Level 1:colcon.colcon_core.package_discovery:discover_packages(ignore) using defaults
[0.944s] Level 1:colcon.colcon_core.package_discovery:discover_packages(path) discover
[0.945s] Level 1:colcon.colcon_core.package_discovery:discover_packages(path) using defaults
[0.994s] Level 1:colcon.colcon_core.package_discovery:discover_packages(prefix_path) check parameters
[0.994s] Level 1:colcon.colcon_core.package_discovery:discover_packages(prefix_path) discover
[1.001s] DEBUG:colcon.colcon_installed_package_information.package_discovery:Found 2 installed packages in /home/garrett/Desktop/UAV/install
[1.006s] DEBUG:colcon.colcon_installed_package_information.package_discovery:Found 227 installed packages in /opt/ros/eloquent
[1.010s] Level 1:colcon.colcon_core.package_discovery:discover_packages(prefix_path) using defaults
[1.203s] Level 5:colcon.colcon_core.verb:set package 'autonomous' build argument 'cmake_args' from command line to 'None'
[1.204s] Level 5:colcon.colcon_core.verb:set package 'autonomous' build argument 'cmake_target' from command line to 'None'
[1.204s] Level 5:colcon.colcon_core.verb:set package 'autonomous' build argument 'cmake_target_skip_unavailable' from command line to 'False'
[1.205s] Level 5:colcon.colcon_core.verb:set package 'autonomous' build argument 'cmake_clean_cache' from command line to 'False'
[1.205s] Level 5:colcon.colcon_core.verb:set package 'autonomous' build argument 'cmake_clean_first' from command line to 'False'
[1.206s] Level 5:colcon.colcon_core.verb:set package 'autonomous' build argument 'cmake_force_configure' from command line to 'False'
[1.206s] Level 5:colcon.colcon_core.verb:set package 'autonomous' build argument 'ament_cmake_args' from command line to 'None'
[1.207s] Level 5:colcon.colcon_core.verb:set package 'autonomous' build argument 'catkin_cmake_args' from command line to 'None'
[1.208s] Level 5:colcon.colcon_core.verb:set package 'autonomous' build argument 'catkin_skip_building_tests' from command line to 'False'
[1.208s] DEBUG:colcon.colcon_core.verb:Building package 'autonomous' with the following arguments: {'ament_cmake_args': None, 'build_base': '/home/garrett/Desktop/UAV/build/autonomous', 'catkin_cmake_args': None, 'catkin_skip_building_tests': False, 'cmake_args': None, 'cmake_clean_cache': False, 'cmake_clean_first': False, 'cmake_force_configure': False, 'cmake_target': None, 'cmake_target_skip_unavailable': False, 'install_base': '/home/garrett/Desktop/UAV/install/autonomous', 'merge_install': False, 'path': '/home/garrett/Desktop/UAV/src/autonomous', 'symlink_install': False, 'test_result_base': None}
[1.211s] Level 5:colcon.colcon_core.verb:set package 'communications' build argument 'cmake_args' from command line to 'None'
[1.212s] Level 5:colcon.colcon_core.verb:set package 'communications' build argument 'cmake_target' from command line to 'None'
[1.212s] Level 5:colcon.colcon_core.verb:set package 'communications' build argument 'cmake_target_skip_unavailable' from command line to 'False'
[1.212s] Level 5:colcon.colcon_core.verb:set package 'communications' build argument 'cmake_clean_cache' from command line to 'False'
[1.213s] Level 5:colcon.colcon_core.verb:set package 'communications' build argument 'cmake_clean_first' from command line to 'False'
[1.213s] Level 5:colcon.colcon_core.verb:set package 'communications' build argument 'cmake_force_configure' from command line to 'False'
[1.214s] Level 5:colcon.colcon_core.verb:set package 'communications' build argument 'ament_cmake_args' from command line to 'None'
[1.214s] Level 5:colcon.colcon_core.verb:set package 'communications' build argument 'catkin_cmake_args' from command line to 'None'
[1.214s] Level 5:colcon.colcon_core.verb:set package 'communications' build argument 'catkin_skip_building_tests' from command line to 'False'
[1.215s] DEBUG:colcon.colcon_core.verb:Building package 'communications' with the following arguments: {'ament_cmake_args': None, 'build_base': '/home/garrett/Desktop/UAV/build/communications', 'catkin_cmake_args': None, 'catkin_skip_building_tests': False, 'cmake_args': None, 'cmake_clean_cache': False, 'cmake_clean_first': False, 'cmake_force_configure': False, 'cmake_target': None, 'cmake_target_skip_unavailable': False, 'install_base': '/home/garrett/Desktop/UAV/install/communications', 'merge_install': False, 'path': '/home/garrett/Desktop/UAV/src/communications', 'symlink_install': False, 'test_result_base': None}
[1.217s] INFO:colcon.colcon_core.executor:Executing jobs using 'parallel' executor
[1.226s] DEBUG:colcon.colcon_parallel_executor.executor.parallel:run_until_complete
[1.226s] INFO:colcon.colcon_ros.task.ament_python.build:Building ROS package in '/home/garrett/Desktop/UAV/src/autonomous' with build type 'ament_python'
[1.227s] Level 1:colcon.colcon_core.shell:create_environment_hook('autonomous', 'ament_prefix_path')
[1.237s] INFO:colcon.colcon_core.plugin_system:Skipping extension 'colcon_core.shell.bat': Not used on non-Windows systems
[1.237s] INFO:colcon.colcon_core.shell:Creating environment hook '/home/garrett/Desktop/UAV/install/autonomous/share/autonomous/hook/ament_prefix_path.ps1'
[1.239s] INFO:colcon.colcon_core.shell:Creating environment descriptor '/home/garrett/Desktop/UAV/install/autonomous/share/autonomous/hook/ament_prefix_path.dsv'
[1.240s] INFO:colcon.colcon_core.shell:Creating environment hook '/home/garrett/Desktop/UAV/install/autonomous/share/autonomous/hook/ament_prefix_path.sh'
[1.253s] INFO:colcon.colcon_core.shell:Skip shell extension 'powershell' for command environment: Not usable outside of PowerShell
[1.254s] DEBUG:colcon.colcon_core.shell:Skip shell extension 'dsv' for command environment
[1.815s] INFO:colcon.colcon_core.task.python.build:Building Python package in '/home/garrett/Desktop/UAV/src/autonomous'
[1.822s] INFO:colcon.colcon_core.shell:Skip shell extension 'powershell' for command environment: Not usable outside of PowerShell
[1.824s] DEBUG:colcon.colcon_core.shell:Skip shell extension 'dsv' for command environment
[2.634s] DEBUG:colcon.colcon_core.event_handler.log_command:Invoking command in '/home/garrett/Desktop/UAV/src/autonomous': PYTHONPATH=/home/garrett/Desktop/UAV/build/autonomous/prefix_override:/home/garrett/Desktop/UAV/install/autonomous/lib/python3.6/site-packages:${PYTHONPATH} /usr/bin/python3 setup.py egg_info --egg-base ../../build/autonomous build --build-base /home/garrett/Desktop/UAV/build/autonomous/build install --record /home/garrett/Desktop/UAV/build/autonomous/install.log --install-scripts $base/lib/autonomous --single-version-externally-managed
[3.334s] DEBUG:colcon.colcon_core.event_handler.log_command:Invoked command in '/home/garrett/Desktop/UAV/src/autonomous' returned '0': PYTHONPATH=/home/garrett/Desktop/UAV/build/autonomous/prefix_override:/home/garrett/Desktop/UAV/install/autonomous/lib/python3.6/site-packages:${PYTHONPATH} /usr/bin/python3 setup.py egg_info --egg-base ../../build/autonomous build --build-base /home/garrett/Desktop/UAV/build/autonomous/build install --record /home/garrett/Desktop/UAV/build/autonomous/install.log --install-scripts $base/lib/autonomous --single-version-externally-managed
[3.350s] Level 1:colcon.colcon_core.environment:checking '/home/garrett/Desktop/UAV/install/autonomous' for CMake module files
[3.354s] Level 1:colcon.colcon_core.environment:checking '/home/garrett/Desktop/UAV/install/autonomous' for CMake config files
[3.358s] Level 1:colcon.colcon_core.environment:checking '/home/garrett/Desktop/UAV/install/autonomous/lib'
[3.360s] Level 1:colcon.colcon_core.environment:checking '/home/garrett/Desktop/UAV/install/autonomous/bin'
[3.361s] Level 1:colcon.colcon_core.environment:checking '/home/garrett/Desktop/UAV/install/autonomous/lib/pkgconfig/autonomous.pc'
[3.361s] Level 1:colcon.colcon_core.environment:checking '/home/garrett/Desktop/UAV/install/autonomous/lib/python3.6/site-packages'
[3.362s] Level 1:colcon.colcon_core.shell:create_environment_hook('autonomous', 'pythonpath')
[3.365s] INFO:colcon.colcon_core.shell:Creating environment hook '/home/garrett/Desktop/UAV/install/autonomous/share/autonomous/hook/pythonpath.ps1'
[3.370s] INFO:colcon.colcon_core.shell:Creating environment descriptor '/home/garrett/Desktop/UAV/install/autonomous/share/autonomous/hook/pythonpath.dsv'
[3.373s] INFO:colcon.colcon_core.shell:Creating environment hook '/home/garrett/Desktop/UAV/install/autonomous/share/autonomous/hook/pythonpath.sh'
[3.375s] Level 1:colcon.colcon_core.environment:checking '/home/garrett/Desktop/UAV/install/autonomous/bin'
[3.376s] Level 1:colcon.colcon_core.environment:create_environment_scripts_only(autonomous)
[3.384s] INFO:colcon.colcon_core.shell:Creating package script '/home/garrett/Desktop/UAV/install/autonomous/share/autonomous/package.ps1'
[3.389s] INFO:colcon.colcon_core.shell:Creating package descriptor '/home/garrett/Desktop/UAV/install/autonomous/share/autonomous/package.dsv'
[3.394s] INFO:colcon.colcon_core.shell:Creating package script '/home/garrett/Desktop/UAV/install/autonomous/share/autonomous/package.sh'
[3.399s] INFO:colcon.colcon_core.shell:Creating package script '/home/garrett/Desktop/UAV/install/autonomous/share/autonomous/package.bash'
[3.402s] INFO:colcon.colcon_core.shell:Creating package script '/home/garrett/Desktop/UAV/install/autonomous/share/autonomous/package.zsh'
[3.404s] Level 1:colcon.colcon_core.environment:create_file_with_runtime_dependencies(/home/garrett/Desktop/UAV/install/autonomous/share/colcon-core/packages/autonomous)
[3.407s] INFO:colcon.colcon_ros.task.ament_python.build:Building ROS package in '/home/garrett/Desktop/UAV/src/communications' with build type 'ament_python'
[3.408s] Level 1:colcon.colcon_core.shell:create_environment_hook('communications', 'ament_prefix_path')
[3.410s] INFO:colcon.colcon_core.shell:Creating environment hook '/home/garrett/Desktop/UAV/install/communications/share/communications/hook/ament_prefix_path.ps1'
[3.413s] INFO:colcon.colcon_core.shell:Creating environment descriptor '/home/garrett/Desktop/UAV/install/communications/share/communications/hook/ament_prefix_path.dsv'
[3.420s] INFO:colcon.colcon_core.shell:Creating environment hook '/home/garrett/Desktop/UAV/install/communications/share/communications/hook/ament_prefix_path.sh'
[3.425s] INFO:colcon.colcon_core.shell:Skip shell extension 'powershell' for command environment: Not usable outside of PowerShell
[3.427s] DEBUG:colcon.colcon_core.shell:Skip shell extension 'dsv' for command environment
[4.097s] INFO:colcon.colcon_core.task.python.build:Building Python package in '/home/garrett/Desktop/UAV/src/communications'
[4.107s] INFO:colcon.colcon_core.shell:Skip shell extension 'powershell' for command environment: Not usable outside of PowerShell
[4.107s] DEBUG:colcon.colcon_core.shell:Skip shell extension 'dsv' for command environment
[4.937s] DEBUG:colcon.colcon_core.event_handler.log_command:Invoking command in '/home/garrett/Desktop/UAV/src/communications': PYTHONPATH=/home/garrett/Desktop/UAV/build/communications/prefix_override:/home/garrett/Desktop/UAV/install/communications/lib/python3.6/site-packages:${PYTHONPATH} /usr/bin/python3 setup.py egg_info --egg-base ../../build/communications build --build-base /home/garrett/Desktop/UAV/build/communications/build install --record /home/garrett/Desktop/UAV/build/communications/install.log --install-scripts $base/lib/communications --single-version-externally-managed
[5.691s] Level 1:colcon.colcon_core.environment:checking '/home/garrett/Desktop/UAV/install/communications' for CMake module files
[5.693s] DEBUG:colcon.colcon_core.event_handler.log_command:Invoked command in '/home/garrett/Desktop/UAV/src/communications' returned '0': PYTHONPATH=/home/garrett/Desktop/UAV/build/communications/prefix_override:/home/garrett/Desktop/UAV/install/communications/lib/python3.6/site-packages:${PYTHONPATH} /usr/bin/python3 setup.py egg_info --egg-base ../../build/communications build --build-base /home/garrett/Desktop/UAV/build/communications/build install --record /home/garrett/Desktop/UAV/build/communications/install.log --install-scripts $base/lib/communications --single-version-externally-managed
[5.694s] Level 1:colcon.colcon_core.environment:checking '/home/garrett/Desktop/UAV/install/communications' for CMake config files
[5.695s] Level 1:colcon.colcon_core.environment:checking '/home/garrett/Desktop/UAV/install/communications/lib'
[5.696s] Level 1:colcon.colcon_core.environment:checking '/home/garrett/Desktop/UAV/install/communications/bin'
[5.696s] Level 1:colcon.colcon_core.environment:checking '/home/garrett/Desktop/UAV/install/communications/lib/pkgconfig/communications.pc'
[5.697s] Level 1:colcon.colcon_core.environment:checking '/home/garrett/Desktop/UAV/install/communications/lib/python3.6/site-packages'
[5.697s] Level 1:colcon.colcon_core.shell:create_environment_hook('communications', 'pythonpath')
[5.700s] INFO:colcon.colcon_core.shell:Creating environment hook '/home/garrett/Desktop/UAV/install/communications/share/communications/hook/pythonpath.ps1'
[5.701s] INFO:colcon.colcon_core.shell:Creating environment descriptor '/home/garrett/Desktop/UAV/install/communications/share/communications/hook/pythonpath.dsv'
[5.703s] INFO:colcon.colcon_core.shell:Creating environment hook '/home/garrett/Desktop/UAV/install/communications/share/communications/hook/pythonpath.sh'
[5.704s] Level 1:colcon.colcon_core.environment:checking '/home/garrett/Desktop/UAV/install/communications/bin'
[5.704s] Level 1:colcon.colcon_core.environment:create_environment_scripts_only(communications)
[5.707s] INFO:colcon.colcon_core.shell:Creating package script '/home/garrett/Desktop/UAV/install/communications/share/communications/package.ps1'
[5.709s] INFO:colcon.colcon_core.shell:Creating package descriptor '/home/garrett/Desktop/UAV/install/communications/share/communications/package.dsv'
[5.711s] INFO:colcon.colcon_core.shell:Creating package script '/home/garrett/Desktop/UAV/install/communications/share/communications/package.sh'
[5.713s] INFO:colcon.colcon_core.shell:Creating package script '/home/garrett/Desktop/UAV/install/communications/share/communications/package.bash'
[5.715s] INFO:colcon.colcon_core.shell:Creating package script '/home/garrett/Desktop/UAV/install/communications/share/communications/package.zsh'
[5.717s] Level 1:colcon.colcon_core.environment:create_file_with_runtime_dependencies(/home/garrett/Desktop/UAV/install/communications/share/colcon-core/packages/communications)
[5.719s] DEBUG:colcon.colcon_parallel_executor.executor.parallel:closing loop
[5.720s] DEBUG:colcon.colcon_parallel_executor.executor.parallel:loop closed
[5.721s] DEBUG:colcon.colcon_parallel_executor.executor.parallel:run_until_complete finished with '0'
[5.721s] DEBUG:colcon.colcon_core.event_reactor:joining thread
[5.730s] INFO:colcon.colcon_core.plugin_system:Skipping extension 'colcon_notification.desktop_notification.terminal_notifier': Not used on non-Darwin systems
[5.731s] INFO:colcon.colcon_core.plugin_system:Skipping extension 'colcon_notification.desktop_notification.win32': Not used on non-Windows systems
[5.731s] INFO:colcon.colcon_notification.desktop_notification:Sending desktop notification using 'notify2'
[5.738s] DEBUG:colcon.colcon_core.event_reactor:joined thread
[5.745s] INFO:colcon.colcon_core.shell:Creating prefix script '/home/garrett/Desktop/UAV/install/local_setup.ps1'
[5.754s] INFO:colcon.colcon_core.shell:Creating prefix util module '/home/garrett/Desktop/UAV/install/_local_setup_util_ps1.py'
[5.768s] INFO:colcon.colcon_core.shell:Creating prefix chain script '/home/garrett/Desktop/UAV/install/setup.ps1'
[5.777s] INFO:colcon.colcon_core.shell:Creating prefix script '/home/garrett/Desktop/UAV/install/local_setup.sh'
[5.781s] INFO:colcon.colcon_core.shell:Creating prefix util module '/home/garrett/Desktop/UAV/install/_local_setup_util_sh.py'
[5.785s] INFO:colcon.colcon_core.shell:Creating prefix chain script '/home/garrett/Desktop/UAV/install/setup.sh'
[5.794s] INFO:colcon.colcon_core.shell:Creating prefix script '/home/garrett/Desktop/UAV/install/local_setup.bash'
[5.798s] INFO:colcon.colcon_core.shell:Creating prefix chain script '/home/garrett/Desktop/UAV/install/setup.bash'
[5.806s] INFO:colcon.colcon_core.shell:Creating prefix script '/home/garrett/Desktop/UAV/install/local_setup.zsh'
[5.808s] INFO:colcon.colcon_core.shell:Creating prefix chain script '/home/garrett/Desktop/UAV/install/setup.zsh'
