[0.689s] Invoking command in '/home/ben/GIT/UAV/src/HikerDetection': PYTHONPATH=/home/ben/GIT/UAV/build/HikerDetection/prefix_override:/home/ben/GIT/UAV/install/HikerDetection/lib/python3.6/site-packages:${PYTHONPATH} /usr/bin/python3 setup.py egg_info --egg-base ../../build/HikerDetection build --build-base /home/ben/GIT/UAV/build/HikerDetection/build install --record /home/ben/GIT/UAV/build/HikerDetection/install.log --install-scripts $base/lib/HikerDetection --single-version-externally-managed
[0.900s] running egg_info
[0.901s] writing ../../build/HikerDetection/HikerDetection.egg-info/PKG-INFO
[0.902s] writing dependency_links to ../../build/HikerDetection/HikerDetection.egg-info/dependency_links.txt
[0.903s] writing entry points to ../../build/HikerDetection/HikerDetection.egg-info/entry_points.txt
[0.904s] writing requirements to ../../build/HikerDetection/HikerDetection.egg-info/requires.txt
[0.905s] writing top-level names to ../../build/HikerDetection/HikerDetection.egg-info/top_level.txt
[0.934s] reading manifest file '../../build/HikerDetection/HikerDetection.egg-info/SOURCES.txt'
[0.937s] writing manifest file '../../build/HikerDetection/HikerDetection.egg-info/SOURCES.txt'
[0.938s] running build
[0.939s] running build_py
[0.940s] running install
[0.941s] running install_lib
[0.942s] running install_data
[0.943s] running install_egg_info
[0.945s] removing '/home/ben/GIT/UAV/install/HikerDetection/lib/python3.6/site-packages/HikerDetection-0.0.0-py3.6.egg-info' (and everything under it)
[0.957s] Copying ../../build/HikerDetection/HikerDetection.egg-info to /home/ben/GIT/UAV/install/HikerDetection/lib/python3.6/site-packages/HikerDetection-0.0.0-py3.6.egg-info
[0.959s] running install_scripts
[0.985s] Installing hiker script to /home/ben/GIT/UAV/install/HikerDetection/lib/HikerDetection
[0.987s] writing list of installed files to '/home/ben/GIT/UAV/build/HikerDetection/install.log'
[1.013s] Invoked command in '/home/ben/GIT/UAV/src/HikerDetection' returned '0': PYTHONPATH=/home/ben/GIT/UAV/build/HikerDetection/prefix_override:/home/ben/GIT/UAV/install/HikerDetection/lib/python3.6/site-packages:${PYTHONPATH} /usr/bin/python3 setup.py egg_info --egg-base ../../build/HikerDetection build --build-base /home/ben/GIT/UAV/build/HikerDetection/build install --record /home/ben/GIT/UAV/build/HikerDetection/install.log --install-scripts $base/lib/HikerDetection --single-version-externally-managed
