[1.801s] Invoking command in '/home/garrett/Desktop/UAV/src/communications': PYTHONPATH=/home/garrett/Desktop/UAV/build/communications/prefix_override:/home/garrett/Desktop/UAV/install/communications/lib/python3.6/site-packages:${PYTHONPATH} /usr/bin/python3 setup.py egg_info --egg-base ../../build/communications build --build-base /home/garrett/Desktop/UAV/build/communications/build install --record /home/garrett/Desktop/UAV/build/communications/install.log --install-scripts $base/lib/communications --single-version-externally-managed
[2.276s] running egg_info
[2.278s] writing ../../build/communications/communications.egg-info/PKG-INFO
[2.280s] writing dependency_links to ../../build/communications/communications.egg-info/dependency_links.txt
[2.282s] writing entry points to ../../build/communications/communications.egg-info/entry_points.txt
[2.283s] writing requirements to ../../build/communications/communications.egg-info/requires.txt
[2.286s] writing top-level names to ../../build/communications/communications.egg-info/top_level.txt
[2.410s] reading manifest file '../../build/communications/communications.egg-info/SOURCES.txt'
[2.414s] writing manifest file '../../build/communications/communications.egg-info/SOURCES.txt'
[2.417s] running build
[2.418s] running build_py
[2.419s] copying communications/Comms.py -> /home/garrett/Desktop/UAV/build/communications/build/lib/communications
[2.421s] running install
[2.423s] running install_lib
[2.428s] copying /home/garrett/Desktop/UAV/build/communications/build/lib/communications/Comms.py -> /home/garrett/Desktop/UAV/install/communications/lib/python3.6/site-packages/communications
[2.430s] byte-compiling /home/garrett/Desktop/UAV/install/communications/lib/python3.6/site-packages/communications/Comms.py to Comms.cpython-36.pyc
[2.433s] running install_data
[2.436s] running install_egg_info
[2.440s] removing '/home/garrett/Desktop/UAV/install/communications/lib/python3.6/site-packages/communications-0.0.0-py3.6.egg-info' (and everything under it)
[2.448s] Copying ../../build/communications/communications.egg-info to /home/garrett/Desktop/UAV/install/communications/lib/python3.6/site-packages/communications-0.0.0-py3.6.egg-info
[2.450s] running install_scripts
[2.485s] Installing comms script to /home/garrett/Desktop/UAV/install/communications/lib/communications
[2.492s] writing list of installed files to '/home/garrett/Desktop/UAV/build/communications/install.log'
[2.527s] Invoked command in '/home/garrett/Desktop/UAV/src/communications' returned '0': PYTHONPATH=/home/garrett/Desktop/UAV/build/communications/prefix_override:/home/garrett/Desktop/UAV/install/communications/lib/python3.6/site-packages:${PYTHONPATH} /usr/bin/python3 setup.py egg_info --egg-base ../../build/communications build --build-base /home/garrett/Desktop/UAV/build/communications/build install --record /home/garrett/Desktop/UAV/build/communications/install.log --install-scripts $base/lib/communications --single-version-externally-managed
