[1.367s] Invoking command in '/home/garrett/Desktop/UAV/src/communications': PYTHONPATH=/home/garrett/Desktop/UAV/build/communications/prefix_override:/home/garrett/Desktop/UAV/install/communications/lib/python3.6/site-packages:${PYTHONPATH} /usr/bin/python3 setup.py egg_info --egg-base ../../build/communications build --build-base /home/garrett/Desktop/UAV/build/communications/build install --record /home/garrett/Desktop/UAV/build/communications/install.log --install-scripts $base/lib/communications --single-version-externally-managed
[1.871s] running egg_info
[1.877s] writing ../../build/communications/communications.egg-info/PKG-INFO
[1.879s] writing dependency_links to ../../build/communications/communications.egg-info/dependency_links.txt
[1.882s] writing entry points to ../../build/communications/communications.egg-info/entry_points.txt
[1.885s] writing requirements to ../../build/communications/communications.egg-info/requires.txt
[1.886s] writing top-level names to ../../build/communications/communications.egg-info/top_level.txt
[1.966s] reading manifest file '../../build/communications/communications.egg-info/SOURCES.txt'
[1.972s] writing manifest file '../../build/communications/communications.egg-info/SOURCES.txt'
[1.974s] running build
[1.975s] running build_py
[1.983s] copying communications/Comms.py -> /home/garrett/Desktop/UAV/build/communications/build/lib/communications
[1.984s] running install
[1.986s] running install_lib
[1.990s] copying /home/garrett/Desktop/UAV/build/communications/build/lib/communications/Comms.py -> /home/garrett/Desktop/UAV/install/communications/lib/python3.6/site-packages/communications
[1.994s] byte-compiling /home/garrett/Desktop/UAV/install/communications/lib/python3.6/site-packages/communications/Comms.py to Comms.cpython-36.pyc
[1.996s] running install_data
[1.999s] running install_egg_info
[2.005s] removing '/home/garrett/Desktop/UAV/install/communications/lib/python3.6/site-packages/communications-0.0.0-py3.6.egg-info' (and everything under it)
[2.006s] Copying ../../build/communications/communications.egg-info to /home/garrett/Desktop/UAV/install/communications/lib/python3.6/site-packages/communications-0.0.0-py3.6.egg-info
[2.009s] running install_scripts
[2.042s] Installing comms script to /home/garrett/Desktop/UAV/install/communications/lib/communications
[2.044s] writing list of installed files to '/home/garrett/Desktop/UAV/build/communications/install.log'
[2.105s] Invoked command in '/home/garrett/Desktop/UAV/src/communications' returned '0': PYTHONPATH=/home/garrett/Desktop/UAV/build/communications/prefix_override:/home/garrett/Desktop/UAV/install/communications/lib/python3.6/site-packages:${PYTHONPATH} /usr/bin/python3 setup.py egg_info --egg-base ../../build/communications build --build-base /home/garrett/Desktop/UAV/build/communications/build install --record /home/garrett/Desktop/UAV/build/communications/install.log --install-scripts $base/lib/communications --single-version-externally-managed
