[1.739s] Invoking command in '/home/garrett/Desktop/UAV/src/autonomous': PYTHONPATH=/home/garrett/Desktop/UAV/build/autonomous/prefix_override:/home/garrett/Desktop/UAV/install/autonomous/lib/python3.6/site-packages:${PYTHONPATH} /usr/bin/python3 setup.py egg_info --egg-base ../../build/autonomous build --build-base /home/garrett/Desktop/UAV/build/autonomous/build install --record /home/garrett/Desktop/UAV/build/autonomous/install.log --install-scripts $base/lib/autonomous --single-version-externally-managed
[2.269s] running egg_info
[2.271s] writing ../../build/autonomous/autonomous.egg-info/PKG-INFO
[2.273s] writing dependency_links to ../../build/autonomous/autonomous.egg-info/dependency_links.txt
[2.275s] writing entry points to ../../build/autonomous/autonomous.egg-info/entry_points.txt
[2.277s] writing requirements to ../../build/autonomous/autonomous.egg-info/requires.txt
[2.278s] writing top-level names to ../../build/autonomous/autonomous.egg-info/top_level.txt
[2.398s] reading manifest file '../../build/autonomous/autonomous.egg-info/SOURCES.txt'
[2.404s] writing manifest file '../../build/autonomous/autonomous.egg-info/SOURCES.txt'
[2.420s] running build
[2.421s] running build_py
[2.421s] copying autonomous/Plane.py -> /home/garrett/Desktop/UAV/build/autonomous/build/lib/autonomous
[2.422s] running install
[2.423s] running install_lib
[2.424s] copying /home/garrett/Desktop/UAV/build/autonomous/build/lib/autonomous/Plane.py -> /home/garrett/Desktop/UAV/install/autonomous/lib/python3.6/site-packages/autonomous
[2.425s] byte-compiling /home/garrett/Desktop/UAV/install/autonomous/lib/python3.6/site-packages/autonomous/Plane.py to Plane.cpython-36.pyc
[2.428s] running install_data
[2.429s] running install_egg_info
[2.433s] removing '/home/garrett/Desktop/UAV/install/autonomous/lib/python3.6/site-packages/autonomous-0.0.0-py3.6.egg-info' (and everything under it)
[2.439s] Copying ../../build/autonomous/autonomous.egg-info to /home/garrett/Desktop/UAV/install/autonomous/lib/python3.6/site-packages/autonomous-0.0.0-py3.6.egg-info
[2.443s] running install_scripts
[2.496s] Installing plane script to /home/garrett/Desktop/UAV/install/autonomous/lib/autonomous
[2.499s] writing list of installed files to '/home/garrett/Desktop/UAV/build/autonomous/install.log'
[2.546s] Invoked command in '/home/garrett/Desktop/UAV/src/autonomous' returned '0': PYTHONPATH=/home/garrett/Desktop/UAV/build/autonomous/prefix_override:/home/garrett/Desktop/UAV/install/autonomous/lib/python3.6/site-packages:${PYTHONPATH} /usr/bin/python3 setup.py egg_info --egg-base ../../build/autonomous build --build-base /home/garrett/Desktop/UAV/build/autonomous/build install --record /home/garrett/Desktop/UAV/build/autonomous/install.log --install-scripts $base/lib/autonomous --single-version-externally-managed
