[1.100s] Invoking command in '/home/ben/GIT/UAV/src/communications': PYTHONPATH=/home/ben/GIT/UAV/build/communications/prefix_override:/home/ben/GIT/UAV/install/communications/lib/python3.6/site-packages:${PYTHONPATH} /usr/bin/python3 setup.py egg_info --egg-base ../../build/communications build --build-base /home/ben/GIT/UAV/build/communications/build install --record /home/ben/GIT/UAV/build/communications/install.log --install-scripts $base/lib/communications --single-version-externally-managed
[1.453s] running egg_info
[1.454s] writing ../../build/communications/communications.egg-info/PKG-INFO
[1.456s] writing dependency_links to ../../build/communications/communications.egg-info/dependency_links.txt
[1.460s] writing entry points to ../../build/communications/communications.egg-info/entry_points.txt
[1.461s] writing requirements to ../../build/communications/communications.egg-info/requires.txt
[1.462s] writing top-level names to ../../build/communications/communications.egg-info/top_level.txt
[1.520s] reading manifest file '../../build/communications/communications.egg-info/SOURCES.txt'
[1.521s] writing manifest file '../../build/communications/communications.egg-info/SOURCES.txt'
[1.523s] running build
[1.523s] running build_py
[1.524s] running install
[1.527s] running install_lib
[1.529s] running install_data
[1.530s] running install_egg_info
[1.534s] removing '/home/ben/GIT/UAV/install/communications/lib/python3.6/site-packages/communications-0.0.0-py3.6.egg-info' (and everything under it)
[1.545s] Copying ../../build/communications/communications.egg-info to /home/ben/GIT/UAV/install/communications/lib/python3.6/site-packages/communications-0.0.0-py3.6.egg-info
[1.548s] running install_scripts
[1.580s] Installing comms script to /home/ben/GIT/UAV/install/communications/lib/communications
[1.583s] writing list of installed files to '/home/ben/GIT/UAV/build/communications/install.log'
[1.627s] Invoked command in '/home/ben/GIT/UAV/src/communications' returned '0': PYTHONPATH=/home/ben/GIT/UAV/build/communications/prefix_override:/home/ben/GIT/UAV/install/communications/lib/python3.6/site-packages:${PYTHONPATH} /usr/bin/python3 setup.py egg_info --egg-base ../../build/communications build --build-base /home/ben/GIT/UAV/build/communications/build install --record /home/ben/GIT/UAV/build/communications/install.log --install-scripts $base/lib/communications --single-version-externally-managed
