[1.669s] Invoking command in '/home/garrett/Desktop/UAV/src/autonomous': PYTHONPATH=/home/garrett/Desktop/UAV/build/autonomous/prefix_override:/home/garrett/Desktop/UAV/install/autonomous/lib/python3.6/site-packages:${PYTHONPATH} /usr/bin/python3 setup.py egg_info --egg-base ../../build/autonomous build --build-base /home/garrett/Desktop/UAV/build/autonomous/build install --record /home/garrett/Desktop/UAV/build/autonomous/install.log --install-scripts $base/lib/autonomous --single-version-externally-managed
[2.193s] running egg_info
[2.195s] writing ../../build/autonomous/autonomous.egg-info/PKG-INFO
[2.197s] writing dependency_links to ../../build/autonomous/autonomous.egg-info/dependency_links.txt
[2.199s] writing entry points to ../../build/autonomous/autonomous.egg-info/entry_points.txt
[2.200s] writing requirements to ../../build/autonomous/autonomous.egg-info/requires.txt
[2.201s] writing top-level names to ../../build/autonomous/autonomous.egg-info/top_level.txt
[2.312s] reading manifest file '../../build/autonomous/autonomous.egg-info/SOURCES.txt'
[2.316s] writing manifest file '../../build/autonomous/autonomous.egg-info/SOURCES.txt'
[2.318s] running build
[2.319s] running build_py
[2.320s] running install
[2.322s] running install_lib
[2.325s] running install_data
[2.327s] running install_egg_info
[2.331s] removing '/home/garrett/Desktop/UAV/install/autonomous/lib/python3.6/site-packages/autonomous-0.0.0-py3.6.egg-info' (and everything under it)
[2.350s] Copying ../../build/autonomous/autonomous.egg-info to /home/garrett/Desktop/UAV/install/autonomous/lib/python3.6/site-packages/autonomous-0.0.0-py3.6.egg-info
[2.350s] running install_scripts
[2.392s] Installing plane script to /home/garrett/Desktop/UAV/install/autonomous/lib/autonomous
[2.394s] writing list of installed files to '/home/garrett/Desktop/UAV/build/autonomous/install.log'
[2.436s] Invoked command in '/home/garrett/Desktop/UAV/src/autonomous' returned '0': PYTHONPATH=/home/garrett/Desktop/UAV/build/autonomous/prefix_override:/home/garrett/Desktop/UAV/install/autonomous/lib/python3.6/site-packages:${PYTHONPATH} /usr/bin/python3 setup.py egg_info --egg-base ../../build/autonomous build --build-base /home/garrett/Desktop/UAV/build/autonomous/build install --record /home/garrett/Desktop/UAV/build/autonomous/install.log --install-scripts $base/lib/autonomous --single-version-externally-managed
