[1.445s] Invoking command in '/home/garrett/Desktop/UAV/src/autonomous': PYTHONPATH=/home/garrett/Desktop/UAV/build/autonomous/prefix_override:/home/garrett/Desktop/UAV/install/autonomous/lib/python3.6/site-packages:${PYTHONPATH} /usr/bin/python3 setup.py egg_info --egg-base ../../build/autonomous build --build-base /home/garrett/Desktop/UAV/build/autonomous/build install --record /home/garrett/Desktop/UAV/build/autonomous/install.log --install-scripts $base/lib/autonomous --single-version-externally-managed
[1.949s] running egg_info
[1.952s] writing ../../build/autonomous/autonomous.egg-info/PKG-INFO
[1.954s] writing dependency_links to ../../build/autonomous/autonomous.egg-info/dependency_links.txt
[1.957s] writing entry points to ../../build/autonomous/autonomous.egg-info/entry_points.txt
[1.959s] writing requirements to ../../build/autonomous/autonomous.egg-info/requires.txt
[1.960s] writing top-level names to ../../build/autonomous/autonomous.egg-info/top_level.txt
[2.048s] reading manifest file '../../build/autonomous/autonomous.egg-info/SOURCES.txt'
[2.052s] writing manifest file '../../build/autonomous/autonomous.egg-info/SOURCES.txt'
[2.054s] running build
[2.055s] running build_py
[2.057s] running install
[2.058s] running install_lib
[2.061s] running install_data
[2.063s] running install_egg_info
[2.067s] removing '/home/garrett/Desktop/UAV/install/autonomous/lib/python3.6/site-packages/autonomous-0.0.0-py3.6.egg-info' (and everything under it)
[2.083s] Copying ../../build/autonomous/autonomous.egg-info to /home/garrett/Desktop/UAV/install/autonomous/lib/python3.6/site-packages/autonomous-0.0.0-py3.6.egg-info
[2.083s] running install_scripts
[2.130s] Installing plane script to /home/garrett/Desktop/UAV/install/autonomous/lib/autonomous
[2.132s] writing list of installed files to '/home/garrett/Desktop/UAV/build/autonomous/install.log'
[2.169s] Invoked command in '/home/garrett/Desktop/UAV/src/autonomous' returned '0': PYTHONPATH=/home/garrett/Desktop/UAV/build/autonomous/prefix_override:/home/garrett/Desktop/UAV/install/autonomous/lib/python3.6/site-packages:${PYTHONPATH} /usr/bin/python3 setup.py egg_info --egg-base ../../build/autonomous build --build-base /home/garrett/Desktop/UAV/build/autonomous/build install --record /home/garrett/Desktop/UAV/build/autonomous/install.log --install-scripts $base/lib/autonomous --single-version-externally-managed
