[1.375s] Invoking command in '/home/garrett/Desktop/UAV/src/autonomous': PYTHONPATH=/home/garrett/Desktop/UAV/build/autonomous/prefix_override:/home/garrett/Desktop/UAV/install/autonomous/lib/python3.6/site-packages:${PYTHONPATH} /usr/bin/python3 setup.py egg_info --egg-base ../../build/autonomous build --build-base /home/garrett/Desktop/UAV/build/autonomous/build install --record /home/garrett/Desktop/UAV/build/autonomous/install.log --install-scripts $base/lib/autonomous --single-version-externally-managed
[1.996s] running egg_info
[1.999s] writing ../../build/autonomous/autonomous.egg-info/PKG-INFO
[2.001s] writing dependency_links to ../../build/autonomous/autonomous.egg-info/dependency_links.txt
[2.003s] writing entry points to ../../build/autonomous/autonomous.egg-info/entry_points.txt
[2.004s] writing requirements to ../../build/autonomous/autonomous.egg-info/requires.txt
[2.005s] writing top-level names to ../../build/autonomous/autonomous.egg-info/top_level.txt
[2.107s] reading manifest file '../../build/autonomous/autonomous.egg-info/SOURCES.txt'
[2.111s] writing manifest file '../../build/autonomous/autonomous.egg-info/SOURCES.txt'
[2.113s] running build
[2.114s] running build_py
[2.115s] copying autonomous/Plane.py -> /home/garrett/Desktop/UAV/build/autonomous/build/lib/autonomous
[2.117s] running install
[2.119s] running install_lib
[2.121s] copying /home/garrett/Desktop/UAV/build/autonomous/build/lib/autonomous/Plane.py -> /home/garrett/Desktop/UAV/install/autonomous/lib/python3.6/site-packages/autonomous
[2.123s] byte-compiling /home/garrett/Desktop/UAV/install/autonomous/lib/python3.6/site-packages/autonomous/Plane.py to Plane.cpython-36.pyc
[2.130s] running install_data
[2.132s] running install_egg_info
[2.136s] removing '/home/garrett/Desktop/UAV/install/autonomous/lib/python3.6/site-packages/autonomous-0.0.0-py3.6.egg-info' (and everything under it)
[2.146s] Copying ../../build/autonomous/autonomous.egg-info to /home/garrett/Desktop/UAV/install/autonomous/lib/python3.6/site-packages/autonomous-0.0.0-py3.6.egg-info
[2.146s] running install_scripts
[2.184s] Installing plane script to /home/garrett/Desktop/UAV/install/autonomous/lib/autonomous
[2.186s] writing list of installed files to '/home/garrett/Desktop/UAV/build/autonomous/install.log'
[2.248s] Invoked command in '/home/garrett/Desktop/UAV/src/autonomous' returned '0': PYTHONPATH=/home/garrett/Desktop/UAV/build/autonomous/prefix_override:/home/garrett/Desktop/UAV/install/autonomous/lib/python3.6/site-packages:${PYTHONPATH} /usr/bin/python3 setup.py egg_info --egg-base ../../build/autonomous build --build-base /home/garrett/Desktop/UAV/build/autonomous/build install --record /home/garrett/Desktop/UAV/build/autonomous/install.log --install-scripts $base/lib/autonomous --single-version-externally-managed
