[1.326s] Invoking command in '/home/garrett/Desktop/UAV/src/autonomous': PYTHONPATH=/home/garrett/Desktop/UAV/build/autonomous/prefix_override:/home/garrett/Desktop/UAV/install/autonomous/lib/python3.6/site-packages:${PYTHONPATH} /usr/bin/python3 setup.py egg_info --egg-base ../../build/autonomous build --build-base /home/garrett/Desktop/UAV/build/autonomous/build install --record /home/garrett/Desktop/UAV/build/autonomous/install.log --install-scripts $base/lib/autonomous --single-version-externally-managed
[1.803s] running egg_info
[1.805s] writing ../../build/autonomous/autonomous.egg-info/PKG-INFO
[1.808s] writing dependency_links to ../../build/autonomous/autonomous.egg-info/dependency_links.txt
[1.810s] writing entry points to ../../build/autonomous/autonomous.egg-info/entry_points.txt
[1.812s] writing requirements to ../../build/autonomous/autonomous.egg-info/requires.txt
[1.813s] writing top-level names to ../../build/autonomous/autonomous.egg-info/top_level.txt
[1.914s] reading manifest file '../../build/autonomous/autonomous.egg-info/SOURCES.txt'
[1.918s] writing manifest file '../../build/autonomous/autonomous.egg-info/SOURCES.txt'
[1.923s] running build
[1.925s] running build_py
[1.927s] copying autonomous/Plane.py -> /home/garrett/Desktop/UAV/build/autonomous/build/lib/autonomous
[1.930s] running install
[1.932s] running install_lib
[1.937s] copying /home/garrett/Desktop/UAV/build/autonomous/build/lib/autonomous/Plane.py -> /home/garrett/Desktop/UAV/install/autonomous/lib/python3.6/site-packages/autonomous
[1.939s] byte-compiling /home/garrett/Desktop/UAV/install/autonomous/lib/python3.6/site-packages/autonomous/Plane.py to Plane.cpython-36.pyc
[1.952s] running install_data
[1.954s] running install_egg_info
[1.959s] removing '/home/garrett/Desktop/UAV/install/autonomous/lib/python3.6/site-packages/autonomous-0.0.0-py3.6.egg-info' (and everything under it)
[1.971s] Copying ../../build/autonomous/autonomous.egg-info to /home/garrett/Desktop/UAV/install/autonomous/lib/python3.6/site-packages/autonomous-0.0.0-py3.6.egg-info
[1.972s] running install_scripts
[2.000s] Installing plane script to /home/garrett/Desktop/UAV/install/autonomous/lib/autonomous
[2.002s] writing list of installed files to '/home/garrett/Desktop/UAV/build/autonomous/install.log'
[2.032s] Invoked command in '/home/garrett/Desktop/UAV/src/autonomous' returned '0': PYTHONPATH=/home/garrett/Desktop/UAV/build/autonomous/prefix_override:/home/garrett/Desktop/UAV/install/autonomous/lib/python3.6/site-packages:${PYTHONPATH} /usr/bin/python3 setup.py egg_info --egg-base ../../build/autonomous build --build-base /home/garrett/Desktop/UAV/build/autonomous/build install --record /home/garrett/Desktop/UAV/build/autonomous/install.log --install-scripts $base/lib/autonomous --single-version-externally-managed
