[0.563s] Invoking command in '/home/ben/GIT/UAV/src/communications': PYTHONPATH=/home/ben/GIT/UAV/build/communications/prefix_override:/home/ben/GIT/UAV/install/communications/lib/python3.6/site-packages:${PYTHONPATH} /usr/bin/python3 setup.py egg_info --egg-base ../../build/communications build --build-base /home/ben/GIT/UAV/build/communications/build install --record /home/ben/GIT/UAV/build/communications/install.log --install-scripts $base/lib/communications --single-version-externally-managed
[0.766s] running egg_info
[0.766s] writing ../../build/communications/communications.egg-info/PKG-INFO
[0.767s] writing dependency_links to ../../build/communications/communications.egg-info/dependency_links.txt
[0.768s] writing entry points to ../../build/communications/communications.egg-info/entry_points.txt
[0.768s] writing requirements to ../../build/communications/communications.egg-info/requires.txt
[0.768s] writing top-level names to ../../build/communications/communications.egg-info/top_level.txt
[0.802s] reading manifest file '../../build/communications/communications.egg-info/SOURCES.txt'
[0.803s] writing manifest file '../../build/communications/communications.egg-info/SOURCES.txt'
[0.807s] running build
[0.808s] running build_py
[0.808s] running install
[0.809s] running install_lib
[0.810s] running install_data
[0.810s] running install_egg_info
[0.812s] removing '/home/ben/GIT/UAV/install/communications/lib/python3.6/site-packages/communications-0.0.0-py3.6.egg-info' (and everything under it)
[0.813s] Copying ../../build/communications/communications.egg-info to /home/ben/GIT/UAV/install/communications/lib/python3.6/site-packages/communications-0.0.0-py3.6.egg-info
[0.813s] running install_scripts
[0.831s] Installing comms script to /home/ben/GIT/UAV/install/communications/lib/communications
[0.832s] writing list of installed files to '/home/ben/GIT/UAV/build/communications/install.log'
[0.853s] Invoked command in '/home/ben/GIT/UAV/src/communications' returned '0': PYTHONPATH=/home/ben/GIT/UAV/build/communications/prefix_override:/home/ben/GIT/UAV/install/communications/lib/python3.6/site-packages:${PYTHONPATH} /usr/bin/python3 setup.py egg_info --egg-base ../../build/communications build --build-base /home/ben/GIT/UAV/build/communications/build install --record /home/ben/GIT/UAV/build/communications/install.log --install-scripts $base/lib/communications --single-version-externally-managed
