[1.397s] Invoking command in '/home/garrett/Desktop/UAV/src/communications': PYTHONPATH=/home/garrett/Desktop/UAV/build/communications/prefix_override:/home/garrett/Desktop/UAV/install/communications/lib/python3.6/site-packages:${PYTHONPATH} /usr/bin/python3 setup.py egg_info --egg-base ../../build/communications build --build-base /home/garrett/Desktop/UAV/build/communications/build install --record /home/garrett/Desktop/UAV/build/communications/install.log --install-scripts $base/lib/communications --single-version-externally-managed
[1.871s] running egg_info
[1.873s] writing ../../build/communications/communications.egg-info/PKG-INFO
[1.879s] writing dependency_links to ../../build/communications/communications.egg-info/dependency_links.txt
[1.879s] writing entry points to ../../build/communications/communications.egg-info/entry_points.txt
[1.881s] writing requirements to ../../build/communications/communications.egg-info/requires.txt
[1.881s] writing top-level names to ../../build/communications/communications.egg-info/top_level.txt
[1.968s] reading manifest file '../../build/communications/communications.egg-info/SOURCES.txt'
[1.971s] writing manifest file '../../build/communications/communications.egg-info/SOURCES.txt'
[1.977s] running build
[1.980s] running build_py
[1.982s] running install
[1.986s] running install_lib
[1.993s] running install_data
[1.996s] running install_egg_info
[2.004s] removing '/home/garrett/Desktop/UAV/install/communications/lib/python3.6/site-packages/communications-0.0.0-py3.6.egg-info' (and everything under it)
[2.021s] Copying ../../build/communications/communications.egg-info to /home/garrett/Desktop/UAV/install/communications/lib/python3.6/site-packages/communications-0.0.0-py3.6.egg-info
[2.021s] running install_scripts
[2.065s] writing list of installed files to '/home/garrett/Desktop/UAV/build/communications/install.log'
[2.111s] Invoked command in '/home/garrett/Desktop/UAV/src/communications' returned '0': PYTHONPATH=/home/garrett/Desktop/UAV/build/communications/prefix_override:/home/garrett/Desktop/UAV/install/communications/lib/python3.6/site-packages:${PYTHONPATH} /usr/bin/python3 setup.py egg_info --egg-base ../../build/communications build --build-base /home/garrett/Desktop/UAV/build/communications/build install --record /home/garrett/Desktop/UAV/build/communications/install.log --install-scripts $base/lib/communications --single-version-externally-managed
