[1.377s] Invoking command in '/home/garrett/Desktop/UAV/src/communications': PYTHONPATH=/home/garrett/Desktop/UAV/build/communications/prefix_override:/home/garrett/Desktop/UAV/install/communications/lib/python3.6/site-packages:${PYTHONPATH} /usr/bin/python3 setup.py egg_info --egg-base ../../build/communications build --build-base /home/garrett/Desktop/UAV/build/communications/build install --record /home/garrett/Desktop/UAV/build/communications/install.log --install-scripts $base/lib/communications --single-version-externally-managed
[1.819s] running egg_info
[1.821s] writing ../../build/communications/communications.egg-info/PKG-INFO
[1.823s] writing dependency_links to ../../build/communications/communications.egg-info/dependency_links.txt
[1.825s] writing entry points to ../../build/communications/communications.egg-info/entry_points.txt
[1.826s] writing requirements to ../../build/communications/communications.egg-info/requires.txt
[1.828s] writing top-level names to ../../build/communications/communications.egg-info/top_level.txt
[1.930s] reading manifest file '../../build/communications/communications.egg-info/SOURCES.txt'
[1.933s] writing manifest file '../../build/communications/communications.egg-info/SOURCES.txt'
[1.935s] running build
[1.936s] running build_py
[1.938s] copying communications/Comms.py -> /home/garrett/Desktop/UAV/build/communications/build/lib/communications
[1.940s] running install
[1.942s] running install_lib
[1.944s] copying /home/garrett/Desktop/UAV/build/communications/build/lib/communications/Comms.py -> /home/garrett/Desktop/UAV/install/communications/lib/python3.6/site-packages/communications
[1.947s] byte-compiling /home/garrett/Desktop/UAV/install/communications/lib/python3.6/site-packages/communications/Comms.py to Comms.cpython-36.pyc
[1.950s] running install_data
[1.953s] running install_egg_info
[1.958s] removing '/home/garrett/Desktop/UAV/install/communications/lib/python3.6/site-packages/communications-0.0.0-py3.6.egg-info' (and everything under it)
[1.968s] Copying ../../build/communications/communications.egg-info to /home/garrett/Desktop/UAV/install/communications/lib/python3.6/site-packages/communications-0.0.0-py3.6.egg-info
[1.973s] running install_scripts
[2.007s] Installing comms script to /home/garrett/Desktop/UAV/install/communications/lib/communications
[2.009s] writing list of installed files to '/home/garrett/Desktop/UAV/build/communications/install.log'
[2.054s] Invoked command in '/home/garrett/Desktop/UAV/src/communications' returned '0': PYTHONPATH=/home/garrett/Desktop/UAV/build/communications/prefix_override:/home/garrett/Desktop/UAV/install/communications/lib/python3.6/site-packages:${PYTHONPATH} /usr/bin/python3 setup.py egg_info --egg-base ../../build/communications build --build-base /home/garrett/Desktop/UAV/build/communications/build install --record /home/garrett/Desktop/UAV/build/communications/install.log --install-scripts $base/lib/communications --single-version-externally-managed
