[2.221s] Invoking command in '/home/garrett/Desktop/UAV/src/communications': PYTHONPATH=/home/garrett/Desktop/UAV/build/communications/prefix_override:/home/garrett/Desktop/UAV/install/communications/lib/python3.6/site-packages:${PYTHONPATH} /usr/bin/python3 setup.py egg_info --egg-base ../../build/communications build --build-base /home/garrett/Desktop/UAV/build/communications/build install --record /home/garrett/Desktop/UAV/build/communications/install.log --install-scripts $base/lib/communications --single-version-externally-managed
[2.955s] running egg_info
[2.961s] writing ../../build/communications/communications.egg-info/PKG-INFO
[2.964s] writing dependency_links to ../../build/communications/communications.egg-info/dependency_links.txt
[2.968s] writing entry points to ../../build/communications/communications.egg-info/entry_points.txt
[2.970s] writing requirements to ../../build/communications/communications.egg-info/requires.txt
[2.972s] writing top-level names to ../../build/communications/communications.egg-info/top_level.txt
[3.109s] reading manifest file '../../build/communications/communications.egg-info/SOURCES.txt'
[3.114s] writing manifest file '../../build/communications/communications.egg-info/SOURCES.txt'
[3.116s] running build
[3.117s] running build_py
[3.120s] copying communications/main.py -> /home/garrett/Desktop/UAV/build/communications/build/lib/communications
[3.122s] running install
[3.124s] running install_lib
[3.128s] copying /home/garrett/Desktop/UAV/build/communications/build/lib/communications/main.py -> /home/garrett/Desktop/UAV/install/communications/lib/python3.6/site-packages/communications
[3.131s] byte-compiling /home/garrett/Desktop/UAV/install/communications/lib/python3.6/site-packages/communications/main.py to main.cpython-36.pyc
[3.134s] running install_data
[3.143s] running install_egg_info
[3.162s] removing '/home/garrett/Desktop/UAV/install/communications/lib/python3.6/site-packages/communications-0.0.0-py3.6.egg-info' (and everything under it)
[3.165s] Copying ../../build/communications/communications.egg-info to /home/garrett/Desktop/UAV/install/communications/lib/python3.6/site-packages/communications-0.0.0-py3.6.egg-info
[3.171s] running install_scripts
[3.253s] Installing listener script to /home/garrett/Desktop/UAV/install/communications/lib/communications
[3.256s] writing list of installed files to '/home/garrett/Desktop/UAV/build/communications/install.log'
[3.324s] Invoked command in '/home/garrett/Desktop/UAV/src/communications' returned '0': PYTHONPATH=/home/garrett/Desktop/UAV/build/communications/prefix_override:/home/garrett/Desktop/UAV/install/communications/lib/python3.6/site-packages:${PYTHONPATH} /usr/bin/python3 setup.py egg_info --egg-base ../../build/communications build --build-base /home/garrett/Desktop/UAV/build/communications/build install --record /home/garrett/Desktop/UAV/build/communications/install.log --install-scripts $base/lib/communications --single-version-externally-managed
