[1.605s] Invoking command in '/home/garrett/Desktop/UAV/src/autonomous': PYTHONPATH=/home/garrett/Desktop/UAV/build/autonomous/prefix_override:/home/garrett/Desktop/UAV/install/autonomous/lib/python3.6/site-packages:${PYTHONPATH} /usr/bin/python3 setup.py egg_info --egg-base ../../build/autonomous build --build-base /home/garrett/Desktop/UAV/build/autonomous/build install --record /home/garrett/Desktop/UAV/build/autonomous/install.log --install-scripts $base/lib/autonomous --single-version-externally-managed
[2.167s] running egg_info
[2.169s] writing ../../build/autonomous/autonomous.egg-info/PKG-INFO
[2.171s] writing dependency_links to ../../build/autonomous/autonomous.egg-info/dependency_links.txt
[2.172s] writing entry points to ../../build/autonomous/autonomous.egg-info/entry_points.txt
[2.173s] writing requirements to ../../build/autonomous/autonomous.egg-info/requires.txt
[2.175s] writing top-level names to ../../build/autonomous/autonomous.egg-info/top_level.txt
[2.240s] reading manifest file '../../build/autonomous/autonomous.egg-info/SOURCES.txt'
[2.244s] writing manifest file '../../build/autonomous/autonomous.egg-info/SOURCES.txt'
[2.245s] running build
[2.246s] running build_py
[2.248s] running install
[2.249s] running install_lib
[2.259s] running install_data
[2.263s] running install_egg_info
[2.271s] removing '/home/garrett/Desktop/UAV/install/autonomous/lib/python3.6/site-packages/autonomous-0.0.0-py3.6.egg-info' (and everything under it)
[2.274s] Copying ../../build/autonomous/autonomous.egg-info to /home/garrett/Desktop/UAV/install/autonomous/lib/python3.6/site-packages/autonomous-0.0.0-py3.6.egg-info
[2.277s] running install_scripts
[2.326s] Installing plane script to /home/garrett/Desktop/UAV/install/autonomous/lib/autonomous
[2.328s] writing list of installed files to '/home/garrett/Desktop/UAV/build/autonomous/install.log'
[2.374s] Invoked command in '/home/garrett/Desktop/UAV/src/autonomous' returned '0': PYTHONPATH=/home/garrett/Desktop/UAV/build/autonomous/prefix_override:/home/garrett/Desktop/UAV/install/autonomous/lib/python3.6/site-packages:${PYTHONPATH} /usr/bin/python3 setup.py egg_info --egg-base ../../build/autonomous build --build-base /home/garrett/Desktop/UAV/build/autonomous/build install --record /home/garrett/Desktop/UAV/build/autonomous/install.log --install-scripts $base/lib/autonomous --single-version-externally-managed
