[1.549s] Invoking command in '/home/garrett/Desktop/UAV/src/autonomous': PYTHONPATH=/home/garrett/Desktop/UAV/build/autonomous/prefix_override:/home/garrett/Desktop/UAV/install/autonomous/lib/python3.6/site-packages:${PYTHONPATH} /usr/bin/python3 setup.py egg_info --egg-base ../../build/autonomous build --build-base /home/garrett/Desktop/UAV/build/autonomous/build install --record /home/garrett/Desktop/UAV/build/autonomous/install.log --install-scripts $base/lib/autonomous --single-version-externally-managed
[2.021s] running egg_info
[2.028s] writing ../../build/autonomous/autonomous.egg-info/PKG-INFO
[2.031s] writing dependency_links to ../../build/autonomous/autonomous.egg-info/dependency_links.txt
[2.034s] writing entry points to ../../build/autonomous/autonomous.egg-info/entry_points.txt
[2.038s] writing requirements to ../../build/autonomous/autonomous.egg-info/requires.txt
[2.040s] writing top-level names to ../../build/autonomous/autonomous.egg-info/top_level.txt
[2.111s] reading manifest file '../../build/autonomous/autonomous.egg-info/SOURCES.txt'
[2.114s] writing manifest file '../../build/autonomous/autonomous.egg-info/SOURCES.txt'
[2.117s] running build
[2.118s] running build_py
[2.119s] running install
[2.121s] running install_lib
[2.124s] running install_data
[2.126s] running install_egg_info
[2.131s] removing '/home/garrett/Desktop/UAV/install/autonomous/lib/python3.6/site-packages/autonomous-0.0.0-py3.6.egg-info' (and everything under it)
[2.144s] Copying ../../build/autonomous/autonomous.egg-info to /home/garrett/Desktop/UAV/install/autonomous/lib/python3.6/site-packages/autonomous-0.0.0-py3.6.egg-info
[2.147s] running install_scripts
[2.217s] Installing plane script to /home/garrett/Desktop/UAV/install/autonomous/lib/autonomous
[2.219s] writing list of installed files to '/home/garrett/Desktop/UAV/build/autonomous/install.log'
[2.263s] Invoked command in '/home/garrett/Desktop/UAV/src/autonomous' returned '0': PYTHONPATH=/home/garrett/Desktop/UAV/build/autonomous/prefix_override:/home/garrett/Desktop/UAV/install/autonomous/lib/python3.6/site-packages:${PYTHONPATH} /usr/bin/python3 setup.py egg_info --egg-base ../../build/autonomous build --build-base /home/garrett/Desktop/UAV/build/autonomous/build install --record /home/garrett/Desktop/UAV/build/autonomous/install.log --install-scripts $base/lib/autonomous --single-version-externally-managed
