[1.588s] Invoking command in '/home/garrett/Desktop/UAV/src/autonomous': PYTHONPATH=/home/garrett/Desktop/UAV/build/autonomous/prefix_override:/home/garrett/Desktop/UAV/install/autonomous/lib/python3.6/site-packages:${PYTHONPATH} /usr/bin/python3 setup.py egg_info --egg-base ../../build/autonomous build --build-base /home/garrett/Desktop/UAV/build/autonomous/build install --record /home/garrett/Desktop/UAV/build/autonomous/install.log --install-scripts $base/lib/autonomous --single-version-externally-managed
[2.062s] running egg_info
[2.065s] writing ../../build/autonomous/autonomous.egg-info/PKG-INFO
[2.066s] writing dependency_links to ../../build/autonomous/autonomous.egg-info/dependency_links.txt
[2.068s] writing entry points to ../../build/autonomous/autonomous.egg-info/entry_points.txt
[2.069s] writing requirements to ../../build/autonomous/autonomous.egg-info/requires.txt
[2.071s] writing top-level names to ../../build/autonomous/autonomous.egg-info/top_level.txt
[2.147s] reading manifest file '../../build/autonomous/autonomous.egg-info/SOURCES.txt'
[2.151s] writing manifest file '../../build/autonomous/autonomous.egg-info/SOURCES.txt'
[2.153s] running build
[2.155s] running build_py
[2.157s] running install
[2.159s] running install_lib
[2.162s] running install_data
[2.169s] running install_egg_info
[2.177s] removing '/home/garrett/Desktop/UAV/install/autonomous/lib/python3.6/site-packages/autonomous-0.0.0-py3.6.egg-info' (and everything under it)
[2.179s] Copying ../../build/autonomous/autonomous.egg-info to /home/garrett/Desktop/UAV/install/autonomous/lib/python3.6/site-packages/autonomous-0.0.0-py3.6.egg-info
[2.183s] running install_scripts
[2.236s] Installing plane script to /home/garrett/Desktop/UAV/install/autonomous/lib/autonomous
[2.237s] writing list of installed files to '/home/garrett/Desktop/UAV/build/autonomous/install.log'
[2.272s] Invoked command in '/home/garrett/Desktop/UAV/src/autonomous' returned '0': PYTHONPATH=/home/garrett/Desktop/UAV/build/autonomous/prefix_override:/home/garrett/Desktop/UAV/install/autonomous/lib/python3.6/site-packages:${PYTHONPATH} /usr/bin/python3 setup.py egg_info --egg-base ../../build/autonomous build --build-base /home/garrett/Desktop/UAV/build/autonomous/build install --record /home/garrett/Desktop/UAV/build/autonomous/install.log --install-scripts $base/lib/autonomous --single-version-externally-managed
