[0.517s] Invoking command in '/home/ben/GIT/UAV/src/communications': PYTHONPATH=/home/ben/GIT/UAV/build/communications/prefix_override:/home/ben/GIT/UAV/install/communications/lib/python3.6/site-packages:${PYTHONPATH} /usr/bin/python3 setup.py egg_info --egg-base ../../build/communications build --build-base /home/ben/GIT/UAV/build/communications/build install --record /home/ben/GIT/UAV/build/communications/install.log --install-scripts $base/lib/communications --single-version-externally-managed
[0.696s] running egg_info
[0.697s] writing ../../build/communications/communications.egg-info/PKG-INFO
[0.698s] writing dependency_links to ../../build/communications/communications.egg-info/dependency_links.txt
[0.699s] writing entry points to ../../build/communications/communications.egg-info/entry_points.txt
[0.699s] writing requirements to ../../build/communications/communications.egg-info/requires.txt
[0.700s] writing top-level names to ../../build/communications/communications.egg-info/top_level.txt
[0.728s] reading manifest file '../../build/communications/communications.egg-info/SOURCES.txt'
[0.730s] writing manifest file '../../build/communications/communications.egg-info/SOURCES.txt'
[0.730s] running build
[0.731s] running build_py
[0.731s] running install
[0.732s] running install_lib
[0.733s] running install_data
[0.734s] running install_egg_info
[0.736s] removing '/home/ben/GIT/UAV/install/communications/lib/python3.6/site-packages/communications-0.0.0-py3.6.egg-info' (and everything under it)
[0.742s] Copying ../../build/communications/communications.egg-info to /home/ben/GIT/UAV/install/communications/lib/python3.6/site-packages/communications-0.0.0-py3.6.egg-info
[0.746s] running install_scripts
[0.761s] Installing comms script to /home/ben/GIT/UAV/install/communications/lib/communications
[0.762s] writing list of installed files to '/home/ben/GIT/UAV/build/communications/install.log'
[0.781s] Invoked command in '/home/ben/GIT/UAV/src/communications' returned '0': PYTHONPATH=/home/ben/GIT/UAV/build/communications/prefix_override:/home/ben/GIT/UAV/install/communications/lib/python3.6/site-packages:${PYTHONPATH} /usr/bin/python3 setup.py egg_info --egg-base ../../build/communications build --build-base /home/ben/GIT/UAV/build/communications/build install --record /home/ben/GIT/UAV/build/communications/install.log --install-scripts $base/lib/communications --single-version-externally-managed
