[2.175s] Invoking command in '/home/garrett/Desktop/UAV/src/communications': PYTHONPATH=/home/garrett/Desktop/UAV/build/communications/prefix_override:/home/garrett/Desktop/UAV/install/communications/lib/python3.6/site-packages:${PYTHONPATH} /usr/bin/python3 setup.py egg_info --egg-base ../../build/communications build --build-base /home/garrett/Desktop/UAV/build/communications/build install --record /home/garrett/Desktop/UAV/build/communications/install.log --install-scripts $base/lib/communications --single-version-externally-managed
[2.870s] running egg_info
[2.875s] writing ../../build/communications/communications.egg-info/PKG-INFO
[2.878s] writing dependency_links to ../../build/communications/communications.egg-info/dependency_links.txt
[2.882s] writing entry points to ../../build/communications/communications.egg-info/entry_points.txt
[2.884s] writing requirements to ../../build/communications/communications.egg-info/requires.txt
[2.885s] writing top-level names to ../../build/communications/communications.egg-info/top_level.txt
[2.999s] reading manifest file '../../build/communications/communications.egg-info/SOURCES.txt'
[3.009s] writing manifest file '../../build/communications/communications.egg-info/SOURCES.txt'
[3.014s] running build
[3.015s] running build_py
[3.018s] copying communications/Comms.py -> /home/garrett/Desktop/UAV/build/communications/build/lib/communications
[3.026s] running install
[3.035s] running install_lib
[3.042s] copying /home/garrett/Desktop/UAV/build/communications/build/lib/communications/Comms.py -> /home/garrett/Desktop/UAV/install/communications/lib/python3.6/site-packages/communications
[3.048s] byte-compiling /home/garrett/Desktop/UAV/install/communications/lib/python3.6/site-packages/communications/Comms.py to Comms.cpython-36.pyc
[3.056s] running install_data
[3.063s] running install_egg_info
[3.092s] removing '/home/garrett/Desktop/UAV/install/communications/lib/python3.6/site-packages/communications-0.0.0-py3.6.egg-info' (and everything under it)
[3.102s] Copying ../../build/communications/communications.egg-info to /home/garrett/Desktop/UAV/install/communications/lib/python3.6/site-packages/communications-0.0.0-py3.6.egg-info
[3.105s] running install_scripts
[3.196s] Installing comms script to /home/garrett/Desktop/UAV/install/communications/lib/communications
[3.199s] writing list of installed files to '/home/garrett/Desktop/UAV/build/communications/install.log'
[3.284s] Invoked command in '/home/garrett/Desktop/UAV/src/communications' returned '0': PYTHONPATH=/home/garrett/Desktop/UAV/build/communications/prefix_override:/home/garrett/Desktop/UAV/install/communications/lib/python3.6/site-packages:${PYTHONPATH} /usr/bin/python3 setup.py egg_info --egg-base ../../build/communications build --build-base /home/garrett/Desktop/UAV/build/communications/build install --record /home/garrett/Desktop/UAV/build/communications/install.log --install-scripts $base/lib/communications --single-version-externally-managed
