[1.061s] Invoking command in '/home/ben/GIT/UAV/src/autonomous': PYTHONPATH=/home/ben/GIT/UAV/build/autonomous/prefix_override:/home/ben/GIT/UAV/install/autonomous/lib/python3.6/site-packages:${PYTHONPATH} /usr/bin/python3 setup.py egg_info --egg-base ../../build/autonomous build --build-base /home/ben/GIT/UAV/build/autonomous/build install --record /home/ben/GIT/UAV/build/autonomous/install.log --install-scripts $base/lib/autonomous --single-version-externally-managed
[1.428s] running egg_info
[1.432s] writing ../../build/autonomous/autonomous.egg-info/PKG-INFO
[1.433s] writing dependency_links to ../../build/autonomous/autonomous.egg-info/dependency_links.txt
[1.434s] writing entry points to ../../build/autonomous/autonomous.egg-info/entry_points.txt
[1.435s] writing requirements to ../../build/autonomous/autonomous.egg-info/requires.txt
[1.437s] writing top-level names to ../../build/autonomous/autonomous.egg-info/top_level.txt
[1.490s] reading manifest file '../../build/autonomous/autonomous.egg-info/SOURCES.txt'
[1.495s] writing manifest file '../../build/autonomous/autonomous.egg-info/SOURCES.txt'
[1.496s] running build
[1.497s] running build_py
[1.503s] running install
[1.504s] running install_lib
[1.508s] running install_data
[1.509s] running install_egg_info
[1.512s] removing '/home/ben/GIT/UAV/install/autonomous/lib/python3.6/site-packages/autonomous-0.0.0-py3.6.egg-info' (and everything under it)
[1.528s] Copying ../../build/autonomous/autonomous.egg-info to /home/ben/GIT/UAV/install/autonomous/lib/python3.6/site-packages/autonomous-0.0.0-py3.6.egg-info
[1.532s] running install_scripts
[1.568s] Installing plane script to /home/ben/GIT/UAV/install/autonomous/lib/autonomous
[1.570s] writing list of installed files to '/home/ben/GIT/UAV/build/autonomous/install.log'
[1.604s] Invoked command in '/home/ben/GIT/UAV/src/autonomous' returned '0': PYTHONPATH=/home/ben/GIT/UAV/build/autonomous/prefix_override:/home/ben/GIT/UAV/install/autonomous/lib/python3.6/site-packages:${PYTHONPATH} /usr/bin/python3 setup.py egg_info --egg-base ../../build/autonomous build --build-base /home/ben/GIT/UAV/build/autonomous/build install --record /home/ben/GIT/UAV/build/autonomous/install.log --install-scripts $base/lib/autonomous --single-version-externally-managed
