[1.381s] Invoking command in '/home/garrett/Desktop/UAV/src/communications': PYTHONPATH=/home/garrett/Desktop/UAV/build/communications/prefix_override:/home/garrett/Desktop/UAV/install/communications/lib/python3.6/site-packages:${PYTHONPATH} /usr/bin/python3 setup.py egg_info --egg-base ../../build/communications build --build-base /home/garrett/Desktop/UAV/build/communications/build install --record /home/garrett/Desktop/UAV/build/communications/install.log --install-scripts $base/lib/communications --single-version-externally-managed
[1.871s] running egg_info
[1.875s] writing ../../build/communications/communications.egg-info/PKG-INFO
[1.878s] writing dependency_links to ../../build/communications/communications.egg-info/dependency_links.txt
[1.880s] writing entry points to ../../build/communications/communications.egg-info/entry_points.txt
[1.882s] writing requirements to ../../build/communications/communications.egg-info/requires.txt
[1.884s] writing top-level names to ../../build/communications/communications.egg-info/top_level.txt
[1.995s] reading manifest file '../../build/communications/communications.egg-info/SOURCES.txt'
[2.001s] writing manifest file '../../build/communications/communications.egg-info/SOURCES.txt'
[2.002s] running build
[2.003s] running build_py
[2.004s] copying communications/Comms.py -> /home/garrett/Desktop/UAV/build/communications/build/lib/communications
[2.007s] running install
[2.010s] running install_lib
[2.015s] copying /home/garrett/Desktop/UAV/build/communications/build/lib/communications/Comms.py -> /home/garrett/Desktop/UAV/install/communications/lib/python3.6/site-packages/communications
[2.018s] byte-compiling /home/garrett/Desktop/UAV/install/communications/lib/python3.6/site-packages/communications/Comms.py to Comms.cpython-36.pyc
[2.020s] running install_data
[2.022s] running install_egg_info
[2.026s] removing '/home/garrett/Desktop/UAV/install/communications/lib/python3.6/site-packages/communications-0.0.0-py3.6.egg-info' (and everything under it)
[2.028s] Copying ../../build/communications/communications.egg-info to /home/garrett/Desktop/UAV/install/communications/lib/python3.6/site-packages/communications-0.0.0-py3.6.egg-info
[2.030s] running install_scripts
[2.064s] Installing comms script to /home/garrett/Desktop/UAV/install/communications/lib/communications
[2.066s] writing list of installed files to '/home/garrett/Desktop/UAV/build/communications/install.log'
[2.102s] Invoked command in '/home/garrett/Desktop/UAV/src/communications' returned '0': PYTHONPATH=/home/garrett/Desktop/UAV/build/communications/prefix_override:/home/garrett/Desktop/UAV/install/communications/lib/python3.6/site-packages:${PYTHONPATH} /usr/bin/python3 setup.py egg_info --egg-base ../../build/communications build --build-base /home/garrett/Desktop/UAV/build/communications/build install --record /home/garrett/Desktop/UAV/build/communications/install.log --install-scripts $base/lib/communications --single-version-externally-managed
