[0.515s] Invoking command in '/home/ben/GIT/UAV/src/autonomous': PYTHONPATH=/home/ben/GIT/UAV/build/autonomous/prefix_override:/home/ben/GIT/UAV/install/autonomous/lib/python3.6/site-packages:${PYTHONPATH} /usr/bin/python3 setup.py egg_info --egg-base ../../build/autonomous build --build-base /home/ben/GIT/UAV/build/autonomous/build install --record /home/ben/GIT/UAV/build/autonomous/install.log --install-scripts $base/lib/autonomous --single-version-externally-managed
[0.703s] running egg_info
[0.704s] writing ../../build/autonomous/autonomous.egg-info/PKG-INFO
[0.705s] writing dependency_links to ../../build/autonomous/autonomous.egg-info/dependency_links.txt
[0.706s] writing entry points to ../../build/autonomous/autonomous.egg-info/entry_points.txt
[0.707s] writing requirements to ../../build/autonomous/autonomous.egg-info/requires.txt
[0.707s] writing top-level names to ../../build/autonomous/autonomous.egg-info/top_level.txt
[0.735s] reading manifest file '../../build/autonomous/autonomous.egg-info/SOURCES.txt'
[0.736s] writing manifest file '../../build/autonomous/autonomous.egg-info/SOURCES.txt'
[0.737s] running build
[0.737s] running build_py
[0.738s] running install
[0.739s] running install_lib
[0.740s] running install_data
[0.741s] running install_egg_info
[0.743s] removing '/home/ben/GIT/UAV/install/autonomous/lib/python3.6/site-packages/autonomous-0.0.0-py3.6.egg-info' (and everything under it)
[0.751s] Copying ../../build/autonomous/autonomous.egg-info to /home/ben/GIT/UAV/install/autonomous/lib/python3.6/site-packages/autonomous-0.0.0-py3.6.egg-info
[0.752s] running install_scripts
[0.768s] Installing plane script to /home/ben/GIT/UAV/install/autonomous/lib/autonomous
[0.769s] writing list of installed files to '/home/ben/GIT/UAV/build/autonomous/install.log'
[0.788s] Invoked command in '/home/ben/GIT/UAV/src/autonomous' returned '0': PYTHONPATH=/home/ben/GIT/UAV/build/autonomous/prefix_override:/home/ben/GIT/UAV/install/autonomous/lib/python3.6/site-packages:${PYTHONPATH} /usr/bin/python3 setup.py egg_info --egg-base ../../build/autonomous build --build-base /home/ben/GIT/UAV/build/autonomous/build install --record /home/ben/GIT/UAV/build/autonomous/install.log --install-scripts $base/lib/autonomous --single-version-externally-managed
