[0.567s] Invoking command in '/home/ben/GIT/UAV/src/HikerDetection': PYTHONPATH=/home/ben/GIT/UAV/build/HikerDetection/prefix_override:/home/ben/GIT/UAV/install/HikerDetection/lib/python3.6/site-packages:${PYTHONPATH} /usr/bin/python3 setup.py egg_info --egg-base ../../build/HikerDetection build --build-base /home/ben/GIT/UAV/build/HikerDetection/build install --record /home/ben/GIT/UAV/build/HikerDetection/install.log --install-scripts $base/lib/HikerDetection --single-version-externally-managed
[0.758s] running egg_info
[0.760s] writing ../../build/HikerDetection/HikerDetection.egg-info/PKG-INFO
[0.761s] writing dependency_links to ../../build/HikerDetection/HikerDetection.egg-info/dependency_links.txt
[0.762s] writing entry points to ../../build/HikerDetection/HikerDetection.egg-info/entry_points.txt
[0.763s] writing requirements to ../../build/HikerDetection/HikerDetection.egg-info/requires.txt
[0.763s] writing top-level names to ../../build/HikerDetection/HikerDetection.egg-info/top_level.txt
[0.801s] reading manifest file '../../build/HikerDetection/HikerDetection.egg-info/SOURCES.txt'
[0.802s] writing manifest file '../../build/HikerDetection/HikerDetection.egg-info/SOURCES.txt'
[0.803s] running build
[0.804s] running build_py
[0.804s] copying HikerDetection/Parser.py -> /home/ben/GIT/UAV/build/HikerDetection/build/lib/HikerDetection
[0.805s] running install
[0.806s] running install_lib
[0.807s] copying /home/ben/GIT/UAV/build/HikerDetection/build/lib/HikerDetection/Parser.py -> /home/ben/GIT/UAV/install/HikerDetection/lib/python3.6/site-packages/HikerDetection
[0.809s] byte-compiling /home/ben/GIT/UAV/install/HikerDetection/lib/python3.6/site-packages/HikerDetection/Parser.py to Parser.cpython-36.pyc
[0.811s] running install_data
[0.813s] running install_egg_info
[0.815s] removing '/home/ben/GIT/UAV/install/HikerDetection/lib/python3.6/site-packages/HikerDetection-0.0.0-py3.6.egg-info' (and everything under it)
[0.828s] Copying ../../build/HikerDetection/HikerDetection.egg-info to /home/ben/GIT/UAV/install/HikerDetection/lib/python3.6/site-packages/HikerDetection-0.0.0-py3.6.egg-info
[0.831s] running install_scripts
[0.850s] Installing hiker script to /home/ben/GIT/UAV/install/HikerDetection/lib/HikerDetection
[0.851s] writing list of installed files to '/home/ben/GIT/UAV/build/HikerDetection/install.log'
[0.870s] Invoked command in '/home/ben/GIT/UAV/src/HikerDetection' returned '0': PYTHONPATH=/home/ben/GIT/UAV/build/HikerDetection/prefix_override:/home/ben/GIT/UAV/install/HikerDetection/lib/python3.6/site-packages:${PYTHONPATH} /usr/bin/python3 setup.py egg_info --egg-base ../../build/HikerDetection build --build-base /home/ben/GIT/UAV/build/HikerDetection/build install --record /home/ben/GIT/UAV/build/HikerDetection/install.log --install-scripts $base/lib/HikerDetection --single-version-externally-managed
