[2.777s] Invoking command in '/home/garrett/Desktop/UAV/src/communications': PYTHONPATH=/home/garrett/Desktop/UAV/build/communications/prefix_override:/home/garrett/Desktop/UAV/install/communications/lib/python3.6/site-packages:${PYTHONPATH} /usr/bin/python3 setup.py egg_info --egg-base ../../build/communications build --build-base /home/garrett/Desktop/UAV/build/communications/build install --record /home/garrett/Desktop/UAV/build/communications/install.log --install-scripts $base/lib/communications --single-version-externally-managed
[3.965s] running egg_info
[3.972s] writing ../../build/communications/communications.egg-info/PKG-INFO
[3.975s] writing dependency_links to ../../build/communications/communications.egg-info/dependency_links.txt
[3.977s] writing entry points to ../../build/communications/communications.egg-info/entry_points.txt
[3.980s] writing requirements to ../../build/communications/communications.egg-info/requires.txt
[3.984s] writing top-level names to ../../build/communications/communications.egg-info/top_level.txt
[4.173s] reading manifest file '../../build/communications/communications.egg-info/SOURCES.txt'
[4.180s] writing manifest file '../../build/communications/communications.egg-info/SOURCES.txt'
[4.182s] running build
[4.184s] running build_py
[4.186s] running install
[4.191s] running install_lib
[4.196s] running install_data
[4.198s] running install_egg_info
[4.206s] removing '/home/garrett/Desktop/UAV/install/communications/lib/python3.6/site-packages/communications-0.0.0-py3.6.egg-info' (and everything under it)
[4.221s] Copying ../../build/communications/communications.egg-info to /home/garrett/Desktop/UAV/install/communications/lib/python3.6/site-packages/communications-0.0.0-py3.6.egg-info
[4.227s] running install_scripts
[4.329s] Installing comms script to /home/garrett/Desktop/UAV/install/communications/lib/communications
[4.333s] writing list of installed files to '/home/garrett/Desktop/UAV/build/communications/install.log'
[4.447s] Invoked command in '/home/garrett/Desktop/UAV/src/communications' returned '0': PYTHONPATH=/home/garrett/Desktop/UAV/build/communications/prefix_override:/home/garrett/Desktop/UAV/install/communications/lib/python3.6/site-packages:${PYTHONPATH} /usr/bin/python3 setup.py egg_info --egg-base ../../build/communications build --build-base /home/garrett/Desktop/UAV/build/communications/build install --record /home/garrett/Desktop/UAV/build/communications/install.log --install-scripts $base/lib/communications --single-version-externally-managed
