[1.485s] Invoking command in '/home/garrett/Desktop/UAV/src/communications': PYTHONPATH=/home/garrett/Desktop/UAV/build/communications/prefix_override:/home/garrett/Desktop/UAV/install/communications/lib/python3.6/site-packages:${PYTHONPATH} /usr/bin/python3 setup.py egg_info --egg-base ../../build/communications build --build-base /home/garrett/Desktop/UAV/build/communications/build install --record /home/garrett/Desktop/UAV/build/communications/install.log --install-scripts $base/lib/communications --single-version-externally-managed
[1.983s] running egg_info
[1.985s] writing ../../build/communications/communications.egg-info/PKG-INFO
[1.987s] writing dependency_links to ../../build/communications/communications.egg-info/dependency_links.txt
[1.989s] writing entry points to ../../build/communications/communications.egg-info/entry_points.txt
[1.991s] writing requirements to ../../build/communications/communications.egg-info/requires.txt
[1.992s] writing top-level names to ../../build/communications/communications.egg-info/top_level.txt
[2.067s] reading manifest file '../../build/communications/communications.egg-info/SOURCES.txt'
[2.070s] writing manifest file '../../build/communications/communications.egg-info/SOURCES.txt'
[2.071s] running build
[2.073s] running build_py
[2.075s] copying communications/Comms.py -> /home/garrett/Desktop/UAV/build/communications/build/lib/communications
[2.077s] running install
[2.078s] running install_lib
[2.081s] copying /home/garrett/Desktop/UAV/build/communications/build/lib/communications/Comms.py -> /home/garrett/Desktop/UAV/install/communications/lib/python3.6/site-packages/communications
[2.083s] byte-compiling /home/garrett/Desktop/UAV/install/communications/lib/python3.6/site-packages/communications/Comms.py to Comms.cpython-36.pyc
[2.087s] running install_data
[2.089s] running install_egg_info
[2.094s] removing '/home/garrett/Desktop/UAV/install/communications/lib/python3.6/site-packages/communications-0.0.0-py3.6.egg-info' (and everything under it)
[2.107s] Copying ../../build/communications/communications.egg-info to /home/garrett/Desktop/UAV/install/communications/lib/python3.6/site-packages/communications-0.0.0-py3.6.egg-info
[2.111s] running install_scripts
[2.154s] Installing comms script to /home/garrett/Desktop/UAV/install/communications/lib/communications
[2.156s] writing list of installed files to '/home/garrett/Desktop/UAV/build/communications/install.log'
[2.191s] Invoked command in '/home/garrett/Desktop/UAV/src/communications' returned '0': PYTHONPATH=/home/garrett/Desktop/UAV/build/communications/prefix_override:/home/garrett/Desktop/UAV/install/communications/lib/python3.6/site-packages:${PYTHONPATH} /usr/bin/python3 setup.py egg_info --egg-base ../../build/communications build --build-base /home/garrett/Desktop/UAV/build/communications/build install --record /home/garrett/Desktop/UAV/build/communications/install.log --install-scripts $base/lib/communications --single-version-externally-managed
