[0.240s] DEBUG:colcon:Command line arguments: ['/usr/bin/colcon', 'build']
[0.240s] DEBUG:colcon:Parsed command line arguments: Namespace(allow_overriding=[], ament_cmake_args=None, base_paths=['.'], build_base='build', catkin_cmake_args=None, catkin_skip_building_tests=False, cmake_args=None, cmake_clean_cache=False, cmake_clean_first=False, cmake_force_configure=False, cmake_target=None, cmake_target_skip_unavailable=False, continue_on_error=False, event_handlers=None, executor='parallel', ignore_user_meta=False, install_base='install', log_base=None, log_level=None, main=<bound method BuildVerb.main of <colcon_core.verb.build.BuildVerb object at 0x7f25b13d7ba8>>, merge_install=False, metas=['./colcon.meta'], packages_above=None, packages_above_and_dependencies=None, packages_above_depth=None, packages_end=None, packages_ignore=None, packages_ignore_regex=None, packages_select=None, packages_select_build_failed=False, packages_select_by_dep=None, packages_select_regex=None, packages_select_test_failures=False, packages_skip=None, packages_skip_build_finished=False, packages_skip_by_dep=None, packages_skip_regex=None, packages_skip_test_passed=False, packages_skip_up_to=None, packages_start=None, packages_up_to=None, packages_up_to_regex=None, parallel_workers=1, paths=None, symlink_install=False, test_result_base=None, verb_extension=<colcon_core.verb.build.BuildVerb object at 0x7f25b13d7ba8>, verb_name='build', verb_parser=<colcon_defaults.argument_parser.defaults.DefaultArgumentsDecorator object at 0x7f25b13d7ef0>)
[0.269s] Level 1:colcon.colcon_core.package_discovery:discover_packages(colcon_meta) check parameters
[0.269s] Level 1:colcon.colcon_core.package_discovery:discover_packages(recursive) check parameters
[0.269s] Level 1:colcon.colcon_core.package_discovery:discover_packages(ignore) check parameters
[0.269s] Level 1:colcon.colcon_core.package_discovery:discover_packages(path) check parameters
[0.269s] Level 1:colcon.colcon_core.package_discovery:discover_packages(colcon_meta) discover
[0.270s] Level 1:colcon.colcon_core.package_discovery:discover_packages(recursive) discover
[0.270s] INFO:colcon.colcon_core.package_discovery:Crawling recursively for packages in '/home/ben/GIT/UAV'
[0.270s] Level 1:colcon.colcon_core.package_identification:_identify(.) by extensions ['ignore', 'ignore_ament_install']
[0.270s] Level 1:colcon.colcon_core.package_identification:_identify(.) by extension 'ignore'
[0.270s] Level 1:colcon.colcon_core.package_identification:_identify(.) by extension 'ignore_ament_install'
[0.270s] Level 1:colcon.colcon_core.package_identification:_identify(.) by extensions ['colcon_pkg']
[0.270s] Level 1:colcon.colcon_core.package_identification:_identify(.) by extension 'colcon_pkg'
[0.271s] Level 1:colcon.colcon_core.package_identification:_identify(.) by extensions ['colcon_meta']
[0.271s] Level 1:colcon.colcon_core.package_identification:_identify(.) by extension 'colcon_meta'
[0.271s] Level 1:colcon.colcon_core.package_identification:_identify(.) by extensions ['ros']
[0.271s] Level 1:colcon.colcon_core.package_identification:_identify(.) by extension 'ros'
[0.280s] Level 1:colcon.colcon_core.package_identification:_identify(.) by extensions ['cmake', 'python']
[0.280s] Level 1:colcon.colcon_core.package_identification:_identify(.) by extension 'cmake'
[0.280s] Level 1:colcon.colcon_core.package_identification:_identify(.) by extension 'python'
[0.281s] Level 1:colcon.colcon_core.package_identification:_identify(.) by extensions ['python_setup_py']
[0.281s] Level 1:colcon.colcon_core.package_identification:_identify(.) by extension 'python_setup_py'
[0.281s] Level 1:colcon.colcon_core.package_identification:_identify(Autonomous) by extensions ['ignore', 'ignore_ament_install']
[0.281s] Level 1:colcon.colcon_core.package_identification:_identify(Autonomous) by extension 'ignore'
[0.281s] Level 1:colcon.colcon_core.package_identification:_identify(Autonomous) by extension 'ignore_ament_install'
[0.281s] Level 1:colcon.colcon_core.package_identification:_identify(Autonomous) by extensions ['colcon_pkg']
[0.281s] Level 1:colcon.colcon_core.package_identification:_identify(Autonomous) by extension 'colcon_pkg'
[0.281s] Level 1:colcon.colcon_core.package_identification:_identify(Autonomous) by extensions ['colcon_meta']
[0.281s] Level 1:colcon.colcon_core.package_identification:_identify(Autonomous) by extension 'colcon_meta'
[0.281s] Level 1:colcon.colcon_core.package_identification:_identify(Autonomous) by extensions ['ros']
[0.282s] Level 1:colcon.colcon_core.package_identification:_identify(Autonomous) by extension 'ros'
[0.282s] Level 1:colcon.colcon_core.package_identification:_identify(Autonomous) by extensions ['cmake', 'python']
[0.282s] Level 1:colcon.colcon_core.package_identification:_identify(Autonomous) by extension 'cmake'
[0.282s] Level 1:colcon.colcon_core.package_identification:_identify(Autonomous) by extension 'python'
[0.282s] Level 1:colcon.colcon_core.package_identification:_identify(Autonomous) by extensions ['python_setup_py']
[0.282s] Level 1:colcon.colcon_core.package_identification:_identify(Autonomous) by extension 'python_setup_py'
[0.282s] Level 1:colcon.colcon_core.package_identification:_identify(Autonomous/__pycache__) by extensions ['ignore', 'ignore_ament_install']
[0.282s] Level 1:colcon.colcon_core.package_identification:_identify(Autonomous/__pycache__) by extension 'ignore'
[0.282s] Level 1:colcon.colcon_core.package_identification:_identify(Autonomous/__pycache__) by extension 'ignore_ament_install'
[0.283s] Level 1:colcon.colcon_core.package_identification:_identify(Autonomous/__pycache__) by extensions ['colcon_pkg']
[0.283s] Level 1:colcon.colcon_core.package_identification:_identify(Autonomous/__pycache__) by extension 'colcon_pkg'
[0.283s] Level 1:colcon.colcon_core.package_identification:_identify(Autonomous/__pycache__) by extensions ['colcon_meta']
[0.283s] Level 1:colcon.colcon_core.package_identification:_identify(Autonomous/__pycache__) by extension 'colcon_meta'
[0.283s] Level 1:colcon.colcon_core.package_identification:_identify(Autonomous/__pycache__) by extensions ['ros']
[0.283s] Level 1:colcon.colcon_core.package_identification:_identify(Autonomous/__pycache__) by extension 'ros'
[0.284s] Level 1:colcon.colcon_core.package_identification:_identify(Autonomous/__pycache__) by extensions ['cmake', 'python']
[0.284s] Level 1:colcon.colcon_core.package_identification:_identify(Autonomous/__pycache__) by extension 'cmake'
[0.284s] Level 1:colcon.colcon_core.package_identification:_identify(Autonomous/__pycache__) by extension 'python'
[0.284s] Level 1:colcon.colcon_core.package_identification:_identify(Autonomous/__pycache__) by extensions ['python_setup_py']
[0.284s] Level 1:colcon.colcon_core.package_identification:_identify(Autonomous/__pycache__) by extension 'python_setup_py'
[0.284s] Level 1:colcon.colcon_core.package_identification:_identify(Communications) by extensions ['ignore', 'ignore_ament_install']
[0.284s] Level 1:colcon.colcon_core.package_identification:_identify(Communications) by extension 'ignore'
[0.284s] Level 1:colcon.colcon_core.package_identification:_identify(Communications) by extension 'ignore_ament_install'
[0.284s] Level 1:colcon.colcon_core.package_identification:_identify(Communications) by extensions ['colcon_pkg']
[0.284s] Level 1:colcon.colcon_core.package_identification:_identify(Communications) by extension 'colcon_pkg'
[0.285s] Level 1:colcon.colcon_core.package_identification:_identify(Communications) by extensions ['colcon_meta']
[0.285s] Level 1:colcon.colcon_core.package_identification:_identify(Communications) by extension 'colcon_meta'
[0.285s] Level 1:colcon.colcon_core.package_identification:_identify(Communications) by extensions ['ros']
[0.285s] Level 1:colcon.colcon_core.package_identification:_identify(Communications) by extension 'ros'
[0.285s] Level 1:colcon.colcon_core.package_identification:_identify(Communications) by extensions ['cmake', 'python']
[0.285s] Level 1:colcon.colcon_core.package_identification:_identify(Communications) by extension 'cmake'
[0.285s] Level 1:colcon.colcon_core.package_identification:_identify(Communications) by extension 'python'
[0.285s] Level 1:colcon.colcon_core.package_identification:_identify(Communications) by extensions ['python_setup_py']
[0.285s] Level 1:colcon.colcon_core.package_identification:_identify(Communications) by extension 'python_setup_py'
[0.286s] Level 1:colcon.colcon_core.package_identification:_identify(Communications/__pycache__) by extensions ['ignore', 'ignore_ament_install']
[0.286s] Level 1:colcon.colcon_core.package_identification:_identify(Communications/__pycache__) by extension 'ignore'
[0.286s] Level 1:colcon.colcon_core.package_identification:_identify(Communications/__pycache__) by extension 'ignore_ament_install'
[0.286s] Level 1:colcon.colcon_core.package_identification:_identify(Communications/__pycache__) by extensions ['colcon_pkg']
[0.286s] Level 1:colcon.colcon_core.package_identification:_identify(Communications/__pycache__) by extension 'colcon_pkg'
[0.286s] Level 1:colcon.colcon_core.package_identification:_identify(Communications/__pycache__) by extensions ['colcon_meta']
[0.286s] Level 1:colcon.colcon_core.package_identification:_identify(Communications/__pycache__) by extension 'colcon_meta'
[0.286s] Level 1:colcon.colcon_core.package_identification:_identify(Communications/__pycache__) by extensions ['ros']
[0.286s] Level 1:colcon.colcon_core.package_identification:_identify(Communications/__pycache__) by extension 'ros'
[0.287s] Level 1:colcon.colcon_core.package_identification:_identify(Communications/__pycache__) by extensions ['cmake', 'python']
[0.287s] Level 1:colcon.colcon_core.package_identification:_identify(Communications/__pycache__) by extension 'cmake'
[0.287s] Level 1:colcon.colcon_core.package_identification:_identify(Communications/__pycache__) by extension 'python'
[0.287s] Level 1:colcon.colcon_core.package_identification:_identify(Communications/__pycache__) by extensions ['python_setup_py']
[0.287s] Level 1:colcon.colcon_core.package_identification:_identify(Communications/__pycache__) by extension 'python_setup_py'
[0.287s] Level 1:colcon.colcon_core.package_identification:_identify(Ext) by extensions ['ignore', 'ignore_ament_install']
[0.287s] Level 1:colcon.colcon_core.package_identification:_identify(Ext) by extension 'ignore'
[0.287s] Level 1:colcon.colcon_core.package_identification:_identify(Ext) by extension 'ignore_ament_install'
[0.287s] Level 1:colcon.colcon_core.package_identification:_identify(Ext) by extensions ['colcon_pkg']
[0.287s] Level 1:colcon.colcon_core.package_identification:_identify(Ext) by extension 'colcon_pkg'
[0.288s] Level 1:colcon.colcon_core.package_identification:_identify(Ext) by extensions ['colcon_meta']
[0.288s] Level 1:colcon.colcon_core.package_identification:_identify(Ext) by extension 'colcon_meta'
[0.288s] Level 1:colcon.colcon_core.package_identification:_identify(Ext) by extensions ['ros']
[0.288s] Level 1:colcon.colcon_core.package_identification:_identify(Ext) by extension 'ros'
[0.288s] Level 1:colcon.colcon_core.package_identification:_identify(Ext) by extensions ['cmake', 'python']
[0.288s] Level 1:colcon.colcon_core.package_identification:_identify(Ext) by extension 'cmake'
[0.288s] Level 1:colcon.colcon_core.package_identification:_identify(Ext) by extension 'python'
[0.288s] Level 1:colcon.colcon_core.package_identification:_identify(Ext) by extensions ['python_setup_py']
[0.288s] Level 1:colcon.colcon_core.package_identification:_identify(Ext) by extension 'python_setup_py'
[0.288s] Level 1:colcon.colcon_core.package_identification:_identify(HikerDetection) by extensions ['ignore', 'ignore_ament_install']
[0.289s] Level 1:colcon.colcon_core.package_identification:_identify(HikerDetection) by extension 'ignore'
[0.289s] Level 1:colcon.colcon_core.package_identification:_identify(HikerDetection) by extension 'ignore_ament_install'
[0.289s] Level 1:colcon.colcon_core.package_identification:_identify(HikerDetection) by extensions ['colcon_pkg']
[0.289s] Level 1:colcon.colcon_core.package_identification:_identify(HikerDetection) by extension 'colcon_pkg'
[0.289s] Level 1:colcon.colcon_core.package_identification:_identify(HikerDetection) by extensions ['colcon_meta']
[0.289s] Level 1:colcon.colcon_core.package_identification:_identify(HikerDetection) by extension 'colcon_meta'
[0.289s] Level 1:colcon.colcon_core.package_identification:_identify(HikerDetection) by extensions ['ros']
[0.289s] Level 1:colcon.colcon_core.package_identification:_identify(HikerDetection) by extension 'ros'
[0.289s] Level 1:colcon.colcon_core.package_identification:_identify(HikerDetection) by extensions ['cmake', 'python']
[0.289s] Level 1:colcon.colcon_core.package_identification:_identify(HikerDetection) by extension 'cmake'
[0.290s] Level 1:colcon.colcon_core.package_identification:_identify(HikerDetection) by extension 'python'
[0.290s] Level 1:colcon.colcon_core.package_identification:_identify(HikerDetection) by extensions ['python_setup_py']
[0.290s] Level 1:colcon.colcon_core.package_identification:_identify(HikerDetection) by extension 'python_setup_py'
[0.290s] Level 1:colcon.colcon_core.package_identification:_identify(build) by extensions ['ignore', 'ignore_ament_install']
[0.290s] Level 1:colcon.colcon_core.package_identification:_identify(build) by extension 'ignore'
[0.290s] Level 1:colcon.colcon_core.package_identification:_identify(build) ignored
[0.291s] Level 1:colcon.colcon_core.package_identification:_identify(install) by extensions ['ignore', 'ignore_ament_install']
[0.291s] Level 1:colcon.colcon_core.package_identification:_identify(install) by extension 'ignore'
[0.291s] Level 1:colcon.colcon_core.package_identification:_identify(install) ignored
[0.291s] Level 1:colcon.colcon_core.package_identification:_identify(log) by extensions ['ignore', 'ignore_ament_install']
[0.291s] Level 1:colcon.colcon_core.package_identification:_identify(log) by extension 'ignore'
[0.291s] Level 1:colcon.colcon_core.package_identification:_identify(log) ignored
[0.291s] Level 1:colcon.colcon_core.package_identification:_identify(src) by extensions ['ignore', 'ignore_ament_install']
[0.291s] Level 1:colcon.colcon_core.package_identification:_identify(src) by extension 'ignore'
[0.292s] Level 1:colcon.colcon_core.package_identification:_identify(src) by extension 'ignore_ament_install'
[0.292s] Level 1:colcon.colcon_core.package_identification:_identify(src) by extensions ['colcon_pkg']
[0.292s] Level 1:colcon.colcon_core.package_identification:_identify(src) by extension 'colcon_pkg'
[0.292s] Level 1:colcon.colcon_core.package_identification:_identify(src) by extensions ['colcon_meta']
[0.292s] Level 1:colcon.colcon_core.package_identification:_identify(src) by extension 'colcon_meta'
[0.292s] Level 1:colcon.colcon_core.package_identification:_identify(src) by extensions ['ros']
[0.292s] Level 1:colcon.colcon_core.package_identification:_identify(src) by extension 'ros'
[0.292s] Level 1:colcon.colcon_core.package_identification:_identify(src) by extensions ['cmake', 'python']
[0.292s] Level 1:colcon.colcon_core.package_identification:_identify(src) by extension 'cmake'
[0.292s] Level 1:colcon.colcon_core.package_identification:_identify(src) by extension 'python'
[0.292s] Level 1:colcon.colcon_core.package_identification:_identify(src) by extensions ['python_setup_py']
[0.293s] Level 1:colcon.colcon_core.package_identification:_identify(src) by extension 'python_setup_py'
[0.293s] Level 1:colcon.colcon_core.package_identification:_identify(src/HikerDetection) by extensions ['ignore', 'ignore_ament_install']
[0.293s] Level 1:colcon.colcon_core.package_identification:_identify(src/HikerDetection) by extension 'ignore'
[0.293s] Level 1:colcon.colcon_core.package_identification:_identify(src/HikerDetection) by extension 'ignore_ament_install'
[0.293s] Level 1:colcon.colcon_core.package_identification:_identify(src/HikerDetection) by extensions ['colcon_pkg']
[0.293s] Level 1:colcon.colcon_core.package_identification:_identify(src/HikerDetection) by extension 'colcon_pkg'
[0.293s] Level 1:colcon.colcon_core.package_identification:_identify(src/HikerDetection) by extensions ['colcon_meta']
[0.293s] Level 1:colcon.colcon_core.package_identification:_identify(src/HikerDetection) by extension 'colcon_meta'
[0.293s] Level 1:colcon.colcon_core.package_identification:_identify(src/HikerDetection) by extensions ['ros']
[0.294s] Level 1:colcon.colcon_core.package_identification:_identify(src/HikerDetection) by extension 'ros'
[0.296s] DEBUG:colcon.colcon_core.package_identification:Package 'src/HikerDetection' with type 'ros.ament_python' and name 'HikerDetection'
[0.296s] Level 1:colcon.colcon_core.package_identification:_identify(src/autonomous) by extensions ['ignore', 'ignore_ament_install']
[0.296s] Level 1:colcon.colcon_core.package_identification:_identify(src/autonomous) by extension 'ignore'
[0.296s] Level 1:colcon.colcon_core.package_identification:_identify(src/autonomous) by extension 'ignore_ament_install'
[0.296s] Level 1:colcon.colcon_core.package_identification:_identify(src/autonomous) by extensions ['colcon_pkg']
[0.296s] Level 1:colcon.colcon_core.package_identification:_identify(src/autonomous) by extension 'colcon_pkg'
[0.296s] Level 1:colcon.colcon_core.package_identification:_identify(src/autonomous) by extensions ['colcon_meta']
[0.297s] Level 1:colcon.colcon_core.package_identification:_identify(src/autonomous) by extension 'colcon_meta'
[0.297s] Level 1:colcon.colcon_core.package_identification:_identify(src/autonomous) by extensions ['ros']
[0.297s] Level 1:colcon.colcon_core.package_identification:_identify(src/autonomous) by extension 'ros'
[0.297s] DEBUG:colcon.colcon_core.package_identification:Package 'src/autonomous' with type 'ros.ament_python' and name 'autonomous'
[0.297s] Level 1:colcon.colcon_core.package_identification:_identify(src/build) by extensions ['ignore', 'ignore_ament_install']
[0.298s] Level 1:colcon.colcon_core.package_identification:_identify(src/build) by extension 'ignore'
[0.298s] Level 1:colcon.colcon_core.package_identification:_identify(src/build) ignored
[0.298s] Level 1:colcon.colcon_core.package_identification:_identify(src/communications) by extensions ['ignore', 'ignore_ament_install']
[0.298s] Level 1:colcon.colcon_core.package_identification:_identify(src/communications) by extension 'ignore'
[0.298s] Level 1:colcon.colcon_core.package_identification:_identify(src/communications) by extension 'ignore_ament_install'
[0.298s] Level 1:colcon.colcon_core.package_identification:_identify(src/communications) by extensions ['colcon_pkg']
[0.298s] Level 1:colcon.colcon_core.package_identification:_identify(src/communications) by extension 'colcon_pkg'
[0.298s] Level 1:colcon.colcon_core.package_identification:_identify(src/communications) by extensions ['colcon_meta']
[0.299s] Level 1:colcon.colcon_core.package_identification:_identify(src/communications) by extension 'colcon_meta'
[0.299s] Level 1:colcon.colcon_core.package_identification:_identify(src/communications) by extensions ['ros']
[0.299s] Level 1:colcon.colcon_core.package_identification:_identify(src/communications) by extension 'ros'
[0.299s] DEBUG:colcon.colcon_core.package_identification:Package 'src/communications' with type 'ros.ament_python' and name 'communications'
[0.299s] Level 1:colcon.colcon_core.package_identification:_identify(src/install) by extensions ['ignore', 'ignore_ament_install']
[0.299s] Level 1:colcon.colcon_core.package_identification:_identify(src/install) by extension 'ignore'
[0.300s] Level 1:colcon.colcon_core.package_identification:_identify(src/install) ignored
[0.300s] Level 1:colcon.colcon_core.package_identification:_identify(src/log) by extensions ['ignore', 'ignore_ament_install']
[0.300s] Level 1:colcon.colcon_core.package_identification:_identify(src/log) by extension 'ignore'
[0.300s] Level 1:colcon.colcon_core.package_identification:_identify(src/log) ignored
[0.300s] Level 1:colcon.colcon_core.package_discovery:discover_packages(recursive) using defaults
[0.300s] Level 1:colcon.colcon_core.package_discovery:discover_packages(ignore) discover
[0.300s] Level 1:colcon.colcon_core.package_discovery:discover_packages(ignore) using defaults
[0.300s] Level 1:colcon.colcon_core.package_discovery:discover_packages(path) discover
[0.301s] Level 1:colcon.colcon_core.package_discovery:discover_packages(path) using defaults
[0.325s] Level 1:colcon.colcon_core.package_discovery:discover_packages(prefix_path) check parameters
[0.326s] Level 1:colcon.colcon_core.package_discovery:discover_packages(prefix_path) discover
[0.328s] DEBUG:colcon.colcon_installed_package_information.package_discovery:Found 3 installed packages in /home/ben/GIT/UAV/install
[0.329s] DEBUG:colcon.colcon_installed_package_information.package_discovery:Found 232 installed packages in /opt/ros/eloquent
[0.336s] Level 1:colcon.colcon_core.package_discovery:discover_packages(prefix_path) using defaults
[0.385s] Level 5:colcon.colcon_core.verb:set package 'HikerDetection' build argument 'cmake_args' from command line to 'None'
[0.385s] Level 5:colcon.colcon_core.verb:set package 'HikerDetection' build argument 'cmake_target' from command line to 'None'
[0.385s] Level 5:colcon.colcon_core.verb:set package 'HikerDetection' build argument 'cmake_target_skip_unavailable' from command line to 'False'
[0.386s] Level 5:colcon.colcon_core.verb:set package 'HikerDetection' build argument 'cmake_clean_cache' from command line to 'False'
[0.386s] Level 5:colcon.colcon_core.verb:set package 'HikerDetection' build argument 'cmake_clean_first' from command line to 'False'
[0.386s] Level 5:colcon.colcon_core.verb:set package 'HikerDetection' build argument 'cmake_force_configure' from command line to 'False'
[0.386s] Level 5:colcon.colcon_core.verb:set package 'HikerDetection' build argument 'ament_cmake_args' from command line to 'None'
[0.386s] Level 5:colcon.colcon_core.verb:set package 'HikerDetection' build argument 'catkin_cmake_args' from command line to 'None'
[0.386s] Level 5:colcon.colcon_core.verb:set package 'HikerDetection' build argument 'catkin_skip_building_tests' from command line to 'False'
[0.386s] DEBUG:colcon.colcon_core.verb:Building package 'HikerDetection' with the following arguments: {'ament_cmake_args': None, 'build_base': '/home/ben/GIT/UAV/build/HikerDetection', 'catkin_cmake_args': None, 'catkin_skip_building_tests': False, 'cmake_args': None, 'cmake_clean_cache': False, 'cmake_clean_first': False, 'cmake_force_configure': False, 'cmake_target': None, 'cmake_target_skip_unavailable': False, 'install_base': '/home/ben/GIT/UAV/install/HikerDetection', 'merge_install': False, 'path': '/home/ben/GIT/UAV/src/HikerDetection', 'symlink_install': False, 'test_result_base': None}
[0.387s] Level 5:colcon.colcon_core.verb:set package 'autonomous' build argument 'cmake_args' from command line to 'None'
[0.387s] Level 5:colcon.colcon_core.verb:set package 'autonomous' build argument 'cmake_target' from command line to 'None'
[0.387s] Level 5:colcon.colcon_core.verb:set package 'autonomous' build argument 'cmake_target_skip_unavailable' from command line to 'False'
[0.387s] Level 5:colcon.colcon_core.verb:set package 'autonomous' build argument 'cmake_clean_cache' from command line to 'False'
[0.387s] Level 5:colcon.colcon_core.verb:set package 'autonomous' build argument 'cmake_clean_first' from command line to 'False'
[0.387s] Level 5:colcon.colcon_core.verb:set package 'autonomous' build argument 'cmake_force_configure' from command line to 'False'
[0.387s] Level 5:colcon.colcon_core.verb:set package 'autonomous' build argument 'ament_cmake_args' from command line to 'None'
[0.388s] Level 5:colcon.colcon_core.verb:set package 'autonomous' build argument 'catkin_cmake_args' from command line to 'None'
[0.388s] Level 5:colcon.colcon_core.verb:set package 'autonomous' build argument 'catkin_skip_building_tests' from command line to 'False'
[0.388s] DEBUG:colcon.colcon_core.verb:Building package 'autonomous' with the following arguments: {'ament_cmake_args': None, 'build_base': '/home/ben/GIT/UAV/build/autonomous', 'catkin_cmake_args': None, 'catkin_skip_building_tests': False, 'cmake_args': None, 'cmake_clean_cache': False, 'cmake_clean_first': False, 'cmake_force_configure': False, 'cmake_target': None, 'cmake_target_skip_unavailable': False, 'install_base': '/home/ben/GIT/UAV/install/autonomous', 'merge_install': False, 'path': '/home/ben/GIT/UAV/src/autonomous', 'symlink_install': False, 'test_result_base': None}
[0.389s] Level 5:colcon.colcon_core.verb:set package 'communications' build argument 'cmake_args' from command line to 'None'
[0.389s] Level 5:colcon.colcon_core.verb:set package 'communications' build argument 'cmake_target' from command line to 'None'
[0.389s] Level 5:colcon.colcon_core.verb:set package 'communications' build argument 'cmake_target_skip_unavailable' from command line to 'False'
[0.389s] Level 5:colcon.colcon_core.verb:set package 'communications' build argument 'cmake_clean_cache' from command line to 'False'
[0.389s] Level 5:colcon.colcon_core.verb:set package 'communications' build argument 'cmake_clean_first' from command line to 'False'
[0.389s] Level 5:colcon.colcon_core.verb:set package 'communications' build argument 'cmake_force_configure' from command line to 'False'
[0.389s] Level 5:colcon.colcon_core.verb:set package 'communications' build argument 'ament_cmake_args' from command line to 'None'
[0.389s] Level 5:colcon.colcon_core.verb:set package 'communications' build argument 'catkin_cmake_args' from command line to 'None'
[0.389s] Level 5:colcon.colcon_core.verb:set package 'communications' build argument 'catkin_skip_building_tests' from command line to 'False'
[0.389s] DEBUG:colcon.colcon_core.verb:Building package 'communications' with the following arguments: {'ament_cmake_args': None, 'build_base': '/home/ben/GIT/UAV/build/communications', 'catkin_cmake_args': None, 'catkin_skip_building_tests': False, 'cmake_args': None, 'cmake_clean_cache': False, 'cmake_clean_first': False, 'cmake_force_configure': False, 'cmake_target': None, 'cmake_target_skip_unavailable': False, 'install_base': '/home/ben/GIT/UAV/install/communications', 'merge_install': False, 'path': '/home/ben/GIT/UAV/src/communications', 'symlink_install': False, 'test_result_base': None}
[0.390s] INFO:colcon.colcon_core.executor:Executing jobs using 'parallel' executor
[0.393s] DEBUG:colcon.colcon_parallel_executor.executor.parallel:run_until_complete
[0.393s] INFO:colcon.colcon_ros.task.ament_python.build:Building ROS package in '/home/ben/GIT/UAV/src/HikerDetection' with build type 'ament_python'
[0.393s] Level 1:colcon.colcon_core.shell:create_environment_hook('HikerDetection', 'ament_prefix_path')
[0.397s] INFO:colcon.colcon_core.plugin_system:Skipping extension 'colcon_core.shell.bat': Not used on non-Windows systems
[0.398s] INFO:colcon.colcon_core.shell:Creating environment hook '/home/ben/GIT/UAV/install/HikerDetection/share/HikerDetection/hook/ament_prefix_path.ps1'
[0.398s] INFO:colcon.colcon_core.shell:Creating environment descriptor '/home/ben/GIT/UAV/install/HikerDetection/share/HikerDetection/hook/ament_prefix_path.dsv'
[0.399s] INFO:colcon.colcon_core.shell:Creating environment hook '/home/ben/GIT/UAV/install/HikerDetection/share/HikerDetection/hook/ament_prefix_path.sh'
[0.401s] INFO:colcon.colcon_core.shell:Skip shell extension 'powershell' for command environment: Not usable outside of PowerShell
[0.401s] DEBUG:colcon.colcon_core.shell:Skip shell extension 'dsv' for command environment
[0.608s] INFO:colcon.colcon_core.task.python.build:Building Python package in '/home/ben/GIT/UAV/src/HikerDetection'
[0.610s] INFO:colcon.colcon_core.shell:Skip shell extension 'powershell' for command environment: Not usable outside of PowerShell
[0.610s] DEBUG:colcon.colcon_core.shell:Skip shell extension 'dsv' for command environment
[0.970s] DEBUG:colcon.colcon_core.event_handler.log_command:Invoking command in '/home/ben/GIT/UAV/src/HikerDetection': PYTHONPATH=/home/ben/GIT/UAV/build/HikerDetection/prefix_override:/home/ben/GIT/UAV/install/HikerDetection/lib/python3.6/site-packages:${PYTHONPATH} /usr/bin/python3 setup.py egg_info --egg-base ../../build/HikerDetection build --build-base /home/ben/GIT/UAV/build/HikerDetection/build install --record /home/ben/GIT/UAV/build/HikerDetection/install.log --install-scripts $base/lib/HikerDetection --single-version-externally-managed
[1.242s] Level 1:colcon.colcon_core.environment:checking '/home/ben/GIT/UAV/install/HikerDetection' for CMake module files
[1.243s] DEBUG:colcon.colcon_core.event_handler.log_command:Invoked command in '/home/ben/GIT/UAV/src/HikerDetection' returned '0': PYTHONPATH=/home/ben/GIT/UAV/build/HikerDetection/prefix_override:/home/ben/GIT/UAV/install/HikerDetection/lib/python3.6/site-packages:${PYTHONPATH} /usr/bin/python3 setup.py egg_info --egg-base ../../build/HikerDetection build --build-base /home/ben/GIT/UAV/build/HikerDetection/build install --record /home/ben/GIT/UAV/build/HikerDetection/install.log --install-scripts $base/lib/HikerDetection --single-version-externally-managed
[1.244s] Level 1:colcon.colcon_core.environment:checking '/home/ben/GIT/UAV/install/HikerDetection' for CMake config files
[1.245s] Level 1:colcon.colcon_core.environment:checking '/home/ben/GIT/UAV/install/HikerDetection/lib'
[1.245s] Level 1:colcon.colcon_core.environment:checking '/home/ben/GIT/UAV/install/HikerDetection/bin'
[1.245s] Level 1:colcon.colcon_core.environment:checking '/home/ben/GIT/UAV/install/HikerDetection/lib/pkgconfig/HikerDetection.pc'
[1.245s] Level 1:colcon.colcon_core.environment:checking '/home/ben/GIT/UAV/install/HikerDetection/lib/python3.6/site-packages'
[1.245s] Level 1:colcon.colcon_core.shell:create_environment_hook('HikerDetection', 'pythonpath')
[1.246s] INFO:colcon.colcon_core.shell:Creating environment hook '/home/ben/GIT/UAV/install/HikerDetection/share/HikerDetection/hook/pythonpath.ps1'
[1.247s] INFO:colcon.colcon_core.shell:Creating environment descriptor '/home/ben/GIT/UAV/install/HikerDetection/share/HikerDetection/hook/pythonpath.dsv'
[1.248s] INFO:colcon.colcon_core.shell:Creating environment hook '/home/ben/GIT/UAV/install/HikerDetection/share/HikerDetection/hook/pythonpath.sh'
[1.248s] Level 1:colcon.colcon_core.environment:checking '/home/ben/GIT/UAV/install/HikerDetection/bin'
[1.248s] Level 1:colcon.colcon_core.environment:create_environment_scripts_only(HikerDetection)
[1.250s] INFO:colcon.colcon_core.shell:Creating package script '/home/ben/GIT/UAV/install/HikerDetection/share/HikerDetection/package.ps1'
[1.251s] INFO:colcon.colcon_core.shell:Creating package descriptor '/home/ben/GIT/UAV/install/HikerDetection/share/HikerDetection/package.dsv'
[1.252s] INFO:colcon.colcon_core.shell:Creating package script '/home/ben/GIT/UAV/install/HikerDetection/share/HikerDetection/package.sh'
[1.253s] INFO:colcon.colcon_core.shell:Creating package script '/home/ben/GIT/UAV/install/HikerDetection/share/HikerDetection/package.bash'
[1.253s] INFO:colcon.colcon_core.shell:Creating package script '/home/ben/GIT/UAV/install/HikerDetection/share/HikerDetection/package.zsh'
[1.256s] Level 1:colcon.colcon_core.environment:create_file_with_runtime_dependencies(/home/ben/GIT/UAV/install/HikerDetection/share/colcon-core/packages/HikerDetection)
[1.257s] INFO:colcon.colcon_ros.task.ament_python.build:Building ROS package in '/home/ben/GIT/UAV/src/autonomous' with build type 'ament_python'
[1.257s] Level 1:colcon.colcon_core.shell:create_environment_hook('autonomous', 'ament_prefix_path')
[1.258s] INFO:colcon.colcon_core.shell:Creating environment hook '/home/ben/GIT/UAV/install/autonomous/share/autonomous/hook/ament_prefix_path.ps1'
[1.259s] INFO:colcon.colcon_core.shell:Creating environment descriptor '/home/ben/GIT/UAV/install/autonomous/share/autonomous/hook/ament_prefix_path.dsv'
[1.260s] INFO:colcon.colcon_core.shell:Creating environment hook '/home/ben/GIT/UAV/install/autonomous/share/autonomous/hook/ament_prefix_path.sh'
[1.261s] INFO:colcon.colcon_core.shell:Skip shell extension 'powershell' for command environment: Not usable outside of PowerShell
[1.261s] DEBUG:colcon.colcon_core.shell:Skip shell extension 'dsv' for command environment
[1.476s] INFO:colcon.colcon_core.task.python.build:Building Python package in '/home/ben/GIT/UAV/src/autonomous'
[1.477s] INFO:colcon.colcon_core.shell:Skip shell extension 'powershell' for command environment: Not usable outside of PowerShell
[1.477s] DEBUG:colcon.colcon_core.shell:Skip shell extension 'dsv' for command environment
[1.772s] DEBUG:colcon.colcon_core.event_handler.log_command:Invoking command in '/home/ben/GIT/UAV/src/autonomous': PYTHONPATH=/home/ben/GIT/UAV/build/autonomous/prefix_override:/home/ben/GIT/UAV/install/autonomous/lib/python3.6/site-packages:${PYTHONPATH} /usr/bin/python3 setup.py egg_info --egg-base ../../build/autonomous build --build-base /home/ben/GIT/UAV/build/autonomous/build install --record /home/ben/GIT/UAV/build/autonomous/install.log --install-scripts $base/lib/autonomous --single-version-externally-managed
[2.044s] Level 1:colcon.colcon_core.environment:checking '/home/ben/GIT/UAV/install/autonomous' for CMake module files
[2.045s] DEBUG:colcon.colcon_core.event_handler.log_command:Invoked command in '/home/ben/GIT/UAV/src/autonomous' returned '0': PYTHONPATH=/home/ben/GIT/UAV/build/autonomous/prefix_override:/home/ben/GIT/UAV/install/autonomous/lib/python3.6/site-packages:${PYTHONPATH} /usr/bin/python3 setup.py egg_info --egg-base ../../build/autonomous build --build-base /home/ben/GIT/UAV/build/autonomous/build install --record /home/ben/GIT/UAV/build/autonomous/install.log --install-scripts $base/lib/autonomous --single-version-externally-managed
[2.046s] Level 1:colcon.colcon_core.environment:checking '/home/ben/GIT/UAV/install/autonomous' for CMake config files
[2.046s] Level 1:colcon.colcon_core.environment:checking '/home/ben/GIT/UAV/install/autonomous/lib'
[2.047s] Level 1:colcon.colcon_core.environment:checking '/home/ben/GIT/UAV/install/autonomous/bin'
[2.047s] Level 1:colcon.colcon_core.environment:checking '/home/ben/GIT/UAV/install/autonomous/lib/pkgconfig/autonomous.pc'
[2.047s] Level 1:colcon.colcon_core.environment:checking '/home/ben/GIT/UAV/install/autonomous/lib/python3.6/site-packages'
[2.047s] Level 1:colcon.colcon_core.shell:create_environment_hook('autonomous', 'pythonpath')
[2.048s] INFO:colcon.colcon_core.shell:Creating environment hook '/home/ben/GIT/UAV/install/autonomous/share/autonomous/hook/pythonpath.ps1'
[2.049s] INFO:colcon.colcon_core.shell:Creating environment descriptor '/home/ben/GIT/UAV/install/autonomous/share/autonomous/hook/pythonpath.dsv'
[2.050s] INFO:colcon.colcon_core.shell:Creating environment hook '/home/ben/GIT/UAV/install/autonomous/share/autonomous/hook/pythonpath.sh'
[2.050s] Level 1:colcon.colcon_core.environment:checking '/home/ben/GIT/UAV/install/autonomous/bin'
[2.050s] Level 1:colcon.colcon_core.environment:create_environment_scripts_only(autonomous)
[2.052s] INFO:colcon.colcon_core.shell:Creating package script '/home/ben/GIT/UAV/install/autonomous/share/autonomous/package.ps1'
[2.052s] INFO:colcon.colcon_core.shell:Creating package descriptor '/home/ben/GIT/UAV/install/autonomous/share/autonomous/package.dsv'
[2.053s] INFO:colcon.colcon_core.shell:Creating package script '/home/ben/GIT/UAV/install/autonomous/share/autonomous/package.sh'
[2.053s] INFO:colcon.colcon_core.shell:Creating package script '/home/ben/GIT/UAV/install/autonomous/share/autonomous/package.bash'
[2.054s] INFO:colcon.colcon_core.shell:Creating package script '/home/ben/GIT/UAV/install/autonomous/share/autonomous/package.zsh'
[2.054s] Level 1:colcon.colcon_core.environment:create_file_with_runtime_dependencies(/home/ben/GIT/UAV/install/autonomous/share/colcon-core/packages/autonomous)
[2.055s] INFO:colcon.colcon_ros.task.ament_python.build:Building ROS package in '/home/ben/GIT/UAV/src/communications' with build type 'ament_python'
[2.056s] Level 1:colcon.colcon_core.shell:create_environment_hook('communications', 'ament_prefix_path')
[2.057s] INFO:colcon.colcon_core.shell:Creating environment hook '/home/ben/GIT/UAV/install/communications/share/communications/hook/ament_prefix_path.ps1'
[2.057s] INFO:colcon.colcon_core.shell:Creating environment descriptor '/home/ben/GIT/UAV/install/communications/share/communications/hook/ament_prefix_path.dsv'
[2.058s] INFO:colcon.colcon_core.shell:Creating environment hook '/home/ben/GIT/UAV/install/communications/share/communications/hook/ament_prefix_path.sh'
[2.060s] INFO:colcon.colcon_core.shell:Skip shell extension 'powershell' for command environment: Not usable outside of PowerShell
[2.060s] DEBUG:colcon.colcon_core.shell:Skip shell extension 'dsv' for command environment
[2.278s] INFO:colcon.colcon_core.task.python.build:Building Python package in '/home/ben/GIT/UAV/src/communications'
[2.280s] INFO:colcon.colcon_core.shell:Skip shell extension 'powershell' for command environment: Not usable outside of PowerShell
[2.280s] DEBUG:colcon.colcon_core.shell:Skip shell extension 'dsv' for command environment
[2.573s] DEBUG:colcon.colcon_core.event_handler.log_command:Invoking command in '/home/ben/GIT/UAV/src/communications': PYTHONPATH=/home/ben/GIT/UAV/build/communications/prefix_override:/home/ben/GIT/UAV/install/communications/lib/python3.6/site-packages:${PYTHONPATH} /usr/bin/python3 setup.py egg_info --egg-base ../../build/communications build --build-base /home/ben/GIT/UAV/build/communications/build install --record /home/ben/GIT/UAV/build/communications/install.log --install-scripts $base/lib/communications --single-version-externally-managed
[2.836s] Level 1:colcon.colcon_core.environment:checking '/home/ben/GIT/UAV/install/communications' for CMake module files
[2.837s] DEBUG:colcon.colcon_core.event_handler.log_command:Invoked command in '/home/ben/GIT/UAV/src/communications' returned '0': PYTHONPATH=/home/ben/GIT/UAV/build/communications/prefix_override:/home/ben/GIT/UAV/install/communications/lib/python3.6/site-packages:${PYTHONPATH} /usr/bin/python3 setup.py egg_info --egg-base ../../build/communications build --build-base /home/ben/GIT/UAV/build/communications/build install --record /home/ben/GIT/UAV/build/communications/install.log --install-scripts $base/lib/communications --single-version-externally-managed
[2.837s] Level 1:colcon.colcon_core.environment:checking '/home/ben/GIT/UAV/install/communications' for CMake config files
[2.838s] Level 1:colcon.colcon_core.environment:checking '/home/ben/GIT/UAV/install/communications/lib'
[2.838s] Level 1:colcon.colcon_core.environment:checking '/home/ben/GIT/UAV/install/communications/bin'
[2.838s] Level 1:colcon.colcon_core.environment:checking '/home/ben/GIT/UAV/install/communications/lib/pkgconfig/communications.pc'
[2.838s] Level 1:colcon.colcon_core.environment:checking '/home/ben/GIT/UAV/install/communications/lib/python3.6/site-packages'
[2.838s] Level 1:colcon.colcon_core.shell:create_environment_hook('communications', 'pythonpath')
[2.839s] INFO:colcon.colcon_core.shell:Creating environment hook '/home/ben/GIT/UAV/install/communications/share/communications/hook/pythonpath.ps1'
[2.840s] INFO:colcon.colcon_core.shell:Creating environment descriptor '/home/ben/GIT/UAV/install/communications/share/communications/hook/pythonpath.dsv'
[2.841s] INFO:colcon.colcon_core.shell:Creating environment hook '/home/ben/GIT/UAV/install/communications/share/communications/hook/pythonpath.sh'
[2.842s] Level 1:colcon.colcon_core.environment:checking '/home/ben/GIT/UAV/install/communications/bin'
[2.842s] Level 1:colcon.colcon_core.environment:create_environment_scripts_only(communications)
[2.843s] INFO:colcon.colcon_core.shell:Creating package script '/home/ben/GIT/UAV/install/communications/share/communications/package.ps1'
[2.843s] INFO:colcon.colcon_core.shell:Creating package descriptor '/home/ben/GIT/UAV/install/communications/share/communications/package.dsv'
[2.844s] INFO:colcon.colcon_core.shell:Creating package script '/home/ben/GIT/UAV/install/communications/share/communications/package.sh'
[2.845s] INFO:colcon.colcon_core.shell:Creating package script '/home/ben/GIT/UAV/install/communications/share/communications/package.bash'
[2.847s] INFO:colcon.colcon_core.shell:Creating package script '/home/ben/GIT/UAV/install/communications/share/communications/package.zsh'
[2.848s] Level 1:colcon.colcon_core.environment:create_file_with_runtime_dependencies(/home/ben/GIT/UAV/install/communications/share/colcon-core/packages/communications)
[2.849s] DEBUG:colcon.colcon_parallel_executor.executor.parallel:closing loop
[2.849s] DEBUG:colcon.colcon_parallel_executor.executor.parallel:loop closed
[2.850s] DEBUG:colcon.colcon_parallel_executor.executor.parallel:run_until_complete finished with '0'
[2.850s] DEBUG:colcon.colcon_core.event_reactor:joining thread
[2.854s] INFO:colcon.colcon_core.plugin_system:Skipping extension 'colcon_notification.desktop_notification.terminal_notifier': Not used on non-Darwin systems
[2.854s] INFO:colcon.colcon_core.plugin_system:Skipping extension 'colcon_notification.desktop_notification.win32': Not used on non-Windows systems
[2.854s] INFO:colcon.colcon_notification.desktop_notification:Sending desktop notification using 'notify2'
[2.862s] DEBUG:colcon.colcon_core.event_reactor:joined thread
[2.863s] INFO:colcon.colcon_core.shell:Creating prefix script '/home/ben/GIT/UAV/install/local_setup.ps1'
[2.864s] INFO:colcon.colcon_core.shell:Creating prefix util module '/home/ben/GIT/UAV/install/_local_setup_util_ps1.py'
[2.872s] INFO:colcon.colcon_core.shell:Creating prefix chain script '/home/ben/GIT/UAV/install/setup.ps1'
[2.874s] INFO:colcon.colcon_core.shell:Creating prefix script '/home/ben/GIT/UAV/install/local_setup.sh'
[2.875s] INFO:colcon.colcon_core.shell:Creating prefix util module '/home/ben/GIT/UAV/install/_local_setup_util_sh.py'
[2.876s] INFO:colcon.colcon_core.shell:Creating prefix chain script '/home/ben/GIT/UAV/install/setup.sh'
[2.877s] INFO:colcon.colcon_core.shell:Creating prefix script '/home/ben/GIT/UAV/install/local_setup.bash'
[2.880s] INFO:colcon.colcon_core.shell:Creating prefix chain script '/home/ben/GIT/UAV/install/setup.bash'
[2.883s] INFO:colcon.colcon_core.shell:Creating prefix script '/home/ben/GIT/UAV/install/local_setup.zsh'
[2.884s] INFO:colcon.colcon_core.shell:Creating prefix chain script '/home/ben/GIT/UAV/install/setup.zsh'
