[1.636s] Invoking command in '/home/garrett/Desktop/UAV/src/autonomous': PYTHONPATH=/home/garrett/Desktop/UAV/build/autonomous/prefix_override:/home/garrett/Desktop/UAV/install/autonomous/lib/python3.6/site-packages:${PYTHONPATH} /usr/bin/python3 setup.py egg_info --egg-base ../../build/autonomous build --build-base /home/garrett/Desktop/UAV/build/autonomous/build install --record /home/garrett/Desktop/UAV/build/autonomous/install.log --install-scripts $base/lib/autonomous --single-version-externally-managed
[2.148s] running egg_info
[2.155s] writing ../../build/autonomous/autonomous.egg-info/PKG-INFO
[2.157s] writing dependency_links to ../../build/autonomous/autonomous.egg-info/dependency_links.txt
[2.158s] writing entry points to ../../build/autonomous/autonomous.egg-info/entry_points.txt
[2.160s] writing requirements to ../../build/autonomous/autonomous.egg-info/requires.txt
[2.162s] writing top-level names to ../../build/autonomous/autonomous.egg-info/top_level.txt
[2.229s] reading manifest file '../../build/autonomous/autonomous.egg-info/SOURCES.txt'
[2.232s] writing manifest file '../../build/autonomous/autonomous.egg-info/SOURCES.txt'
[2.234s] running build
[2.235s] running build_py
[2.236s] copying autonomous/Plane.py -> /home/garrett/Desktop/UAV/build/autonomous/build/lib/autonomous
[2.238s] running install
[2.239s] running install_lib
[2.241s] copying /home/garrett/Desktop/UAV/build/autonomous/build/lib/autonomous/Plane.py -> /home/garrett/Desktop/UAV/install/autonomous/lib/python3.6/site-packages/autonomous
[2.244s] byte-compiling /home/garrett/Desktop/UAV/install/autonomous/lib/python3.6/site-packages/autonomous/Plane.py to Plane.cpython-36.pyc
[2.255s] running install_data
[2.260s] running install_egg_info
[2.270s] removing '/home/garrett/Desktop/UAV/install/autonomous/lib/python3.6/site-packages/autonomous-0.0.0-py3.6.egg-info' (and everything under it)
[2.283s] Copying ../../build/autonomous/autonomous.egg-info to /home/garrett/Desktop/UAV/install/autonomous/lib/python3.6/site-packages/autonomous-0.0.0-py3.6.egg-info
[2.283s] running install_scripts
[2.345s] Installing plane script to /home/garrett/Desktop/UAV/install/autonomous/lib/autonomous
[2.347s] writing list of installed files to '/home/garrett/Desktop/UAV/build/autonomous/install.log'
[2.383s] Invoked command in '/home/garrett/Desktop/UAV/src/autonomous' returned '0': PYTHONPATH=/home/garrett/Desktop/UAV/build/autonomous/prefix_override:/home/garrett/Desktop/UAV/install/autonomous/lib/python3.6/site-packages:${PYTHONPATH} /usr/bin/python3 setup.py egg_info --egg-base ../../build/autonomous build --build-base /home/garrett/Desktop/UAV/build/autonomous/build install --record /home/garrett/Desktop/UAV/build/autonomous/install.log --install-scripts $base/lib/autonomous --single-version-externally-managed
