[1.312s] Invoking command in '/home/garrett/Desktop/UAV/src/autonomous': PYTHONPATH=/home/garrett/Desktop/UAV/build/autonomous/prefix_override:/home/garrett/Desktop/UAV/install/autonomous/lib/python3.6/site-packages:${PYTHONPATH} /usr/bin/python3 setup.py egg_info --egg-base ../../build/autonomous build --build-base /home/garrett/Desktop/UAV/build/autonomous/build install --record /home/garrett/Desktop/UAV/build/autonomous/install.log --install-scripts $base/lib/autonomous --single-version-externally-managed
[1.778s] running egg_info
[1.783s] writing ../../build/autonomous/autonomous.egg-info/PKG-INFO
[1.785s] writing dependency_links to ../../build/autonomous/autonomous.egg-info/dependency_links.txt
[1.788s] writing entry points to ../../build/autonomous/autonomous.egg-info/entry_points.txt
[1.790s] writing requirements to ../../build/autonomous/autonomous.egg-info/requires.txt
[1.792s] writing top-level names to ../../build/autonomous/autonomous.egg-info/top_level.txt
[1.895s] reading manifest file '../../build/autonomous/autonomous.egg-info/SOURCES.txt'
[1.898s] writing manifest file '../../build/autonomous/autonomous.egg-info/SOURCES.txt'
[1.900s] running build
[1.901s] running build_py
[1.902s] copying autonomous/Plane.py -> /home/garrett/Desktop/UAV/build/autonomous/build/lib/autonomous
[1.904s] running install
[1.905s] running install_lib
[1.908s] copying /home/garrett/Desktop/UAV/build/autonomous/build/lib/autonomous/Plane.py -> /home/garrett/Desktop/UAV/install/autonomous/lib/python3.6/site-packages/autonomous
[1.910s] byte-compiling /home/garrett/Desktop/UAV/install/autonomous/lib/python3.6/site-packages/autonomous/Plane.py to Plane.cpython-36.pyc
[1.918s] running install_data
[1.920s] running install_egg_info
[1.924s] removing '/home/garrett/Desktop/UAV/install/autonomous/lib/python3.6/site-packages/autonomous-0.0.0-py3.6.egg-info' (and everything under it)
[1.932s] Copying ../../build/autonomous/autonomous.egg-info to /home/garrett/Desktop/UAV/install/autonomous/lib/python3.6/site-packages/autonomous-0.0.0-py3.6.egg-info
[1.938s] running install_scripts
[1.990s] Installing plane script to /home/garrett/Desktop/UAV/install/autonomous/lib/autonomous
[1.992s] writing list of installed files to '/home/garrett/Desktop/UAV/build/autonomous/install.log'
[2.023s] Invoked command in '/home/garrett/Desktop/UAV/src/autonomous' returned '0': PYTHONPATH=/home/garrett/Desktop/UAV/build/autonomous/prefix_override:/home/garrett/Desktop/UAV/install/autonomous/lib/python3.6/site-packages:${PYTHONPATH} /usr/bin/python3 setup.py egg_info --egg-base ../../build/autonomous build --build-base /home/garrett/Desktop/UAV/build/autonomous/build install --record /home/garrett/Desktop/UAV/build/autonomous/install.log --install-scripts $base/lib/autonomous --single-version-externally-managed
