running egg_info
writing ../../build/HikerDetection/HikerDetection.egg-info/PKG-INFO
writing dependency_links to ../../build/HikerDetection/HikerDetection.egg-info/dependency_links.txt
writing entry points to ../../build/HikerDetection/HikerDetection.egg-info/entry_points.txt
writing requirements to ../../build/HikerDetection/HikerDetection.egg-info/requires.txt
writing top-level names to ../../build/HikerDetection/HikerDetection.egg-info/top_level.txt
reading manifest file '../../build/HikerDetection/HikerDetection.egg-info/SOURCES.txt'
writing manifest file '../../build/HikerDetection/HikerDetection.egg-info/SOURCES.txt'
running build
running build_py
copying HikerDetection/KrakenSim.py -> /home/ben/GIT/UAV/build/HikerDetection/build/lib/HikerDetection
running install
running install_lib
copying /home/ben/GIT/UAV/build/HikerDetection/build/lib/HikerDetection/KrakenSim.py -> /home/ben/GIT/UAV/install/HikerDetection/lib/python3.6/site-packages/HikerDetection
byte-compiling /home/ben/GIT/UAV/install/HikerDetection/lib/python3.6/site-packages/HikerDetection/KrakenSim.py to KrakenSim.cpython-36.pyc
running install_data
running install_egg_info
removing '/home/ben/GIT/UAV/install/HikerDetection/lib/python3.6/site-packages/HikerDetection-0.0.0-py3.6.egg-info' (and everything under it)
Copying ../../build/HikerDetection/HikerDetection.egg-info to /home/ben/GIT/UAV/install/HikerDetection/lib/python3.6/site-packages/HikerDetection-0.0.0-py3.6.egg-info
running install_scripts
Installing hiker script to /home/ben/GIT/UAV/install/HikerDetection/lib/HikerDetection
writing list of installed files to '/home/ben/GIT/UAV/build/HikerDetection/install.log'
