[0.710s] Invoking command in '/home/ben/GIT/UAV/src/HikerDetection': PYTHONPATH=/home/ben/GIT/UAV/build/HikerDetection/prefix_override:/home/ben/GIT/UAV/install/HikerDetection/lib/python3.6/site-packages:${PYTHONPATH} /usr/bin/python3 setup.py egg_info --egg-base ../../build/HikerDetection build --build-base /home/ben/GIT/UAV/build/HikerDetection/build install --record /home/ben/GIT/UAV/build/HikerDetection/install.log --install-scripts $base/lib/HikerDetection --single-version-externally-managed
[0.933s] running egg_info
[0.934s] writing ../../build/HikerDetection/HikerDetection.egg-info/PKG-INFO
[0.935s] writing dependency_links to ../../build/HikerDetection/HikerDetection.egg-info/dependency_links.txt
[0.935s] writing entry points to ../../build/HikerDetection/HikerDetection.egg-info/entry_points.txt
[0.936s] writing requirements to ../../build/HikerDetection/HikerDetection.egg-info/requires.txt
[0.937s] writing top-level names to ../../build/HikerDetection/HikerDetection.egg-info/top_level.txt
[0.974s] reading manifest file '../../build/HikerDetection/HikerDetection.egg-info/SOURCES.txt'
[0.975s] writing manifest file '../../build/HikerDetection/HikerDetection.egg-info/SOURCES.txt'
[0.976s] running build
[0.977s] running build_py
[0.980s] copying HikerDetection/KrakenSim.py -> /home/ben/GIT/UAV/build/HikerDetection/build/lib/HikerDetection
[0.981s] running install
[0.982s] running install_lib
[0.983s] copying /home/ben/GIT/UAV/build/HikerDetection/build/lib/HikerDetection/KrakenSim.py -> /home/ben/GIT/UAV/install/HikerDetection/lib/python3.6/site-packages/HikerDetection
[0.984s] byte-compiling /home/ben/GIT/UAV/install/HikerDetection/lib/python3.6/site-packages/HikerDetection/KrakenSim.py to KrakenSim.cpython-36.pyc
[0.985s] running install_data
[0.986s] running install_egg_info
[0.994s] removing '/home/ben/GIT/UAV/install/HikerDetection/lib/python3.6/site-packages/HikerDetection-0.0.0-py3.6.egg-info' (and everything under it)
[1.001s] Copying ../../build/HikerDetection/HikerDetection.egg-info to /home/ben/GIT/UAV/install/HikerDetection/lib/python3.6/site-packages/HikerDetection-0.0.0-py3.6.egg-info
[1.005s] running install_scripts
[1.024s] Installing hiker script to /home/ben/GIT/UAV/install/HikerDetection/lib/HikerDetection
[1.025s] writing list of installed files to '/home/ben/GIT/UAV/build/HikerDetection/install.log'
[1.051s] Invoked command in '/home/ben/GIT/UAV/src/HikerDetection' returned '0': PYTHONPATH=/home/ben/GIT/UAV/build/HikerDetection/prefix_override:/home/ben/GIT/UAV/install/HikerDetection/lib/python3.6/site-packages:${PYTHONPATH} /usr/bin/python3 setup.py egg_info --egg-base ../../build/HikerDetection build --build-base /home/ben/GIT/UAV/build/HikerDetection/build install --record /home/ben/GIT/UAV/build/HikerDetection/install.log --install-scripts $base/lib/HikerDetection --single-version-externally-managed
