[1.599s] Invoking command in '/home/garrett/Desktop/UAV/src/autonomous': PYTHONPATH=/home/garrett/Desktop/UAV/build/autonomous/prefix_override:/home/garrett/Desktop/UAV/install/autonomous/lib/python3.6/site-packages:${PYTHONPATH} /usr/bin/python3 setup.py egg_info --egg-base ../../build/autonomous build --build-base /home/garrett/Desktop/UAV/build/autonomous/build install --record /home/garrett/Desktop/UAV/build/autonomous/install.log --install-scripts $base/lib/autonomous --single-version-externally-managed
[2.033s] running egg_info
[2.035s] writing ../../build/autonomous/autonomous.egg-info/PKG-INFO
[2.037s] writing dependency_links to ../../build/autonomous/autonomous.egg-info/dependency_links.txt
[2.039s] writing entry points to ../../build/autonomous/autonomous.egg-info/entry_points.txt
[2.041s] writing requirements to ../../build/autonomous/autonomous.egg-info/requires.txt
[2.042s] writing top-level names to ../../build/autonomous/autonomous.egg-info/top_level.txt
[2.124s] reading manifest file '../../build/autonomous/autonomous.egg-info/SOURCES.txt'
[2.128s] writing manifest file '../../build/autonomous/autonomous.egg-info/SOURCES.txt'
[2.130s] running build
[2.135s] running build_py
[2.137s] copying autonomous/Plane.py -> /home/garrett/Desktop/UAV/build/autonomous/build/lib/autonomous
[2.138s] running install
[2.141s] running install_lib
[2.147s] copying /home/garrett/Desktop/UAV/build/autonomous/build/lib/autonomous/Plane.py -> /home/garrett/Desktop/UAV/install/autonomous/lib/python3.6/site-packages/autonomous
[2.151s] byte-compiling /home/garrett/Desktop/UAV/install/autonomous/lib/python3.6/site-packages/autonomous/Plane.py to Plane.cpython-36.pyc
[2.161s] running install_data
[2.164s] running install_egg_info
[2.172s] removing '/home/garrett/Desktop/UAV/install/autonomous/lib/python3.6/site-packages/autonomous-0.0.0-py3.6.egg-info' (and everything under it)
[2.181s] Copying ../../build/autonomous/autonomous.egg-info to /home/garrett/Desktop/UAV/install/autonomous/lib/python3.6/site-packages/autonomous-0.0.0-py3.6.egg-info
[2.186s] running install_scripts
[2.229s] Installing talker script to /home/garrett/Desktop/UAV/install/autonomous/lib/autonomous
[2.231s] writing list of installed files to '/home/garrett/Desktop/UAV/build/autonomous/install.log'
[2.266s] Invoked command in '/home/garrett/Desktop/UAV/src/autonomous' returned '0': PYTHONPATH=/home/garrett/Desktop/UAV/build/autonomous/prefix_override:/home/garrett/Desktop/UAV/install/autonomous/lib/python3.6/site-packages:${PYTHONPATH} /usr/bin/python3 setup.py egg_info --egg-base ../../build/autonomous build --build-base /home/garrett/Desktop/UAV/build/autonomous/build install --record /home/garrett/Desktop/UAV/build/autonomous/install.log --install-scripts $base/lib/autonomous --single-version-externally-managed
