[2.995s] Invoking command in '/home/garrett/Desktop/UAV/src/autonomous': PYTHONPATH=/home/garrett/Desktop/UAV/build/autonomous/prefix_override:/home/garrett/Desktop/UAV/install/autonomous/lib/python3.6/site-packages:${PYTHONPATH} /usr/bin/python3 setup.py egg_info --egg-base ../../build/autonomous build --build-base /home/garrett/Desktop/UAV/build/autonomous/build install --record /home/garrett/Desktop/UAV/build/autonomous/install.log --install-scripts $base/lib/autonomous --single-version-externally-managed
[3.663s] running egg_info
[3.666s] writing ../../build/autonomous/autonomous.egg-info/PKG-INFO
[3.668s] writing dependency_links to ../../build/autonomous/autonomous.egg-info/dependency_links.txt
[3.670s] writing entry points to ../../build/autonomous/autonomous.egg-info/entry_points.txt
[3.672s] writing requirements to ../../build/autonomous/autonomous.egg-info/requires.txt
[3.673s] writing top-level names to ../../build/autonomous/autonomous.egg-info/top_level.txt
[3.820s] reading manifest file '../../build/autonomous/autonomous.egg-info/SOURCES.txt'
[3.825s] writing manifest file '../../build/autonomous/autonomous.egg-info/SOURCES.txt'
[3.827s] running build
[3.828s] running build_py
[3.830s] running install
[3.832s] running install_lib
[3.835s] running install_data
[3.838s] running install_egg_info
[3.846s] removing '/home/garrett/Desktop/UAV/install/autonomous/lib/python3.6/site-packages/autonomous-0.0.0-py3.6.egg-info' (and everything under it)
[3.849s] Copying ../../build/autonomous/autonomous.egg-info to /home/garrett/Desktop/UAV/install/autonomous/lib/python3.6/site-packages/autonomous-0.0.0-py3.6.egg-info
[3.852s] running install_scripts
[3.901s] Installing talker script to /home/garrett/Desktop/UAV/install/autonomous/lib/autonomous
[3.904s] writing list of installed files to '/home/garrett/Desktop/UAV/build/autonomous/install.log'
[3.983s] Invoked command in '/home/garrett/Desktop/UAV/src/autonomous' returned '0': PYTHONPATH=/home/garrett/Desktop/UAV/build/autonomous/prefix_override:/home/garrett/Desktop/UAV/install/autonomous/lib/python3.6/site-packages:${PYTHONPATH} /usr/bin/python3 setup.py egg_info --egg-base ../../build/autonomous build --build-base /home/garrett/Desktop/UAV/build/autonomous/build install --record /home/garrett/Desktop/UAV/build/autonomous/install.log --install-scripts $base/lib/autonomous --single-version-externally-managed
