[0.499s] DEBUG:colcon:Command line arguments: ['/usr/bin/colcon', 'build']
[0.500s] DEBUG:colcon:Parsed command line arguments: Namespace(allow_overriding=[], ament_cmake_args=None, base_paths=['.'], build_base='build', catkin_cmake_args=None, catkin_skip_building_tests=False, cmake_args=None, cmake_clean_cache=False, cmake_clean_first=False, cmake_force_configure=False, cmake_target=None, cmake_target_skip_unavailable=False, continue_on_error=False, event_handlers=None, executor='parallel', ignore_user_meta=False, install_base='install', log_base=None, log_level=None, main=<bound method BuildVerb.main of <colcon_core.verb.build.BuildVerb object at 0x7f7750cc05c0>>, merge_install=False, metas=['./colcon.meta'], packages_above=None, packages_above_and_dependencies=None, packages_above_depth=None, packages_end=None, packages_ignore=None, packages_ignore_regex=None, packages_select=None, packages_select_build_failed=False, packages_select_by_dep=None, packages_select_regex=None, packages_select_test_failures=False, packages_skip=None, packages_skip_build_finished=False, packages_skip_by_dep=None, packages_skip_regex=None, packages_skip_test_passed=False, packages_skip_up_to=None, packages_start=None, packages_up_to=None, packages_up_to_regex=None, parallel_workers=1, paths=None, symlink_install=False, test_result_base=None, verb_extension=<colcon_core.verb.build.BuildVerb object at 0x7f7750cc05c0>, verb_name='build', verb_parser=<colcon_defaults.argument_parser.defaults.DefaultArgumentsDecorator object at 0x7f7750cc0908>)
[0.550s] Level 1:colcon.colcon_core.package_discovery:discover_packages(colcon_meta) check parameters
[0.550s] Level 1:colcon.colcon_core.package_discovery:discover_packages(recursive) check parameters
[0.551s] Level 1:colcon.colcon_core.package_discovery:discover_packages(ignore) check parameters
[0.551s] Level 1:colcon.colcon_core.package_discovery:discover_packages(path) check parameters
[0.551s] Level 1:colcon.colcon_core.package_discovery:discover_packages(colcon_meta) discover
[0.552s] Level 1:colcon.colcon_core.package_discovery:discover_packages(recursive) discover
[0.552s] INFO:colcon.colcon_core.package_discovery:Crawling recursively for packages in '/home/garrett/Desktop/UAV'
[0.552s] Level 1:colcon.colcon_core.package_identification:_identify(.) by extensions ['ignore', 'ignore_ament_install']
[0.553s] Level 1:colcon.colcon_core.package_identification:_identify(.) by extension 'ignore'
[0.553s] Level 1:colcon.colcon_core.package_identification:_identify(.) by extension 'ignore_ament_install'
[0.553s] Level 1:colcon.colcon_core.package_identification:_identify(.) by extensions ['colcon_pkg']
[0.554s] Level 1:colcon.colcon_core.package_identification:_identify(.) by extension 'colcon_pkg'
[0.554s] Level 1:colcon.colcon_core.package_identification:_identify(.) by extensions ['colcon_meta']
[0.554s] Level 1:colcon.colcon_core.package_identification:_identify(.) by extension 'colcon_meta'
[0.554s] Level 1:colcon.colcon_core.package_identification:_identify(.) by extensions ['ros']
[0.555s] Level 1:colcon.colcon_core.package_identification:_identify(.) by extension 'ros'
[0.572s] Level 1:colcon.colcon_core.package_identification:_identify(.) by extensions ['cmake', 'python']
[0.572s] Level 1:colcon.colcon_core.package_identification:_identify(.) by extension 'cmake'
[0.573s] Level 1:colcon.colcon_core.package_identification:_identify(.) by extension 'python'
[0.573s] Level 1:colcon.colcon_core.package_identification:_identify(.) by extensions ['python_setup_py']
[0.573s] Level 1:colcon.colcon_core.package_identification:_identify(.) by extension 'python_setup_py'
[0.575s] Level 1:colcon.colcon_core.package_identification:_identify(Autonomous) by extensions ['ignore', 'ignore_ament_install']
[0.576s] Level 1:colcon.colcon_core.package_identification:_identify(Autonomous) by extension 'ignore'
[0.576s] Level 1:colcon.colcon_core.package_identification:_identify(Autonomous) by extension 'ignore_ament_install'
[0.576s] Level 1:colcon.colcon_core.package_identification:_identify(Autonomous) by extensions ['colcon_pkg']
[0.576s] Level 1:colcon.colcon_core.package_identification:_identify(Autonomous) by extension 'colcon_pkg'
[0.576s] Level 1:colcon.colcon_core.package_identification:_identify(Autonomous) by extensions ['colcon_meta']
[0.576s] Level 1:colcon.colcon_core.package_identification:_identify(Autonomous) by extension 'colcon_meta'
[0.576s] Level 1:colcon.colcon_core.package_identification:_identify(Autonomous) by extensions ['ros']
[0.576s] Level 1:colcon.colcon_core.package_identification:_identify(Autonomous) by extension 'ros'
[0.576s] Level 1:colcon.colcon_core.package_identification:_identify(Autonomous) by extensions ['cmake', 'python']
[0.576s] Level 1:colcon.colcon_core.package_identification:_identify(Autonomous) by extension 'cmake'
[0.576s] Level 1:colcon.colcon_core.package_identification:_identify(Autonomous) by extension 'python'
[0.577s] Level 1:colcon.colcon_core.package_identification:_identify(Autonomous) by extensions ['python_setup_py']
[0.577s] Level 1:colcon.colcon_core.package_identification:_identify(Autonomous) by extension 'python_setup_py'
[0.577s] Level 1:colcon.colcon_core.package_identification:_identify(Autonomous/__pycache__) by extensions ['ignore', 'ignore_ament_install']
[0.577s] Level 1:colcon.colcon_core.package_identification:_identify(Autonomous/__pycache__) by extension 'ignore'
[0.577s] Level 1:colcon.colcon_core.package_identification:_identify(Autonomous/__pycache__) by extension 'ignore_ament_install'
[0.577s] Level 1:colcon.colcon_core.package_identification:_identify(Autonomous/__pycache__) by extensions ['colcon_pkg']
[0.577s] Level 1:colcon.colcon_core.package_identification:_identify(Autonomous/__pycache__) by extension 'colcon_pkg'
[0.577s] Level 1:colcon.colcon_core.package_identification:_identify(Autonomous/__pycache__) by extensions ['colcon_meta']
[0.577s] Level 1:colcon.colcon_core.package_identification:_identify(Autonomous/__pycache__) by extension 'colcon_meta'
[0.577s] Level 1:colcon.colcon_core.package_identification:_identify(Autonomous/__pycache__) by extensions ['ros']
[0.578s] Level 1:colcon.colcon_core.package_identification:_identify(Autonomous/__pycache__) by extension 'ros'
[0.578s] Level 1:colcon.colcon_core.package_identification:_identify(Autonomous/__pycache__) by extensions ['cmake', 'python']
[0.578s] Level 1:colcon.colcon_core.package_identification:_identify(Autonomous/__pycache__) by extension 'cmake'
[0.578s] Level 1:colcon.colcon_core.package_identification:_identify(Autonomous/__pycache__) by extension 'python'
[0.579s] Level 1:colcon.colcon_core.package_identification:_identify(Autonomous/__pycache__) by extensions ['python_setup_py']
[0.579s] Level 1:colcon.colcon_core.package_identification:_identify(Autonomous/__pycache__) by extension 'python_setup_py'
[0.579s] Level 1:colcon.colcon_core.package_identification:_identify(Communications) by extensions ['ignore', 'ignore_ament_install']
[0.580s] Level 1:colcon.colcon_core.package_identification:_identify(Communications) by extension 'ignore'
[0.580s] Level 1:colcon.colcon_core.package_identification:_identify(Communications) by extension 'ignore_ament_install'
[0.580s] Level 1:colcon.colcon_core.package_identification:_identify(Communications) by extensions ['colcon_pkg']
[0.580s] Level 1:colcon.colcon_core.package_identification:_identify(Communications) by extension 'colcon_pkg'
[0.581s] Level 1:colcon.colcon_core.package_identification:_identify(Communications) by extensions ['colcon_meta']
[0.581s] Level 1:colcon.colcon_core.package_identification:_identify(Communications) by extension 'colcon_meta'
[0.581s] Level 1:colcon.colcon_core.package_identification:_identify(Communications) by extensions ['ros']
[0.581s] Level 1:colcon.colcon_core.package_identification:_identify(Communications) by extension 'ros'
[0.582s] Level 1:colcon.colcon_core.package_identification:_identify(Communications) by extensions ['cmake', 'python']
[0.582s] Level 1:colcon.colcon_core.package_identification:_identify(Communications) by extension 'cmake'
[0.582s] Level 1:colcon.colcon_core.package_identification:_identify(Communications) by extension 'python'
[0.582s] Level 1:colcon.colcon_core.package_identification:_identify(Communications) by extensions ['python_setup_py']
[0.582s] Level 1:colcon.colcon_core.package_identification:_identify(Communications) by extension 'python_setup_py'
[0.583s] Level 1:colcon.colcon_core.package_identification:_identify(Communications/__pycache__) by extensions ['ignore', 'ignore_ament_install']
[0.583s] Level 1:colcon.colcon_core.package_identification:_identify(Communications/__pycache__) by extension 'ignore'
[0.583s] Level 1:colcon.colcon_core.package_identification:_identify(Communications/__pycache__) by extension 'ignore_ament_install'
[0.583s] Level 1:colcon.colcon_core.package_identification:_identify(Communications/__pycache__) by extensions ['colcon_pkg']
[0.583s] Level 1:colcon.colcon_core.package_identification:_identify(Communications/__pycache__) by extension 'colcon_pkg'
[0.583s] Level 1:colcon.colcon_core.package_identification:_identify(Communications/__pycache__) by extensions ['colcon_meta']
[0.583s] Level 1:colcon.colcon_core.package_identification:_identify(Communications/__pycache__) by extension 'colcon_meta'
[0.583s] Level 1:colcon.colcon_core.package_identification:_identify(Communications/__pycache__) by extensions ['ros']
[0.583s] Level 1:colcon.colcon_core.package_identification:_identify(Communications/__pycache__) by extension 'ros'
[0.583s] Level 1:colcon.colcon_core.package_identification:_identify(Communications/__pycache__) by extensions ['cmake', 'python']
[0.583s] Level 1:colcon.colcon_core.package_identification:_identify(Communications/__pycache__) by extension 'cmake'
[0.583s] Level 1:colcon.colcon_core.package_identification:_identify(Communications/__pycache__) by extension 'python'
[0.583s] Level 1:colcon.colcon_core.package_identification:_identify(Communications/__pycache__) by extensions ['python_setup_py']
[0.584s] Level 1:colcon.colcon_core.package_identification:_identify(Communications/__pycache__) by extension 'python_setup_py'
[0.584s] Level 1:colcon.colcon_core.package_identification:_identify(HikerDetection) by extensions ['ignore', 'ignore_ament_install']
[0.584s] Level 1:colcon.colcon_core.package_identification:_identify(HikerDetection) by extension 'ignore'
[0.584s] Level 1:colcon.colcon_core.package_identification:_identify(HikerDetection) by extension 'ignore_ament_install'
[0.584s] Level 1:colcon.colcon_core.package_identification:_identify(HikerDetection) by extensions ['colcon_pkg']
[0.584s] Level 1:colcon.colcon_core.package_identification:_identify(HikerDetection) by extension 'colcon_pkg'
[0.584s] Level 1:colcon.colcon_core.package_identification:_identify(HikerDetection) by extensions ['colcon_meta']
[0.584s] Level 1:colcon.colcon_core.package_identification:_identify(HikerDetection) by extension 'colcon_meta'
[0.584s] Level 1:colcon.colcon_core.package_identification:_identify(HikerDetection) by extensions ['ros']
[0.584s] Level 1:colcon.colcon_core.package_identification:_identify(HikerDetection) by extension 'ros'
[0.584s] Level 1:colcon.colcon_core.package_identification:_identify(HikerDetection) by extensions ['cmake', 'python']
[0.584s] Level 1:colcon.colcon_core.package_identification:_identify(HikerDetection) by extension 'cmake'
[0.584s] Level 1:colcon.colcon_core.package_identification:_identify(HikerDetection) by extension 'python'
[0.584s] Level 1:colcon.colcon_core.package_identification:_identify(HikerDetection) by extensions ['python_setup_py']
[0.585s] Level 1:colcon.colcon_core.package_identification:_identify(HikerDetection) by extension 'python_setup_py'
[0.585s] Level 1:colcon.colcon_core.package_identification:_identify(build) by extensions ['ignore', 'ignore_ament_install']
[0.585s] Level 1:colcon.colcon_core.package_identification:_identify(build) by extension 'ignore'
[0.585s] Level 1:colcon.colcon_core.package_identification:_identify(build) ignored
[0.586s] Level 1:colcon.colcon_core.package_identification:_identify(install) by extensions ['ignore', 'ignore_ament_install']
[0.586s] Level 1:colcon.colcon_core.package_identification:_identify(install) by extension 'ignore'
[0.586s] Level 1:colcon.colcon_core.package_identification:_identify(install) ignored
[0.587s] Level 1:colcon.colcon_core.package_identification:_identify(log) by extensions ['ignore', 'ignore_ament_install']
[0.587s] Level 1:colcon.colcon_core.package_identification:_identify(log) by extension 'ignore'
[0.587s] Level 1:colcon.colcon_core.package_identification:_identify(log) ignored
[0.588s] Level 1:colcon.colcon_core.package_identification:_identify(src) by extensions ['ignore', 'ignore_ament_install']
[0.588s] Level 1:colcon.colcon_core.package_identification:_identify(src) by extension 'ignore'
[0.588s] Level 1:colcon.colcon_core.package_identification:_identify(src) by extension 'ignore_ament_install'
[0.588s] Level 1:colcon.colcon_core.package_identification:_identify(src) by extensions ['colcon_pkg']
[0.589s] Level 1:colcon.colcon_core.package_identification:_identify(src) by extension 'colcon_pkg'
[0.589s] Level 1:colcon.colcon_core.package_identification:_identify(src) by extensions ['colcon_meta']
[0.589s] Level 1:colcon.colcon_core.package_identification:_identify(src) by extension 'colcon_meta'
[0.589s] Level 1:colcon.colcon_core.package_identification:_identify(src) by extensions ['ros']
[0.590s] Level 1:colcon.colcon_core.package_identification:_identify(src) by extension 'ros'
[0.590s] Level 1:colcon.colcon_core.package_identification:_identify(src) by extensions ['cmake', 'python']
[0.590s] Level 1:colcon.colcon_core.package_identification:_identify(src) by extension 'cmake'
[0.590s] Level 1:colcon.colcon_core.package_identification:_identify(src) by extension 'python'
[0.591s] Level 1:colcon.colcon_core.package_identification:_identify(src) by extensions ['python_setup_py']
[0.591s] Level 1:colcon.colcon_core.package_identification:_identify(src) by extension 'python_setup_py'
[0.591s] Level 1:colcon.colcon_core.package_identification:_identify(src/autonomous) by extensions ['ignore', 'ignore_ament_install']
[0.592s] Level 1:colcon.colcon_core.package_identification:_identify(src/autonomous) by extension 'ignore'
[0.592s] Level 1:colcon.colcon_core.package_identification:_identify(src/autonomous) by extension 'ignore_ament_install'
[0.592s] Level 1:colcon.colcon_core.package_identification:_identify(src/autonomous) by extensions ['colcon_pkg']
[0.592s] Level 1:colcon.colcon_core.package_identification:_identify(src/autonomous) by extension 'colcon_pkg'
[0.593s] Level 1:colcon.colcon_core.package_identification:_identify(src/autonomous) by extensions ['colcon_meta']
[0.593s] Level 1:colcon.colcon_core.package_identification:_identify(src/autonomous) by extension 'colcon_meta'
[0.593s] Level 1:colcon.colcon_core.package_identification:_identify(src/autonomous) by extensions ['ros']
[0.593s] Level 1:colcon.colcon_core.package_identification:_identify(src/autonomous) by extension 'ros'
[0.597s] DEBUG:colcon.colcon_core.package_identification:Package 'src/autonomous' with type 'ros.ament_python' and name 'autonomous'
[0.598s] Level 1:colcon.colcon_core.package_identification:_identify(src/communications) by extensions ['ignore', 'ignore_ament_install']
[0.598s] Level 1:colcon.colcon_core.package_identification:_identify(src/communications) by extension 'ignore'
[0.598s] Level 1:colcon.colcon_core.package_identification:_identify(src/communications) by extension 'ignore_ament_install'
[0.598s] Level 1:colcon.colcon_core.package_identification:_identify(src/communications) by extensions ['colcon_pkg']
[0.599s] Level 1:colcon.colcon_core.package_identification:_identify(src/communications) by extension 'colcon_pkg'
[0.599s] Level 1:colcon.colcon_core.package_identification:_identify(src/communications) by extensions ['colcon_meta']
[0.599s] Level 1:colcon.colcon_core.package_identification:_identify(src/communications) by extension 'colcon_meta'
[0.599s] Level 1:colcon.colcon_core.package_identification:_identify(src/communications) by extensions ['ros']
[0.600s] Level 1:colcon.colcon_core.package_identification:_identify(src/communications) by extension 'ros'
[0.601s] DEBUG:colcon.colcon_core.package_identification:Package 'src/communications' with type 'ros.ament_python' and name 'communications'
[0.601s] Level 1:colcon.colcon_core.package_discovery:discover_packages(recursive) using defaults
[0.601s] Level 1:colcon.colcon_core.package_discovery:discover_packages(ignore) discover
[0.602s] Level 1:colcon.colcon_core.package_discovery:discover_packages(ignore) using defaults
[0.602s] Level 1:colcon.colcon_core.package_discovery:discover_packages(path) discover
[0.602s] Level 1:colcon.colcon_core.package_discovery:discover_packages(path) using defaults
[0.635s] Level 1:colcon.colcon_core.package_discovery:discover_packages(prefix_path) check parameters
[0.635s] Level 1:colcon.colcon_core.package_discovery:discover_packages(prefix_path) discover
[0.639s] DEBUG:colcon.colcon_installed_package_information.package_discovery:Found 2 installed packages in /home/garrett/Desktop/UAV/install
[0.643s] DEBUG:colcon.colcon_installed_package_information.package_discovery:Found 227 installed packages in /opt/ros/eloquent
[0.647s] Level 1:colcon.colcon_core.package_discovery:discover_packages(prefix_path) using defaults
[0.754s] Level 5:colcon.colcon_core.verb:set package 'autonomous' build argument 'cmake_args' from command line to 'None'
[0.755s] Level 5:colcon.colcon_core.verb:set package 'autonomous' build argument 'cmake_target' from command line to 'None'
[0.755s] Level 5:colcon.colcon_core.verb:set package 'autonomous' build argument 'cmake_target_skip_unavailable' from command line to 'False'
[0.755s] Level 5:colcon.colcon_core.verb:set package 'autonomous' build argument 'cmake_clean_cache' from command line to 'False'
[0.755s] Level 5:colcon.colcon_core.verb:set package 'autonomous' build argument 'cmake_clean_first' from command line to 'False'
[0.756s] Level 5:colcon.colcon_core.verb:set package 'autonomous' build argument 'cmake_force_configure' from command line to 'False'
[0.756s] Level 5:colcon.colcon_core.verb:set package 'autonomous' build argument 'ament_cmake_args' from command line to 'None'
[0.756s] Level 5:colcon.colcon_core.verb:set package 'autonomous' build argument 'catkin_cmake_args' from command line to 'None'
[0.756s] Level 5:colcon.colcon_core.verb:set package 'autonomous' build argument 'catkin_skip_building_tests' from command line to 'False'
[0.756s] DEBUG:colcon.colcon_core.verb:Building package 'autonomous' with the following arguments: {'ament_cmake_args': None, 'build_base': '/home/garrett/Desktop/UAV/build/autonomous', 'catkin_cmake_args': None, 'catkin_skip_building_tests': False, 'cmake_args': None, 'cmake_clean_cache': False, 'cmake_clean_first': False, 'cmake_force_configure': False, 'cmake_target': None, 'cmake_target_skip_unavailable': False, 'install_base': '/home/garrett/Desktop/UAV/install/autonomous', 'merge_install': False, 'path': '/home/garrett/Desktop/UAV/src/autonomous', 'symlink_install': False, 'test_result_base': None}
[0.759s] Level 5:colcon.colcon_core.verb:set package 'communications' build argument 'cmake_args' from command line to 'None'
[0.759s] Level 5:colcon.colcon_core.verb:set package 'communications' build argument 'cmake_target' from command line to 'None'
[0.759s] Level 5:colcon.colcon_core.verb:set package 'communications' build argument 'cmake_target_skip_unavailable' from command line to 'False'
[0.759s] Level 5:colcon.colcon_core.verb:set package 'communications' build argument 'cmake_clean_cache' from command line to 'False'
[0.759s] Level 5:colcon.colcon_core.verb:set package 'communications' build argument 'cmake_clean_first' from command line to 'False'
[0.760s] Level 5:colcon.colcon_core.verb:set package 'communications' build argument 'cmake_force_configure' from command line to 'False'
[0.760s] Level 5:colcon.colcon_core.verb:set package 'communications' build argument 'ament_cmake_args' from command line to 'None'
[0.760s] Level 5:colcon.colcon_core.verb:set package 'communications' build argument 'catkin_cmake_args' from command line to 'None'
[0.760s] Level 5:colcon.colcon_core.verb:set package 'communications' build argument 'catkin_skip_building_tests' from command line to 'False'
[0.761s] DEBUG:colcon.colcon_core.verb:Building package 'communications' with the following arguments: {'ament_cmake_args': None, 'build_base': '/home/garrett/Desktop/UAV/build/communications', 'catkin_cmake_args': None, 'catkin_skip_building_tests': False, 'cmake_args': None, 'cmake_clean_cache': False, 'cmake_clean_first': False, 'cmake_force_configure': False, 'cmake_target': None, 'cmake_target_skip_unavailable': False, 'install_base': '/home/garrett/Desktop/UAV/install/communications', 'merge_install': False, 'path': '/home/garrett/Desktop/UAV/src/communications', 'symlink_install': False, 'test_result_base': None}
[0.762s] INFO:colcon.colcon_core.executor:Executing jobs using 'parallel' executor
[0.768s] DEBUG:colcon.colcon_parallel_executor.executor.parallel:run_until_complete
[0.768s] INFO:colcon.colcon_ros.task.ament_python.build:Building ROS package in '/home/garrett/Desktop/UAV/src/autonomous' with build type 'ament_python'
[0.769s] Level 1:colcon.colcon_core.shell:create_environment_hook('autonomous', 'ament_prefix_path')
[0.779s] INFO:colcon.colcon_core.plugin_system:Skipping extension 'colcon_core.shell.bat': Not used on non-Windows systems
[0.779s] INFO:colcon.colcon_core.shell:Creating environment hook '/home/garrett/Desktop/UAV/install/autonomous/share/autonomous/hook/ament_prefix_path.ps1'
[0.781s] INFO:colcon.colcon_core.shell:Creating environment descriptor '/home/garrett/Desktop/UAV/install/autonomous/share/autonomous/hook/ament_prefix_path.dsv'
[0.782s] INFO:colcon.colcon_core.shell:Creating environment hook '/home/garrett/Desktop/UAV/install/autonomous/share/autonomous/hook/ament_prefix_path.sh'
[0.788s] INFO:colcon.colcon_core.shell:Skip shell extension 'powershell' for command environment: Not usable outside of PowerShell
[0.788s] DEBUG:colcon.colcon_core.shell:Skip shell extension 'dsv' for command environment
[1.279s] INFO:colcon.colcon_core.task.python.build:Building Python package in '/home/garrett/Desktop/UAV/src/autonomous'
[1.287s] INFO:colcon.colcon_core.shell:Skip shell extension 'powershell' for command environment: Not usable outside of PowerShell
[1.288s] DEBUG:colcon.colcon_core.shell:Skip shell extension 'dsv' for command environment
[1.940s] DEBUG:colcon.colcon_core.event_handler.log_command:Invoking command in '/home/garrett/Desktop/UAV/src/autonomous': PYTHONPATH=/home/garrett/Desktop/UAV/build/autonomous/prefix_override:/home/garrett/Desktop/UAV/install/autonomous/lib/python3.6/site-packages:${PYTHONPATH} /usr/bin/python3 setup.py egg_info --egg-base ../../build/autonomous build --build-base /home/garrett/Desktop/UAV/build/autonomous/build install --record /home/garrett/Desktop/UAV/build/autonomous/install.log --install-scripts $base/lib/autonomous --single-version-externally-managed
[2.495s] DEBUG:colcon.colcon_core.event_handler.log_command:Invoked command in '/home/garrett/Desktop/UAV/src/autonomous' returned '0': PYTHONPATH=/home/garrett/Desktop/UAV/build/autonomous/prefix_override:/home/garrett/Desktop/UAV/install/autonomous/lib/python3.6/site-packages:${PYTHONPATH} /usr/bin/python3 setup.py egg_info --egg-base ../../build/autonomous build --build-base /home/garrett/Desktop/UAV/build/autonomous/build install --record /home/garrett/Desktop/UAV/build/autonomous/install.log --install-scripts $base/lib/autonomous --single-version-externally-managed
[2.502s] Level 1:colcon.colcon_core.environment:checking '/home/garrett/Desktop/UAV/install/autonomous' for CMake module files
[2.503s] Level 1:colcon.colcon_core.environment:checking '/home/garrett/Desktop/UAV/install/autonomous' for CMake config files
[2.506s] Level 1:colcon.colcon_core.environment:checking '/home/garrett/Desktop/UAV/install/autonomous/lib'
[2.507s] Level 1:colcon.colcon_core.environment:checking '/home/garrett/Desktop/UAV/install/autonomous/bin'
[2.507s] Level 1:colcon.colcon_core.environment:checking '/home/garrett/Desktop/UAV/install/autonomous/lib/pkgconfig/autonomous.pc'
[2.508s] Level 1:colcon.colcon_core.environment:checking '/home/garrett/Desktop/UAV/install/autonomous/lib/python3.6/site-packages'
[2.508s] Level 1:colcon.colcon_core.shell:create_environment_hook('autonomous', 'pythonpath')
[2.511s] INFO:colcon.colcon_core.shell:Creating environment hook '/home/garrett/Desktop/UAV/install/autonomous/share/autonomous/hook/pythonpath.ps1'
[2.513s] INFO:colcon.colcon_core.shell:Creating environment descriptor '/home/garrett/Desktop/UAV/install/autonomous/share/autonomous/hook/pythonpath.dsv'
[2.514s] INFO:colcon.colcon_core.shell:Creating environment hook '/home/garrett/Desktop/UAV/install/autonomous/share/autonomous/hook/pythonpath.sh'
[2.516s] Level 1:colcon.colcon_core.environment:checking '/home/garrett/Desktop/UAV/install/autonomous/bin'
[2.516s] Level 1:colcon.colcon_core.environment:create_environment_scripts_only(autonomous)
[2.519s] INFO:colcon.colcon_core.shell:Creating package script '/home/garrett/Desktop/UAV/install/autonomous/share/autonomous/package.ps1'
[2.522s] INFO:colcon.colcon_core.shell:Creating package descriptor '/home/garrett/Desktop/UAV/install/autonomous/share/autonomous/package.dsv'
[2.523s] INFO:colcon.colcon_core.shell:Creating package script '/home/garrett/Desktop/UAV/install/autonomous/share/autonomous/package.sh'
[2.525s] INFO:colcon.colcon_core.shell:Creating package script '/home/garrett/Desktop/UAV/install/autonomous/share/autonomous/package.bash'
[2.528s] INFO:colcon.colcon_core.shell:Creating package script '/home/garrett/Desktop/UAV/install/autonomous/share/autonomous/package.zsh'
[2.530s] Level 1:colcon.colcon_core.environment:create_file_with_runtime_dependencies(/home/garrett/Desktop/UAV/install/autonomous/share/colcon-core/packages/autonomous)
[2.532s] INFO:colcon.colcon_ros.task.ament_python.build:Building ROS package in '/home/garrett/Desktop/UAV/src/communications' with build type 'ament_python'
[2.533s] Level 1:colcon.colcon_core.shell:create_environment_hook('communications', 'ament_prefix_path')
[2.535s] INFO:colcon.colcon_core.shell:Creating environment hook '/home/garrett/Desktop/UAV/install/communications/share/communications/hook/ament_prefix_path.ps1'
[2.542s] INFO:colcon.colcon_core.shell:Creating environment descriptor '/home/garrett/Desktop/UAV/install/communications/share/communications/hook/ament_prefix_path.dsv'
[2.544s] INFO:colcon.colcon_core.shell:Creating environment hook '/home/garrett/Desktop/UAV/install/communications/share/communications/hook/ament_prefix_path.sh'
[2.548s] INFO:colcon.colcon_core.shell:Skip shell extension 'powershell' for command environment: Not usable outside of PowerShell
[2.550s] DEBUG:colcon.colcon_core.shell:Skip shell extension 'dsv' for command environment
[2.984s] INFO:colcon.colcon_core.task.python.build:Building Python package in '/home/garrett/Desktop/UAV/src/communications'
[2.988s] INFO:colcon.colcon_core.shell:Skip shell extension 'powershell' for command environment: Not usable outside of PowerShell
[2.988s] DEBUG:colcon.colcon_core.shell:Skip shell extension 'dsv' for command environment
[3.577s] DEBUG:colcon.colcon_core.event_handler.log_command:Invoking command in '/home/garrett/Desktop/UAV/src/communications': PYTHONPATH=/home/garrett/Desktop/UAV/build/communications/prefix_override:/home/garrett/Desktop/UAV/install/communications/lib/python3.6/site-packages:${PYTHONPATH} /usr/bin/python3 setup.py egg_info --egg-base ../../build/communications build --build-base /home/garrett/Desktop/UAV/build/communications/build install --record /home/garrett/Desktop/UAV/build/communications/install.log --install-scripts $base/lib/communications --single-version-externally-managed
[4.120s] Level 1:colcon.colcon_core.environment:checking '/home/garrett/Desktop/UAV/install/communications' for CMake module files
[4.122s] DEBUG:colcon.colcon_core.event_handler.log_command:Invoked command in '/home/garrett/Desktop/UAV/src/communications' returned '0': PYTHONPATH=/home/garrett/Desktop/UAV/build/communications/prefix_override:/home/garrett/Desktop/UAV/install/communications/lib/python3.6/site-packages:${PYTHONPATH} /usr/bin/python3 setup.py egg_info --egg-base ../../build/communications build --build-base /home/garrett/Desktop/UAV/build/communications/build install --record /home/garrett/Desktop/UAV/build/communications/install.log --install-scripts $base/lib/communications --single-version-externally-managed
[4.124s] Level 1:colcon.colcon_core.environment:checking '/home/garrett/Desktop/UAV/install/communications' for CMake config files
[4.125s] Level 1:colcon.colcon_core.environment:checking '/home/garrett/Desktop/UAV/install/communications/lib'
[4.126s] Level 1:colcon.colcon_core.environment:checking '/home/garrett/Desktop/UAV/install/communications/bin'
[4.126s] Level 1:colcon.colcon_core.environment:checking '/home/garrett/Desktop/UAV/install/communications/lib/pkgconfig/communications.pc'
[4.127s] Level 1:colcon.colcon_core.environment:checking '/home/garrett/Desktop/UAV/install/communications/lib/python3.6/site-packages'
[4.127s] Level 1:colcon.colcon_core.shell:create_environment_hook('communications', 'pythonpath')
[4.130s] INFO:colcon.colcon_core.shell:Creating environment hook '/home/garrett/Desktop/UAV/install/communications/share/communications/hook/pythonpath.ps1'
[4.131s] INFO:colcon.colcon_core.shell:Creating environment descriptor '/home/garrett/Desktop/UAV/install/communications/share/communications/hook/pythonpath.dsv'
[4.132s] INFO:colcon.colcon_core.shell:Creating environment hook '/home/garrett/Desktop/UAV/install/communications/share/communications/hook/pythonpath.sh'
[4.134s] Level 1:colcon.colcon_core.environment:checking '/home/garrett/Desktop/UAV/install/communications/bin'
[4.134s] Level 1:colcon.colcon_core.environment:create_environment_scripts_only(communications)
[4.137s] INFO:colcon.colcon_core.shell:Creating package script '/home/garrett/Desktop/UAV/install/communications/share/communications/package.ps1'
[4.139s] INFO:colcon.colcon_core.shell:Creating package descriptor '/home/garrett/Desktop/UAV/install/communications/share/communications/package.dsv'
[4.140s] INFO:colcon.colcon_core.shell:Creating package script '/home/garrett/Desktop/UAV/install/communications/share/communications/package.sh'
[4.141s] INFO:colcon.colcon_core.shell:Creating package script '/home/garrett/Desktop/UAV/install/communications/share/communications/package.bash'
[4.142s] INFO:colcon.colcon_core.shell:Creating package script '/home/garrett/Desktop/UAV/install/communications/share/communications/package.zsh'
[4.143s] Level 1:colcon.colcon_core.environment:create_file_with_runtime_dependencies(/home/garrett/Desktop/UAV/install/communications/share/colcon-core/packages/communications)
[4.145s] DEBUG:colcon.colcon_parallel_executor.executor.parallel:closing loop
[4.150s] DEBUG:colcon.colcon_parallel_executor.executor.parallel:loop closed
[4.151s] DEBUG:colcon.colcon_parallel_executor.executor.parallel:run_until_complete finished with '0'
[4.151s] DEBUG:colcon.colcon_core.event_reactor:joining thread
[4.162s] INFO:colcon.colcon_core.plugin_system:Skipping extension 'colcon_notification.desktop_notification.terminal_notifier': Not used on non-Darwin systems
[4.163s] INFO:colcon.colcon_core.plugin_system:Skipping extension 'colcon_notification.desktop_notification.win32': Not used on non-Windows systems
[4.163s] INFO:colcon.colcon_notification.desktop_notification:Sending desktop notification using 'notify2'
[4.173s] DEBUG:colcon.colcon_core.event_reactor:joined thread
[4.176s] INFO:colcon.colcon_core.shell:Creating prefix script '/home/garrett/Desktop/UAV/install/local_setup.ps1'
[4.181s] INFO:colcon.colcon_core.shell:Creating prefix util module '/home/garrett/Desktop/UAV/install/_local_setup_util_ps1.py'
[4.190s] INFO:colcon.colcon_core.shell:Creating prefix chain script '/home/garrett/Desktop/UAV/install/setup.ps1'
[4.193s] INFO:colcon.colcon_core.shell:Creating prefix script '/home/garrett/Desktop/UAV/install/local_setup.sh'
[4.198s] INFO:colcon.colcon_core.shell:Creating prefix util module '/home/garrett/Desktop/UAV/install/_local_setup_util_sh.py'
[4.200s] INFO:colcon.colcon_core.shell:Creating prefix chain script '/home/garrett/Desktop/UAV/install/setup.sh'
[4.205s] INFO:colcon.colcon_core.shell:Creating prefix script '/home/garrett/Desktop/UAV/install/local_setup.bash'
[4.210s] INFO:colcon.colcon_core.shell:Creating prefix chain script '/home/garrett/Desktop/UAV/install/setup.bash'
[4.213s] INFO:colcon.colcon_core.shell:Creating prefix script '/home/garrett/Desktop/UAV/install/local_setup.zsh'
[4.216s] INFO:colcon.colcon_core.shell:Creating prefix chain script '/home/garrett/Desktop/UAV/install/setup.zsh'
