[0.792s] Invoking command in '/home/ben/GIT/UAV/src/HikerDetection': PYTHONPATH=/home/ben/GIT/UAV/build/HikerDetection/prefix_override:/home/ben/GIT/UAV/install/HikerDetection/lib/python3.6/site-packages:${PYTHONPATH} /usr/bin/python3 setup.py egg_info --egg-base ../../build/HikerDetection build --build-base /home/ben/GIT/UAV/build/HikerDetection/build install --record /home/ben/GIT/UAV/build/HikerDetection/install.log --install-scripts $base/lib/HikerDetection --single-version-externally-managed
[0.980s] running egg_info
[0.981s] writing ../../build/HikerDetection/HikerDetection.egg-info/PKG-INFO
[0.987s] writing dependency_links to ../../build/HikerDetection/HikerDetection.egg-info/dependency_links.txt
[0.989s] writing entry points to ../../build/HikerDetection/HikerDetection.egg-info/entry_points.txt
[0.989s] writing requirements to ../../build/HikerDetection/HikerDetection.egg-info/requires.txt
[0.990s] writing top-level names to ../../build/HikerDetection/HikerDetection.egg-info/top_level.txt
[1.020s] reading manifest file '../../build/HikerDetection/HikerDetection.egg-info/SOURCES.txt'
[1.022s] writing manifest file '../../build/HikerDetection/HikerDetection.egg-info/SOURCES.txt'
[1.023s] running build
[1.023s] running build_py
[1.024s] running install
[1.024s] running install_lib
[1.026s] running install_data
[1.027s] running install_egg_info
[1.029s] removing '/home/ben/GIT/UAV/install/HikerDetection/lib/python3.6/site-packages/HikerDetection-0.0.0-py3.6.egg-info' (and everything under it)
[1.041s] Copying ../../build/HikerDetection/HikerDetection.egg-info to /home/ben/GIT/UAV/install/HikerDetection/lib/python3.6/site-packages/HikerDetection-0.0.0-py3.6.egg-info
[1.044s] running install_scripts
[1.060s] Installing hiker script to /home/ben/GIT/UAV/install/HikerDetection/lib/HikerDetection
[1.062s] writing list of installed files to '/home/ben/GIT/UAV/build/HikerDetection/install.log'
[1.090s] Invoked command in '/home/ben/GIT/UAV/src/HikerDetection' returned '0': PYTHONPATH=/home/ben/GIT/UAV/build/HikerDetection/prefix_override:/home/ben/GIT/UAV/install/HikerDetection/lib/python3.6/site-packages:${PYTHONPATH} /usr/bin/python3 setup.py egg_info --egg-base ../../build/HikerDetection build --build-base /home/ben/GIT/UAV/build/HikerDetection/build install --record /home/ben/GIT/UAV/build/HikerDetection/install.log --install-scripts $base/lib/HikerDetection --single-version-externally-managed
