[1.170s] Invoking command in '/home/ben/GIT/UAV/src/communications': PYTHONPATH=/home/ben/GIT/UAV/build/communications/prefix_override:/home/ben/GIT/UAV/install/communications/lib/python3.6/site-packages:${PYTHONPATH} /usr/bin/python3 setup.py egg_info --egg-base ../../build/communications build --build-base /home/ben/GIT/UAV/build/communications/build install --record /home/ben/GIT/UAV/build/communications/install.log --install-scripts $base/lib/communications --single-version-externally-managed
[1.632s] running egg_info
[1.633s] writing ../../build/communications/communications.egg-info/PKG-INFO
[1.633s] writing dependency_links to ../../build/communications/communications.egg-info/dependency_links.txt
[1.634s] writing entry points to ../../build/communications/communications.egg-info/entry_points.txt
[1.634s] writing requirements to ../../build/communications/communications.egg-info/requires.txt
[1.634s] writing top-level names to ../../build/communications/communications.egg-info/top_level.txt
[1.707s] reading manifest file '../../build/communications/communications.egg-info/SOURCES.txt'
[1.711s] writing manifest file '../../build/communications/communications.egg-info/SOURCES.txt'
[1.712s] running build
[1.712s] running build_py
[1.717s] running install
[1.719s] running install_lib
[1.723s] running install_data
[1.728s] running install_egg_info
[1.738s] removing '/home/ben/GIT/UAV/install/communications/lib/python3.6/site-packages/communications-0.0.0-py3.6.egg-info' (and everything under it)
[1.748s] Copying ../../build/communications/communications.egg-info to /home/ben/GIT/UAV/install/communications/lib/python3.6/site-packages/communications-0.0.0-py3.6.egg-info
[1.750s] running install_scripts
[1.788s] Installing comms script to /home/ben/GIT/UAV/install/communications/lib/communications
[1.791s] writing list of installed files to '/home/ben/GIT/UAV/build/communications/install.log'
[1.857s] Invoked command in '/home/ben/GIT/UAV/src/communications' returned '0': PYTHONPATH=/home/ben/GIT/UAV/build/communications/prefix_override:/home/ben/GIT/UAV/install/communications/lib/python3.6/site-packages:${PYTHONPATH} /usr/bin/python3 setup.py egg_info --egg-base ../../build/communications build --build-base /home/ben/GIT/UAV/build/communications/build install --record /home/ben/GIT/UAV/build/communications/install.log --install-scripts $base/lib/communications --single-version-externally-managed
