[1.468s] Invoking command in '/home/garrett/Desktop/UAV/src/communications': PYTHONPATH=/home/garrett/Desktop/UAV/build/communications/prefix_override:/home/garrett/Desktop/UAV/install/communications/lib/python3.6/site-packages:${PYTHONPATH} /usr/bin/python3 setup.py egg_info --egg-base ../../build/communications build --build-base /home/garrett/Desktop/UAV/build/communications/build install --record /home/garrett/Desktop/UAV/build/communications/install.log --install-scripts $base/lib/communications --single-version-externally-managed
[1.946s] running egg_info
[1.948s] writing ../../build/communications/communications.egg-info/PKG-INFO
[1.950s] writing dependency_links to ../../build/communications/communications.egg-info/dependency_links.txt
[1.951s] writing entry points to ../../build/communications/communications.egg-info/entry_points.txt
[1.952s] writing requirements to ../../build/communications/communications.egg-info/requires.txt
[1.954s] writing top-level names to ../../build/communications/communications.egg-info/top_level.txt
[2.027s] reading manifest file '../../build/communications/communications.egg-info/SOURCES.txt'
[2.031s] writing manifest file '../../build/communications/communications.egg-info/SOURCES.txt'
[2.032s] running build
[2.033s] running build_py
[2.034s] copying communications/Comms.py -> /home/garrett/Desktop/UAV/build/communications/build/lib/communications
[2.036s] running install
[2.038s] running install_lib
[2.041s] copying /home/garrett/Desktop/UAV/build/communications/build/lib/communications/Comms.py -> /home/garrett/Desktop/UAV/install/communications/lib/python3.6/site-packages/communications
[2.043s] byte-compiling /home/garrett/Desktop/UAV/install/communications/lib/python3.6/site-packages/communications/Comms.py to Comms.cpython-36.pyc
[2.045s] running install_data
[2.046s] running install_egg_info
[2.051s] removing '/home/garrett/Desktop/UAV/install/communications/lib/python3.6/site-packages/communications-0.0.0-py3.6.egg-info' (and everything under it)
[2.052s] Copying ../../build/communications/communications.egg-info to /home/garrett/Desktop/UAV/install/communications/lib/python3.6/site-packages/communications-0.0.0-py3.6.egg-info
[2.056s] running install_scripts
[2.124s] Installing comms script to /home/garrett/Desktop/UAV/install/communications/lib/communications
[2.127s] writing list of installed files to '/home/garrett/Desktop/UAV/build/communications/install.log'
[2.181s] Invoked command in '/home/garrett/Desktop/UAV/src/communications' returned '0': PYTHONPATH=/home/garrett/Desktop/UAV/build/communications/prefix_override:/home/garrett/Desktop/UAV/install/communications/lib/python3.6/site-packages:${PYTHONPATH} /usr/bin/python3 setup.py egg_info --egg-base ../../build/communications build --build-base /home/garrett/Desktop/UAV/build/communications/build install --record /home/garrett/Desktop/UAV/build/communications/install.log --install-scripts $base/lib/communications --single-version-externally-managed
