[2.147s] Invoking command in '/home/garrett/Desktop/UAV/src/communications': PYTHONPATH=/home/garrett/Desktop/UAV/build/communications/prefix_override:/home/garrett/Desktop/UAV/install/communications/lib/python3.6/site-packages:${PYTHONPATH} /usr/bin/python3 setup.py egg_info --egg-base ../../build/communications build --build-base /home/garrett/Desktop/UAV/build/communications/build install --record /home/garrett/Desktop/UAV/build/communications/install.log --install-scripts $base/lib/communications --single-version-externally-managed
[2.900s] running egg_info
[2.905s] writing ../../build/communications/communications.egg-info/PKG-INFO
[2.906s] writing dependency_links to ../../build/communications/communications.egg-info/dependency_links.txt
[2.907s] writing entry points to ../../build/communications/communications.egg-info/entry_points.txt
[2.907s] writing requirements to ../../build/communications/communications.egg-info/requires.txt
[2.908s] writing top-level names to ../../build/communications/communications.egg-info/top_level.txt
[3.046s] reading manifest file '../../build/communications/communications.egg-info/SOURCES.txt'
[3.050s] writing manifest file '../../build/communications/communications.egg-info/SOURCES.txt'
[3.051s] running build
[3.053s] running build_py
[3.053s] copying communications/main.py -> /home/garrett/Desktop/UAV/build/communications/build/lib/communications
[3.054s] copying communications/Client.py -> /home/garrett/Desktop/UAV/build/communications/build/lib/communications
[3.054s] running install
[3.057s] running install_lib
[3.059s] copying /home/garrett/Desktop/UAV/build/communications/build/lib/communications/main.py -> /home/garrett/Desktop/UAV/install/communications/lib/python3.6/site-packages/communications
[3.059s] copying /home/garrett/Desktop/UAV/build/communications/build/lib/communications/Client.py -> /home/garrett/Desktop/UAV/install/communications/lib/python3.6/site-packages/communications
[3.061s] byte-compiling /home/garrett/Desktop/UAV/install/communications/lib/python3.6/site-packages/communications/main.py to main.cpython-36.pyc
[3.062s] byte-compiling /home/garrett/Desktop/UAV/install/communications/lib/python3.6/site-packages/communications/Client.py to Client.cpython-36.pyc
[3.064s] running install_data
[3.065s] copying package.xml -> /home/garrett/Desktop/UAV/install/communications/share/communications
[3.067s] running install_egg_info
[3.074s] removing '/home/garrett/Desktop/UAV/install/communications/lib/python3.6/site-packages/communications-0.0.0-py3.6.egg-info' (and everything under it)
[3.087s] Copying ../../build/communications/communications.egg-info to /home/garrett/Desktop/UAV/install/communications/lib/python3.6/site-packages/communications-0.0.0-py3.6.egg-info
[3.088s] running install_scripts
[3.149s] writing list of installed files to '/home/garrett/Desktop/UAV/build/communications/install.log'
[3.220s] Invoked command in '/home/garrett/Desktop/UAV/src/communications' returned '0': PYTHONPATH=/home/garrett/Desktop/UAV/build/communications/prefix_override:/home/garrett/Desktop/UAV/install/communications/lib/python3.6/site-packages:${PYTHONPATH} /usr/bin/python3 setup.py egg_info --egg-base ../../build/communications build --build-base /home/garrett/Desktop/UAV/build/communications/build install --record /home/garrett/Desktop/UAV/build/communications/install.log --install-scripts $base/lib/communications --single-version-externally-managed
