[1.383s] Invoking command in '/home/garrett/Desktop/UAV/src/autonomous': PYTHONPATH=/home/garrett/Desktop/UAV/build/autonomous/prefix_override:/home/garrett/Desktop/UAV/install/autonomous/lib/python3.6/site-packages:${PYTHONPATH} /usr/bin/python3 setup.py egg_info --egg-base ../../build/autonomous build --build-base /home/garrett/Desktop/UAV/build/autonomous/build install --record /home/garrett/Desktop/UAV/build/autonomous/install.log --install-scripts $base/lib/autonomous --single-version-externally-managed
[1.856s] running egg_info
[1.860s] writing ../../build/autonomous/autonomous.egg-info/PKG-INFO
[1.862s] writing dependency_links to ../../build/autonomous/autonomous.egg-info/dependency_links.txt
[1.865s] writing entry points to ../../build/autonomous/autonomous.egg-info/entry_points.txt
[1.868s] writing requirements to ../../build/autonomous/autonomous.egg-info/requires.txt
[1.870s] writing top-level names to ../../build/autonomous/autonomous.egg-info/top_level.txt
[1.981s] reading manifest file '../../build/autonomous/autonomous.egg-info/SOURCES.txt'
[1.985s] writing manifest file '../../build/autonomous/autonomous.egg-info/SOURCES.txt'
[1.987s] running build
[1.988s] running build_py
[1.990s] running install
[1.991s] running install_lib
[1.993s] running install_data
[1.996s] running install_egg_info
[2.002s] removing '/home/garrett/Desktop/UAV/install/autonomous/lib/python3.6/site-packages/autonomous-0.0.0-py3.6.egg-info' (and everything under it)
[2.010s] Copying ../../build/autonomous/autonomous.egg-info to /home/garrett/Desktop/UAV/install/autonomous/lib/python3.6/site-packages/autonomous-0.0.0-py3.6.egg-info
[2.017s] running install_scripts
[2.050s] Installing plane script to /home/garrett/Desktop/UAV/install/autonomous/lib/autonomous
[2.054s] writing list of installed files to '/home/garrett/Desktop/UAV/build/autonomous/install.log'
[2.087s] Invoked command in '/home/garrett/Desktop/UAV/src/autonomous' returned '0': PYTHONPATH=/home/garrett/Desktop/UAV/build/autonomous/prefix_override:/home/garrett/Desktop/UAV/install/autonomous/lib/python3.6/site-packages:${PYTHONPATH} /usr/bin/python3 setup.py egg_info --egg-base ../../build/autonomous build --build-base /home/garrett/Desktop/UAV/build/autonomous/build install --record /home/garrett/Desktop/UAV/build/autonomous/install.log --install-scripts $base/lib/autonomous --single-version-externally-managed
